Match: rule-set 'v7h-d8-brute-WcK'  games=100  depth=8  max-plies=600  openings=100x6plies  seed=20260505  parallel=4
  variants : /var/folders/rs/77r0skzs579fgb60prc23_mr0000gn/T/yes-hybrid/variants-v7h-d8-brute-WcK-85798-e88c9fe0dc844013b1dc2239b98a3e40.ini
  startFen : 4abtb4/2mubmbu4/12/3*4*3/4**6/12/12/3XC1SD4 w - - 0 1
  openings : 100 distinct (requested 100)

  [w3]  #4    1-0     Treasure checkmated or captured     373 plies   16.0s  (1/100)
  [w3]  #8    0-1     Party has no legal response         126 plies    5.6s  (2/100)
  [w1]  #2    *       ply cap (600)                       600 plies   25.5s  (3/100)
  [w2]  #3    *       ply cap (600)                       600 plies   25.5s  (4/100)
  [w3]  #12   0-1     Party extinct                       192 plies    8.4s  (5/100)
  [w1]  #6    1-0     Treasure checkmated or captured     111 plies    5.0s  (6/100)
  [w2]  #7    *       ply cap (600)                       600 plies   25.4s  (7/100)
  [w3]  #16   *       ply cap (600)                       600 plies   25.4s  (8/100)
  [w1]  #10   *       ply cap (600)                       600 plies   25.5s  (9/100)
  [w2]  #11   0-1     Party has no legal response         168 plies    7.4s  (10/100)
  [w2]  #15   0-1     Party has no legal response         302 plies   13.0s  (11/100)
  [w3]  #20   *       ply cap (600)                       600 plies   25.4s  (12/100)
  [w1]  #14   *       ply cap (600)                       600 plies   25.4s  (13/100)
  [w1]  #18   1-0     Treasure checkmated or captured     205 plies    8.9s  (14/100)
  [w2]  #19   *       ply cap (600)                       600 plies   25.4s  (15/100)
  [w3]  #24   *       ply cap (600)                       600 plies   25.4s  (16/100)
  [w1]  #22   1-0     Treasure checkmated or captured     417 plies   17.7s  (17/100)
  [w2]  #23   *       ply cap (600)                       600 plies   25.5s  (18/100)
  [w0]  #1    *       engine timeout                      105 plies  124.7s  (19/100)
  [w3]  #28   *       ply cap (600)                       600 plies   25.5s  (20/100)
  [w1]  #26   *       ply cap (600)                       600 plies   25.6s  (21/100)
  [w0]  #5    0-1     Party has no legal response         324 plies   13.9s  (22/100)
  [w0]  #9    0-1     Party has no legal response          90 plies    4.2s  (23/100)
  [w2]  #27   *       ply cap (600)                       600 plies   25.5s  (24/100)
  [w0]  #13   1-0     Treasure checkmated or captured     171 plies    7.5s  (25/100)
  [w1]  #30   1-0     Treasure checkmated or captured     521 plies   22.2s  (26/100)
  [w2]  #31   0-1     Party extinct                       192 plies    8.4s  (27/100)
  [w3]  #32   *       ply cap (600)                       600 plies   25.5s  (28/100)
  [w3]  #36   0-1     Party has no legal response         160 plies    7.1s  (29/100)
  [w0]  #17   1-0     Treasure checkmated or captured     411 plies   17.6s  (30/100)
  [w1]  #34   *       ply cap (600)                       600 plies   25.4s  (31/100)
  [w2]  #35   *       ply cap (600)                       600 plies   25.5s  (32/100)
  [w2]  #39   1-0     Treasure checkmated or captured     167 plies    7.3s  (33/100)
  [w3]  #40   *       ply cap (600)                       600 plies   25.5s  (34/100)
  [w0]  #21   *       ply cap (600)                       600 plies   25.5s  (35/100)
  [w3]  #44   1-0     Treasure checkmated or captured     207 plies    9.0s  (36/100)
  [w1]  #38   1-0     Treasure checkmated or captured     589 plies   25.0s  (37/100)
  [w3]  #48   1-0     Treasure checkmated or captured     259 plies   11.2s  (38/100)
  [w2]  #43   *       ply cap (600)                       600 plies   25.5s  (39/100)
  [w0]  #25   *       ply cap (600)                       600 plies   25.5s  (40/100)
  [w1]  #42   *       ply cap (600)                       600 plies   25.5s  (41/100)
  [w3]  #52   *       ply cap (600)                       600 plies   25.5s  (42/100)
  [w1]  #46   0-1     Party has no legal response         118 plies    5.3s  (43/100)
  [w2]  #47   *       ply cap (600)                       600 plies   25.5s  (44/100)
  [w0]  #29   *       ply cap (600)                       600 plies   25.5s  (45/100)
  [w1]  #50   1-0     Treasure checkmated or captured     199 plies    8.7s  (46/100)
  [w3]  #56   *       ply cap (600)                       600 plies   25.5s  (47/100)
  [w2]  #51   *       ply cap (600)                       600 plies   25.6s  (48/100)
  [w0]  #33   *       ply cap (600)                       600 plies   25.5s  (49/100)
  [w1]  #54   *       ply cap (600)                       600 plies   25.5s  (50/100)
  [w2]  #55   0-1     Party has no legal response         136 plies    6.0s  (51/100)
  [w1]  #58   0-1     Party has no legal response          82 plies    3.8s  (52/100)
  [w0]  #37   0-1     Party has no legal response         182 plies    8.0s  (53/100)
  [w3]  #60   1-0     Treasure checkmated or captured     599 plies   25.5s  (54/100)
  [w0]  #41   1-0     Treasure checkmated or captured     315 plies   13.5s  (55/100)
  [w2]  #59   *       ply cap (600)                       600 plies   25.5s  (56/100)
  [w1]  #62   *       ply cap (600)                       600 plies   25.5s  (57/100)
  [w1]  #66   1-0     Treasure checkmated or captured      83 plies    3.8s  (58/100)
  [w3]  #64   *       ply cap (600)                       600 plies   25.5s  (59/100)
  [w0]  #45   *       ply cap (600)                       600 plies   25.5s  (60/100)
  [w3]  #68   0-1     Party has no legal response         184 plies    8.0s  (61/100)
  [w2]  #63   *       ply cap (600)                       600 plies   25.5s  (62/100)
  [w1]  #70   *       ply cap (600)                       600 plies   25.5s  (63/100)
  [w2]  #67   0-1     Party has no legal response         362 plies   15.5s  (64/100)
  [w0]  #49   *       ply cap (600)                       600 plies   25.5s  (65/100)
  [w3]  #72   *       ply cap (600)                       600 plies   25.5s  (66/100)
  [w1]  #74   *       ply cap (600)                       600 plies   25.5s  (67/100)
  [w2]  #71   *       ply cap (600)                       600 plies   25.6s  (68/100)
  [w0]  #53   *       ply cap (600)                       600 plies   25.6s  (69/100)
  [w3]  #76   *       ply cap (600)                       600 plies   25.6s  (70/100)
  [w1]  #78   *       ply cap (600)                       600 plies   25.6s  (71/100)
  [w2]  #75   *       ply cap (600)                       600 plies   25.5s  (72/100)
  [w0]  #57   *       ply cap (600)                       600 plies   25.6s  (73/100)
  [w3]  #80   *       ply cap (600)                       600 plies   25.6s  (74/100)
  [w1]  #82   *       ply cap (600)                       600 plies   25.5s  (75/100)
  [w1]  #86   0-1     Party has no legal response          74 plies    3.4s  (76/100)
  [w3]  #84   0-1     Party has no legal response         382 plies   16.3s  (77/100)
  [w2]  #79   *       ply cap (600)                       600 plies   25.5s  (78/100)
  [w3]  #88   0-1     Party has no legal response          62 plies    2.9s  (79/100)
  [w0]  #61   *       ply cap (600)                       600 plies   25.5s  (80/100)
  [w0]  #65   1-0     Treasure checkmated or captured     217 plies    9.4s  (81/100)
  [w2]  #83   1-0     Treasure checkmated or captured     443 plies   18.9s  (82/100)
  [w1]  #90   *       ply cap (600)                       600 plies   25.5s  (83/100)
  [w0]  #69   1-0     Treasure checkmated or captured     247 plies   10.8s  (84/100)
  [w3]  #92   *       ply cap (600)                       600 plies   25.4s  (85/100)
  [w1]  #94   1-0     Treasure checkmated or captured     145 plies    6.4s  (86/100)
  [w1]  #98   0-1     Party extinct                       374 plies   16.0s  (87/100)
  [w2]  #87   *       ply cap (600)                       600 plies   25.5s  (88/100)
  [w0]  #73   *       ply cap (600)                       600 plies   25.5s  (89/100)
  [w3]  #96   *       ply cap (600)                       600 plies   25.5s  (90/100)
  [w3]  #100  0-1     Party extinct                       206 plies    9.0s  (91/100)
  [w2]  #91   *       ply cap (600)                       600 plies   25.5s  (92/100)
  [w0]  #77   1-0     Treasure checkmated or captured     493 plies   21.1s  (93/100)
  [w2]  #95   1-0     Treasure checkmated or captured     171 plies    7.5s  (94/100)
  [w0]  #81   1-0     Treasure checkmated or captured     285 plies   12.4s  (95/100)
  [w2]  #99   0-1     Party has no legal response         160 plies    7.0s  (96/100)
  [w0]  #85   0-1     Party has no legal response         122 plies    5.5s  (97/100)
  [w0]  #89   *       ply cap (600)                       600 plies   25.9s  (98/100)
  [w0]  #93   *       ply cap (600)                       600 plies   25.6s  (99/100)
  [w0]  #97   1-0     Treasure checkmated or captured     351 plies   15.1s  (100/100)

========================================================
  Rule set    : v7h-d8-brute-WcK
  Games       : 100
--------------------------------------------------------
  Party wins  :   23  ( 23.0%)
  Horde wins  :   21  ( 21.0%)
  Unfinished  :   56  ( 56.0%)
--------------------------------------------------------
  Decisive      :  44.0%
  Party(decisive):  52.3%   95% CI [ 37.9% ..  66.2%]
  Imbalance     :   4.5%   (0% = perfectly balanced decisive games)
  Median plies  : 205  (decisive games)

  COMPOSITE SCORE : 0.420   (1.0 = balanced & decisive)
========================================================
  total time : 570.2s  (5.70s / game, 4x)
  pgn        : reports/v7h-brute-lever/match-v7h-d8-brute-WcK.pgn
