Match: rule-set 'v7h-d8-brute-3'  games=100  depth=8  max-plies=600  openings=100x6plies  seed=20260505  parallel=4
  variants : /var/folders/rs/77r0skzs579fgb60prc23_mr0000gn/T/yes-hybrid/variants-v7h-d8-brute-3-85798-a5139bdbbfd040e38bf7cd966981b934.ini
  startFen : 4abtb4/2mubm1u4/12/3*4*3/4**6/12/12/3XC1SD4 w - - 0 1
  openings : 100 distinct (requested 100)

  [w2]  #3    1-0     Treasure checkmated or captured     165 plies    7.3s  (1/100)
  [w3]  #4    0-1     Party extinct                       214 plies    9.3s  (2/100)
  [w1]  #2    1-0     Treasure checkmated or captured     305 plies   13.1s  (3/100)
  [w1]  #6    1-0     Treasure checkmated or captured       1 plies    0.3s  (4/100)
  [w3]  #8    0-1     Party extinct                       298 plies   12.8s  (5/100)
  [w3]  #12   1-0     Treasure checkmated or captured     143 plies    6.3s  (6/100)
  [w2]  #7    *       ply cap (600)                       600 plies   25.4s  (7/100)
  [w1]  #10   1-0     Treasure checkmated or captured     489 plies   20.8s  (8/100)
  [w2]  #11   1-0     Treasure checkmated or captured     117 plies    5.2s  (9/100)
  [w1]  #14   1-0     Treasure checkmated or captured     239 plies   10.3s  (10/100)
  [w1]  #18   1-0     Treasure checkmated or captured     181 plies    7.9s  (11/100)
  [w3]  #16   *       ply cap (600)                       600 plies   25.4s  (12/100)
  [w3]  #20   1-0     Treasure checkmated or captured     149 plies    6.5s  (13/100)
  [w3]  #24   1-0     Treasure checkmated or captured      51 plies    2.4s  (14/100)
  [w2]  #15   *       ply cap (600)                       600 plies   25.4s  (15/100)
  [w1]  #22   1-0     Treasure checkmated or captured     269 plies   11.6s  (16/100)
  [w3]  #28   1-0     Treasure checkmated or captured     283 plies   12.2s  (17/100)
  [w2]  #19   *       ply cap (600)                       600 plies   25.4s  (18/100)
  [w2]  #23   1-0     Treasure checkmated or captured       5 plies    0.5s  (19/100)
  [w1]  #26   *       ply cap (600)                       600 plies   25.4s  (20/100)
  [w3]  #32   1-0     Treasure checkmated or captured     443 plies   19.0s  (21/100)
  [w1]  #30   0-1     Party has no legal response         166 plies    7.2s  (22/100)
  [w2]  #27   1-0     Treasure checkmated or captured     191 plies    8.3s  (23/100)
  [w3]  #36   0-1     Party extinct                       140 plies    6.2s  (24/100)
  [w3]  #40   0-1     Party has no legal response          92 plies    4.1s  (25/100)
  [w1]  #34   1-0     Treasure checkmated or captured     261 plies   11.2s  (26/100)
  [w2]  #31   0-1     Party has no legal response         302 plies   13.0s  (27/100)
  [w2]  #35   1-0     Treasure checkmated or captured      97 plies    4.4s  (28/100)
  [w2]  #39   0-1     Party has no legal response          82 plies    3.7s  (29/100)
  [w1]  #38   0-1     Party extinct                       314 plies   13.4s  (30/100)
  [w0]  #1    *       engine timeout                       68 plies  123.2s  (31/100)
  [w2]  #43   1-0     Treasure checkmated or captured     177 plies    7.7s  (32/100)
  [w0]  #5    1-0     Treasure checkmated or captured     139 plies    6.1s  (33/100)
  [w3]  #44   *       ply cap (600)                       600 plies   25.4s  (34/100)
  [w2]  #47   1-0     Treasure checkmated or captured     265 plies   11.4s  (35/100)
  [w0]  #9    1-0     Treasure checkmated or captured     239 plies   10.3s  (36/100)
  [w1]  #42   0-1     Party extinct                       516 plies   22.0s  (37/100)
  [w3]  #48   *       ply cap (600)                       600 plies   25.5s  (38/100)
  [w0]  #13   1-0     Treasure checkmated or captured     379 plies   16.2s  (39/100)
  [w2]  #51   *       ply cap (600)                       600 plies   25.5s  (40/100)
  [w3]  #52   0-1     Party has no legal response         192 plies    8.4s  (41/100)
  [w0]  #17   1-0     Treasure checkmated or captured     197 plies    8.6s  (42/100)
  [w1]  #46   *       ply cap (600)                       600 plies   25.5s  (43/100)
  [w2]  #55   1-0     Treasure checkmated or captured     185 plies    8.1s  (44/100)
  [w2]  #59   1-0     Treasure checkmated or captured     175 plies    7.7s  (45/100)
  [w1]  #50   1-0     Treasure checkmated or captured     233 plies   10.1s  (46/100)
  [w2]  #63   1-0     Treasure checkmated or captured     135 plies    6.0s  (47/100)
  [w3]  #56   *       ply cap (600)                       600 plies   25.4s  (48/100)
  [w0]  #21   *       ply cap (600)                       600 plies   25.5s  (49/100)
  [w1]  #54   1-0     Treasure checkmated or captured     353 plies   15.1s  (50/100)
  [w1]  #58   0-1     Party has no legal response          86 plies    3.9s  (51/100)
  [w1]  #62   1-0     Treasure checkmated or captured      75 plies    3.5s  (52/100)
  [w2]  #67   *       ply cap (600)                       600 plies   25.5s  (53/100)
  [w3]  #60   *       ply cap (600)                       600 plies   25.5s  (54/100)
  [w0]  #25   *       ply cap (600)                       600 plies   25.5s  (55/100)
  [w1]  #66   1-0     Treasure checkmated or captured     435 plies   18.6s  (56/100)
  [w0]  #29   1-0     Treasure checkmated or captured     233 plies   10.1s  (57/100)
  [w2]  #71   1-0     Treasure checkmated or captured     417 plies   17.8s  (58/100)
  [w3]  #64   1-0     Treasure checkmated or captured     405 plies   17.3s  (59/100)
  [w0]  #33   0-1     Party extinct                       184 plies    8.0s  (60/100)
  [w2]  #75   1-0     Treasure checkmated or captured     163 plies    7.1s  (61/100)
  [w0]  #37   1-0     Treasure checkmated or captured      97 plies    4.4s  (62/100)
  [w0]  #41   1-0     Treasure checkmated or captured     165 plies    7.2s  (63/100)
  [w1]  #70   *       ply cap (600)                       600 plies   25.5s  (64/100)
  [w2]  #79   1-0     Treasure checkmated or captured     315 plies   13.5s  (65/100)
  [w0]  #45   1-0     Treasure checkmated or captured     137 plies    6.1s  (66/100)
  [w3]  #68   *       ply cap (600)                       600 plies   25.5s  (67/100)
  [w2]  #83   1-0     Treasure checkmated or captured     497 plies   21.2s  (68/100)
  [w1]  #74   *       ply cap (600)                       600 plies   25.5s  (69/100)
  [w0]  #49   *       ply cap (600)                       600 plies   25.5s  (70/100)
  [w2]  #87   1-0     Treasure checkmated or captured     221 plies    9.6s  (71/100)
  [w3]  #72   *       ply cap (600)                       600 plies   25.5s  (72/100)
  [w1]  #78   1-0     Treasure checkmated or captured     435 plies   18.7s  (73/100)
  [w0]  #53   *       ply cap (600)                       600 plies   25.5s  (74/100)
  [w2]  #91   *       ply cap (600)                       600 plies   25.6s  (75/100)
  [w3]  #76   *       ply cap (600)                       600 plies   25.5s  (76/100)
  [w0]  #57   0-1     Party has no legal response         144 plies    6.3s  (77/100)
  [w3]  #80   0-1     Party has no legal response          70 plies    3.3s  (78/100)
  [w1]  #82   *       ply cap (600)                       600 plies   25.5s  (79/100)
  [w2]  #95   1-0     Treasure checkmated or captured     401 plies   17.1s  (80/100)
  [w0]  #61   0-1     Party has no legal response         358 plies   15.4s  (81/100)
  [w2]  #99   1-0     Treasure checkmated or captured     237 plies   10.3s  (82/100)
  [w3]  #84   *       ply cap (600)                       600 plies   25.5s  (83/100)
  [w1]  #86   *       ply cap (600)                       600 plies   25.5s  (84/100)
  [w0]  #65   1-0     Treasure checkmated or captured     419 plies   17.9s  (85/100)
  [w1]  #90   1-0     Treasure checkmated or captured     165 plies    7.3s  (86/100)
  [w1]  #94   1-0     Treasure checkmated or captured     159 plies    7.1s  (87/100)
  [w3]  #88   *       ply cap (600)                       600 plies   25.5s  (88/100)
  [w1]  #98   0-1     Party has no legal response         208 plies    9.1s  (89/100)
  [w0]  #69   *       ply cap (600)                       600 plies   25.5s  (90/100)
  [w3]  #92   1-0     Treasure checkmated or captured     167 plies    7.3s  (91/100)
  [w0]  #73   1-0     Treasure checkmated or captured     223 plies    9.7s  (92/100)
  [w0]  #77   1-0     Treasure checkmated or captured     151 plies    6.7s  (93/100)
  [w3]  #96   *       ply cap (600)                       600 plies   25.5s  (94/100)
  [w0]  #81   1-0     Treasure checkmated or captured     283 plies   12.2s  (95/100)
  [w0]  #85   1-0     Treasure checkmated or captured     279 plies   12.2s  (96/100)
  [w3]  #100  1-0     Treasure checkmated or captured     375 plies   16.4s  (97/100)
  [w0]  #89   *       ply cap (600)                       600 plies   30.3s  (98/100)
  [w0]  #93   0-1     Party extinct                       578 plies   25.6s  (99/100)
  [w0]  #97   1-0     Treasure checkmated or captured     209 plies    9.5s  (100/100)

========================================================
  Rule set    : v7h-d8-brute-3
  Games       : 100
--------------------------------------------------------
  Party wins  :   53  ( 53.0%)
  Horde wins  :   17  ( 17.0%)
  Unfinished  :   30  ( 30.0%)
--------------------------------------------------------
  Decisive      :  70.0%
  Party(decisive):  75.7%   95% CI [ 64.5% ..  84.2%]
  Imbalance     :  51.4%   (0% = perfectly balanced decisive games)
  Median plies  : 209  (decisive games)

  COMPOSITE SCORE : 0.340   (1.0 = balanced & decisive)
========================================================
  total time : 473.7s  (4.74s / game, 4x)
  pgn        : reports/v7h-brute-lever/match-v7h-d8-brute-3.pgn
