Match: rule-set 'v7f-d8-remove-a-no-leader'  games=100  depth=8  max-plies=600  openings=100x6plies  seed=20260502  parallel=4
  variants : /var/folders/rs/77r0skzs579fgb60prc23_mr0000gn/T/yes-hybrid/variants-v7f-d8-remove-a-no-leader-84421-69dfde11057542d7b225104c5da0bb46.ini
  startFen : 4abtb4/2mubmbu4/12/3*4*3/4**6/12/12/3XC1SD4 w - - 0 1
  openings : 100 distinct (requested 100)

  [w2]  #3    0-1     Party extinct                       206 plies    9.0s  (1/100)
  [w3]  #4    1-0     Treasure checkmated or captured     315 plies   13.6s  (2/100)
  [w0]  #1    1-0     Treasure checkmated or captured     329 plies   14.2s  (3/100)
  [w2]  #7    1-0     Treasure checkmated or captured     149 plies    6.6s  (4/100)
  [w1]  #2    *       ply cap (600)                       600 plies   25.5s  (5/100)
  [w0]  #5    0-1     Party extinct                       432 plies   18.5s  (6/100)
  [w3]  #8    *       ply cap (600)                       600 plies   25.5s  (7/100)
  [w2]  #11   *       ply cap (600)                       600 plies   25.5s  (8/100)
  [w1]  #6    *       ply cap (600)                       600 plies   25.5s  (9/100)
  [w3]  #12   1-0     Treasure checkmated or captured     349 plies   15.0s  (10/100)
  [w0]  #9    1-0     Treasure checkmated or captured     595 plies   25.4s  (11/100)
  [w3]  #16   0-1     Party extinct                       136 plies    6.0s  (12/100)
  [w2]  #15   1-0     Treasure checkmated or captured     501 plies   21.4s  (13/100)
  [w1]  #10   *       ply cap (600)                       600 plies   25.5s  (14/100)
  [w1]  #14   1-0     Treasure checkmated or captured      93 plies    4.3s  (15/100)
  [w0]  #13   *       ply cap (600)                       600 plies   25.5s  (16/100)
  [w3]  #20   0-1     Party extinct                       586 plies   25.0s  (17/100)
  [w2]  #19   *       ply cap (600)                       600 plies   25.5s  (18/100)
  [w3]  #24   1-0     Treasure checkmated or captured      85 plies    3.9s  (19/100)
  [w0]  #17   1-0     Treasure checkmated or captured     269 plies   11.6s  (20/100)
  [w2]  #23   0-1     Party extinct                       178 plies    7.8s  (21/100)
  [w3]  #28   1-0     Treasure checkmated or captured     193 plies    8.4s  (22/100)
  [w1]  #18   *       ply cap (600)                       600 plies   25.5s  (23/100)
  [w0]  #21   1-0     Treasure checkmated or captured     525 plies   22.4s  (24/100)
  [w1]  #22   1-0     Treasure checkmated or captured     317 plies   13.7s  (25/100)
  [w2]  #27   *       ply cap (600)                       600 plies   25.5s  (26/100)
  [w3]  #32   *       ply cap (600)                       600 plies   25.5s  (27/100)
  [w0]  #25   1-0     Treasure checkmated or captured     143 plies    6.3s  (28/100)
  [w3]  #36   1-0     Treasure checkmated or captured      99 plies    4.5s  (29/100)
  [w0]  #29   0-1     Party has no legal response         120 plies    5.3s  (30/100)
  [w0]  #33   0-1     Party extinct                       216 plies    9.4s  (31/100)
  [w0]  #37   0-1     Party has no legal response          46 plies    2.2s  (32/100)
  [w3]  #40   1-0     Treasure checkmated or captured     331 plies   14.3s  (33/100)
  [w1]  #26   *       ply cap (600)                       600 plies   25.5s  (34/100)
  [w2]  #31   *       ply cap (600)                       600 plies   25.4s  (35/100)
  [w2]  #35   0-1     Party has no legal response         138 plies    6.1s  (36/100)
  [w2]  #39   0-1     Party extinct                       188 plies    8.2s  (37/100)
  [w3]  #44   1-0     Treasure checkmated or captured     487 plies   20.8s  (38/100)
  [w0]  #41   *       ply cap (600)                       600 plies   25.5s  (39/100)
  [w1]  #30   0-1     Party extinct                       506 plies   21.6s  (40/100)
  [w2]  #43   *       ply cap (600)                       600 plies   25.5s  (41/100)
  [w3]  #48   *       ply cap (600)                       600 plies   25.4s  (42/100)
  [w1]  #34   *       ply cap (600)                       600 plies   25.4s  (43/100)
  [w1]  #38   1-0     Treasure checkmated or captured     173 plies    7.6s  (44/100)
  [w2]  #47   *       ply cap (600)                       600 plies   25.4s  (45/100)
  [w3]  #52   *       ply cap (600)                       600 plies   25.4s  (46/100)
  [w3]  #56   0-1     Party extinct                       152 plies    6.7s  (47/100)
  [w1]  #42   *       ply cap (600)                       600 plies   25.4s  (48/100)
  [w1]  #46   1-0     Treasure checkmated or captured     273 plies   11.7s  (49/100)
  [w2]  #51   *       ply cap (600)                       600 plies   25.4s  (50/100)
  [w3]  #60   *       ply cap (600)                       600 plies   25.4s  (51/100)
  [w2]  #55   1-0     Treasure checkmated or captured     229 plies    9.9s  (52/100)
  [w2]  #59   0-1     Party extinct                       192 plies    8.4s  (53/100)
  [w1]  #50   *       ply cap (600)                       600 plies   25.4s  (54/100)
  [w3]  #64   *       ply cap (600)                       600 plies   25.4s  (55/100)
  [w3]  #68   1-0     Treasure checkmated or captured     141 plies    6.2s  (56/100)
  [w2]  #63   *       ply cap (600)                       600 plies   25.4s  (57/100)
  [w1]  #54   *       ply cap (600)                       600 plies   25.4s  (58/100)
  [w0]  #45   *       engine timeout                       65 plies  123.0s  (59/100)
  [w0]  #49   0-1     Party has no legal response         104 plies    4.7s  (60/100)
  [w3]  #72   *       ply cap (600)                       600 plies   25.4s  (61/100)
  [w2]  #67   *       ply cap (600)                       600 plies   25.5s  (62/100)
  [w1]  #58   1-0     Treasure checkmated or captured     543 plies   23.1s  (63/100)
  [w0]  #53   0-1     Party extinct                       414 plies   17.7s  (64/100)
  [w3]  #76   0-1     Party extinct                       224 plies    9.7s  (65/100)
  [w1]  #62   0-1     Party extinct                       166 plies    7.3s  (66/100)
  [w1]  #66   0-1     Party extinct                       104 plies    4.7s  (67/100)
  [w1]  #70   1-0     Treasure checkmated or captured     163 plies    7.2s  (68/100)
  [w2]  #71   *       ply cap (600)                       600 plies   25.4s  (69/100)
  [w1]  #74   1-0     Treasure checkmated or captured     125 plies    5.6s  (70/100)
  [w0]  #57   *       ply cap (600)                       600 plies   25.4s  (71/100)
  [w3]  #80   *       ply cap (600)                       600 plies   25.4s  (72/100)
  [w1]  #78   1-0     Treasure checkmated or captured     149 plies    6.6s  (73/100)
  [w2]  #75   *       ply cap (600)                       600 plies   25.5s  (74/100)
  [w3]  #84   1-0     Treasure checkmated or captured     533 plies   22.7s  (75/100)
  [w0]  #61   *       ply cap (600)                       600 plies   25.5s  (76/100)
  [w3]  #88   1-0     Treasure checkmated or captured     107 plies    4.8s  (77/100)
  [w0]  #65   1-0     Treasure checkmated or captured      87 plies    4.0s  (78/100)
  [w1]  #82   *       ply cap (600)                       600 plies   25.5s  (79/100)
  [w3]  #92   1-0     Treasure checkmated or captured      85 plies    3.9s  (80/100)
  [w0]  #69   1-0     Treasure checkmated or captured     101 plies    4.6s  (81/100)
  [w1]  #86   0-1     Party extinct                       330 plies   14.2s  (82/100)
  [w2]  #79   *       ply cap (600)                       600 plies   25.5s  (83/100)
  [w2]  #83   1-0     Treasure checkmated or captured     157 plies    6.9s  (84/100)
  [w3]  #96   0-1     Party extinct                       530 plies   22.6s  (85/100)
  [w0]  #73   *       ply cap (600)                       600 plies   25.5s  (86/100)
  [w3]  #100  0-1     Party has no legal response         148 plies    6.6s  (87/100)
  [w1]  #90   1-0     Treasure checkmated or captured     457 plies   19.5s  (88/100)
  [w0]  #77   1-0     Treasure checkmated or captured     285 plies   12.3s  (89/100)
  [w2]  #87   *       ply cap (600)                       600 plies   25.5s  (90/100)
  [w1]  #94   *       ply cap (600)                       600 plies   25.5s  (91/100)
  [w0]  #81   *       ply cap (600)                       600 plies   25.5s  (92/100)
  [w2]  #91   *       ply cap (600)                       600 plies   25.5s  (93/100)
  [w1]  #98   *       ply cap (600)                       600 plies   25.5s  (94/100)
  [w2]  #95   0-1     Party extinct                       396 plies   17.0s  (95/100)
  [w0]  #85   *       ply cap (600)                       600 plies   25.5s  (96/100)
  [w0]  #89   1-0     Treasure checkmated or captured      65 plies    3.0s  (97/100)
  [w2]  #99   0-1     Party extinct                       540 plies   23.0s  (98/100)
  [w0]  #93   *       ply cap (600)                       600 plies   25.6s  (99/100)
  [w0]  #97   *       ply cap (600)                       600 plies   25.6s  (100/100)

========================================================
  Rule set    : v7f-d8-remove-a-no-leader
  Games       : 100
--------------------------------------------------------
  Party wins  :   33  ( 33.0%)
  Horde wins  :   23  ( 23.0%)
  Unfinished  :   44  ( 44.0%)
--------------------------------------------------------
  Decisive      :  56.0%
  Party(decisive):  58.9%   95% CI [ 45.9% ..  70.8%]
  Imbalance     :  17.9%   (0% = perfectly balanced decisive games)
  Median plies  : 193  (decisive games)

  COMPOSITE SCORE : 0.460   (1.0 = balanced & decisive)
========================================================
  total time : 514.2s  (5.14s / game, 4x)
  pgn        : reports/v7f-party-cut-pilot/match-v7f-d8-remove-a-no-leader.pgn
