Match: rule-set 'v7i-d8-brute-mDcW'  games=100  depth=8  max-plies=600  openings=100x6plies  seed=20260506  parallel=4
  variants : /var/folders/rs/77r0skzs579fgb60prc23_mr0000gn/T/yes-hybrid/variants-v7i-d8-brute-mDcW-86311-e10f0a747d6746fabefc0635d7be26bf.ini
  startFen : 4abtb4/2mubmbu4/12/3*4*3/4**6/12/12/3XC1SD4 w - - 0 1
  openings : 100 distinct (requested 100)

  [w0]  #1    1-0     Treasure checkmated or captured     187 plies    8.2s  (1/100)
  [w1]  #2    1-0     Treasure checkmated or captured     381 plies   16.5s  (2/100)
  [w2]  #3    1-0     Treasure checkmated or captured     391 plies   17.9s  (3/100)
  [w3]  #4    1-0     Treasure checkmated or captured     443 plies   19.0s  (4/100)
  [w3]  #8    1-0     Treasure checkmated or captured     135 plies    6.0s  (5/100)
  [w0]  #5    0-1     Party has no legal response         398 plies   17.0s  (6/100)
  [w2]  #7    1-0     Treasure checkmated or captured     183 plies    8.0s  (7/100)
  [w0]  #9    1-0     Treasure checkmated or captured     123 plies    5.5s  (8/100)
  [w2]  #11   1-0     Treasure checkmated or captured     123 plies    5.5s  (9/100)
  [w3]  #12   1-0     Treasure checkmated or captured     285 plies   12.3s  (10/100)
  [w1]  #6    1-0     Treasure checkmated or captured     513 plies   21.8s  (11/100)
  [w2]  #15   1-0     Treasure checkmated or captured     349 plies   15.0s  (12/100)
  [w1]  #10   1-0     Treasure checkmated or captured     259 plies   11.2s  (13/100)
  [w0]  #13   *       ply cap (600)                       600 plies   25.5s  (14/100)
  [w3]  #16   1-0     Treasure checkmated or captured     449 plies   19.2s  (15/100)
  [w2]  #19   1-0     Treasure checkmated or captured     313 plies   13.5s  (16/100)
  [w1]  #14   1-0     Treasure checkmated or captured     465 plies   19.9s  (17/100)
  [w3]  #20   1-0     Treasure checkmated or captured     455 plies   19.4s  (18/100)
  [w0]  #17   1-0     Treasure checkmated or captured     493 plies   21.0s  (19/100)
  [w3]  #24   1-0     Treasure checkmated or captured     139 plies    6.2s  (20/100)
  [w2]  #23   *       ply cap (600)                       600 plies   25.5s  (21/100)
  [w1]  #18   1-0     Treasure checkmated or captured     465 plies   19.9s  (22/100)
  [w0]  #21   0-1     Party has no legal response         346 plies   14.9s  (23/100)
  [w0]  #25   1-0     Treasure checkmated or captured      73 plies    3.4s  (24/100)
  [w3]  #28   1-0     Treasure checkmated or captured     421 plies   18.1s  (25/100)
  [w0]  #29   1-0     Treasure checkmated or captured     133 plies    5.9s  (26/100)
  [w1]  #22   1-0     Treasure checkmated or captured     449 plies   19.1s  (27/100)
  [w2]  #27   *       ply cap (600)                       600 plies   25.6s  (28/100)
  [w3]  #32   1-0     Treasure checkmated or captured     307 plies   13.2s  (29/100)
  [w0]  #33   1-0     Treasure checkmated or captured     309 plies   13.3s  (30/100)
  [w1]  #26   1-0     Treasure checkmated or captured     287 plies   12.3s  (31/100)
  [w3]  #36   1-0     Treasure checkmated or captured     397 plies   17.0s  (32/100)
  [w0]  #37   1-0     Treasure checkmated or captured     457 plies   19.5s  (33/100)
  [w2]  #31   *       ply cap (600)                       600 plies   25.5s  (34/100)
  [w3]  #40   1-0     Treasure checkmated or captured     497 plies   21.4s  (35/100)
  [w0]  #41   1-0     Treasure checkmated or captured     413 plies   17.6s  (36/100)
  [w2]  #35   *       ply cap (600)                       600 plies   25.4s  (37/100)
  [w2]  #39   1-0     Treasure checkmated or captured      35 plies    1.8s  (38/100)
  [w0]  #45   1-0     Treasure checkmated or captured     433 plies   18.4s  (39/100)
  [w2]  #43   1-0     Treasure checkmated or captured     159 plies    7.0s  (40/100)
  [w3]  #44   1-0     Treasure checkmated or captured     495 plies   21.1s  (41/100)
  [w0]  #49   *       ply cap (600)                       600 plies   25.4s  (42/100)
  [w3]  #48   1-0     Treasure checkmated or captured     543 plies   23.1s  (43/100)
  [w3]  #52   1-0     Treasure checkmated or captured     231 plies   10.0s  (44/100)
  [w3]  #56   1-0     Treasure checkmated or captured     143 plies    6.3s  (45/100)
  [w0]  #53   *       ply cap (600)                       600 plies   25.5s  (46/100)
  [w3]  #60   1-0     Treasure checkmated or captured     355 plies   15.2s  (47/100)
  [w3]  #64   1-0     Treasure checkmated or captured     245 plies   10.8s  (48/100)
  [w0]  #57   *       ply cap (600)                       600 plies   25.9s  (49/100)
  [w3]  #68   1-0     Treasure checkmated or captured     273 plies   11.8s  (50/100)
  [w1]  #30   *       engine timeout                      224 plies  129.7s  (51/100)
  [w0]  #61   1-0     Treasure checkmated or captured     189 plies    8.2s  (52/100)
  [w3]  #72   1-0     Treasure checkmated or captured     211 plies    9.2s  (53/100)
  [w0]  #65   1-0     Treasure checkmated or captured     249 plies   10.7s  (54/100)
  [w1]  #34   1-0     Treasure checkmated or captured     503 plies   21.4s  (55/100)
  [w3]  #76   1-0     Treasure checkmated or captured     493 plies   20.9s  (56/100)
  [w1]  #38   1-0     Treasure checkmated or captured     247 plies   10.7s  (57/100)
  [w0]  #69   *       ply cap (600)                       600 plies   25.4s  (58/100)
  [w0]  #73   1-0     Treasure checkmated or captured     167 plies    7.3s  (59/100)
  [w0]  #77   1-0     Treasure checkmated or captured     153 plies    6.7s  (60/100)
  [w3]  #80   *       ply cap (600)                       600 plies   25.4s  (61/100)
  [w2]  #47   *       engine timeout                      413 plies  137.6s  (62/100)
  [w1]  #42   *       ply cap (600)                       600 plies   26.1s  (63/100)
  [w0]  #81   1-0     Treasure checkmated or captured     275 plies   11.9s  (64/100)
  [w3]  #84   1-0     Treasure checkmated or captured     439 plies   18.8s  (65/100)
  [w2]  #51   1-0     Treasure checkmated or captured     537 plies   23.0s  (66/100)
  [w3]  #88   1-0     Treasure checkmated or captured     193 plies    8.4s  (67/100)
  [w2]  #55   1-0     Treasure checkmated or captured     185 plies    8.0s  (68/100)
  [w0]  #85   *       ply cap (600)                       600 plies   25.5s  (69/100)
  [w2]  #59   1-0     Treasure checkmated or captured     395 plies   16.8s  (70/100)
  [w3]  #92   1-0     Treasure checkmated or captured     557 plies   23.6s  (71/100)
  [w3]  #96   0-1     Party extinct                       116 plies    5.2s  (72/100)
  [w3]  #100  1-0     Treasure checkmated or captured      41 plies    2.1s  (73/100)
  [w2]  #63   1-0     Treasure checkmated or captured     221 plies    9.6s  (74/100)
  [w0]  #89   *       ply cap (600)                       600 plies   25.5s  (75/100)
  [w2]  #67   1-0     Treasure checkmated or captured     407 plies   17.3s  (76/100)
  [w2]  #71   0-1     Party has no legal response          42 plies    2.1s  (77/100)
  [w2]  #75   1-0     Treasure checkmated or captured      61 plies    2.9s  (78/100)
  [w2]  #79   1-0     Treasure checkmated or captured      77 plies    3.5s  (79/100)
  [w0]  #93   *       ply cap (600)                       600 plies   25.4s  (80/100)
  [w2]  #83   *       ply cap (600)                       600 plies   25.4s  (81/100)
  [w0]  #97   *       ply cap (600)                       600 plies   25.4s  (82/100)
  [w1]  #46   *       engine timeout                      286 plies  132.3s  (83/100)
  [w2]  #87   *       ply cap (600)                       600 plies   25.4s  (84/100)
  [w1]  #50   0-1     Party has no legal response         284 plies   12.3s  (85/100)
  [w2]  #91   1-0     Treasure checkmated or captured     299 plies   12.9s  (86/100)
  [w1]  #54   1-0     Treasure checkmated or captured     139 plies    6.2s  (87/100)
  [w1]  #58   1-0     Treasure checkmated or captured      71 plies    3.3s  (88/100)
  [w2]  #95   1-0     Treasure checkmated or captured     231 plies   10.1s  (89/100)
  [w1]  #62   1-0     Treasure checkmated or captured     335 plies   14.5s  (90/100)
  [w2]  #99   *       ply cap (600)                       600 plies   25.5s  (91/100)
  [w1]  #66   0-1     Party has no legal response         326 plies   14.2s  (92/100)
  [w1]  #70   1-0     Treasure checkmated or captured     479 plies   20.5s  (93/100)
  [w1]  #74   1-0     Treasure checkmated or captured     563 plies   24.2s  (94/100)
  [w1]  #78   1-0     Treasure checkmated or captured     131 plies    5.8s  (95/100)
  [w1]  #82   1-0     Treasure checkmated or captured     513 plies   22.1s  (96/100)
  [w1]  #86   1-0     Treasure checkmated or captured     407 plies   17.6s  (97/100)
  [w1]  #90   0-1     Party has no legal response         270 plies   11.9s  (98/100)
  [w1]  #94   1-0     Treasure checkmated or captured     341 plies   14.7s  (99/100)
  [w1]  #98   *       ply cap (600)                       600 plies   25.6s  (100/100)

========================================================
  Rule set    : v7i-d8-brute-mDcW
  Games       : 100
--------------------------------------------------------
  Party wins  :   71  ( 71.0%)
  Horde wins  :    7  (  7.0%)
  Unfinished  :   22  ( 22.0%)
--------------------------------------------------------
  Decisive      :  78.0%
  Party(decisive):  91.0%   95% CI [ 82.6% ..  95.6%]
  Imbalance     :  82.1%   (0% = perfectly balanced decisive games)
  Median plies  : 307  (decisive games)

  COMPOSITE SCORE : 0.140   (1.0 = balanced & decisive)
========================================================
  total time : 633.7s  (6.34s / game, 4x)
  pgn        : reports/v7i-brute-capture/match-v7i-d8-brute-mDcW.pgn
