Match: rule-set 'v7i-d8-brute-mDcF'  games=100  depth=8  max-plies=600  openings=100x6plies  seed=20260506  parallel=4
  variants : /var/folders/rs/77r0skzs579fgb60prc23_mr0000gn/T/yes-hybrid/variants-v7i-d8-brute-mDcF-86311-70cc26ba49b84391a0cd00b5de3130bf.ini
  startFen : 4abtb4/2mubmbu4/12/3*4*3/4**6/12/12/3XC1SD4 w - - 0 1
  openings : 100 distinct (requested 100)

  [w3]  #4    1-0     Treasure checkmated or captured     147 plies    6.5s  (1/100)
  [w1]  #2    1-0     Treasure checkmated or captured     347 plies   14.9s  (2/100)
  [w1]  #6    0-1     Party has no legal response         162 plies    7.1s  (3/100)
  [w2]  #3    *       ply cap (600)                       600 plies   25.5s  (4/100)
  [w0]  #1    *       ply cap (600)                       600 plies   25.6s  (5/100)
  [w3]  #8    1-0     Treasure checkmated or captured     555 plies   23.7s  (6/100)
  [w2]  #7    1-0     Treasure checkmated or captured     127 plies    5.6s  (7/100)
  [w0]  #5    0-1     Party extinct                       256 plies   11.0s  (8/100)
  [w1]  #10   *       ply cap (600)                       600 plies   25.5s  (9/100)
  [w3]  #12   1-0     Treasure checkmated or captured     589 plies   25.0s  (10/100)
  [w2]  #11   *       ply cap (600)                       600 plies   25.5s  (11/100)
  [w1]  #14   1-0     Treasure checkmated or captured     231 plies   10.0s  (12/100)
  [w1]  #18   1-0     Treasure checkmated or captured     101 plies    4.6s  (13/100)
  [w2]  #15   1-0     Treasure checkmated or captured     135 plies    6.0s  (14/100)
  [w1]  #22   0-1     Party has no legal response         124 plies    5.5s  (15/100)
  [w3]  #16   1-0     Treasure checkmated or captured     495 plies   21.0s  (16/100)
  [w1]  #26   1-0     Treasure checkmated or captured     261 plies   11.2s  (17/100)
  [w2]  #19   *       ply cap (600)                       600 plies   25.5s  (18/100)
  [w2]  #23   0-1     Party extinct                       236 plies   10.2s  (19/100)
  [w3]  #20   *       ply cap (600)                       600 plies   25.4s  (20/100)
  [w1]  #30   *       ply cap (600)                       600 plies   25.4s  (21/100)
  [w1]  #34   1-0     Treasure checkmated or captured     125 plies    5.6s  (22/100)
  [w2]  #27   *       ply cap (600)                       600 plies   25.4s  (23/100)
  [w3]  #24   *       ply cap (600)                       600 plies   25.5s  (24/100)
  [w3]  #28   1-0     Treasure checkmated or captured     355 plies   15.2s  (25/100)
  [w2]  #31   1-0     Treasure checkmated or captured     543 plies   23.1s  (26/100)
  [w3]  #32   1-0     Treasure checkmated or captured     287 plies   12.4s  (27/100)
  [w0]  #9    *       engine timeout                       71 plies  123.3s  (28/100)
  [w0]  #13   1-0     Treasure checkmated or captured      51 plies    2.4s  (29/100)
  [w2]  #35   *       ply cap (600)                       600 plies   25.4s  (30/100)
  [w2]  #39   1-0     Treasure checkmated or captured      67 plies    3.1s  (31/100)
  [w3]  #36   *       ply cap (600)                       600 plies   25.4s  (32/100)
  [w0]  #17   *       ply cap (600)                       600 plies   25.4s  (33/100)
  [w0]  #21   1-0     Treasure checkmated or captured     109 plies    4.9s  (34/100)
  [w2]  #43   *       ply cap (600)                       600 plies   25.4s  (35/100)
  [w2]  #47   *       ply cap (600)                       600 plies   25.5s  (36/100)
  [w1]  #38   *       engine timeout                       28 plies  121.5s  (37/100)
  [w2]  #51   1-0     Treasure checkmated or captured     245 plies   10.6s  (38/100)
  [w2]  #55   1-0     Treasure checkmated or captured     161 plies    7.1s  (39/100)
  [w1]  #42   1-0     Treasure checkmated or captured     529 plies   22.6s  (40/100)
  [w2]  #59   *       ply cap (600)                       600 plies   25.5s  (41/100)
  [w2]  #63   1-0     Treasure checkmated or captured     245 plies   10.7s  (42/100)
  [w2]  #67   1-0     Treasure checkmated or captured     121 plies    5.5s  (43/100)
  [w3]  #40   *       engine timeout                       29 plies  121.5s  (44/100)
  [w2]  #71   *       ply cap (600)                       600 plies   25.5s  (45/100)
  [w3]  #44   1-0     Treasure checkmated or captured     283 plies   12.2s  (46/100)
  [w0]  #25   *       engine timeout                      126 plies  125.6s  (47/100)
  [w3]  #48   1-0     Treasure checkmated or captured     185 plies    8.1s  (48/100)
  [w2]  #75   1-0     Treasure checkmated or captured     259 plies   11.2s  (49/100)
  [w0]  #29   1-0     Treasure checkmated or captured     199 plies    8.6s  (50/100)
  [w2]  #79   1-0     Treasure checkmated or captured     243 plies   10.5s  (51/100)
  [w3]  #52   1-0     Treasure checkmated or captured     275 plies   11.9s  (52/100)
  [w0]  #33   0-1     Party has no legal response         222 plies    9.6s  (53/100)
  [w3]  #56   0-1     Party extinct                       124 plies    5.5s  (54/100)
  [w0]  #37   1-0     Treasure checkmated or captured     115 plies    5.1s  (55/100)
  [w0]  #41   0-1     Party has no legal response         232 plies   10.0s  (56/100)
  [w2]  #83   *       ply cap (600)                       600 plies   25.4s  (57/100)
  [w0]  #45   0-1     Party has no legal response         212 plies    9.2s  (58/100)
  [w3]  #60   *       ply cap (600)                       600 plies   25.4s  (59/100)
  [w0]  #49   1-0     Treasure checkmated or captured     181 plies    7.9s  (60/100)
  [w3]  #64   1-0     Treasure checkmated or captured     207 plies    9.0s  (61/100)
  [w2]  #87   1-0     Treasure checkmated or captured     423 plies   18.0s  (62/100)
  [w1]  #46   *       engine timeout                      135 plies  126.0s  (63/100)
  [w3]  #68   1-0     Treasure checkmated or captured     219 plies    9.5s  (64/100)
  [w0]  #53   1-0     Treasure checkmated or captured     381 plies   16.6s  (65/100)
  [w3]  #72   1-0     Treasure checkmated or captured     117 plies    5.2s  (66/100)
  [w2]  #91   1-0     Treasure checkmated or captured     311 plies   13.4s  (67/100)
  [w0]  #57   1-0     Treasure checkmated or captured     131 plies    5.8s  (68/100)
  [w3]  #76   0-1     Party has no legal response         100 plies    4.5s  (69/100)
  [w1]  #50   1-0     Treasure checkmated or captured     305 plies   13.1s  (70/100)
  [w0]  #61   1-0     Treasure checkmated or captured     155 plies    6.8s  (71/100)
  [w2]  #95   1-0     Treasure checkmated or captured     209 plies    9.1s  (72/100)
  [w0]  #65   1-0     Treasure checkmated or captured     339 plies   14.6s  (73/100)
  [w3]  #80   *       ply cap (600)                       600 plies   25.5s  (74/100)
  [w1]  #54   *       ply cap (600)                       600 plies   25.5s  (75/100)
  [w2]  #99   *       ply cap (600)                       600 plies   25.6s  (76/100)
  [w0]  #69   0-1     Party extinct                       542 plies   23.1s  (77/100)
  [w3]  #84   *       ply cap (600)                       600 plies   25.5s  (78/100)
  [w1]  #58   *       ply cap (600)                       600 plies   25.5s  (79/100)
  [w3]  #88   1-0     Treasure checkmated or captured     183 plies    8.0s  (80/100)
  [w1]  #62   1-0     Treasure checkmated or captured     229 plies    9.9s  (81/100)
  [w0]  #73   *       ply cap (600)                       600 plies   25.5s  (82/100)
  [w3]  #92   *       ply cap (600)                       600 plies   25.5s  (83/100)
  [w1]  #66   *       ply cap (600)                       600 plies   25.5s  (84/100)
  [w3]  #96   1-0     Treasure checkmated or captured      45 plies    2.2s  (85/100)
  [w0]  #77   *       ply cap (600)                       600 plies   25.5s  (86/100)
  [w1]  #70   *       ply cap (600)                       600 plies   25.5s  (87/100)
  [w3]  #100  *       ply cap (600)                       600 plies   25.5s  (88/100)
  [w0]  #81   *       ply cap (600)                       600 plies   25.5s  (89/100)
  [w0]  #85   1-0     Treasure checkmated or captured      17 plies    1.0s  (90/100)
  [w1]  #74   1-0     Treasure checkmated or captured     207 plies    9.1s  (91/100)
  [w0]  #89   *       ply cap (600)                       600 plies   25.5s  (92/100)
  [w1]  #78   *       ply cap (600)                       600 plies   25.5s  (93/100)
  [w0]  #93   1-0     Treasure checkmated or captured     253 plies   11.0s  (94/100)
  [w1]  #82   *       ply cap (600)                       600 plies   25.5s  (95/100)
  [w0]  #97   *       ply cap (600)                       600 plies   25.5s  (96/100)
  [w1]  #86   *       ply cap (600)                       600 plies   25.6s  (97/100)
  [w1]  #90   0-1     Party extinct                       236 plies   10.3s  (98/100)
  [w1]  #94   *       ply cap (600)                       600 plies   25.6s  (99/100)
  [w1]  #98   *       ply cap (600)                       600 plies   25.6s  (100/100)

========================================================
  Rule set    : v7i-d8-brute-mDcF
  Games       : 100
--------------------------------------------------------
  Party wins  :   47  ( 47.0%)
  Horde wins  :   11  ( 11.0%)
  Unfinished  :   42  ( 42.0%)
--------------------------------------------------------
  Decisive      :  58.0%
  Party(decisive):  81.0%   95% CI [ 69.1% ..  89.1%]
  Imbalance     :  62.1%   (0% = perfectly balanced decisive games)
  Median plies  : 222  (decisive games)

  COMPOSITE SCORE : 0.220   (1.0 = balanced & decisive)
========================================================
  total time : 652.1s  (6.52s / game, 4x)
  pgn        : reports/v7i-brute-capture/match-v7i-d8-brute-mDcF.pgn
