Match: rule-set 'baseline'  games=100  depth=6  openings=100x6plies  seed=20260422  parallel=4
  variants : /var/folders/rs/77r0skzs579fgb60prc23_mr0000gn/T/yes-hybrid/variants-baseline-60069-35883eea1e9a47bf9f80934b290ae062.ini
  startFen : 4abtba3/2mubmbumm2/12/3*4*3/4**6/12/12/3XCLSD4 w - - 0 1
  openings : 100 distinct (requested 100)

  [w2]  #3    1-0     Treasure checkmated or captured     125 plies    5.3s  (1/100)
  [w3]  #4    1-0     Treasure checkmated or captured     255 plies   10.7s  (2/100)
  [w1]  #2    *       ply cap (300)                       300 plies   12.6s  (3/100)
  [w0]  #1    *       ply cap (300)                       300 plies   12.6s  (4/100)
  [w3]  #8    0-1     Party has no legal response         162 plies    6.8s  (5/100)
  [w2]  #7    *       ply cap (300)                       300 plies   12.6s  (6/100)
  [w1]  #6    *       ply cap (300)                       300 plies   12.6s  (7/100)
  [w0]  #5    *       ply cap (300)                       300 plies   12.6s  (8/100)
  [w3]  #12   1-0     Treasure checkmated or captured     189 plies    8.0s  (9/100)
  [w2]  #11   *       ply cap (300)                       300 plies   12.6s  (10/100)
  [w3]  #16   1-0     Treasure checkmated or captured     197 plies    8.3s  (11/100)
  [w1]  #10   *       ply cap (300)                       300 plies   12.6s  (12/100)
  [w0]  #9    *       ply cap (300)                       300 plies   12.6s  (13/100)
  [w1]  #14   1-0     Treasure checkmated or captured     119 plies    5.0s  (14/100)
  [w2]  #15   *       ply cap (300)                       300 plies   12.6s  (15/100)
  [w0]  #13   1-0     Treasure checkmated or captured     125 plies    5.3s  (16/100)
  [w3]  #20   *       ply cap (300)                       300 plies   12.6s  (17/100)
  [w2]  #19   1-0     Treasure checkmated or captured     145 plies    6.1s  (18/100)
  [w1]  #18   *       ply cap (300)                       300 plies   12.6s  (19/100)
  [w0]  #17   *       ply cap (300)                       300 plies   12.6s  (20/100)
  [w3]  #24   *       ply cap (300)                       300 plies   12.6s  (21/100)
  [w1]  #22   1-0     Treasure checkmated or captured     111 plies    4.7s  (22/100)
  [w2]  #23   *       ply cap (300)                       300 plies   12.6s  (23/100)
  [w0]  #21   1-0     Treasure checkmated or captured     211 plies    8.9s  (24/100)
  [w1]  #26   0-1     Party has no legal response         158 plies    6.7s  (25/100)
  [w2]  #27   1-0     Treasure checkmated or captured     221 plies    9.3s  (26/100)
  [w3]  #28   *       ply cap (300)                       300 plies   12.6s  (27/100)
  [w1]  #30   1-0     Treasure checkmated or captured     165 plies    7.0s  (28/100)
  [w0]  #25   *       ply cap (300)                       300 plies   12.6s  (29/100)
  [w3]  #32   1-0     Treasure checkmated or captured     199 plies    8.4s  (30/100)
  [w2]  #31   *       ply cap (300)                       300 plies   12.6s  (31/100)
  [w0]  #29   1-0     Treasure checkmated or captured     165 plies    7.0s  (32/100)
  [w1]  #34   *       ply cap (300)                       300 plies   12.6s  (33/100)
  [w3]  #36   *       ply cap (300)                       300 plies   12.6s  (34/100)
  [w2]  #35   *       ply cap (300)                       300 plies   12.6s  (35/100)
  [w0]  #33   *       ply cap (300)                       300 plies   12.6s  (36/100)
  [w1]  #38   *       ply cap (300)                       300 plies   12.6s  (37/100)
  [w0]  #37   1-0     Treasure checkmated or captured     101 plies    4.3s  (38/100)
  [w0]  #41   1-0     Treasure checkmated or captured       1 plies    0.1s  (39/100)
  [w2]  #39   1-0     Treasure checkmated or captured     173 plies    7.3s  (40/100)
  [w3]  #40   *       ply cap (300)                       300 plies   12.6s  (41/100)
  [w1]  #42   *       ply cap (300)                       300 plies   12.6s  (42/100)
  [w0]  #45   *       ply cap (300)                       300 plies   12.6s  (43/100)
  [w2]  #43   1-0     Treasure checkmated or captured     277 plies   11.7s  (44/100)
  [w3]  #44   *       ply cap (300)                       300 plies   12.6s  (45/100)
  [w1]  #46   *       ply cap (300)                       300 plies   12.6s  (46/100)
  [w0]  #49   *       ply cap (300)                       300 plies   12.6s  (47/100)
  [w2]  #47   1-0     Treasure checkmated or captured     265 plies   11.2s  (48/100)
  [w3]  #48   *       ply cap (300)                       300 plies   12.6s  (49/100)
  [w1]  #50   1-0     Treasure checkmated or captured     157 plies    6.6s  (50/100)
  [w2]  #51   1-0     Treasure checkmated or captured     151 plies    6.4s  (51/100)
  [w2]  #55   1-0     Treasure checkmated or captured      41 plies    1.7s  (52/100)
  [w2]  #59   1-0     Treasure checkmated or captured      77 plies    3.3s  (53/100)
  [w0]  #53   *       ply cap (300)                       300 plies   12.6s  (54/100)
  [w3]  #52   *       ply cap (300)                       300 plies   12.6s  (55/100)
  [w1]  #54   *       ply cap (300)                       300 plies   12.6s  (56/100)
  [w0]  #57   0-1     Party has no legal response         126 plies    5.3s  (57/100)
  [w2]  #63   1-0     Treasure checkmated or captured     169 plies    7.1s  (58/100)
  [w3]  #56   1-0     Treasure checkmated or captured     101 plies    4.3s  (59/100)
  [w3]  #60   1-0     Treasure checkmated or captured     119 plies    5.0s  (60/100)
  [w1]  #58   *       ply cap (300)                       300 plies   12.6s  (61/100)
  [w0]  #61   *       ply cap (300)                       300 plies   12.6s  (62/100)
  [w2]  #67   *       ply cap (300)                       300 plies   12.6s  (63/100)
  [w1]  #62   1-0     Treasure checkmated or captured     167 plies    7.0s  (64/100)
  [w0]  #65   0-1     Party has no legal response         152 plies    6.4s  (65/100)
  [w3]  #64   1-0     Treasure checkmated or captured     275 plies   11.6s  (66/100)
  [w2]  #71   1-0     Treasure checkmated or captured     207 plies    8.7s  (67/100)
  [w0]  #69   1-0     Treasure checkmated or captured      93 plies    3.9s  (68/100)
  [w3]  #68   0-1     Party has no legal response         132 plies    5.6s  (69/100)
  [w1]  #66   1-0     Treasure checkmated or captured     171 plies    7.2s  (70/100)
  [w0]  #73   1-0     Treasure checkmated or captured      75 plies    3.2s  (71/100)
  [w3]  #72   0-1     Party has no legal response          58 plies    2.5s  (72/100)
  [w2]  #75   0-1     Party has no legal response         178 plies    7.5s  (73/100)
  [w3]  #76   1-0     Treasure checkmated or captured     117 plies    4.9s  (74/100)
  [w1]  #70   *       ply cap (300)                       300 plies   12.6s  (75/100)
  [w1]  #74   1-0     Treasure checkmated or captured       1 plies    0.1s  (76/100)
  [w0]  #77   *       ply cap (300)                       300 plies   12.6s  (77/100)
  [w2]  #79   *       ply cap (300)                       300 plies   12.6s  (78/100)
  [w3]  #80   *       ply cap (300)                       300 plies   12.6s  (79/100)
  [w0]  #81   1-0     Treasure checkmated or captured     157 plies    6.6s  (80/100)
  [w2]  #83   1-0     Treasure checkmated or captured     189 plies    8.0s  (81/100)
  [w1]  #78   *       ply cap (300)                       300 plies   12.6s  (82/100)
  [w2]  #87   1-0     Treasure checkmated or captured      57 plies    2.4s  (83/100)
  [w3]  #84   *       ply cap (300)                       300 plies   12.6s  (84/100)
  [w0]  #85   *       ply cap (300)                       300 plies   12.6s  (85/100)
  [w1]  #82   *       ply cap (300)                       300 plies   12.6s  (86/100)
  [w2]  #91   *       ply cap (300)                       300 plies   12.6s  (87/100)
  [w3]  #88   *       ply cap (300)                       300 plies   12.6s  (88/100)
  [w0]  #89   *       ply cap (300)                       300 plies   12.6s  (89/100)
  [w1]  #86   1-0     Treasure checkmated or captured     197 plies    8.3s  (90/100)
  [w2]  #95   *       ply cap (300)                       300 plies   12.6s  (91/100)
  [w3]  #92   *       ply cap (300)                       300 plies   12.6s  (92/100)
  [w0]  #93   *       ply cap (300)                       300 plies   12.6s  (93/100)
  [w2]  #99   1-0     Treasure checkmated or captured     155 plies    6.5s  (94/100)
  [w1]  #90   *       ply cap (300)                       300 plies   12.6s  (95/100)
  [w1]  #94   0-1     Party has no legal response         108 plies    4.6s  (96/100)
  [w0]  #97   1-0     Treasure checkmated or captured     159 plies    6.7s  (97/100)
  [w3]  #96   *       ply cap (300)                       300 plies   12.6s  (98/100)
  [w1]  #98   *       ply cap (300)                       300 plies   12.6s  (99/100)
  [w3]  #100  *       ply cap (300)                       300 plies   12.6s  (100/100)

========================================================
  Rule set    : baseline
  Games       : 100
--------------------------------------------------------
  Party wins  :   39  ( 39.0%)
  Horde wins  :    8  (  8.0%)
  Unfinished  :   53  ( 53.0%)
--------------------------------------------------------
  Decisive      :  47.0%
  Party(decisive):  83.0%   95% CI [ 69.9% ..  91.1%]
  Imbalance     :  66.0%   (0% = perfectly balanced decisive games)
  Median plies  : 157  (decisive games)

  COMPOSITE SCORE : 0.160   (1.0 = balanced & decisive)
========================================================
  total time : 252.9s  (2.53s / game, 4x)
  pgn        : reports/v2-overnight/match-baseline.pgn
