Match: rule-set 'v7g-d8-no-leader-brute-mK'  games=100  depth=8  max-plies=600  openings=100x6plies  seed=20260504  parallel=4
  variants : /var/folders/rs/77r0skzs579fgb60prc23_mr0000gn/T/yes-hybrid/variants-v7g-d8-no-leader-brute-mK-85465-a720266fc463408daaeb472b0315f9e5.ini
  startFen : 4abtb4/2mubmbu4/12/3*4*3/4**6/12/12/3XC1SD4 w - - 0 1
  openings : 100 distinct (requested 100)

  [w1]  #2    1-0     Treasure checkmated or captured      33 plies    1.7s  (1/100)
  [w3]  #4    1-0     Treasure checkmated or captured      35 plies    1.9s  (2/100)
  [w3]  #8    1-0     Treasure checkmated or captured      15 plies    1.0s  (3/100)
  [w1]  #6    1-0     Treasure checkmated or captured     163 plies    7.1s  (4/100)
  [w3]  #12   1-0     Treasure checkmated or captured     169 plies    7.4s  (5/100)
  [w1]  #10   1-0     Treasure checkmated or captured      49 plies    2.4s  (6/100)
  [w3]  #16   1-0     Treasure checkmated or captured      79 plies    3.6s  (7/100)
  [w0]  #1    1-0     Treasure checkmated or captured     345 plies   14.8s  (8/100)
  [w1]  #14   1-0     Treasure checkmated or captured     109 plies    4.9s  (9/100)
  [w0]  #5    1-0     Treasure checkmated or captured      33 plies    1.7s  (10/100)
  [w3]  #20   1-0     Treasure checkmated or captured      75 plies    3.4s  (11/100)
  [w1]  #18   1-0     Treasure checkmated or captured      87 plies    4.0s  (12/100)
  [w1]  #22   1-0     Treasure checkmated or captured      49 plies    2.4s  (13/100)
  [w3]  #24   1-0     Treasure checkmated or captured     131 plies    5.8s  (14/100)
  [w2]  #3    *       ply cap (600)                       600 plies   25.5s  (15/100)
  [w3]  #28   1-0     Treasure checkmated or captured      93 plies    4.2s  (16/100)
  [w0]  #9    1-0     Treasure checkmated or captured     289 plies   12.4s  (17/100)
  [w3]  #32   1-0     Treasure checkmated or captured      89 plies    4.1s  (18/100)
  [w1]  #26   1-0     Treasure checkmated or captured     213 plies    9.2s  (19/100)
  [w2]  #7    1-0     Treasure checkmated or captured     167 plies    7.4s  (20/100)
  [w3]  #36   1-0     Treasure checkmated or captured     109 plies    4.9s  (21/100)
  [w2]  #11   1-0     Treasure checkmated or captured     141 plies    6.2s  (22/100)
  [w2]  #15   1-0     Treasure checkmated or captured      13 plies    0.8s  (23/100)
  [w0]  #13   1-0     Treasure checkmated or captured     263 plies   11.3s  (24/100)
  [w1]  #30   1-0     Treasure checkmated or captured     231 plies   10.0s  (25/100)
  [w1]  #34   1-0     Treasure checkmated or captured       9 plies    0.7s  (26/100)
  [w2]  #19   1-0     Treasure checkmated or captured      59 plies    2.8s  (27/100)
  [w1]  #38   1-0     Treasure checkmated or captured      29 plies    1.5s  (28/100)
  [w0]  #17   1-0     Treasure checkmated or captured      99 plies    4.4s  (29/100)
  [w3]  #40   1-0     Treasure checkmated or captured     227 plies    9.8s  (30/100)
  [w1]  #42   1-0     Treasure checkmated or captured      71 plies    3.3s  (31/100)
  [w2]  #23   1-0     Treasure checkmated or captured     137 plies    6.0s  (32/100)
  [w0]  #21   1-0     Treasure checkmated or captured     137 plies    6.0s  (33/100)
  [w3]  #44   1-0     Treasure checkmated or captured     151 plies    6.7s  (34/100)
  [w1]  #46   1-0     Treasure checkmated or captured     147 plies    6.5s  (35/100)
  [w3]  #48   1-0     Treasure checkmated or captured      17 plies    1.0s  (36/100)
  [w1]  #50   1-0     Treasure checkmated or captured      87 plies    4.0s  (37/100)
  [w3]  #52   1-0     Treasure checkmated or captured     111 plies    5.0s  (38/100)
  [w2]  #27   1-0     Treasure checkmated or captured     247 plies   10.8s  (39/100)
  [w0]  #25   1-0     Treasure checkmated or captured     211 plies    9.2s  (40/100)
  [w3]  #56   1-0     Treasure checkmated or captured      93 plies    4.3s  (41/100)
  [w3]  #60   1-0     Treasure checkmated or captured     109 plies    4.9s  (42/100)
  [w1]  #54   1-0     Treasure checkmated or captured     237 plies   10.2s  (43/100)
  [w3]  #64   1-0     Treasure checkmated or captured     137 plies    6.1s  (44/100)
  [w0]  #29   1-0     Treasure checkmated or captured     345 plies   14.9s  (45/100)
  [w1]  #58   1-0     Treasure checkmated or captured     189 plies    8.3s  (46/100)
  [w0]  #33   1-0     Treasure checkmated or captured      93 plies    4.2s  (47/100)
  [w1]  #62   1-0     Treasure checkmated or captured      75 plies    3.5s  (48/100)
  [w1]  #66   1-0     Treasure checkmated or captured      35 plies    1.8s  (49/100)
  [w2]  #31   1-0     Treasure checkmated or captured     589 plies   25.0s  (50/100)
  [w0]  #37   1-0     Treasure checkmated or captured     215 plies    9.3s  (51/100)
  [w1]  #70   1-0     Treasure checkmated or captured     191 plies    8.3s  (52/100)
  [w2]  #35   1-0     Treasure checkmated or captured     141 plies    6.2s  (53/100)
  [w1]  #74   1-0     Treasure checkmated or captured      67 plies    3.2s  (54/100)
  [w1]  #78   1-0     Treasure checkmated or captured      41 plies    2.1s  (55/100)
  [w3]  #68   *       ply cap (600)                       600 plies   25.5s  (56/100)
  [w1]  #82   1-0     Treasure checkmated or captured     123 plies    5.6s  (57/100)
  [w2]  #39   1-0     Treasure checkmated or captured     237 plies   10.3s  (58/100)
  [w1]  #86   1-0     Treasure checkmated or captured      25 plies    1.4s  (59/100)
  [w0]  #41   1-0     Treasure checkmated or captured     369 plies   15.9s  (60/100)
  [w3]  #72   1-0     Treasure checkmated or captured     123 plies    5.5s  (61/100)
  [w0]  #45   1-0     Treasure checkmated or captured      85 plies    3.9s  (62/100)
  [w2]  #43   1-0     Treasure checkmated or captured     209 plies    9.1s  (63/100)
  [w1]  #90   1-0     Treasure checkmated or captured     239 plies   10.3s  (64/100)
  [w0]  #49   1-0     Treasure checkmated or captured     133 plies    5.9s  (65/100)
  [w2]  #47   1-0     Treasure checkmated or captured     115 plies    5.1s  (66/100)
  [w1]  #94   1-0     Treasure checkmated or captured     109 plies    4.9s  (67/100)
  [w3]  #76   1-0     Treasure checkmated or captured     313 plies   13.4s  (68/100)
  [w3]  #80   1-0     Treasure checkmated or captured      95 plies    4.3s  (69/100)
  [w3]  #84   1-0     Treasure checkmated or captured     165 plies    7.3s  (70/100)
  [w2]  #51   1-0     Treasure checkmated or captured     381 plies   16.3s  (71/100)
  [w3]  #88   1-0     Treasure checkmated or captured      29 plies    1.6s  (72/100)
  [w2]  #55   1-0     Treasure checkmated or captured      67 plies    3.1s  (73/100)
  [w2]  #59   1-0     Treasure checkmated or captured       7 plies    0.6s  (74/100)
  [w3]  #92   1-0     Treasure checkmated or captured     129 plies    5.8s  (75/100)
  [w3]  #96   1-0     Treasure checkmated or captured      87 plies    4.0s  (76/100)
  [w3]  #100  1-0     Treasure checkmated or captured      47 plies    2.3s  (77/100)
  [w2]  #63   *       ply cap (600)                       600 plies   25.5s  (78/100)
  [w0]  #53   *       engine timeout                       21 plies  121.2s  (79/100)
  [w1]  #98   *       engine timeout                       34 plies  121.7s  (80/100)
  [w2]  #67   *       engine timeout                       19 plies  121.1s  (81/100)
  [w2]  #71   1-0     Treasure checkmated or captured      69 plies    3.2s  (82/100)
  [w2]  #75   1-0     Treasure checkmated or captured      95 plies    4.3s  (83/100)
  [w2]  #79   1-0     Treasure checkmated or captured      25 plies    1.3s  (84/100)
  [w2]  #83   1-0     Treasure checkmated or captured      51 plies    2.5s  (85/100)
  [w2]  #87   1-0     Treasure checkmated or captured     103 plies    4.6s  (86/100)
  [w2]  #91   1-0     Treasure checkmated or captured     289 plies   12.4s  (87/100)
  [w2]  #95   1-0     Treasure checkmated or captured      17 plies    1.0s  (88/100)
  [w2]  #99   1-0     Treasure checkmated or captured      33 plies    1.7s  (89/100)
  [w0]  #57   *       engine timeout                      146 plies  126.4s  (90/100)
  [w0]  #61   1-0     Treasure checkmated or captured      43 plies    2.2s  (91/100)
  [w0]  #65   1-0     Treasure checkmated or captured      23 plies    1.4s  (92/100)
  [w0]  #69   0-1     Party has no legal response         200 plies    8.8s  (93/100)
  [w0]  #73   1-0     Treasure checkmated or captured     185 plies    8.2s  (94/100)
  [w0]  #77   1-0     Treasure checkmated or captured      67 plies    3.2s  (95/100)
  [w0]  #81   1-0     Treasure checkmated or captured      45 plies    2.3s  (96/100)
  [w0]  #85   1-0     Treasure checkmated or captured      79 plies    3.7s  (97/100)
  [w0]  #89   1-0     Treasure checkmated or captured       1 plies    0.4s  (98/100)
  [w0]  #93   1-0     Treasure checkmated or captured     135 plies    6.1s  (99/100)
  [w0]  #97   1-0     Treasure checkmated or captured     165 plies    7.4s  (100/100)

========================================================
  Rule set    : v7g-d8-no-leader-brute-mK
  Games       : 100
--------------------------------------------------------
  Party wins  :   92  ( 92.0%)
  Horde wins  :    1  (  1.0%)
  Unfinished  :    7  (  7.0%)
--------------------------------------------------------
  Decisive      :  93.0%
  Party(decisive):  98.9%   95% CI [ 94.2% ..  99.8%]
  Imbalance     :  97.8%   (0% = perfectly balanced decisive games)
  Median plies  : 109  (decisive games)

  COMPOSITE SCORE : 0.020   (1.0 = balanced & decisive)
========================================================
  total time : 405.3s  (4.05s / game, 4x)
  pgn        : reports/v7g-brute-weaken/match-v7g.pgn
