Match: rule-set 'v3-mc-baseline'  games=150  depth=6  openings=150x6plies  seed=20260423  parallel=4
  variants : /var/folders/gb/ns03xtr53539qh0kc35fzv8dxfq40g/T/yes-hybrid/variants-v3-mc-baseline-89986-f8fd92f075b24be887de472f9cf43f78.ini
  startFen : 4abtba3/2mubmbumm2/12/3*4*3/4**6/12/12/3XCLSD4 w - - 0 1
  openings : 150 distinct (requested 150)

  [w2]  #3    1-0     Treasure checkmated or captured      95 plies    4.0s  (1/150)
  [w3]  #4    0-1     Party extinct                       178 plies    7.5s  (2/150)
  [w2]  #7    0-1     Party extinct                       130 plies    5.5s  (3/150)
  [w0]  #1    1-0     Treasure checkmated or captured     289 plies   12.2s  (4/150)
  [w1]  #2    *       ply cap (400)                       400 plies   16.9s  (5/150)
  [w0]  #5    1-0     Treasure checkmated or captured     233 plies    9.8s  (6/150)
  [w3]  #8    *       ply cap (400)                       400 plies   16.8s  (7/150)
  [w2]  #11   1-0     Treasure checkmated or captured     377 plies   15.9s  (8/150)
  [w1]  #6    *       ply cap (400)                       400 plies   16.8s  (9/150)
  [w1]  #10   1-0     Treasure checkmated or captured     121 plies    5.1s  (10/150)
  [w0]  #9    *       ply cap (400)                       400 plies   16.8s  (11/150)
  [w3]  #12   *       ply cap (400)                       400 plies   16.8s  (12/150)
  [w2]  #15   *       ply cap (400)                       400 plies   16.8s  (13/150)
  [w0]  #13   1-0     Treasure checkmated or captured     213 plies    9.0s  (14/150)
  [w2]  #19   1-0     Treasure checkmated or captured     177 plies    7.5s  (15/150)
  [w1]  #14   1-0     Treasure checkmated or captured     315 plies   13.3s  (16/150)
  [w3]  #16   *       ply cap (400)                       400 plies   16.8s  (17/150)
  [w0]  #17   *       ply cap (400)                       400 plies   16.8s  (18/150)
  [w2]  #23   *       ply cap (400)                       400 plies   16.8s  (19/150)
  [w1]  #18   *       ply cap (400)                       400 plies   16.8s  (20/150)
  [w0]  #21   1-0     Treasure checkmated or captured     141 plies    6.0s  (21/150)
  [w3]  #20   *       ply cap (400)                       400 plies   16.8s  (22/150)
  [w1]  #22   0-1     Party extinct                       156 plies    6.6s  (23/150)
  [w2]  #27   *       ply cap (400)                       400 plies   16.8s  (24/150)
  [w0]  #25   0-1     Party extinct                       360 plies   15.2s  (25/150)
  [w2]  #31   0-1     Party has no legal response          78 plies    3.3s  (26/150)
  [w1]  #26   1-0     Treasure checkmated or captured     333 plies   14.0s  (27/150)
  [w3]  #24   *       ply cap (400)                       400 plies   16.8s  (28/150)
  [w3]  #28   1-0     Treasure checkmated or captured      93 plies    4.0s  (29/150)
  [w2]  #35   1-0     Treasure checkmated or captured     215 plies    9.1s  (30/150)
  [w0]  #29   *       ply cap (400)                       400 plies   16.8s  (31/150)
  [w1]  #30   *       ply cap (400)                       400 plies   16.8s  (32/150)
  [w3]  #32   *       ply cap (400)                       400 plies   16.8s  (33/150)
  [w2]  #39   *       ply cap (400)                       400 plies   16.8s  (34/150)
  [w3]  #36   0-1     Party extinct                        68 plies    2.9s  (35/150)
  [w0]  #33   *       ply cap (400)                       400 plies   16.8s  (36/150)
  [w3]  #40   1-0     Treasure checkmated or captured     151 plies    6.4s  (37/150)
  [w1]  #34   *       ply cap (400)                       400 plies   16.8s  (38/150)
  [w0]  #37   1-0     Treasure checkmated or captured      95 plies    4.0s  (39/150)
  [w2]  #43   *       ply cap (400)                       400 plies   16.8s  (40/150)
  [w2]  #47   1-0     Treasure checkmated or captured      65 plies    2.8s  (41/150)
  [w3]  #44   *       ply cap (400)                       400 plies   16.8s  (42/150)
  [w0]  #41   1-0     Treasure checkmated or captured     369 plies   15.6s  (43/150)
  [w1]  #38   *       ply cap (400)                       400 plies   16.8s  (44/150)
  [w2]  #51   *       ply cap (400)                       400 plies   16.8s  (45/150)
  [w3]  #48   1-0     Treasure checkmated or captured     305 plies   12.8s  (46/150)
  [w0]  #45   0-1     Party extinct                       312 plies   13.1s  (47/150)
  [w3]  #52   1-0     Treasure checkmated or captured      67 plies    2.8s  (48/150)
  [w1]  #42   *       ply cap (400)                       400 plies   16.8s  (49/150)
  [w2]  #55   1-0     Treasure checkmated or captured     289 plies   12.2s  (50/150)
  [w0]  #49   *       ply cap (400)                       400 plies   16.8s  (51/150)
  [w2]  #59   1-0     Treasure checkmated or captured     197 plies    8.3s  (52/150)
  [w3]  #56   0-1     Party extinct                       398 plies   16.8s  (53/150)
  [w1]  #46   *       ply cap (400)                       400 plies   16.8s  (54/150)
  [w0]  #53   1-0     Treasure checkmated or captured     297 plies   12.5s  (55/150)
  [w2]  #63   1-0     Treasure checkmated or captured     331 plies   14.0s  (56/150)
  [w3]  #60   *       ply cap (400)                       400 plies   16.8s  (57/150)
  [w0]  #57   0-1     Party extinct                       162 plies    6.8s  (58/150)
  [w1]  #50   1-0     Treasure checkmated or captured     377 plies   15.9s  (59/150)
  [w2]  #67   0-1     Party extinct                       334 plies   14.1s  (60/150)
  [w3]  #64   0-1     Party extinct                       256 plies   10.9s  (61/150)
  [w0]  #61   1-0     Treasure checkmated or captured     353 plies   14.9s  (62/150)
  [w1]  #54   *       ply cap (400)                       400 plies   16.9s  (63/150)
  [w1]  #58   0-1     Party extinct                       172 plies    7.3s  (64/150)
  [w2]  #71   *       ply cap (400)                       400 plies   16.8s  (65/150)
  [w3]  #68   *       ply cap (400)                       400 plies   16.8s  (66/150)
  [w0]  #65   1-0     Treasure checkmated or captured     339 plies   14.3s  (67/150)
  [w1]  #62   0-1     Party extinct                       342 plies   14.4s  (68/150)
  [w2]  #75   *       ply cap (400)                       400 plies   16.8s  (69/150)
  [w3]  #72   *       ply cap (400)                       400 plies   16.8s  (70/150)
  [w0]  #69   *       ply cap (400)                       400 plies   16.8s  (71/150)
  [w2]  #79   1-0     Treasure checkmated or captured     273 plies   11.5s  (72/150)
  [w1]  #66   *       ply cap (400)                       400 plies   16.8s  (73/150)
  [w0]  #73   0-1     Party extinct                       290 plies   12.2s  (74/150)
  [w3]  #76   *       ply cap (400)                       400 plies   16.8s  (75/150)
  [w2]  #83   *       ply cap (400)                       400 plies   16.8s  (76/150)
  [w1]  #70   *       ply cap (400)                       400 plies   16.8s  (77/150)
  [w0]  #77   *       ply cap (400)                       400 plies   16.8s  (78/150)
  [w3]  #80   *       ply cap (400)                       400 plies   16.8s  (79/150)
  [w0]  #81   0-1     Party extinct                       234 plies    9.9s  (80/150)
  [w0]  #85   1-0     Treasure checkmated or captured       1 plies    0.1s  (81/150)
  [w2]  #87   *       ply cap (400)                       400 plies   16.8s  (82/150)
  [w1]  #74   *       ply cap (400)                       400 plies   16.8s  (83/150)
  [w0]  #89   1-0     Treasure checkmated or captured     127 plies    5.4s  (84/150)
  [w3]  #84   *       ply cap (400)                       400 plies   16.8s  (85/150)
  [w1]  #78   0-1     Party extinct                       190 plies    8.0s  (86/150)
  [w2]  #91   *       ply cap (400)                       400 plies   16.8s  (87/150)
  [w1]  #82   1-0     Treasure checkmated or captured     161 plies    6.8s  (88/150)
  [w0]  #93   *       ply cap (400)                       400 plies   16.8s  (89/150)
  [w3]  #88   *       ply cap (400)                       400 plies   16.8s  (90/150)
  [w3]  #92   1-0     Treasure checkmated or captured      69 plies    2.9s  (91/150)
  [w1]  #86   0-1     Party extinct                       264 plies   11.1s  (92/150)
  [w2]  #95   0-1     Party extinct                       382 plies   16.1s  (93/150)
  [w0]  #97   *       ply cap (400)                       400 plies   16.8s  (94/150)
  [w3]  #96   1-0     Treasure checkmated or captured     399 plies   16.8s  (95/150)
  [w1]  #90   *       ply cap (400)                       400 plies   16.8s  (96/150)
  [w2]  #99   *       ply cap (400)                       400 plies   16.8s  (97/150)
  [w0]  #101  *       ply cap (400)                       400 plies   16.8s  (98/150)
  [w1]  #94   0-1     Party extinct                       256 plies   10.8s  (99/150)
  [w3]  #100  *       ply cap (400)                       400 plies   16.8s  (100/150)
  [w0]  #105  1-0     Treasure checkmated or captured     315 plies   13.3s  (101/150)
  [w2]  #103  *       ply cap (400)                       400 plies   16.8s  (102/150)
  [w1]  #98   *       ply cap (400)                       400 plies   16.8s  (103/150)
  [w1]  #102  1-0     Treasure checkmated or captured       1 plies    0.1s  (104/150)
  [w3]  #104  *       ply cap (400)                       400 plies   16.8s  (105/150)
  [w3]  #108  1-0     Treasure checkmated or captured     101 plies    4.3s  (106/150)
  [w1]  #106  0-1     Party extinct                       210 plies    8.9s  (107/150)
  [w0]  #109  *       ply cap (400)                       400 plies   16.8s  (108/150)
  [w2]  #107  *       ply cap (400)                       400 plies   16.8s  (109/150)
  [w1]  #110  0-1     Party extinct                       150 plies    6.3s  (110/150)
  [w3]  #112  *       ply cap (400)                       400 plies   16.8s  (111/150)
  [w0]  #113  *       ply cap (400)                       400 plies   16.8s  (112/150)
  [w2]  #111  *       ply cap (400)                       400 plies   16.8s  (113/150)
  [w3]  #116  0-1     Party extinct                        82 plies    3.5s  (114/150)
  [w1]  #114  *       ply cap (400)                       400 plies   16.8s  (115/150)
  [w3]  #120  1-0     Treasure checkmated or captured     157 plies    6.6s  (116/150)
  [w0]  #117  1-0     Treasure checkmated or captured     357 plies   15.0s  (117/150)
  [w3]  #124  0-1     Party extinct                       204 plies    8.6s  (118/150)
  [w2]  #115  *       ply cap (400)                       400 plies   16.8s  (119/150)
  [w1]  #118  *       ply cap (400)                       400 plies   16.8s  (120/150)
  [w2]  #119  0-1     Party extinct                       126 plies    5.3s  (121/150)
  [w2]  #123  1-0     Treasure checkmated or captured      79 plies    3.3s  (122/150)
  [w0]  #121  *       ply cap (400)                       400 plies   16.8s  (123/150)
  [w3]  #128  1-0     Treasure checkmated or captured     361 plies   15.2s  (124/150)
  [w1]  #122  *       ply cap (400)                       400 plies   16.8s  (125/150)
  [w2]  #127  *       ply cap (400)                       400 plies   16.8s  (126/150)
  [w0]  #125  *       ply cap (400)                       400 plies   16.8s  (127/150)
  [w3]  #132  *       ply cap (400)                       400 plies   16.8s  (128/150)
  [w1]  #126  *       ply cap (400)                       400 plies   16.8s  (129/150)
  [w3]  #136  1-0     Treasure checkmated or captured     249 plies   10.5s  (130/150)
  [w2]  #131  *       ply cap (400)                       400 plies   16.8s  (131/150)
  [w1]  #130  0-1     Party extinct                       148 plies    6.2s  (132/150)
  [w2]  #135  0-1     Party extinct                        54 plies    2.3s  (133/150)
  [w1]  #134  0-1     Party has no legal response          92 plies    3.9s  (134/150)
  [w0]  #129  *       ply cap (400)                       400 plies   16.8s  (135/150)
  [w3]  #140  *       ply cap (400)                       400 plies   16.8s  (136/150)
  [w2]  #139  *       ply cap (400)                       400 plies   16.8s  (137/150)
  [w1]  #138  *       ply cap (400)                       400 plies   16.8s  (138/150)
  [w0]  #133  *       ply cap (400)                       400 plies   16.8s  (139/150)
  [w3]  #144  1-0     Treasure checkmated or captured     363 plies   15.3s  (140/150)
  [w2]  #143  *       ply cap (400)                       400 plies   16.9s  (141/150)
  [w1]  #142  0-1     Party extinct                       360 plies   15.2s  (142/150)
  [w0]  #137  *       ply cap (400)                       400 plies   16.9s  (143/150)
  [w3]  #148  0-1     Party extinct                       242 plies   10.2s  (144/150)
  [w2]  #147  *       ply cap (400)                       400 plies   16.8s  (145/150)
  [w1]  #146  *       ply cap (400)                       400 plies   16.8s  (146/150)
  [w0]  #141  *       ply cap (400)                       400 plies   16.8s  (147/150)
  [w1]  #150  0-1     Party extinct                        88 plies    3.7s  (148/150)
  [w0]  #145  *       ply cap (400)                       400 plies   16.8s  (149/150)
  [w0]  #149  *       ply cap (400)                       400 plies   16.8s  (150/150)

========================================================
  Rule set    : v3-mc-baseline
  Games       : 150
--------------------------------------------------------
  Party wins  :   40  ( 26.7%)
  Horde wins  :   30  ( 20.0%)
  Unfinished  :   80  ( 53.3%)
--------------------------------------------------------
  Decisive      :  46.7%
  Party(decisive):  57.1%   95% CI [ 45.5% ..  68.1%]
  Imbalance     :  14.3%   (0% = perfectly balanced decisive games)
  Median plies  : 213  (decisive games)

  COMPOSITE SCORE : 0.400   (1.0 = balanced & decisive)
========================================================
  total time : 526.3s  (3.51s / game, 4x)
  pgn        : reports/v3-overnight/match-v3-mc-baseline.pgn
