Sweep: 7 rule-sets x 150 games  (depth=6, parallel=4, seed=20260423)
  out : reports/v3-overnight

[1/7] rulesets/v3-mc-baseline.json
Match: rule-set 'v3-mc-baseline'  games=150  depth=6  openings=150x6plies  seed=20260423  parallel=4
  variants : /var/folders/gb/ns03xtr53539qh0kc35fzv8dxfq40g/T/yes-hybrid/variants-v3-mc-baseline-89986-f8fd92f075b24be887de472f9cf43f78.ini
  startFen : 4abtba3/2mubmbumm2/12/3*4*3/4**6/12/12/3XCLSD4 w - - 0 1
  openings : 150 distinct (requested 150)

  [w2]  #3    1-0     Treasure checkmated or captured      95 plies    4.0s  (1/150)
  [w3]  #4    0-1     Party extinct                       178 plies    7.5s  (2/150)
  [w2]  #7    0-1     Party extinct                       130 plies    5.5s  (3/150)
  [w0]  #1    1-0     Treasure checkmated or captured     289 plies   12.2s  (4/150)
  [w1]  #2    *       ply cap (400)                       400 plies   16.9s  (5/150)
  [w0]  #5    1-0     Treasure checkmated or captured     233 plies    9.8s  (6/150)
  [w3]  #8    *       ply cap (400)                       400 plies   16.8s  (7/150)
  [w2]  #11   1-0     Treasure checkmated or captured     377 plies   15.9s  (8/150)
  [w1]  #6    *       ply cap (400)                       400 plies   16.8s  (9/150)
  [w1]  #10   1-0     Treasure checkmated or captured     121 plies    5.1s  (10/150)
  [w0]  #9    *       ply cap (400)                       400 plies   16.8s  (11/150)
  [w3]  #12   *       ply cap (400)                       400 plies   16.8s  (12/150)
  [w2]  #15   *       ply cap (400)                       400 plies   16.8s  (13/150)
  [w0]  #13   1-0     Treasure checkmated or captured     213 plies    9.0s  (14/150)
  [w2]  #19   1-0     Treasure checkmated or captured     177 plies    7.5s  (15/150)
  [w1]  #14   1-0     Treasure checkmated or captured     315 plies   13.3s  (16/150)
  [w3]  #16   *       ply cap (400)                       400 plies   16.8s  (17/150)
  [w0]  #17   *       ply cap (400)                       400 plies   16.8s  (18/150)
  [w2]  #23   *       ply cap (400)                       400 plies   16.8s  (19/150)
  [w1]  #18   *       ply cap (400)                       400 plies   16.8s  (20/150)
  [w0]  #21   1-0     Treasure checkmated or captured     141 plies    6.0s  (21/150)
  [w3]  #20   *       ply cap (400)                       400 plies   16.8s  (22/150)
  [w1]  #22   0-1     Party extinct                       156 plies    6.6s  (23/150)
  [w2]  #27   *       ply cap (400)                       400 plies   16.8s  (24/150)
  [w0]  #25   0-1     Party extinct                       360 plies   15.2s  (25/150)
  [w2]  #31   0-1     Party has no legal response          78 plies    3.3s  (26/150)
  [w1]  #26   1-0     Treasure checkmated or captured     333 plies   14.0s  (27/150)
  [w3]  #24   *       ply cap (400)                       400 plies   16.8s  (28/150)
  [w3]  #28   1-0     Treasure checkmated or captured      93 plies    4.0s  (29/150)
  [w2]  #35   1-0     Treasure checkmated or captured     215 plies    9.1s  (30/150)
  [w0]  #29   *       ply cap (400)                       400 plies   16.8s  (31/150)
  [w1]  #30   *       ply cap (400)                       400 plies   16.8s  (32/150)
  [w3]  #32   *       ply cap (400)                       400 plies   16.8s  (33/150)
  [w2]  #39   *       ply cap (400)                       400 plies   16.8s  (34/150)
  [w3]  #36   0-1     Party extinct                        68 plies    2.9s  (35/150)
  [w0]  #33   *       ply cap (400)                       400 plies   16.8s  (36/150)
  [w3]  #40   1-0     Treasure checkmated or captured     151 plies    6.4s  (37/150)
  [w1]  #34   *       ply cap (400)                       400 plies   16.8s  (38/150)
  [w0]  #37   1-0     Treasure checkmated or captured      95 plies    4.0s  (39/150)
  [w2]  #43   *       ply cap (400)                       400 plies   16.8s  (40/150)
  [w2]  #47   1-0     Treasure checkmated or captured      65 plies    2.8s  (41/150)
  [w3]  #44   *       ply cap (400)                       400 plies   16.8s  (42/150)
  [w0]  #41   1-0     Treasure checkmated or captured     369 plies   15.6s  (43/150)
  [w1]  #38   *       ply cap (400)                       400 plies   16.8s  (44/150)
  [w2]  #51   *       ply cap (400)                       400 plies   16.8s  (45/150)
  [w3]  #48   1-0     Treasure checkmated or captured     305 plies   12.8s  (46/150)
  [w0]  #45   0-1     Party extinct                       312 plies   13.1s  (47/150)
  [w3]  #52   1-0     Treasure checkmated or captured      67 plies    2.8s  (48/150)
  [w1]  #42   *       ply cap (400)                       400 plies   16.8s  (49/150)
  [w2]  #55   1-0     Treasure checkmated or captured     289 plies   12.2s  (50/150)
  [w0]  #49   *       ply cap (400)                       400 plies   16.8s  (51/150)
  [w2]  #59   1-0     Treasure checkmated or captured     197 plies    8.3s  (52/150)
  [w3]  #56   0-1     Party extinct                       398 plies   16.8s  (53/150)
  [w1]  #46   *       ply cap (400)                       400 plies   16.8s  (54/150)
  [w0]  #53   1-0     Treasure checkmated or captured     297 plies   12.5s  (55/150)
  [w2]  #63   1-0     Treasure checkmated or captured     331 plies   14.0s  (56/150)
  [w3]  #60   *       ply cap (400)                       400 plies   16.8s  (57/150)
  [w0]  #57   0-1     Party extinct                       162 plies    6.8s  (58/150)
  [w1]  #50   1-0     Treasure checkmated or captured     377 plies   15.9s  (59/150)
  [w2]  #67   0-1     Party extinct                       334 plies   14.1s  (60/150)
  [w3]  #64   0-1     Party extinct                       256 plies   10.9s  (61/150)
  [w0]  #61   1-0     Treasure checkmated or captured     353 plies   14.9s  (62/150)
  [w1]  #54   *       ply cap (400)                       400 plies   16.9s  (63/150)
  [w1]  #58   0-1     Party extinct                       172 plies    7.3s  (64/150)
  [w2]  #71   *       ply cap (400)                       400 plies   16.8s  (65/150)
  [w3]  #68   *       ply cap (400)                       400 plies   16.8s  (66/150)
  [w0]  #65   1-0     Treasure checkmated or captured     339 plies   14.3s  (67/150)
  [w1]  #62   0-1     Party extinct                       342 plies   14.4s  (68/150)
  [w2]  #75   *       ply cap (400)                       400 plies   16.8s  (69/150)
  [w3]  #72   *       ply cap (400)                       400 plies   16.8s  (70/150)
  [w0]  #69   *       ply cap (400)                       400 plies   16.8s  (71/150)
  [w2]  #79   1-0     Treasure checkmated or captured     273 plies   11.5s  (72/150)
  [w1]  #66   *       ply cap (400)                       400 plies   16.8s  (73/150)
  [w0]  #73   0-1     Party extinct                       290 plies   12.2s  (74/150)
  [w3]  #76   *       ply cap (400)                       400 plies   16.8s  (75/150)
  [w2]  #83   *       ply cap (400)                       400 plies   16.8s  (76/150)
  [w1]  #70   *       ply cap (400)                       400 plies   16.8s  (77/150)
  [w0]  #77   *       ply cap (400)                       400 plies   16.8s  (78/150)
  [w3]  #80   *       ply cap (400)                       400 plies   16.8s  (79/150)
  [w0]  #81   0-1     Party extinct                       234 plies    9.9s  (80/150)
  [w0]  #85   1-0     Treasure checkmated or captured       1 plies    0.1s  (81/150)
  [w2]  #87   *       ply cap (400)                       400 plies   16.8s  (82/150)
  [w1]  #74   *       ply cap (400)                       400 plies   16.8s  (83/150)
  [w0]  #89   1-0     Treasure checkmated or captured     127 plies    5.4s  (84/150)
  [w3]  #84   *       ply cap (400)                       400 plies   16.8s  (85/150)
  [w1]  #78   0-1     Party extinct                       190 plies    8.0s  (86/150)
  [w2]  #91   *       ply cap (400)                       400 plies   16.8s  (87/150)
  [w1]  #82   1-0     Treasure checkmated or captured     161 plies    6.8s  (88/150)
  [w0]  #93   *       ply cap (400)                       400 plies   16.8s  (89/150)
  [w3]  #88   *       ply cap (400)                       400 plies   16.8s  (90/150)
  [w3]  #92   1-0     Treasure checkmated or captured      69 plies    2.9s  (91/150)
  [w1]  #86   0-1     Party extinct                       264 plies   11.1s  (92/150)
  [w2]  #95   0-1     Party extinct                       382 plies   16.1s  (93/150)
  [w0]  #97   *       ply cap (400)                       400 plies   16.8s  (94/150)
  [w3]  #96   1-0     Treasure checkmated or captured     399 plies   16.8s  (95/150)
  [w1]  #90   *       ply cap (400)                       400 plies   16.8s  (96/150)
  [w2]  #99   *       ply cap (400)                       400 plies   16.8s  (97/150)
  [w0]  #101  *       ply cap (400)                       400 plies   16.8s  (98/150)
  [w1]  #94   0-1     Party extinct                       256 plies   10.8s  (99/150)
  [w3]  #100  *       ply cap (400)                       400 plies   16.8s  (100/150)
  [w0]  #105  1-0     Treasure checkmated or captured     315 plies   13.3s  (101/150)
  [w2]  #103  *       ply cap (400)                       400 plies   16.8s  (102/150)
  [w1]  #98   *       ply cap (400)                       400 plies   16.8s  (103/150)
  [w1]  #102  1-0     Treasure checkmated or captured       1 plies    0.1s  (104/150)
  [w3]  #104  *       ply cap (400)                       400 plies   16.8s  (105/150)
  [w3]  #108  1-0     Treasure checkmated or captured     101 plies    4.3s  (106/150)
  [w1]  #106  0-1     Party extinct                       210 plies    8.9s  (107/150)
  [w0]  #109  *       ply cap (400)                       400 plies   16.8s  (108/150)
  [w2]  #107  *       ply cap (400)                       400 plies   16.8s  (109/150)
  [w1]  #110  0-1     Party extinct                       150 plies    6.3s  (110/150)
  [w3]  #112  *       ply cap (400)                       400 plies   16.8s  (111/150)
  [w0]  #113  *       ply cap (400)                       400 plies   16.8s  (112/150)
  [w2]  #111  *       ply cap (400)                       400 plies   16.8s  (113/150)
  [w3]  #116  0-1     Party extinct                        82 plies    3.5s  (114/150)
  [w1]  #114  *       ply cap (400)                       400 plies   16.8s  (115/150)
  [w3]  #120  1-0     Treasure checkmated or captured     157 plies    6.6s  (116/150)
  [w0]  #117  1-0     Treasure checkmated or captured     357 plies   15.0s  (117/150)
  [w3]  #124  0-1     Party extinct                       204 plies    8.6s  (118/150)
  [w2]  #115  *       ply cap (400)                       400 plies   16.8s  (119/150)
  [w1]  #118  *       ply cap (400)                       400 plies   16.8s  (120/150)
  [w2]  #119  0-1     Party extinct                       126 plies    5.3s  (121/150)
  [w2]  #123  1-0     Treasure checkmated or captured      79 plies    3.3s  (122/150)
  [w0]  #121  *       ply cap (400)                       400 plies   16.8s  (123/150)
  [w3]  #128  1-0     Treasure checkmated or captured     361 plies   15.2s  (124/150)
  [w1]  #122  *       ply cap (400)                       400 plies   16.8s  (125/150)
  [w2]  #127  *       ply cap (400)                       400 plies   16.8s  (126/150)
  [w0]  #125  *       ply cap (400)                       400 plies   16.8s  (127/150)
  [w3]  #132  *       ply cap (400)                       400 plies   16.8s  (128/150)
  [w1]  #126  *       ply cap (400)                       400 plies   16.8s  (129/150)
  [w3]  #136  1-0     Treasure checkmated or captured     249 plies   10.5s  (130/150)
  [w2]  #131  *       ply cap (400)                       400 plies   16.8s  (131/150)
  [w1]  #130  0-1     Party extinct                       148 plies    6.2s  (132/150)
  [w2]  #135  0-1     Party extinct                        54 plies    2.3s  (133/150)
  [w1]  #134  0-1     Party has no legal response          92 plies    3.9s  (134/150)
  [w0]  #129  *       ply cap (400)                       400 plies   16.8s  (135/150)
  [w3]  #140  *       ply cap (400)                       400 plies   16.8s  (136/150)
  [w2]  #139  *       ply cap (400)                       400 plies   16.8s  (137/150)
  [w1]  #138  *       ply cap (400)                       400 plies   16.8s  (138/150)
  [w0]  #133  *       ply cap (400)                       400 plies   16.8s  (139/150)
  [w3]  #144  1-0     Treasure checkmated or captured     363 plies   15.3s  (140/150)
  [w2]  #143  *       ply cap (400)                       400 plies   16.9s  (141/150)
  [w1]  #142  0-1     Party extinct                       360 plies   15.2s  (142/150)
  [w0]  #137  *       ply cap (400)                       400 plies   16.9s  (143/150)
  [w3]  #148  0-1     Party extinct                       242 plies   10.2s  (144/150)
  [w2]  #147  *       ply cap (400)                       400 plies   16.8s  (145/150)
  [w1]  #146  *       ply cap (400)                       400 plies   16.8s  (146/150)
  [w0]  #141  *       ply cap (400)                       400 plies   16.8s  (147/150)
  [w1]  #150  0-1     Party extinct                        88 plies    3.7s  (148/150)
  [w0]  #145  *       ply cap (400)                       400 plies   16.8s  (149/150)
  [w0]  #149  *       ply cap (400)                       400 plies   16.8s  (150/150)

========================================================
  Rule set    : v3-mc-baseline
  Games       : 150
--------------------------------------------------------
  Party wins  :   40  ( 26.7%)
  Horde wins  :   30  ( 20.0%)
  Unfinished  :   80  ( 53.3%)
--------------------------------------------------------
  Decisive      :  46.7%
  Party(decisive):  57.1%   95% CI [ 45.5% ..  68.1%]
  Imbalance     :  14.3%   (0% = perfectly balanced decisive games)
  Median plies  : 213  (decisive games)

  COMPOSITE SCORE : 0.400   (1.0 = balanced & decisive)
========================================================
  total time : 526.3s  (3.51s / game, 4x)
  pgn        : reports/v3-overnight/match-v3-mc-baseline.pgn

[2/7] rulesets/v3-mc-bloodied.json
Match: rule-set 'v3-mc-bloodied'  games=150  depth=6  openings=150x6plies  seed=20260423  parallel=4  +bloodied
  variants : /var/folders/gb/ns03xtr53539qh0kc35fzv8dxfq40g/T/yes-hybrid/variants-v3-mc-bloodied-89986-d6055beb9d0b48e0a6db850d984e31e0.ini
  startFen : 4abtba3/2mubmbumm2/12/3*4*3/4**6/12/12/3XCLSD4 w - - 0 1
  openings : 150 distinct (requested 150)

  [w3]  #4    *       ply cap (400)                       400 plies   16.8s  (1/150)
  [w0]  #1    *       ply cap (400)                       400 plies   16.8s  (2/150)
  [w1]  #2    *       ply cap (400)                       400 plies   16.8s  (3/150)
  [w2]  #3    *       ply cap (400)                       400 plies   16.8s  (4/150)
  [w0]  #5    1-0     Treasure checkmated or captured      77 plies    3.3s  (5/150)
  [w3]  #8    *       ply cap (400)                       400 plies   16.8s  (6/150)
  [w1]  #6    *       ply cap (400)                       400 plies   16.8s  (7/150)
  [w2]  #7    *       ply cap (400)                       400 plies   16.8s  (8/150)
  [w0]  #9    *       ply cap (400)                       400 plies   16.8s  (9/150)
  [w1]  #10   0-1     Party extinct                       134 plies    5.7s  (10/150)
  [w2]  #11   0-1     Party extinct                       306 plies   12.9s  (11/150)
  [w0]  #13   1-0     Treasure checkmated or captured     243 plies   10.2s  (12/150)
  [w1]  #14   0-1     Party extinct                       232 plies    9.8s  (13/150)
  [w3]  #12   *       ply cap (400)                       400 plies   16.8s  (14/150)
  [w0]  #17   1-0     Treasure checkmated or captured     319 plies   13.4s  (15/150)
  [w3]  #16   1-0     Treasure checkmated or captured     243 plies   10.2s  (16/150)
  [w2]  #15   *       ply cap (400)                       400 plies   16.8s  (17/150)
  [w1]  #18   *       ply cap (400)                       400 plies   16.8s  (18/150)
  [w1]  #22   0-1     Party extinct                       242 plies   10.2s  (19/150)
  [w0]  #21   *       ply cap (400)                       400 plies   16.8s  (20/150)
  [w3]  #20   *       ply cap (400)                       400 plies   16.8s  (21/150)
  [w2]  #19   *       ply cap (400)                       400 plies   16.8s  (22/150)
  [w1]  #26   *       ply cap (400)                       400 plies   16.8s  (23/150)
  [w0]  #25   *       ply cap (400)                       400 plies   16.8s  (24/150)
  [w3]  #24   *       ply cap (400)                       400 plies   16.8s  (25/150)
  [w0]  #29   1-0     Treasure checkmated or captured      57 plies    2.4s  (26/150)
  [w2]  #23   *       ply cap (400)                       400 plies   16.8s  (27/150)
  [w3]  #28   1-0     Treasure checkmated or captured     115 plies    4.9s  (28/150)
  [w1]  #30   1-0     Treasure checkmated or captured     175 plies    7.4s  (29/150)
  [w2]  #27   1-0     Treasure checkmated or captured     131 plies    5.5s  (30/150)
  [w0]  #33   *       ply cap (400)                       400 plies   16.8s  (31/150)
  [w3]  #32   0-1     Party extinct                       390 plies   16.4s  (32/150)
  [w1]  #34   *       ply cap (400)                       400 plies   16.8s  (33/150)
  [w2]  #31   *       ply cap (400)                       400 plies   16.8s  (34/150)
  [w0]  #37   1-0     Treasure checkmated or captured     197 plies    8.3s  (35/150)
  [w2]  #35   1-0     Treasure checkmated or captured      87 plies    3.7s  (36/150)
  [w1]  #38   1-0     Treasure checkmated or captured     149 plies    6.3s  (37/150)
  [w3]  #36   1-0     Treasure checkmated or captured     243 plies   10.2s  (38/150)
  [w0]  #41   1-0     Treasure checkmated or captured     189 plies    8.0s  (39/150)
  [w2]  #39   1-0     Treasure checkmated or captured     247 plies   10.4s  (40/150)
  [w2]  #43   0-1     Party has no legal response         128 plies    5.4s  (41/150)
  [w1]  #42   *       ply cap (400)                       400 plies   16.8s  (42/150)
  [w3]  #40   1-0     Treasure checkmated or captured     381 plies   16.1s  (43/150)
  [w2]  #47   1-0     Treasure checkmated or captured      89 plies    3.8s  (44/150)
  [w0]  #45   1-0     Treasure checkmated or captured     325 plies   13.7s  (45/150)
  [w3]  #44   1-0     Treasure checkmated or captured     187 plies    7.9s  (46/150)
  [w3]  #48   1-0     Treasure checkmated or captured      81 plies    3.4s  (47/150)
  [w0]  #49   1-0     Treasure checkmated or captured     269 plies   11.3s  (48/150)
  [w1]  #46   *       ply cap (400)                       400 plies   16.8s  (49/150)
  [w2]  #51   *       ply cap (400)                       400 plies   16.8s  (50/150)
  [w1]  #50   1-0     Treasure checkmated or captured      69 plies    2.9s  (51/150)
  [w3]  #52   *       ply cap (400)                       400 plies   16.8s  (52/150)
  [w0]  #53   0-1     Party extinct                       396 plies   16.7s  (53/150)
  [w2]  #55   *       ply cap (400)                       400 plies   16.8s  (54/150)
  [w1]  #54   *       ply cap (400)                       400 plies   16.8s  (55/150)
  [w0]  #57   1-0     Treasure checkmated or captured     265 plies   11.2s  (56/150)
  [w2]  #59   1-0     Treasure checkmated or captured     231 plies    9.7s  (57/150)
  [w3]  #56   *       ply cap (400)                       400 plies   16.8s  (58/150)
  [w1]  #58   1-0     Treasure checkmated or captured     277 plies   11.7s  (59/150)
  [w1]  #62   1-0     Treasure checkmated or captured     131 plies    5.5s  (60/150)
  [w3]  #60   1-0     Treasure checkmated or captured     285 plies   12.0s  (61/150)
  [w0]  #61   *       ply cap (400)                       400 plies   16.8s  (62/150)
  [w2]  #63   *       ply cap (400)                       400 plies   16.8s  (63/150)
  [w1]  #66   *       ply cap (400)                       400 plies   16.8s  (64/150)
  [w3]  #64   1-0     Treasure checkmated or captured     393 plies   16.5s  (65/150)
  [w0]  #65   *       ply cap (400)                       400 plies   16.8s  (66/150)
  [w2]  #67   *       ply cap (400)                       400 plies   16.8s  (67/150)
  [w3]  #68   0-1     Party extinct                       138 plies    5.8s  (68/150)
  [w3]  #72   0-1     Party extinct                       120 plies    5.1s  (69/150)
  [w1]  #70   *       ply cap (400)                       400 plies   16.8s  (70/150)
  [w0]  #69   0-1     Party extinct                       334 plies   14.0s  (71/150)
  [w2]  #71   *       ply cap (400)                       400 plies   16.8s  (72/150)
  [w3]  #76   *       ply cap (400)                       400 plies   17.0s  (73/150)
  [w2]  #75   1-0     Treasure checkmated or captured     167 plies    7.2s  (74/150)
  [w1]  #74   *       ply cap (400)                       400 plies   17.0s  (75/150)
  [w0]  #73   *       ply cap (400)                       400 plies   17.0s  (76/150)
  [w0]  #77   0-1     Party extinct                       168 plies    7.1s  (77/150)
  [w3]  #80   *       ply cap (400)                       400 plies   16.8s  (78/150)
  [w2]  #79   *       ply cap (400)                       400 plies   16.8s  (79/150)
  [w1]  #78   0-1     Party extinct                       376 plies   15.8s  (80/150)
  [w0]  #81   *       ply cap (400)                       400 plies   16.8s  (81/150)
  [w0]  #85   1-0     Treasure checkmated or captured       1 plies    0.1s  (82/150)
  [w0]  #89   1-0     Treasure checkmated or captured      67 plies    2.8s  (83/150)
  [w2]  #83   1-0     Treasure checkmated or captured     329 plies   13.9s  (84/150)
  [w3]  #84   *       ply cap (400)                       400 plies   16.8s  (85/150)
  [w2]  #87   1-0     Treasure checkmated or captured      67 plies    2.8s  (86/150)
  [w1]  #82   *       ply cap (400)                       400 plies   16.8s  (87/150)
  [w0]  #93   1-0     Treasure checkmated or captured      75 plies    3.2s  (88/150)
  [w1]  #86   1-0     Treasure checkmated or captured      81 plies    3.4s  (89/150)
  [w0]  #97   1-0     Treasure checkmated or captured     287 plies   12.1s  (90/150)
  [w1]  #90   1-0     Treasure checkmated or captured     237 plies   10.0s  (91/150)
  [w2]  #91   0-1     Party extinct                       358 plies   15.0s  (92/150)
  [w3]  #88   *       ply cap (400)                       400 plies   16.8s  (93/150)
  [w3]  #92   1-0     Treasure checkmated or captured      41 plies    1.8s  (94/150)
  [w0]  #101  0-1     Party extinct                       382 plies   16.1s  (95/150)
  [w1]  #94   *       ply cap (400)                       400 plies   16.8s  (96/150)
  [w2]  #95   1-0     Treasure checkmated or captured     367 plies   15.5s  (97/150)
  [w3]  #96   *       ply cap (400)                       400 plies   16.8s  (98/150)
  [w2]  #99   0-1     Party extinct                       194 plies    8.2s  (100/150)
  [w1]  #98   0-1     Party extinct                       198 plies    8.3s  (99/150)
  [w1]  #102  1-0     Treasure checkmated or captured       1 plies    0.1s  (101/150)
  [w0]  #105  *       ply cap (400)                       400 plies   16.8s  (102/150)
  [w1]  #106  0-1     Party extinct                       276 plies   11.6s  (103/150)
  [w3]  #100  *       ply cap (400)                       400 plies   16.8s  (104/150)
  [w0]  #109  1-0     Treasure checkmated or captured     207 plies    8.7s  (105/150)
  [w2]  #103  *       ply cap (400)                       400 plies   16.8s  (106/150)
  [w1]  #110  1-0     Treasure checkmated or captured     163 plies    6.9s  (107/150)
  [w0]  #113  0-1     Party extinct                       116 plies    4.9s  (108/150)
  [w3]  #104  1-0     Treasure checkmated or captured     189 plies    8.0s  (109/150)
  [w2]  #107  *       ply cap (400)                       400 plies   16.9s  (110/150)
  [w1]  #114  *       ply cap (400)                       400 plies   16.8s  (111/150)
  [w0]  #117  *       ply cap (400)                       400 plies   16.9s  (112/150)
  [w3]  #108  *       ply cap (400)                       400 plies   16.9s  (113/150)
  [w0]  #121  1-0     Treasure checkmated or captured     237 plies   10.0s  (114/150)
  [w2]  #111  *       ply cap (400)                       400 plies   16.8s  (115/150)
  [w3]  #112  1-0     Treasure checkmated or captured     323 plies   13.6s  (116/150)
  [w0]  #125  1-0     Treasure checkmated or captured     121 plies    5.1s  (117/150)
  [w1]  #118  *       ply cap (400)                       400 plies   16.8s  (118/150)
  [w0]  #129  1-0     Treasure checkmated or captured     171 plies    7.2s  (119/150)
  [w1]  #122  1-0     Treasure checkmated or captured     291 plies   12.3s  (120/150)
  [w3]  #116  0-1     Party extinct                       324 plies   13.7s  (121/150)
  [w2]  #115  *       ply cap (400)                       400 plies   16.8s  (122/150)
  [w0]  #133  1-0     Treasure checkmated or captured     309 plies   13.0s  (123/150)
  [w1]  #126  1-0     Treasure checkmated or captured     231 plies    9.7s  (124/150)
  [w2]  #119  1-0     Treasure checkmated or captured     193 plies    8.1s  (125/150)
  [w3]  #120  1-0     Treasure checkmated or captured     319 plies   13.4s  (126/150)
  [w2]  #123  1-0     Treasure checkmated or captured     141 plies    5.9s  (127/150)
  [w0]  #137  1-0     Treasure checkmated or captured     383 plies   16.1s  (128/150)
  [w3]  #124  1-0     Treasure checkmated or captured     255 plies   10.7s  (129/150)
  [w1]  #130  0-1     Party extinct                       384 plies   16.2s  (130/150)
  [w1]  #134  1-0     Treasure checkmated or captured      57 plies    2.4s  (131/150)
  [w2]  #127  *       ply cap (400)                       400 plies   16.8s  (132/150)
  [w0]  #141  *       ply cap (400)                       400 plies   16.8s  (133/150)
  [w3]  #128  *       ply cap (400)                       400 plies   16.8s  (134/150)
  [w1]  #138  *       ply cap (400)                       400 plies   16.8s  (135/150)
  [w1]  #142  0-1     Party extinct                       120 plies    5.1s  (136/150)
  [w2]  #131  *       ply cap (400)                       400 plies   16.8s  (137/150)
  [w0]  #145  0-1     Party extinct                       322 plies   13.6s  (138/150)
  [w1]  #146  0-1     Party has no legal response         140 plies    5.9s  (139/150)
  [w3]  #132  *       ply cap (400)                       400 plies   16.8s  (140/150)
  [w1]  #150  1-0     Treasure checkmated or captured     175 plies    7.4s  (141/150)
  [w2]  #135  0-1     Party extinct                       336 plies   14.2s  (142/150)
  [w0]  #149  *       ply cap (400)                       400 plies   16.8s  (143/150)
  [w3]  #136  0-1     Party extinct                       320 plies   13.5s  (144/150)
  [w2]  #139  *       ply cap (400)                       400 plies   16.8s  (145/150)
  [w3]  #140  *       ply cap (400)                       400 plies   16.8s  (146/150)
  [w2]  #143  *       ply cap (400)                       400 plies   16.8s  (147/150)
  [w2]  #147  0-1     Party extinct                       176 plies    7.4s  (148/150)
  [w3]  #144  *       ply cap (400)                       400 plies   16.9s  (149/150)
  [w3]  #148  1-0     Treasure checkmated or captured     185 plies    7.8s  (150/150)

========================================================
  Rule set    : v3-mc-bloodied
  Games       : 150
--------------------------------------------------------
  Party wins  :   57  ( 38.0%)
  Horde wins  :   26  ( 17.3%)
  Unfinished  :   67  ( 44.7%)
--------------------------------------------------------
  Decisive      :  55.3%
  Party(decisive):  68.7%   95% CI [ 58.1% ..  77.6%]
  Imbalance     :  37.3%   (0% = perfectly balanced decisive games)
  Median plies  : 198  (decisive games)

  COMPOSITE SCORE : 0.347   (1.0 = balanced & decisive)
========================================================
  total time : 494.6s  (3.30s / game, 4x)
  pgn        : reports/v3-overnight/match-v3-mc-bloodied.pgn

[3/7] rulesets/v3-mc-minion-fc.json
Match: rule-set 'v3-mc-minion-fc'  games=150  depth=6  openings=150x6plies  seed=20260423  parallel=4
  variants : /var/folders/gb/ns03xtr53539qh0kc35fzv8dxfq40g/T/yes-hybrid/variants-v3-mc-minion-fc-89986-3a6983f138d0485c996b9a878bc6171c.ini
  startFen : 4abtba3/2mubmbumm2/12/3*4*3/4**6/12/12/3XCLSD4 w - - 0 1
  openings : 150 distinct (requested 150)

  [w3]  #4    1-0     Treasure checkmated or captured     195 plies    8.2s  (1/150)
  [w0]  #1    0-1     Party extinct                       348 plies   14.7s  (2/150)
  [w2]  #3    0-1     Party extinct                       378 plies   15.9s  (3/150)
  [w1]  #2    *       ply cap (400)                       400 plies   16.8s  (4/150)
  [w1]  #6    1-0     Treasure checkmated or captured      97 plies    4.1s  (5/150)
  [w2]  #7    0-1     Party extinct                       156 plies    6.6s  (6/150)
  [w1]  #10   1-0     Treasure checkmated or captured      69 plies    2.9s  (7/150)
  [w3]  #8    *       ply cap (400)                       400 plies   16.8s  (8/150)
  [w0]  #5    0-1     Party extinct                       312 plies   13.1s  (9/150)
  [w3]  #12   0-1     Party extinct                       114 plies    4.8s  (10/150)
  [w0]  #9    1-0     Treasure checkmated or captured      65 plies    2.8s  (11/150)
  [w2]  #11   *       ply cap (400)                       400 plies   16.8s  (12/150)
  [w1]  #14   *       ply cap (400)                       400 plies   16.8s  (13/150)
  [w0]  #13   1-0     Treasure checkmated or captured     275 plies   11.6s  (14/150)
  [w3]  #16   0-1     Party extinct                       344 plies   14.5s  (15/150)
  [w2]  #15   1-0     Treasure checkmated or captured     121 plies    5.1s  (16/150)
  [w1]  #18   0-1     Party extinct                       166 plies    7.0s  (17/150)
  [w0]  #17   *       ply cap (400)                       400 plies   16.8s  (18/150)
  [w3]  #20   *       ply cap (400)                       400 plies   16.8s  (19/150)
  [w2]  #19   *       ply cap (400)                       400 plies   16.8s  (20/150)
  [w2]  #23   0-1     Party extinct                        50 plies    2.1s  (21/150)
  [w1]  #22   *       ply cap (400)                       400 plies   16.8s  (22/150)
  [w0]  #21   1-0     Treasure checkmated or captured     187 plies    7.9s  (23/150)
  [w1]  #26   1-0     Treasure checkmated or captured      75 plies    3.2s  (24/150)
  [w3]  #24   0-1     Party extinct                       294 plies   12.4s  (25/150)
  [w0]  #25   1-0     Treasure checkmated or captured     259 plies   10.9s  (26/150)
  [w1]  #30   1-0     Treasure checkmated or captured     269 plies   11.3s  (27/150)
  [w2]  #27   *       ply cap (400)                       400 plies   16.8s  (28/150)
  [w1]  #34   1-0     Treasure checkmated or captured      63 plies    2.7s  (29/150)
  [w2]  #31   1-0     Treasure checkmated or captured     171 plies    7.2s  (30/150)
  [w3]  #28   *       ply cap (400)                       400 plies   16.8s  (31/150)
  [w1]  #38   1-0     Treasure checkmated or captured     227 plies    9.6s  (32/150)
  [w1]  #42   1-0     Treasure checkmated or captured      71 plies    3.0s  (33/150)
  [w0]  #29   *       ply cap (400)                       400 plies   16.8s  (34/150)
  [w0]  #33   1-0     Treasure checkmated or captured     111 plies    4.7s  (35/150)
  [w1]  #46   0-1     Party extinct                       144 plies    6.1s  (36/150)
  [w2]  #35   0-1     Party extinct                       356 plies   15.0s  (37/150)
  [w3]  #32   *       ply cap (400)                       400 plies   16.8s  (38/150)
  [w1]  #50   1-0     Treasure checkmated or captured     269 plies   11.3s  (39/150)
  [w0]  #37   *       ply cap (400)                       400 plies   16.8s  (40/150)
  [w2]  #39   *       ply cap (400)                       400 plies   16.8s  (41/150)
  [w3]  #36   *       ply cap (400)                       400 plies   16.8s  (42/150)
  [w1]  #54   *       ply cap (400)                       400 plies   16.8s  (43/150)
  [w0]  #41   0-1     Party extinct                       346 plies   14.6s  (44/150)
  [w2]  #43   *       ply cap (400)                       400 plies   16.8s  (45/150)
  [w1]  #58   1-0     Treasure checkmated or captured     257 plies   10.8s  (46/150)
  [w3]  #40   *       ply cap (400)                       400 plies   16.8s  (47/150)
  [w1]  #62   0-1     Party extinct                       138 plies    5.8s  (48/150)
  [w3]  #44   1-0     Treasure checkmated or captured     157 plies    6.6s  (49/150)
  [w0]  #45   *       ply cap (400)                       400 plies   16.8s  (50/150)
  [w2]  #47   *       ply cap (400)                       400 plies   16.8s  (51/150)
  [w2]  #51   0-1     Party extinct                        78 plies    3.3s  (52/150)
  [w0]  #49   0-1     Party extinct                       236 plies    9.9s  (53/150)
  [w1]  #66   1-0     Treasure checkmated or captured     325 plies   13.7s  (54/150)
  [w3]  #48   0-1     Party extinct                       334 plies   14.1s  (55/150)
  [w0]  #53   1-0     Treasure checkmated or captured     195 plies    8.2s  (56/150)
  [w3]  #52   1-0     Treasure checkmated or captured     255 plies   10.7s  (57/150)
  [w1]  #70   0-1     Party extinct                       330 plies   13.9s  (58/150)
  [w2]  #55   *       ply cap (400)                       400 plies   16.8s  (59/150)
  [w1]  #74   1-0     Treasure checkmated or captured     139 plies    5.9s  (60/150)
  [w0]  #57   *       ply cap (400)                       400 plies   16.8s  (61/150)
  [w3]  #56   *       ply cap (400)                       400 plies   16.8s  (62/150)
  [w2]  #59   *       ply cap (400)                       400 plies   16.8s  (63/150)
  [w0]  #61   1-0     Treasure checkmated or captured     213 plies    9.0s  (64/150)
  [w1]  #78   *       ply cap (400)                       400 plies   16.8s  (65/150)
  [w0]  #65   0-1     Party extinct                       184 plies    7.8s  (66/150)
  [w1]  #82   1-0     Treasure checkmated or captured     247 plies   10.4s  (67/150)
  [w3]  #60   *       ply cap (400)                       400 plies   16.8s  (68/150)
  [w2]  #63   *       ply cap (400)                       400 plies   16.8s  (69/150)
  [w3]  #64   1-0     Treasure checkmated or captured     117 plies    4.9s  (70/150)
  [w0]  #69   *       ply cap (400)                       400 plies   16.8s  (71/150)
  [w0]  #73   1-0     Treasure checkmated or captured      89 plies    3.8s  (72/150)
  [w1]  #86   0-1     Party extinct                       398 plies   16.7s  (73/150)
  [w2]  #67   *       ply cap (400)                       400 plies   16.8s  (74/150)
  [w0]  #77   1-0     Treasure checkmated or captured     185 plies    7.8s  (75/150)
  [w3]  #68   *       ply cap (400)                       400 plies   16.8s  (76/150)
  [w2]  #71   0-1     Party extinct                       148 plies    6.2s  (77/150)
  [w3]  #72   1-0     Treasure checkmated or captured     131 plies    5.5s  (78/150)
  [w3]  #76   1-0     Treasure checkmated or captured      45 plies    1.9s  (79/150)
  [w1]  #90   0-1     Party extinct                       364 plies   15.3s  (80/150)
  [w2]  #75   1-0     Treasure checkmated or captured     285 plies   12.0s  (81/150)
  [w0]  #81   *       ply cap (400)                       400 plies   16.8s  (82/150)
  [w0]  #85   1-0     Treasure checkmated or captured       1 plies    0.1s  (83/150)
  [w1]  #94   0-1     Party extinct                       232 plies    9.8s  (84/150)
  [w2]  #79   0-1     Party extinct                       156 plies    6.6s  (85/150)
  [w3]  #80   *       ply cap (400)                       400 plies   16.8s  (86/150)
  [w1]  #98   0-1     Party extinct                       316 plies   13.3s  (87/150)
  [w1]  #102  1-0     Treasure checkmated or captured       1 plies    0.1s  (88/150)
  [w0]  #89   *       ply cap (400)                       400 plies   16.8s  (89/150)
  [w2]  #83   *       ply cap (400)                       400 plies   16.8s  (90/150)
  [w3]  #84   *       ply cap (400)                       400 plies   16.8s  (91/150)
  [w2]  #87   1-0     Treasure checkmated or captured     145 plies    6.1s  (92/150)
  [w1]  #106  *       ply cap (400)                       400 plies   16.8s  (93/150)
  [w0]  #93   *       ply cap (400)                       400 plies   16.8s  (94/150)
  [w3]  #88   *       ply cap (400)                       400 plies   16.8s  (95/150)
  [w2]  #91   *       ply cap (400)                       400 plies   16.8s  (96/150)
  [w0]  #97   0-1     Party extinct                       244 plies   10.3s  (97/150)
  [w2]  #95   1-0     Treasure checkmated or captured      81 plies    3.4s  (98/150)
  [w1]  #110  *       ply cap (400)                       400 plies   16.8s  (99/150)
  [w2]  #99   0-1     Party extinct                       180 plies    7.6s  (101/150)
  [w1]  #114  0-1     Party extinct                       104 plies    4.4s  (100/150)
  [w3]  #92   *       ply cap (400)                       400 plies   16.9s  (102/150)
  [w1]  #118  0-1     Party extinct                       104 plies    4.4s  (103/150)
  [w2]  #103  1-0     Treasure checkmated or captured     133 plies    5.6s  (104/150)
  [w0]  #101  *       ply cap (400)                       400 plies   16.9s  (105/150)
  [w3]  #96   1-0     Treasure checkmated or captured     155 plies    6.5s  (106/150)
  [w2]  #107  0-1     Party extinct                       220 plies    9.3s  (107/150)
  [w0]  #105  0-1     Party extinct                       208 plies    8.8s  (108/150)
  [w3]  #100  1-0     Treasure checkmated or captured     155 plies    6.6s  (109/150)
  [w0]  #109  1-0     Treasure checkmated or captured     147 plies    6.2s  (110/150)
  [w1]  #122  *       ply cap (400)                       400 plies   16.8s  (111/150)
  [w0]  #113  1-0     Treasure checkmated or captured     139 plies    5.9s  (112/150)
  [w2]  #111  1-0     Treasure checkmated or captured     365 plies   15.4s  (113/150)
  [w3]  #104  *       ply cap (400)                       400 plies   16.8s  (114/150)
  [w0]  #117  0-1     Party extinct                       154 plies    6.5s  (115/150)
  [w1]  #126  *       ply cap (400)                       400 plies   16.8s  (116/150)
  [w2]  #115  1-0     Treasure checkmated or captured     225 plies    9.5s  (117/150)
  [w3]  #108  0-1     Party extinct                       280 plies   11.8s  (118/150)
  [w2]  #119  1-0     Treasure checkmated or captured     155 plies    6.5s  (119/150)
  [w1]  #130  1-0     Treasure checkmated or captured     213 plies    9.0s  (120/150)
  [w3]  #112  0-1     Party has no legal response          48 plies    2.0s  (121/150)
  [w0]  #121  *       ply cap (400)                       400 plies   16.8s  (122/150)
  [w0]  #125  1-0     Treasure checkmated or captured     139 plies    5.9s  (123/150)
  [w2]  #123  *       ply cap (400)                       400 plies   16.8s  (124/150)
  [w1]  #134  *       ply cap (400)                       400 plies   16.8s  (125/150)
  [w3]  #116  *       ply cap (400)                       400 plies   16.8s  (126/150)
  [w0]  #129  *       ply cap (400)                       400 plies   16.8s  (127/150)
  [w1]  #138  0-1     Party extinct                       256 plies   10.8s  (128/150)
  [w2]  #127  *       ply cap (400)                       400 plies   16.8s  (129/150)
  [w3]  #120  *       ply cap (400)                       400 plies   16.8s  (130/150)
  [w1]  #142  0-1     Party extinct                       156 plies    6.6s  (131/150)
  [w0]  #133  0-1     Party extinct                       396 plies   16.7s  (132/150)
  [w3]  #124  0-1     Party extinct                       258 plies   10.9s  (133/150)
  [w1]  #146  1-0     Treasure checkmated or captured     247 plies   10.4s  (134/150)
  [w2]  #131  *       ply cap (400)                       400 plies   16.8s  (135/150)
  [w2]  #135  1-0     Treasure checkmated or captured      67 plies    2.8s  (136/150)
  [w2]  #139  1-0     Treasure checkmated or captured     129 plies    5.5s  (137/150)
  [w0]  #137  *       ply cap (400)                       400 plies   16.8s  (138/150)
  [w3]  #128  *       ply cap (400)                       400 plies   16.9s  (139/150)
  [w1]  #150  *       ply cap (400)                       400 plies   16.8s  (140/150)
  [w2]  #143  1-0     Treasure checkmated or captured     343 plies   14.5s  (141/150)
  [w3]  #132  1-0     Treasure checkmated or captured     301 plies   12.7s  (142/150)
  [w0]  #141  0-1     Party extinct                       396 plies   16.7s  (143/150)
  [w3]  #136  0-1     Party extinct                       212 plies    8.9s  (144/150)
  [w0]  #145  0-1     Party extinct                       228 plies    9.6s  (145/150)
  [w0]  #149  1-0     Treasure checkmated or captured      75 plies    3.2s  (146/150)
  [w2]  #147  *       ply cap (400)                       400 plies   16.8s  (147/150)
  [w3]  #140  0-1     Party extinct                       206 plies    8.7s  (148/150)
  [w3]  #144  *       ply cap (400)                       400 plies   16.8s  (149/150)
  [w3]  #148  0-1     Party extinct                       312 plies   13.2s  (150/150)

========================================================
  Rule set    : v3-mc-minion-fc
  Games       : 150
--------------------------------------------------------
  Party wins  :   50  ( 33.3%)
  Horde wins  :   42  ( 28.0%)
  Unfinished  :   58  ( 38.7%)
--------------------------------------------------------
  Decisive      :  61.3%
  Party(decisive):  54.3%   95% CI [ 44.2% ..  64.1%]
  Imbalance     :   8.7%   (0% = perfectly balanced decisive games)
  Median plies  : 187  (decisive games)

  COMPOSITE SCORE : 0.560   (1.0 = balanced & decisive)
========================================================
  total time : 468.4s  (3.12s / game, 4x)
  pgn        : reports/v3-overnight/match-v3-mc-minion-fc.pgn

[4/7] rulesets/v3-mc-shallow-flag.json
Match: rule-set 'v3-mc-shallow-flag'  games=150  depth=6  openings=150x6plies  seed=20260423  parallel=4
  variants : /var/folders/gb/ns03xtr53539qh0kc35fzv8dxfq40g/T/yes-hybrid/variants-v3-mc-shallow-flag-89986-2e59f5e8b0604d37b45408b1db3051a7.ini
  startFen : 4abmba3/2mubmbumm2/12/3*4*3/4**6/12/12/3XCLSD4 w - - 0 1
  openings : 150 distinct (requested 150)

  [w0]  #1    *       ply cap (400)                       400 plies   16.9s  (1/150)
  [w3]  #4    *       ply cap (400)                       400 plies   16.9s  (2/150)
  [w2]  #3    *       ply cap (400)                       400 plies   16.9s  (3/150)
  [w1]  #2    *       ply cap (400)                       400 plies   16.9s  (4/150)
  [w0]  #5    1-0     Flag reached or Horde stalemated     35 plies    1.5s  (5/150)
  [w3]  #8    *       ply cap (400)                       400 plies   16.8s  (6/150)
  [w2]  #7    *       ply cap (400)                       400 plies   16.8s  (7/150)
  [w1]  #6    *       ply cap (400)                       400 plies   16.8s  (8/150)
  [w0]  #9    *       ply cap (400)                       400 plies   16.8s  (9/150)
  [w3]  #12   *       ply cap (400)                       400 plies   16.8s  (10/150)
  [w2]  #11   *       ply cap (400)                       400 plies   16.8s  (11/150)
  [w1]  #10   *       ply cap (400)                       400 plies   16.9s  (12/150)
  [w0]  #13   *       ply cap (400)                       400 plies   16.9s  (13/150)
  [w3]  #16   *       ply cap (400)                       400 plies   16.8s  (14/150)
  [w2]  #15   *       ply cap (400)                       400 plies   16.8s  (15/150)
  [w1]  #14   *       ply cap (400)                       400 plies   16.8s  (16/150)
  [w0]  #17   *       ply cap (400)                       400 plies   16.8s  (17/150)
  [w0]  #21   0-1     Party extinct                        84 plies    3.5s  (18/150)
  [w0]  #25   0-1     Party extinct                        74 plies    3.1s  (19/150)
  [w0]  #29   0-1     Party extinct                       146 plies    6.2s  (20/150)
  [w3]  #20   *       ply cap (400)                       400 plies   16.8s  (21/150)
  [w2]  #19   *       ply cap (400)                       400 plies   16.8s  (22/150)
  [w1]  #18   *       ply cap (400)                       400 plies   16.8s  (23/150)
  [w3]  #24   0-1     Party extinct                       284 plies   11.9s  (24/150)
  [w3]  #28   1-0     Flag reached or Horde stalemated     43 plies    1.8s  (25/150)
  [w0]  #33   *       ply cap (400)                       400 plies   16.8s  (26/150)
  [w2]  #23   *       ply cap (400)                       400 plies   16.8s  (27/150)
  [w1]  #22   *       ply cap (400)                       400 plies   16.8s  (28/150)
  [w0]  #37   0-1     Party extinct                        98 plies    4.1s  (29/150)
  [w1]  #26   0-1     Party extinct                       150 plies    6.3s  (30/150)
  [w2]  #27   0-1     Party extinct                       152 plies    6.4s  (31/150)
  [w0]  #41   0-1     Party extinct                       170 plies    7.2s  (32/150)
  [w3]  #32   *       ply cap (400)                       400 plies   16.8s  (33/150)
  [w1]  #30   *       ply cap (400)                       400 plies   16.8s  (34/150)
  [w2]  #31   *       ply cap (400)                       400 plies   16.9s  (35/150)
  [w0]  #45   *       ply cap (400)                       400 plies   16.8s  (36/150)
  [w1]  #34   0-1     Party extinct                       138 plies    5.8s  (37/150)
  [w0]  #49   0-1     Party extinct                        82 plies    3.5s  (38/150)
  [w2]  #35   0-1     Party extinct                       144 plies    6.1s  (39/150)
  [w3]  #36   *       ply cap (400)                       400 plies   16.8s  (40/150)
  [w3]  #40   1-0     Flag reached or Horde stalemated     15 plies    0.7s  (41/150)
  [w3]  #44   1-0     Flag reached or Horde stalemated     71 plies    3.0s  (42/150)
  [w1]  #38   *       ply cap (400)                       400 plies   16.9s  (43/150)
  [w0]  #53   *       ply cap (400)                       400 plies   16.9s  (44/150)
  [w2]  #39   *       ply cap (400)                       400 plies   16.9s  (45/150)
  [w0]  #57   1-0     Flag reached or Horde stalemated      7 plies    0.3s  (46/150)
  [w0]  #61   1-0     Flag reached or Horde stalemated     15 plies    0.7s  (47/150)
  [w3]  #48   *       ply cap (400)                       400 plies   16.9s  (48/150)
  [w3]  #52   0-1     Party extinct                       220 plies    9.3s  (49/150)
  [w1]  #42   *       ply cap (400)                       400 plies   16.8s  (50/150)
  [w2]  #43   *       ply cap (400)                       400 plies   16.8s  (51/150)
  [w0]  #65   *       ply cap (400)                       400 plies   16.8s  (52/150)
  [w3]  #56   0-1     Party extinct                       130 plies    5.5s  (53/150)
  [w2]  #47   0-1     Party extinct                       182 plies    7.7s  (54/150)
  [w1]  #46   *       ply cap (400)                       400 plies   16.8s  (55/150)
  [w0]  #69   *       ply cap (400)                       400 plies   16.8s  (56/150)
  [w3]  #60   *       ply cap (400)                       400 plies   16.8s  (57/150)
  [w3]  #64   1-0     Flag reached or Horde stalemated     11 plies    0.5s  (58/150)
  [w2]  #51   *       ply cap (400)                       400 plies   16.8s  (59/150)
  [w1]  #50   *       ply cap (400)                       400 plies   16.8s  (60/150)
  [w0]  #73   *       ply cap (400)                       400 plies   16.8s  (61/150)
  [w3]  #68   *       ply cap (400)                       400 plies   16.8s  (62/150)
  [w0]  #77   0-1     Party extinct                        88 plies    3.7s  (63/150)
  [w1]  #54   0-1     Party extinct                       138 plies    5.8s  (64/150)
  [w2]  #55   *       ply cap (400)                       400 plies   16.8s  (65/150)
  [w0]  #81   0-1     Party extinct                       282 plies   11.9s  (66/150)
  [w3]  #72   *       ply cap (400)                       400 plies   16.8s  (67/150)
  [w3]  #76   1-0     Flag reached or Horde stalemated     15 plies    0.7s  (68/150)
  [w1]  #58   *       ply cap (400)                       400 plies   16.8s  (69/150)
  [w2]  #59   *       ply cap (400)                       400 plies   16.8s  (70/150)
  [w2]  #63   1-0     Flag reached or Horde stalemated     51 plies    2.2s  (71/150)
  [w0]  #85   *       ply cap (400)                       400 plies   16.8s  (72/150)
  [w0]  #89   0-1     Party extinct                       100 plies    4.2s  (73/150)
  [w3]  #80   *       ply cap (400)                       400 plies   16.8s  (74/150)
  [w1]  #62   *       ply cap (400)                       400 plies   16.8s  (75/150)
  [w2]  #67   *       ply cap (400)                       400 plies   16.8s  (76/150)
  [w2]  #71   0-1     Party extinct                       174 plies    7.3s  (77/150)
  [w0]  #93   *       ply cap (400)                       400 plies   16.8s  (78/150)
  [w3]  #84   *       ply cap (400)                       400 plies   16.8s  (79/150)
  [w1]  #66   *       ply cap (400)                       400 plies   16.8s  (80/150)
  [w0]  #97   0-1     Party extinct                        60 plies    2.5s  (81/150)
  [w2]  #75   *       ply cap (400)                       400 plies   16.8s  (82/150)
  [w3]  #88   *       ply cap (400)                       400 plies   16.8s  (83/150)
  [w1]  #70   *       ply cap (400)                       400 plies   16.8s  (84/150)
  [w1]  #74   1-0     Flag reached or Horde stalemated     13 plies    0.6s  (85/150)
  [w0]  #101  *       ply cap (400)                       400 plies   16.8s  (86/150)
  [w3]  #92   0-1     Party extinct                        72 plies    3.0s  (87/150)
  [w0]  #105  0-1     Party extinct                        90 plies    3.8s  (88/150)
  [w2]  #79   *       ply cap (400)                       400 plies   16.8s  (89/150)
  [w2]  #83   0-1     Party extinct                       120 plies    5.1s  (90/150)
  [w1]  #78   *       ply cap (400)                       400 plies   16.8s  (91/150)
  [w3]  #96   *       ply cap (400)                       400 plies   16.8s  (92/150)
  [w0]  #109  *       ply cap (400)                       400 plies   16.8s  (93/150)
  [w0]  #113  0-1     Party extinct                       136 plies    5.8s  (94/150)
  [w0]  #117  0-1     Party extinct                        64 plies    2.7s  (95/150)
  [w2]  #87   *       ply cap (400)                       400 plies   16.8s  (96/150)
  [w1]  #82   *       ply cap (400)                       400 plies   16.8s  (97/150)
  [w3]  #100  *       ply cap (400)                       400 plies   16.8s  (98/150)
  [w3]  #104  1-0     Flag reached or Horde stalemated     15 plies    0.7s  (99/150)
  [w1]  #86   0-1     Party extinct                       178 plies    7.5s  (100/150)
  [w0]  #121  *       ply cap (400)                       400 plies   16.8s  (101/150)
  [w2]  #91   *       ply cap (400)                       400 plies   16.8s  (102/150)
  [w3]  #108  *       ply cap (400)                       400 plies   16.8s  (103/150)
  [w2]  #95   0-1     Party extinct                        98 plies    4.1s  (104/150)
  [w2]  #99   0-1     Party extinct                        66 plies    2.8s  (105/150)
  [w2]  #103  1-0     Flag reached or Horde stalemated      9 plies    0.4s  (106/150)
  [w2]  #107  1-0     Flag reached or Horde stalemated     13 plies    0.6s  (107/150)
  [w1]  #90   *       ply cap (400)                       400 plies   16.8s  (108/150)
  [w1]  #94   0-1     Party extinct                        64 plies    2.7s  (109/150)
  [w0]  #125  *       ply cap (400)                       400 plies   16.8s  (110/150)
  [w3]  #112  *       ply cap (400)                       400 plies   16.8s  (111/150)
  [w3]  #116  0-1     Party extinct                       126 plies    5.3s  (112/150)
  [w2]  #111  *       ply cap (400)                       400 plies   16.8s  (113/150)
  [w3]  #120  0-1     Party extinct                        72 plies    3.0s  (114/150)
  [w1]  #98   *       ply cap (400)                       400 plies   16.8s  (115/150)
  [w0]  #129  *       ply cap (400)                       400 plies   16.8s  (116/150)
  [w2]  #115  *       ply cap (400)                       400 plies   16.8s  (117/150)
  [w3]  #124  *       ply cap (400)                       400 plies   16.8s  (118/150)
  [w1]  #102  *       ply cap (400)                       400 plies   16.8s  (119/150)
  [w0]  #133  *       ply cap (400)                       400 plies   16.8s  (120/150)
  [w2]  #119  *       ply cap (400)                       400 plies   16.8s  (121/150)
  [w1]  #106  0-1     Party extinct                       368 plies   15.5s  (122/150)
  [w3]  #128  *       ply cap (400)                       400 plies   16.8s  (123/150)
  [w0]  #137  *       ply cap (400)                       400 plies   16.8s  (124/150)
  [w2]  #123  *       ply cap (400)                       400 plies   16.8s  (125/150)
  [w1]  #110  *       ply cap (400)                       400 plies   16.8s  (126/150)
  [w3]  #132  *       ply cap (400)                       400 plies   16.8s  (127/150)
  [w0]  #141  *       ply cap (400)                       400 plies   16.8s  (128/150)
  [w3]  #136  0-1     Party extinct                        66 plies    2.8s  (129/150)
  [w3]  #140  1-0     Flag reached or Horde stalemated      9 plies    0.4s  (130/150)
  [w2]  #127  *       ply cap (400)                       400 plies   16.8s  (131/150)
  [w1]  #114  *       ply cap (400)                       400 plies   16.8s  (132/150)
  [w2]  #131  0-1     Party extinct                       110 plies    4.6s  (133/150)
  [w0]  #145  *       ply cap (400)                       400 plies   16.8s  (134/150)
  [w3]  #144  *       ply cap (400)                       400 plies   16.8s  (135/150)
  [w3]  #148  1-0     Flag reached or Horde stalemated      9 plies    0.4s  (136/150)
  [w0]  #149  0-1     Party extinct                       120 plies    5.2s  (137/150)
  [w1]  #118  *       ply cap (400)                       400 plies   17.0s  (138/150)
  [w2]  #135  *       ply cap (400)                       400 plies   17.0s  (139/150)
  [w2]  #139  1-0     Flag reached or Horde stalemated     31 plies    1.3s  (140/150)
  [w2]  #143  0-1     Party extinct                        94 plies    4.0s  (141/150)
  [w1]  #122  *       ply cap (400)                       400 plies   16.8s  (142/150)
  [w2]  #147  *       ply cap (400)                       400 plies   16.8s  (143/150)
  [w1]  #126  *       ply cap (400)                       400 plies   16.9s  (144/150)
  [w1]  #130  0-1     Party extinct                       224 plies    9.5s  (145/150)
  [w1]  #134  1-0     Flag reached or Horde stalemated     13 plies    0.6s  (146/150)
  [w1]  #138  0-1     Party extinct                       250 plies   10.5s  (147/150)
  [w1]  #142  0-1     Party extinct                       108 plies    4.6s  (148/150)
  [w1]  #146  *       ply cap (400)                       400 plies   16.8s  (149/150)
  [w1]  #150  *       ply cap (400)                       400 plies   16.8s  (150/150)

========================================================
  Rule set    : v3-mc-shallow-flag
  Games       : 150
--------------------------------------------------------
  Party wins  :   17  ( 11.3%)
  Horde wins  :   39  ( 26.0%)
  Unfinished  :   94  ( 62.7%)
--------------------------------------------------------
  Decisive      :  37.3%
  Party(decisive):  30.4%   95% CI [ 19.9% ..  43.3%]
  Imbalance     :  39.3%   (0% = perfectly balanced decisive games)
  Median plies  : 90  (decisive games)

  COMPOSITE SCORE : 0.227   (1.0 = balanced & decisive)
========================================================
  total time : 524.6s  (3.50s / game, 4x)
  pgn        : reports/v3-overnight/match-v3-mc-shallow-flag.pgn

[5/7] rulesets/v3-mc-anyflag.json
Match: rule-set 'v3-mc-anyflag'  games=150  depth=6  openings=150x6plies  seed=20260423  parallel=4
  variants : /var/folders/gb/ns03xtr53539qh0kc35fzv8dxfq40g/T/yes-hybrid/variants-v3-mc-anyflag-89986-d1fd92d086be48d689f8e040d392b762.ini
  startFen : 4abmba3/2mubmbumm2/12/3*4*3/4**6/12/12/3XCLSD4 w - - 0 1
  openings : 150 distinct (requested 150)

  [w2]  #3    0-1     Party extinct                       260 plies   10.9s  (1/150)
  [w3]  #4    0-1     Party extinct                       360 plies   15.2s  (2/150)
  [w1]  #2    *       ply cap (400)                       400 plies   16.8s  (3/150)
  [w0]  #1    *       ply cap (400)                       400 plies   16.8s  (4/150)
  [w3]  #8    0-1     Party extinct                       140 plies    5.9s  (5/150)
  [w2]  #7    *       ply cap (400)                       400 plies   16.8s  (6/150)
  [w0]  #5    *       ply cap (400)                       400 plies   16.8s  (8/150)
  [w1]  #6    *       ply cap (400)                       400 plies   16.8s  (7/150)
  [w1]  #10   0-1     Party extinct                        76 plies    3.2s  (9/150)
  [w3]  #12   *       ply cap (400)                       400 plies   16.9s  (10/150)
  [w2]  #11   *       ply cap (400)                       400 plies   16.9s  (11/150)
  [w0]  #9    *       ply cap (400)                       400 plies   16.9s  (12/150)
  [w1]  #14   *       ply cap (400)                       400 plies   16.9s  (13/150)
  [w3]  #16   *       ply cap (400)                       400 plies   16.9s  (14/150)
  [w2]  #15   *       ply cap (400)                       400 plies   16.8s  (15/150)
  [w0]  #13   *       ply cap (400)                       400 plies   16.8s  (16/150)
  [w1]  #18   *       ply cap (400)                       400 plies   16.8s  (17/150)
  [w3]  #20   *       ply cap (400)                       400 plies   16.8s  (18/150)
  [w2]  #19   *       ply cap (400)                       400 plies   16.9s  (19/150)
  [w0]  #17   *       ply cap (400)                       400 plies   16.8s  (20/150)
  [w1]  #22   *       ply cap (400)                       400 plies   16.9s  (21/150)
  [w3]  #24   *       ply cap (400)                       400 plies   16.9s  (22/150)
  [w1]  #26   0-1     Party extinct                       104 plies    4.4s  (23/150)
  [w2]  #23   *       ply cap (400)                       400 plies   16.8s  (24/150)
  [w0]  #21   *       ply cap (400)                       400 plies   16.8s  (25/150)
  [w1]  #30   0-1     Party extinct                       250 plies   10.5s  (26/150)
  [w3]  #28   *       ply cap (400)                       400 plies   16.8s  (27/150)
  [w2]  #27   *       ply cap (400)                       400 plies   16.8s  (28/150)
  [w3]  #32   0-1     Party extinct                       290 plies   12.3s  (29/150)
  [w0]  #25   *       ply cap (400)                       400 plies   16.9s  (30/150)
  [w2]  #31   0-1     Party extinct                       156 plies    6.6s  (31/150)
  [w1]  #34   *       ply cap (400)                       400 plies   16.9s  (32/150)
  [w3]  #36   *       ply cap (400)                       400 plies   16.9s  (33/150)
  [w0]  #29   *       ply cap (400)                       400 plies   16.9s  (34/150)
  [w2]  #35   *       ply cap (400)                       400 plies   16.9s  (35/150)
  [w1]  #38   *       ply cap (400)                       400 plies   16.8s  (36/150)
  [w1]  #42   0-1     Party extinct                        96 plies    4.1s  (37/150)
  [w2]  #39   0-1     Party extinct                       200 plies    8.4s  (38/150)
  [w3]  #40   *       ply cap (400)                       400 plies   16.8s  (39/150)
  [w0]  #33   *       ply cap (400)                       400 plies   16.8s  (40/150)
  [w1]  #46   0-1     Party extinct                       304 plies   12.8s  (41/150)
  [w3]  #44   0-1     Party extinct                       110 plies    4.6s  (42/150)
  [w2]  #43   *       ply cap (400)                       400 plies   16.8s  (43/150)
  [w2]  #47   0-1     Party extinct                       176 plies    7.4s  (44/150)
  [w0]  #37   *       ply cap (400)                       400 plies   16.8s  (45/150)
  [w1]  #50   *       ply cap (400)                       400 plies   16.8s  (46/150)
  [w3]  #48   *       ply cap (400)                       400 plies   16.8s  (47/150)
  [w2]  #51   *       ply cap (400)                       400 plies   16.8s  (48/150)
  [w0]  #41   *       ply cap (400)                       400 plies   16.8s  (49/150)
  [w1]  #54   *       ply cap (400)                       400 plies   16.8s  (50/150)
  [w3]  #52   *       ply cap (400)                       400 plies   16.8s  (51/150)
  [w2]  #55   *       ply cap (400)                       400 plies   16.8s  (52/150)
  [w0]  #45   *       ply cap (400)                       400 plies   16.8s  (53/150)
  [w1]  #58   *       ply cap (400)                       400 plies   16.8s  (54/150)
  [w3]  #56   *       ply cap (400)                       400 plies   16.8s  (55/150)
  [w2]  #59   *       ply cap (400)                       400 plies   16.8s  (56/150)
  [w0]  #49   *       ply cap (400)                       400 plies   16.8s  (57/150)
  [w1]  #62   *       ply cap (400)                       400 plies   16.8s  (58/150)
  [w3]  #60   *       ply cap (400)                       400 plies   16.8s  (59/150)
  [w2]  #63   *       ply cap (400)                       400 plies   16.8s  (60/150)
  [w0]  #53   *       ply cap (400)                       400 plies   16.8s  (61/150)
  [w3]  #64   0-1     Party extinct                       304 plies   12.8s  (62/150)
  [w1]  #66   *       ply cap (400)                       400 plies   16.8s  (63/150)
  [w2]  #67   *       ply cap (400)                       400 plies   16.8s  (64/150)
  [w0]  #57   *       ply cap (400)                       400 plies   16.8s  (65/150)
  [w3]  #68   *       ply cap (400)                       400 plies   16.8s  (66/150)
  [w1]  #70   *       ply cap (400)                       400 plies   16.8s  (67/150)
  [w1]  #74   0-1     Party extinct                       174 plies    7.3s  (68/150)
  [w2]  #71   *       ply cap (400)                       400 plies   16.8s  (69/150)
  [w0]  #61   *       ply cap (400)                       400 plies   16.8s  (70/150)
  [w3]  #72   *       ply cap (400)                       400 plies   16.8s  (71/150)
  [w1]  #78   *       ply cap (400)                       400 plies   16.8s  (72/150)
  [w2]  #75   *       ply cap (400)                       400 plies   16.8s  (73/150)
  [w0]  #65   *       ply cap (400)                       400 plies   16.8s  (74/150)
  [w3]  #76   *       ply cap (400)                       400 plies   16.8s  (75/150)
  [w2]  #79   0-1     Party extinct                        38 plies    1.6s  (76/150)
  [w3]  #80   0-1     Party extinct                       116 plies    4.9s  (77/150)
  [w1]  #82   *       ply cap (400)                       400 plies   16.8s  (78/150)
  [w0]  #69   0-1     Party extinct                       270 plies   11.4s  (79/150)
  [w3]  #84   0-1     Party extinct                       300 plies   12.6s  (80/150)
  [w2]  #83   *       ply cap (400)                       400 plies   16.8s  (81/150)
  [w1]  #86   *       ply cap (400)                       400 plies   16.8s  (82/150)
  [w0]  #73   *       ply cap (400)                       400 plies   16.8s  (83/150)
  [w3]  #88   *       ply cap (400)                       400 plies   16.8s  (84/150)
  [w2]  #87   *       ply cap (400)                       400 plies   16.8s  (85/150)
  [w1]  #90   *       ply cap (400)                       400 plies   16.8s  (86/150)
  [w0]  #77   *       ply cap (400)                       400 plies   16.8s  (87/150)
  [w3]  #92   *       ply cap (400)                       400 plies   16.8s  (88/150)
  [w2]  #91   *       ply cap (400)                       400 plies   16.8s  (89/150)
  [w1]  #94   *       ply cap (400)                       400 plies   16.8s  (90/150)
  [w0]  #81   *       ply cap (400)                       400 plies   16.8s  (91/150)
  [w3]  #96   *       ply cap (400)                       400 plies   16.8s  (92/150)
  [w1]  #98   0-1     Party extinct                       216 plies    9.1s  (93/150)
  [w2]  #95   *       ply cap (400)                       400 plies   16.8s  (94/150)
  [w2]  #99   0-1     Party extinct                        66 plies    2.8s  (95/150)
  [w0]  #85   *       ply cap (400)                       400 plies   16.8s  (96/150)
  [w3]  #100  *       ply cap (400)                       400 plies   16.8s  (97/150)
  [w1]  #102  *       ply cap (400)                       400 plies   16.8s  (98/150)
  [w2]  #103  *       ply cap (400)                       400 plies   16.8s  (99/150)
  [w0]  #89   *       ply cap (400)                       400 plies   16.8s  (100/150)
  [w1]  #106  0-1     Party extinct                       310 plies   13.0s  (101/150)
  [w3]  #104  *       ply cap (400)                       400 plies   16.8s  (102/150)
  [w2]  #107  *       ply cap (400)                       400 plies   16.8s  (103/150)
  [w2]  #111  0-1     Party extinct                        42 plies    1.8s  (104/150)
  [w0]  #93   *       ply cap (400)                       400 plies   16.8s  (105/150)
  [w1]  #110  *       ply cap (400)                       400 plies   16.8s  (106/150)
  [w3]  #108  *       ply cap (400)                       400 plies   16.8s  (107/150)
  [w2]  #115  *       ply cap (400)                       400 plies   16.8s  (108/150)
  [w0]  #97   *       ply cap (400)                       400 plies   16.8s  (109/150)
  [w1]  #114  *       ply cap (400)                       400 plies   16.8s  (110/150)
  [w3]  #112  *       ply cap (400)                       400 plies   16.8s  (111/150)
  [w2]  #119  *       ply cap (400)                       400 plies   16.8s  (112/150)
  [w1]  #118  0-1     Party extinct                       310 plies   13.1s  (113/150)
  [w3]  #116  0-1     Party extinct                       224 plies    9.4s  (114/150)
  [w0]  #101  *       ply cap (400)                       400 plies   16.8s  (115/150)
  [w2]  #123  *       ply cap (400)                       400 plies   17.1s  (116/150)
  [w1]  #122  *       ply cap (400)                       400 plies   17.2s  (117/150)
  [w3]  #120  *       ply cap (400)                       400 plies   17.3s  (118/150)
  [w0]  #105  *       ply cap (400)                       400 plies   17.3s  (119/150)
  [w2]  #127  *       ply cap (400)                       400 plies   17.5s  (120/150)
  [w3]  #124  0-1     Party extinct                       318 plies   13.9s  (121/150)
  [w1]  #126  *       ply cap (400)                       400 plies   17.5s  (122/150)
  [w0]  #109  *       ply cap (400)                       400 plies   17.5s  (123/150)
  [w2]  #131  *       ply cap (400)                       400 plies   17.5s  (124/150)
  [w3]  #128  *       ply cap (400)                       400 plies   17.5s  (125/150)
  [w1]  #130  0-1     Party extinct                       326 plies   14.3s  (126/150)
  [w0]  #113  *       ply cap (400)                       400 plies   17.5s  (127/150)
  [w2]  #135  *       ply cap (400)                       400 plies   17.5s  (128/150)
  [w3]  #132  *       ply cap (400)                       400 plies   17.5s  (129/150)
  [w1]  #134  *       ply cap (400)                       400 plies   17.5s  (130/150)
  [w0]  #117  *       ply cap (400)                       400 plies   17.5s  (131/150)
  [w0]  #121  0-1     Party extinct                        60 plies    2.6s  (132/150)
  [w0]  #125  0-1     Party extinct                       124 plies    5.4s  (133/150)
  [w2]  #139  *       ply cap (400)                       400 plies   17.5s  (134/150)
  [w3]  #136  *       ply cap (400)                       400 plies   17.5s  (135/150)
  [w1]  #138  *       ply cap (400)                       400 plies   17.5s  (136/150)
  [w0]  #129  *       ply cap (400)                       400 plies   17.5s  (137/150)
  [w2]  #143  *       ply cap (400)                       400 plies   17.5s  (138/150)
  [w3]  #140  *       ply cap (400)                       400 plies   17.5s  (139/150)
  [w1]  #142  *       ply cap (400)                       400 plies   17.5s  (140/150)
  [w0]  #133  *       ply cap (400)                       400 plies   17.4s  (141/150)
  [w3]  #144  0-1     Party extinct                       322 plies   14.1s  (142/150)
  [w2]  #147  *       ply cap (400)                       400 plies   17.4s  (143/150)
  [w1]  #146  *       ply cap (400)                       400 plies   17.5s  (144/150)
  [w0]  #137  *       ply cap (400)                       400 plies   17.4s  (145/150)
  [w3]  #148  *       ply cap (400)                       400 plies   17.4s  (146/150)
  [w1]  #150  *       ply cap (400)                       400 plies   17.5s  (147/150)
  [w0]  #141  *       ply cap (400)                       400 plies   17.5s  (148/150)
  [w0]  #145  *       ply cap (400)                       400 plies   17.5s  (149/150)
  [w0]  #149  *       ply cap (400)                       400 plies   17.5s  (150/150)

========================================================
  Rule set    : v3-mc-anyflag
  Games       : 150
--------------------------------------------------------
  Party wins  :    0  (  0.0%)
  Horde wins  :   30  ( 20.0%)
  Unfinished  :  120  ( 80.0%)
--------------------------------------------------------
  Decisive      :  20.0%
  Party(decisive):   0.0%   95% CI [  0.0% ..  11.4%]
  Imbalance     : 100.0%   (0% = perfectly balanced decisive games)
  Median plies  : 216  (decisive games)

  COMPOSITE SCORE : 0.000   (1.0 = balanced & decisive)
========================================================
  total time : 615.5s  (4.10s / game, 4x)
  pgn        : reports/v3-overnight/match-v3-mc-anyflag.pgn

[6/7] rulesets/v3-mc-compact.json
Match: rule-set 'v3-mc-compact'  games=150  depth=6  openings=150x6plies  seed=20260423  parallel=4
  variants : /var/folders/gb/ns03xtr53539qh0kc35fzv8dxfq40g/T/yes-hybrid/variants-v3-mc-compact-89986-81c36a6569da49b58181b51079c98bba.ini
  startFen : 2abtba3/1mubmbumm1/10/3*2*3/10/10/3XCLSD2 w - - 0 1
  openings : 150 distinct (requested 150)

  [w0]  #1    1-0     Treasure checkmated or captured      19 plies    0.9s  (1/150)
  [w1]  #2    0-1     Party extinct                        64 plies    2.8s  (2/150)
  [w1]  #6    0-1     Party extinct                        72 plies    3.2s  (3/150)
  [w3]  #4    0-1     Party extinct                       156 plies    6.9s  (4/150)
  [w2]  #3    0-1     Party extinct                       304 plies   13.4s  (5/150)
  [w0]  #5    0-1     Party extinct                       346 plies   15.2s  (6/150)
  [w2]  #7    0-1     Party extinct                        78 plies    3.4s  (7/150)
  [w2]  #11   0-1     Party extinct                        98 plies    4.3s  (8/150)
  [w1]  #10   *       ply cap (400)                       400 plies   17.5s  (9/150)
  [w3]  #8    *       ply cap (400)                       400 plies   17.5s  (10/150)
  [w3]  #12   1-0     Treasure checkmated or captured      27 plies    1.2s  (11/150)
  [w1]  #14   0-1     Party extinct                        94 plies    4.2s  (12/150)
  [w2]  #15   0-1     Party extinct                       164 plies    7.2s  (13/150)
  [w0]  #9    0-1     Party extinct                       302 plies   13.3s  (14/150)
  [w2]  #19   0-1     Party extinct                        90 plies    4.0s  (15/150)
  [w1]  #18   0-1     Party extinct                       130 plies    5.7s  (16/150)
  [w0]  #13   0-1     Party extinct                       152 plies    6.7s  (17/150)
  [w1]  #22   0-1     Party extinct                       204 plies    9.0s  (18/150)
  [w3]  #16   *       ply cap (400)                       400 plies   17.5s  (19/150)
  [w1]  #26   0-1     Party extinct                        44 plies    2.0s  (20/150)
  [w3]  #20   0-1     Party extinct                       100 plies    4.4s  (21/150)
  [w0]  #17   0-1     Party extinct                       290 plies   12.7s  (22/150)
  [w2]  #23   *       ply cap (400)                       400 plies   17.5s  (23/150)
  [w0]  #21   0-1     Party extinct                       148 plies    6.5s  (24/150)
  [w2]  #27   0-1     Party extinct                       128 plies    5.6s  (25/150)
  [w3]  #24   0-1     Party extinct                       182 plies    8.0s  (26/150)
  [w1]  #30   0-1     Party extinct                       266 plies   11.6s  (27/150)
  [w0]  #25   0-1     Party extinct                        96 plies    4.2s  (28/150)
  [w3]  #28   0-1     Party extinct                       236 plies   10.4s  (29/150)
  [w0]  #29   0-1     Party extinct                       206 plies    9.1s  (30/150)
  [w3]  #32   1-0     Treasure checkmated or captured     123 plies    5.4s  (31/150)
  [w1]  #34   0-1     Party extinct                       386 plies   16.9s  (32/150)
  [w2]  #31   *       ply cap (400)                       400 plies   17.5s  (33/150)
  [w0]  #33   0-1     Party extinct                       104 plies    4.6s  (34/150)
  [w1]  #38   0-1     Party extinct                       110 plies    4.8s  (35/150)
  [w2]  #35   0-1     Party extinct                       114 plies    5.0s  (36/150)
  [w1]  #42   0-1     Party extinct                        70 plies    3.1s  (37/150)
  [w0]  #37   0-1     Party extinct                       186 plies    8.2s  (38/150)
  [w2]  #39   0-1     Party extinct                        86 plies    3.8s  (39/150)
  [w0]  #41   0-1     Party extinct                        78 plies    3.4s  (40/150)
  [w3]  #36   *       ply cap (400)                       400 plies   17.5s  (41/150)
  [w1]  #46   0-1     Party extinct                       220 plies    9.7s  (42/150)
  [w2]  #43   0-1     Party extinct                       198 plies    8.7s  (43/150)
  [w3]  #40   0-1     Party extinct                        96 plies    4.2s  (44/150)
  [w0]  #45   0-1     Party extinct                       190 plies    8.3s  (45/150)
  [w1]  #50   0-1     Party extinct                       144 plies    6.3s  (46/150)
  [w0]  #49   0-1     Party extinct                       118 plies    5.2s  (47/150)
  [w3]  #44   0-1     Party extinct                       144 plies    6.4s  (48/150)
  [w0]  #53   0-1     Party extinct                        52 plies    2.3s  (49/150)
  [w1]  #54   0-1     Party extinct                       140 plies    6.2s  (50/150)
  [w3]  #48   0-1     Party extinct                       154 plies    6.8s  (51/150)
  [w2]  #47   *       ply cap (400)                       400 plies   17.5s  (52/150)
  [w1]  #58   0-1     Party extinct                       160 plies    7.1s  (53/150)
  [w0]  #57   0-1     Party extinct                       250 plies   11.0s  (54/150)
  [w0]  #61   0-1     Party extinct                       104 plies    4.6s  (55/150)
  [w3]  #52   *       ply cap (400)                       400 plies   17.6s  (56/150)
  [w0]  #65   0-1     Party extinct                       184 plies    8.1s  (57/150)
  [w2]  #51   *       ply cap (400)                       400 plies   17.5s  (58/150)
  [w1]  #62   *       ply cap (400)                       400 plies   17.5s  (59/150)
  [w2]  #55   0-1     Party extinct                       114 plies    5.0s  (60/150)
  [w0]  #69   0-1     Party extinct                       150 plies    6.6s  (61/150)
  [w2]  #59   0-1     Party extinct                        64 plies    2.8s  (62/150)
  [w0]  #73   0-1     Party extinct                        88 plies    3.9s  (63/150)
  [w2]  #63   0-1     Party extinct                        66 plies    2.9s  (64/150)
  [w0]  #77   0-1     Party extinct                        70 plies    3.1s  (65/150)
  [w3]  #56   *       ply cap (400)                       400 plies   17.5s  (66/150)
  [w0]  #81   0-1     Party extinct                       136 plies    6.0s  (67/150)
  [w1]  #66   *       ply cap (400)                       400 plies   17.6s  (68/150)
  [w1]  #70   1-0     Treasure checkmated or captured       1 plies    0.1s  (69/150)
  [w1]  #74   0-1     Party extinct                       112 plies    4.9s  (70/150)
  [w2]  #67   *       ply cap (400)                       400 plies   17.5s  (71/150)
  [w0]  #85   0-1     Party extinct                       238 plies   10.5s  (72/150)
  [w3]  #60   1-0     Treasure checkmated or captured     353 plies   15.5s  (73/150)
  [w2]  #71   0-1     Party extinct                        84 plies    3.7s  (74/150)
  [w0]  #89   0-1     Party extinct                       126 plies    5.6s  (75/150)
  [w1]  #78   0-1     Party extinct                       260 plies   11.4s  (76/150)
  [w0]  #93   0-1     Party extinct                        98 plies    4.3s  (77/150)
  [w3]  #64   *       ply cap (400)                       400 plies   17.5s  (78/150)
  [w2]  #75   *       ply cap (400)                       400 plies   17.5s  (79/150)
  [w0]  #97   0-1     Party extinct                       296 plies   13.0s  (80/150)
  [w3]  #68   0-1     Party extinct                        76 plies    3.4s  (81/150)
  [w1]  #82   *       ply cap (400)                       400 plies   17.5s  (82/150)
  [w0]  #101  0-1     Party extinct                        86 plies    3.8s  (83/150)
  [w2]  #79   *       ply cap (400)                       400 plies   17.5s  (84/150)
  [w0]  #105  0-1     Party extinct                       282 plies   12.4s  (85/150)
  [w3]  #72   *       ply cap (400)                       400 plies   17.5s  (86/150)
  [w1]  #86   *       ply cap (400)                       400 plies   17.5s  (87/150)
  [w2]  #83   0-1     Party extinct                        92 plies    4.1s  (88/150)
  [w2]  #87   0-1     Party extinct                       184 plies    8.1s  (89/150)
  [w3]  #76   0-1     Party extinct                       268 plies   11.8s  (90/150)
  [w1]  #90   0-1     Party extinct                       272 plies   12.0s  (91/150)
  [w0]  #109  *       ply cap (400)                       400 plies   17.6s  (92/150)
  [w3]  #80   0-1     Party extinct                       118 plies    5.2s  (93/150)
  [w1]  #94   0-1     Party extinct                       138 plies    6.1s  (94/150)
  [w3]  #84   0-1     Party extinct                       168 plies    7.4s  (95/150)
  [w1]  #98   0-1     Party extinct                       122 plies    5.4s  (96/150)
  [w2]  #91   *       ply cap (400)                       400 plies   17.6s  (97/150)
  [w3]  #88   0-1     Party extinct                       182 plies    8.0s  (98/150)
  [w0]  #113  *       ply cap (400)                       400 plies   17.6s  (99/150)
  [w0]  #117  0-1     Party extinct                        96 plies    4.2s  (100/150)
  [w3]  #92   0-1     Party extinct                       136 plies    6.0s  (101/150)
  [w2]  #95   0-1     Party extinct                       270 plies   11.9s  (102/150)
  [w2]  #99   1-0     Treasure checkmated or captured       1 plies    0.1s  (103/150)
  [w1]  #102  *       ply cap (400)                       400 plies   17.6s  (104/150)
  [w3]  #96   0-1     Party extinct                       140 plies    6.2s  (105/150)
  [w3]  #100  0-1     Party extinct                       132 plies    5.8s  (106/150)
  [w0]  #121  0-1     Party extinct                       326 plies   14.4s  (107/150)
  [w1]  #106  0-1     Party extinct                       296 plies   13.0s  (108/150)
  [w2]  #103  *       ply cap (400)                       400 plies   17.5s  (109/150)
  [w3]  #104  0-1     Party extinct                       224 plies    9.8s  (110/150)
  [w1]  #110  0-1     Party extinct                       168 plies    7.4s  (111/150)
  [w0]  #125  0-1     Party extinct                       366 plies   16.1s  (112/150)
  [w2]  #107  *       ply cap (400)                       400 plies   17.5s  (113/150)
  [w3]  #108  *       ply cap (400)                       400 plies   17.5s  (114/150)
  [w1]  #114  *       ply cap (400)                       400 plies   17.5s  (115/150)
  [w0]  #129  *       ply cap (400)                       400 plies   17.5s  (116/150)
  [w0]  #133  0-1     Party extinct                        84 plies    3.7s  (117/150)
  [w1]  #118  0-1     Party extinct                       206 plies    9.0s  (118/150)
  [w2]  #111  *       ply cap (400)                       400 plies   17.5s  (119/150)
  [w3]  #112  *       ply cap (400)                       400 plies   17.5s  (120/150)
  [w2]  #115  0-1     Party extinct                       152 plies    6.7s  (121/150)
  [w0]  #137  0-1     Party extinct                       224 plies    9.9s  (122/150)
  [w0]  #141  0-1     Party extinct                        38 plies    1.7s  (123/150)
  [w1]  #122  0-1     Party extinct                       270 plies   11.9s  (124/150)
  [w0]  #145  0-1     Party extinct                        90 plies    4.0s  (125/150)
  [w1]  #126  0-1     Party extinct                       118 plies    5.2s  (126/150)
  [w3]  #116  0-1     Party extinct                       302 plies   13.3s  (127/150)
  [w2]  #119  *       ply cap (400)                       400 plies   17.5s  (128/150)
  [w0]  #149  0-1     Party extinct                       302 plies   13.3s  (129/150)
  [w2]  #123  1-0     Treasure checkmated or captured      97 plies    4.3s  (130/150)
  [w1]  #130  *       ply cap (400)                       400 plies   17.6s  (131/150)
  [w3]  #120  *       ply cap (400)                       400 plies   17.5s  (132/150)
  [w2]  #127  0-1     Party extinct                       156 plies    6.9s  (133/150)
  [w3]  #124  0-1     Party extinct                       154 plies    6.8s  (134/150)
  [w1]  #134  0-1     Party extinct                       244 plies   10.7s  (135/150)
  [w2]  #131  0-1     Party extinct                       182 plies    8.0s  (136/150)
  [w2]  #135  1-0     Treasure checkmated or captured       3 plies    0.2s  (137/150)
  [w2]  #139  0-1     Party extinct                        96 plies    4.2s  (138/150)
  [w3]  #128  0-1     Party extinct                       280 plies   12.3s  (139/150)
  [w1]  #138  0-1     Party extinct                       254 plies   11.2s  (140/150)
  [w3]  #132  0-1     Party extinct                        84 plies    3.7s  (141/150)
  [w3]  #136  0-1     Party extinct                       168 plies    7.4s  (142/150)
  [w2]  #143  *       ply cap (400)                       400 plies   17.5s  (143/150)
  [w2]  #147  0-1     Party extinct                       100 plies    4.4s  (144/150)
  [w1]  #142  *       ply cap (400)                       400 plies   17.5s  (145/150)
  [w1]  #146  0-1     Party extinct                       122 plies    5.4s  (146/150)
  [w3]  #140  *       ply cap (400)                       400 plies   17.5s  (147/150)
  [w3]  #144  1-0     Treasure checkmated or captured      15 plies    0.7s  (148/150)
  [w1]  #150  *       ply cap (400)                       400 plies   17.5s  (149/150)
  [w3]  #148  *       ply cap (400)                       400 plies   17.5s  (150/150)

========================================================
  Rule set    : v3-mc-compact
  Games       : 150
--------------------------------------------------------
  Party wins  :    9  (  6.0%)
  Horde wins  :  103  ( 68.7%)
  Unfinished  :   38  ( 25.3%)
--------------------------------------------------------
  Decisive      :  74.7%
  Party(decisive):   8.0%   95% CI [  4.3% ..  14.6%]
  Imbalance     :  83.9%   (0% = perfectly balanced decisive games)
  Median plies  : 140  (decisive games)

  COMPOSITE SCORE : 0.120   (1.0 = balanced & decisive)
========================================================
  total time : 387.8s  (2.59s / game, 4x)
  pgn        : reports/v3-overnight/match-v3-mc-compact.pgn

[7/7] rulesets/v3-mc-denser-horde.json
Match: rule-set 'v3-mc-denser-horde'  games=150  depth=6  openings=150x6plies  seed=20260423  parallel=4
  variants : /var/folders/gb/ns03xtr53539qh0kc35fzv8dxfq40g/T/yes-hybrid/variants-v3-mc-denser-horde-89986-f7bb46bdd2234c82a76dc2e29f863099.ini
  startFen : 4abtba3/1mmubmbummm1/12/3*4*3/4**6/12/12/3XCLSD4 w - - 0 1
  openings : 150 distinct (requested 150)

  [w1]  #2    0-1     Party extinct                       170 plies    7.5s  (1/150)
  [w3]  #4    0-1     Party extinct                       250 plies   11.0s  (2/150)
  [w1]  #6    0-1     Party extinct                       158 plies    7.0s  (3/150)
  [w0]  #1    *       ply cap (400)                       400 plies   17.6s  (4/150)
  [w2]  #3    *       ply cap (400)                       400 plies   17.6s  (5/150)
  [w3]  #8    *       ply cap (400)                       400 plies   17.6s  (6/150)
  [w2]  #7    0-1     Party extinct                       258 plies   11.4s  (7/150)
  [w1]  #10   *       ply cap (400)                       400 plies   17.6s  (8/150)
  [w0]  #5    0-1     Party extinct                       370 plies   16.3s  (9/150)
  [w3]  #12   0-1     Party extinct                       146 plies    6.4s  (10/150)
  [w2]  #11   0-1     Party extinct                       172 plies    7.6s  (11/150)
  [w3]  #16   0-1     Party extinct                       136 plies    6.0s  (12/150)
  [w2]  #15   1-0     Treasure checkmated or captured     227 plies   10.0s  (13/150)
  [w1]  #14   *       ply cap (400)                       400 plies   17.6s  (14/150)
  [w0]  #9    *       ply cap (400)                       400 plies   17.6s  (15/150)
  [w3]  #20   *       ply cap (400)                       400 plies   17.6s  (16/150)
  [w3]  #24   1-0     Treasure checkmated or captured      23 plies    1.0s  (17/150)
  [w2]  #19   *       ply cap (400)                       400 plies   17.5s  (18/150)
  [w1]  #18   0-1     Party extinct                       372 plies   16.3s  (19/150)
  [w0]  #13   *       ply cap (400)                       400 plies   17.5s  (20/150)
  [w3]  #28   1-0     Treasure checkmated or captured     337 plies   14.8s  (21/150)
  [w2]  #23   1-0     Treasure checkmated or captured     315 plies   13.9s  (22/150)
  [w1]  #22   *       ply cap (400)                       400 plies   17.6s  (23/150)
  [w0]  #17   *       ply cap (400)                       400 plies   17.6s  (24/150)
  [w3]  #32   *       ply cap (400)                       400 plies   17.6s  (25/150)
  [w2]  #27   *       ply cap (400)                       400 plies   17.6s  (26/150)
  [w1]  #26   1-0     Treasure checkmated or captured     297 plies   13.1s  (27/150)
  [w3]  #36   0-1     Party extinct                       186 plies    8.2s  (28/150)
  [w0]  #21   *       ply cap (400)                       400 plies   17.6s  (29/150)
  [w3]  #40   1-0     Treasure checkmated or captured     101 plies    4.5s  (30/150)
  [w2]  #31   *       ply cap (400)                       400 plies   17.6s  (31/150)
  [w1]  #30   *       ply cap (400)                       400 plies   17.6s  (32/150)
  [w0]  #25   *       ply cap (400)                       400 plies   17.5s  (33/150)
  [w3]  #44   *       ply cap (400)                       400 plies   17.5s  (34/150)
  [w2]  #35   0-1     Party extinct                       320 plies   14.0s  (35/150)
  [w2]  #39   1-0     Treasure checkmated or captured      65 plies    2.9s  (36/150)
  [w1]  #34   *       ply cap (400)                       400 plies   17.5s  (37/150)
  [w0]  #29   *       ply cap (400)                       400 plies   17.6s  (38/150)
  [w3]  #48   *       ply cap (400)                       400 plies   17.6s  (39/150)
  [w2]  #43   0-1     Party extinct                       298 plies   13.1s  (40/150)
  [w3]  #52   0-1     Party extinct                       162 plies    7.1s  (41/150)
  [w1]  #38   *       ply cap (400)                       400 plies   17.6s  (42/150)
  [w3]  #56   0-1     Party extinct                       196 plies    8.6s  (43/150)
  [w0]  #33   *       ply cap (400)                       400 plies   17.6s  (44/150)
  [w2]  #47   *       ply cap (400)                       400 plies   17.6s  (45/150)
  [w1]  #42   *       ply cap (400)                       400 plies   17.6s  (46/150)
  [w0]  #37   1-0     Treasure checkmated or captured     325 plies   14.3s  (47/150)
  [w3]  #60   *       ply cap (400)                       400 plies   17.6s  (48/150)
  [w0]  #41   0-1     Party extinct                       152 plies    6.7s  (49/150)
  [w2]  #51   *       ply cap (400)                       400 plies   17.6s  (50/150)
  [w0]  #45   0-1     Party extinct                       132 plies    5.8s  (51/150)
  [w1]  #46   *       ply cap (400)                       400 plies   17.6s  (52/150)
  [w3]  #64   1-0     Treasure checkmated or captured     359 plies   15.8s  (53/150)
  [w1]  #50   0-1     Party extinct                       138 plies    6.1s  (54/150)
  [w2]  #55   *       ply cap (400)                       400 plies   17.6s  (55/150)
  [w0]  #49   0-1     Party extinct                       366 plies   16.1s  (56/150)
  [w3]  #68   *       ply cap (400)                       400 plies   17.6s  (57/150)
  [w1]  #54   *       ply cap (400)                       400 plies   17.6s  (58/150)
  [w2]  #59   0-1     Party extinct                       316 plies   13.9s  (59/150)
  [w0]  #53   0-1     Party extinct                       254 plies   11.2s  (60/150)
  [w3]  #72   *       ply cap (400)                       400 plies   17.5s  (61/150)
  [w1]  #58   *       ply cap (400)                       400 plies   17.5s  (62/150)
  [w2]  #63   *       ply cap (400)                       400 plies   17.5s  (63/150)
  [w0]  #57   *       ply cap (400)                       400 plies   17.5s  (64/150)
  [w1]  #62   0-1     Party extinct                       182 plies    8.0s  (65/150)
  [w2]  #67   1-0     Treasure checkmated or captured     215 plies    9.4s  (66/150)
  [w0]  #61   0-1     Party extinct                       206 plies    9.0s  (67/150)
  [w3]  #76   *       ply cap (400)                       400 plies   17.5s  (68/150)
  [w0]  #65   0-1     Party extinct                       186 plies    8.2s  (69/150)
  [w3]  #80   0-1     Party extinct                       182 plies    8.0s  (70/150)
  [w1]  #66   0-1     Party extinct                       370 plies   16.3s  (71/150)
  [w2]  #71   0-1     Party extinct                       356 plies   15.7s  (72/150)
  [w0]  #69   0-1     Party extinct                       154 plies    6.8s  (73/150)
  [w3]  #84   1-0     Treasure checkmated or captured     143 plies    6.3s  (74/150)
  [w0]  #73   1-0     Treasure checkmated or captured     151 plies    6.6s  (75/150)
  [w3]  #88   0-1     Party extinct                       216 plies    9.5s  (76/150)
  [w1]  #70   *       ply cap (400)                       400 plies   17.6s  (77/150)
  [w2]  #75   *       ply cap (400)                       400 plies   17.5s  (78/150)
  [w1]  #74   0-1     Party extinct                       208 plies    9.2s  (79/150)
  [w0]  #77   *       ply cap (400)                       400 plies   17.6s  (80/150)
  [w3]  #92   0-1     Party extinct                       338 plies   14.8s  (81/150)
  [w2]  #79   *       ply cap (400)                       400 plies   17.5s  (82/150)
  [w0]  #81   0-1     Party extinct                       344 plies   15.1s  (83/150)
  [w3]  #96   0-1     Party extinct                       298 plies   13.1s  (84/150)
  [w1]  #78   *       ply cap (400)                       400 plies   17.6s  (85/150)
  [w3]  #100  1-0     Treasure checkmated or captured     191 plies    8.4s  (86/150)
  [w2]  #83   *       ply cap (400)                       400 plies   17.6s  (87/150)
  [w0]  #85   1-0     Treasure checkmated or captured     305 plies   13.4s  (88/150)
  [w1]  #82   *       ply cap (400)                       400 plies   17.5s  (89/150)
  [w0]  #89   0-1     Party extinct                       196 plies    8.6s  (90/150)
  [w3]  #104  *       ply cap (400)                       400 plies   17.5s  (91/150)
  [w2]  #87   *       ply cap (400)                       400 plies   17.5s  (92/150)
  [w1]  #86   *       ply cap (400)                       400 plies   17.5s  (93/150)
  [w0]  #93   *       ply cap (400)                       400 plies   17.5s  (94/150)
  [w3]  #108  *       ply cap (400)                       400 plies   17.6s  (95/150)
  [w2]  #91   0-1     Party extinct                       388 plies   17.1s  (96/150)
  [w1]  #90   *       ply cap (400)                       400 plies   17.6s  (97/150)
  [w0]  #97   *       ply cap (400)                       400 plies   17.6s  (98/150)
  [w2]  #95   0-1     Party extinct                       246 plies   10.8s  (99/150)
  [w3]  #112  *       ply cap (400)                       400 plies   17.5s  (100/150)
  [w0]  #101  0-1     Party extinct                       154 plies    6.8s  (101/150)
  [w1]  #94   *       ply cap (400)                       400 plies   17.5s  (102/150)
  [w2]  #99   *       ply cap (400)                       400 plies   17.5s  (103/150)
  [w3]  #116  0-1     Party extinct                       386 plies   16.9s  (104/150)
  [w0]  #105  *       ply cap (400)                       400 plies   17.5s  (105/150)
  [w0]  #109  1-0     Treasure checkmated or captured       1 plies    0.1s  (106/150)
  [w2]  #103  0-1     Party extinct                       256 plies   11.3s  (107/150)
  [w3]  #120  1-0     Treasure checkmated or captured     205 plies    9.0s  (108/150)
  [w1]  #98   *       ply cap (400)                       400 plies   17.6s  (109/150)
  [w1]  #102  1-0     Treasure checkmated or captured      41 plies    1.8s  (110/150)
  [w0]  #113  1-0     Treasure checkmated or captured     239 plies   10.5s  (111/150)
  [w3]  #124  0-1     Party extinct                       146 plies    6.4s  (112/150)
  [w0]  #117  0-1     Party extinct                        90 plies    4.0s  (113/150)
  [w2]  #107  *       ply cap (400)                       400 plies   17.5s  (114/150)
  [w1]  #106  *       ply cap (400)                       400 plies   17.5s  (115/150)
  [w3]  #128  *       ply cap (400)                       400 plies   17.5s  (116/150)
  [w1]  #110  1-0     Treasure checkmated or captured      75 plies    3.3s  (117/150)
  [w0]  #121  *       ply cap (400)                       400 plies   17.5s  (118/150)
  [w2]  #111  0-1     Party extinct                       304 plies   13.4s  (119/150)
  [w3]  #132  0-1     Party extinct                       250 plies   11.0s  (120/150)
  [w1]  #114  *       ply cap (400)                       400 plies   17.6s  (121/150)
  [w3]  #136  1-0     Treasure checkmated or captured     159 plies    7.0s  (122/150)
  [w0]  #125  *       ply cap (400)                       400 plies   17.6s  (123/150)
  [w3]  #140  1-0     Treasure checkmated or captured      77 plies    3.4s  (124/150)
  [w2]  #115  *       ply cap (400)                       400 plies   17.6s  (125/150)
  [w0]  #129  0-1     Party extinct                       300 plies   14.0s  (126/150)
  [w1]  #118  *       ply cap (400)                       400 plies   18.4s  (127/150)
  [w3]  #144  *       ply cap (400)                       400 plies   18.4s  (128/150)
  [w2]  #119  *       ply cap (400)                       400 plies   18.4s  (129/150)
  [w1]  #122  0-1     Party extinct                       266 plies   11.7s  (130/150)
  [w3]  #148  0-1     Party extinct                       188 plies    8.3s  (131/150)
  [w0]  #133  *       ply cap (400)                       400 plies   17.5s  (132/150)
  [w1]  #126  0-1     Party extinct                       202 plies    8.9s  (133/150)
  [w2]  #123  *       ply cap (400)                       400 plies   17.5s  (134/150)
  [w1]  #130  1-0     Treasure checkmated or captured     187 plies    8.2s  (135/150)
  [w0]  #137  *       ply cap (400)                       400 plies   17.5s  (136/150)
  [w1]  #134  1-0     Treasure checkmated or captured     135 plies    5.9s  (137/150)
  [w2]  #127  0-1     Party extinct                       320 plies   14.0s  (138/150)
  [w0]  #141  0-1     Party extinct                       230 plies   10.1s  (139/150)
  [w1]  #138  0-1     Party extinct                       230 plies   10.1s  (140/150)
  [w2]  #131  0-1     Party extinct                       176 plies    7.7s  (141/150)
  [w2]  #135  1-0     Treasure checkmated or captured      17 plies    0.8s  (142/150)
  [w1]  #142  0-1     Party extinct                       186 plies    8.2s  (143/150)
  [w0]  #145  *       ply cap (400)                       400 plies   17.6s  (144/150)
  [w2]  #139  *       ply cap (400)                       400 plies   17.6s  (145/150)
  [w1]  #146  *       ply cap (400)                       400 plies   17.5s  (146/150)
  [w1]  #150  1-0     Treasure checkmated or captured     113 plies    5.0s  (147/150)
  [w0]  #149  *       ply cap (400)                       400 plies   17.5s  (148/150)
  [w2]  #143  *       ply cap (400)                       400 plies   17.5s  (149/150)
  [w2]  #147  *       ply cap (400)                       400 plies   17.5s  (150/150)

========================================================
  Rule set    : v3-mc-denser-horde
  Games       : 150
--------------------------------------------------------
  Party wins  :   25  ( 16.7%)
  Horde wins  :   51  ( 34.0%)
  Unfinished  :   74  ( 49.3%)
--------------------------------------------------------
  Decisive      :  50.7%
  Party(decisive):  32.9%   95% CI [ 23.4% ..  44.1%]
  Imbalance     :  34.2%   (0% = perfectly balanced decisive games)
  Median plies  : 205  (decisive games)

  COMPOSITE SCORE : 0.333   (1.0 = balanced & decisive)
========================================================
  total time : 539.4s  (3.60s / game, 4x)
  pgn        : reports/v3-overnight/match-v3-mc-denser-horde.pgn

Sweep complete in 64.1 min.
  summary: reports/v3-overnight/sweep-summary.md
