Match: rule-set 'v5-d8-lurker-range'  games=300  depth=8  max-plies=600  openings=300x6plies  seed=20260424  parallel=4
  variants : /var/folders/rs/77r0skzs579fgb60prc23_mr0000gn/T/yes-hybrid/variants-v5-d8-lurker-range-62409-d352d2a6124d4e1ea334a7a9a1df7f10.ini
  startFen : 4abtba3/2mubmbumm2/12/3*4*3/4**6/12/12/3XCLSD4 w - - 0 1
  openings : 300 distinct (requested 300)

  [w1]  #2    0-1     Party extinct                        38 plies    2.0s  (1/300)
  [w0]  #1    0-1     Party extinct                       144 plies    6.4s  (2/300)
  [w3]  #4    0-1     Party extinct                       302 plies   13.1s  (3/300)
  [w2]  #3    0-1     Party extinct                       518 plies   22.1s  (4/300)
  [w1]  #6    0-1     Party extinct                       568 plies   24.1s  (5/300)
  [w1]  #10   1-0     Treasure checkmated or captured       7 plies    0.6s  (6/300)
  [w0]  #5    *       ply cap (600)                       600 plies   25.6s  (7/300)
  [w1]  #14   0-1     Party extinct                       174 plies    7.7s  (8/300)
  [w2]  #7    0-1     Party extinct                       304 plies   13.1s  (9/300)
  [w3]  #8    *       ply cap (600)                       600 plies   25.6s  (10/300)
  [w1]  #18   0-1     Party extinct                       232 plies   10.1s  (11/300)
  [w2]  #11   0-1     Party extinct                       340 plies   14.6s  (12/300)
  [w1]  #22   0-1     Party extinct                       262 plies   11.3s  (13/300)
  [w0]  #9    *       ply cap (600)                       600 plies   25.4s  (14/300)
  [w2]  #15   *       ply cap (600)                       600 plies   25.4s  (15/300)
  [w1]  #26   *       ply cap (600)                       600 plies   25.4s  (16/300)
  [w2]  #19   0-1     Party extinct                       142 plies    6.3s  (17/300)
  [w0]  #13   *       ply cap (600)                       600 plies   25.4s  (18/300)
  [w0]  #17   0-1     Party extinct                       168 plies    7.4s  (19/300)
  [w1]  #30   0-1     Party extinct                       234 plies   10.2s  (20/300)
  [w0]  #21   0-1     Party extinct                       170 plies    7.5s  (21/300)
  [w2]  #23   *       ply cap (600)                       600 plies   25.4s  (22/300)
  [w2]  #27   0-1     Party extinct                       108 plies    4.8s  (23/300)
  [w0]  #25   0-1     Party extinct                       334 plies   14.3s  (24/300)
  [w1]  #34   *       ply cap (600)                       600 plies   25.4s  (25/300)
  [w2]  #31   0-1     Party extinct                       140 plies    6.2s  (26/300)
  [w1]  #38   1-0     Treasure checkmated or captured     133 plies    5.9s  (27/300)
  [w2]  #35   0-1     Party extinct                       186 plies    8.1s  (28/300)
  [w1]  #42   0-1     Party extinct                       106 plies    4.7s  (29/300)
  [w0]  #29   *       ply cap (600)                       600 plies   25.4s  (30/300)
  [w2]  #39   *       ply cap (600)                       600 plies   25.4s  (31/300)
  [w0]  #33   0-1     Party extinct                       336 plies   14.4s  (32/300)
  [w1]  #46   *       ply cap (600)                       600 plies   25.4s  (33/300)
  [w1]  #50   1-0     Treasure checkmated or captured       7 plies    0.6s  (34/300)
  [w1]  #54   0-1     Party extinct                       116 plies    5.2s  (35/300)
  [w3]  #12   *       engine timeout                      148 plies  126.5s  (36/300)
  [w3]  #16   0-1     Party extinct                       106 plies    4.8s  (37/300)
  [w2]  #43   *       ply cap (600)                       600 plies   25.4s  (38/300)
  [w0]  #37   *       ply cap (600)                       600 plies   25.4s  (39/300)
  [w1]  #58   *       ply cap (600)                       600 plies   25.4s  (40/300)
  [w0]  #41   0-1     Party extinct                       206 plies    9.0s  (41/300)
  [w2]  #47   0-1     Party extinct                       362 plies   15.5s  (42/300)
  [w3]  #20   *       ply cap (600)                       600 plies   25.5s  (43/300)
  [w0]  #45   0-1     Party extinct                       240 plies   10.6s  (44/300)
  [w3]  #24   0-1     Party extinct                       174 plies    7.7s  (45/300)
  [w1]  #62   *       ply cap (600)                       600 plies   25.5s  (46/300)
  [w1]  #66   0-1     Party extinct                       128 plies    5.7s  (47/300)
  [w2]  #51   *       ply cap (600)                       600 plies   25.5s  (48/300)
  [w3]  #28   0-1     Party extinct                       436 plies   18.7s  (49/300)
  [w0]  #49   *       ply cap (600)                       600 plies   25.6s  (50/300)
  [w3]  #32   0-1     Party extinct                       124 plies    5.7s  (51/300)
  [w1]  #70   *       ply cap (600)                       600 plies   26.6s  (52/300)
  [w2]  #55   0-1     Party extinct                       558 plies   24.7s  (53/300)
  [w3]  #36   0-1     Party extinct                       478 plies   21.3s  (54/300)
  [w0]  #53   *       ply cap (600)                       600 plies   26.6s  (55/300)
  [w1]  #74   0-1     Party extinct                       178 plies    8.1s  (56/300)
  [w2]  #59   1-0     Treasure checkmated or captured     327 plies   14.7s  (57/300)
  [w1]  #78   0-1     Party extinct                       216 plies    9.9s  (58/300)
  [w2]  #63   0-1     Party extinct                       216 plies    9.8s  (59/300)
  [w0]  #57   0-1     Party extinct                       412 plies   18.4s  (60/300)
  [w1]  #82   0-1     Party extinct                       226 plies   10.3s  (61/300)
  [w0]  #61   0-1     Party extinct                        66 plies    3.2s  (62/300)
  [w3]  #40   *       ply cap (600)                       600 plies   26.6s  (63/300)
  [w0]  #65   1-0     Treasure checkmated or captured     179 plies    8.1s  (64/300)
  [w2]  #67   0-1     Party extinct                       402 plies   18.0s  (65/300)
  [w3]  #44   0-1     Party extinct                       306 plies   13.7s  (66/300)
  [w3]  #48   0-1     Party extinct                       148 plies    6.8s  (67/300)
  [w1]  #86   0-1     Party extinct                       594 plies   26.4s  (68/300)
  [w0]  #69   *       ply cap (600)                       600 plies   26.6s  (69/300)
  [w2]  #71   0-1     Party extinct                       496 plies   22.1s  (70/300)
  [w1]  #90   0-1     Party extinct                       348 plies   15.7s  (71/300)
  [w0]  #73   0-1     Party extinct                       166 plies    7.6s  (72/300)
  [w2]  #75   0-1     Party extinct                       302 plies   13.7s  (73/300)
  [w3]  #52   *       ply cap (600)                       600 plies   26.6s  (74/300)
  [w1]  #94   0-1     Party extinct                       424 plies   19.0s  (75/300)
  [w0]  #77   0-1     Party extinct                       518 plies   23.1s  (76/300)
  [w1]  #98   0-1     Party extinct                       136 plies    6.3s  (77/300)
  [w1]  #102  0-1     Party extinct                        76 plies    3.6s  (78/300)
  [w1]  #106  0-1     Party extinct                       130 plies    6.0s  (79/300)
  [w2]  #79   *       ply cap (600)                       600 plies   26.6s  (80/300)
  [w3]  #56   *       ply cap (600)                       600 plies   26.6s  (81/300)
  [w1]  #110  1-0     Treasure checkmated or captured      47 plies    2.4s  (82/300)
  [w1]  #114  0-1     Party extinct                       120 plies    5.6s  (83/300)
  [w0]  #81   *       ply cap (600)                       600 plies   26.6s  (84/300)
  [w1]  #118  0-1     Party extinct                       390 plies   17.5s  (85/300)
  [w2]  #83   *       ply cap (600)                       600 plies   26.7s  (86/300)
  [w3]  #60   *       ply cap (600)                       600 plies   26.6s  (87/300)
  [w0]  #85   0-1     Party extinct                       296 plies   13.6s  (88/300)
  [w3]  #64   1-0     Treasure checkmated or captured     173 plies    7.9s  (89/300)
  [w2]  #87   0-1     Party extinct                       234 plies   10.6s  (90/300)
  [w1]  #122  0-1     Party extinct                       314 plies   14.3s  (91/300)
  [w3]  #68   0-1     Party extinct                       162 plies    7.4s  (92/300)
  [w1]  #126  1-0     Treasure checkmated or captured      93 plies    4.5s  (93/300)
  [w0]  #89   *       ply cap (600)                       600 plies   26.6s  (94/300)
  [w1]  #130  0-1     Party extinct                       320 plies   14.5s  (95/300)
  [w0]  #93   1-0     Treasure checkmated or captured     127 plies    5.9s  (96/300)
  [w2]  #91   *       ply cap (600)                       600 plies   26.6s  (97/300)
  [w3]  #72   *       ply cap (600)                       600 plies   26.6s  (98/300)
  [w3]  #76   0-1     Party extinct                       290 plies   13.1s  (99/300)
  [w1]  #134  *       ply cap (600)                       600 plies   26.6s  (100/300)
  [w2]  #95   0-1     Party extinct                       498 plies   22.2s  (101/300)
  [w0]  #97   *       ply cap (600)                       600 plies   26.7s  (102/300)
  [w1]  #138  0-1     Party extinct                       108 plies    5.1s  (103/300)
  [w3]  #80   0-1     Party extinct                       152 plies    7.0s  (104/300)
  [w1]  #142  1-0     Treasure checkmated or captured     127 plies    5.9s  (105/300)
  [w2]  #99   0-1     Party extinct                       228 plies   10.3s  (106/300)
  [w0]  #101  0-1     Party extinct                       234 plies   10.6s  (107/300)
  [w1]  #146  0-1     Party extinct                       126 plies    5.8s  (108/300)
  [w0]  #105  0-1     Party extinct                       142 plies    6.6s  (109/300)
  [w1]  #150  0-1     Party extinct                       144 plies    6.7s  (110/300)
  [w2]  #103  0-1     Party extinct                       328 plies   14.7s  (111/300)
  [w0]  #109  0-1     Party extinct                       232 plies   10.5s  (112/300)
  [w3]  #84   *       ply cap (600)                       600 plies   26.6s  (113/300)
  [w2]  #107  0-1     Party extinct                       192 plies    8.8s  (114/300)
  [w0]  #113  0-1     Party extinct                       168 plies    7.7s  (115/300)
  [w2]  #111  0-1     Party extinct                       204 plies    9.3s  (116/300)
  [w1]  #154  *       ply cap (600)                       600 plies   26.6s  (117/300)
  [w0]  #117  0-1     Party extinct                       302 plies   13.6s  (118/300)
  [w0]  #121  1-0     Treasure checkmated or captured      11 plies    0.8s  (119/300)
  [w3]  #88   *       ply cap (600)                       600 plies   26.7s  (120/300)
  [w2]  #115  0-1     Party extinct                       352 plies   15.9s  (121/300)
  [w0]  #125  0-1     Party extinct                       180 plies    8.2s  (122/300)
  [w3]  #92   1-0     Treasure checkmated or captured     149 plies    6.9s  (123/300)
  [w0]  #129  0-1     Party extinct                       168 plies    7.7s  (124/300)
  [w1]  #158  *       ply cap (600)                       600 plies   26.7s  (125/300)
  [w0]  #133  0-1     Party extinct                       308 plies   13.9s  (126/300)
  [w2]  #119  *       ply cap (600)                       600 plies   26.6s  (127/300)
  [w0]  #137  0-1     Party extinct                       178 plies    8.1s  (128/300)
  [w3]  #96   *       ply cap (600)                       600 plies   26.7s  (129/300)
  [w2]  #123  0-1     Party extinct                       296 plies   13.4s  (130/300)
  [w1]  #162  0-1     Party extinct                       552 plies   24.5s  (131/300)
  [w1]  #166  0-1     Party extinct                       138 plies    6.4s  (132/300)
  [w0]  #141  0-1     Party extinct                       444 plies   19.8s  (133/300)
  [w3]  #100  0-1     Party extinct                       464 plies   20.7s  (134/300)
  [w2]  #127  *       ply cap (600)                       600 plies   26.6s  (135/300)
  [w1]  #170  0-1     Party extinct                       504 plies   22.5s  (136/300)
  [w3]  #104  0-1     Party extinct                       400 plies   17.9s  (137/300)
  [w1]  #174  1-0     Treasure checkmated or captured     135 plies    6.2s  (138/300)
  [w0]  #145  *       ply cap (600)                       600 plies   26.6s  (139/300)
  [w1]  #178  0-1     Party extinct                       142 plies    6.6s  (140/300)
  [w2]  #131  *       ply cap (600)                       600 plies   26.7s  (141/300)
  [w1]  #182  0-1     Party extinct                       232 plies   10.7s  (142/300)
  [w0]  #149  0-1     Party extinct                       370 plies   16.6s  (143/300)
  [w3]  #108  *       ply cap (600)                       600 plies   26.6s  (144/300)
  [w1]  #186  0-1     Party extinct                       160 plies    7.3s  (145/300)
  [w0]  #153  0-1     Party extinct                       154 plies    7.2s  (146/300)
  [w0]  #157  0-1     Party extinct                       228 plies   10.3s  (147/300)
  [w1]  #190  0-1     Party extinct                       388 plies   17.4s  (148/300)
  [w2]  #135  *       ply cap (600)                       600 plies   26.8s  (149/300)
  [w0]  #161  0-1     Party extinct                       228 plies   10.3s  (150/300)
  [w2]  #139  1-0     Treasure checkmated or captured      69 plies    3.4s  (151/300)
  [w3]  #112  *       ply cap (600)                       600 plies   26.6s  (152/300)
  [w0]  #165  0-1     Party extinct                       156 plies    7.1s  (153/300)
  [w2]  #143  0-1     Party extinct                       240 plies   10.8s  (154/300)
  [w0]  #169  0-1     Party extinct                       124 plies    5.8s  (155/300)
  [w3]  #116  0-1     Party extinct                       246 plies   11.2s  (156/300)
  [w1]  #194  *       ply cap (600)                       600 plies   26.6s  (157/300)
  [w3]  #120  0-1     Party extinct                       326 plies   14.6s  (158/300)
  [w2]  #147  0-1     Party extinct                       412 plies   18.5s  (159/300)
  [w3]  #124  0-1     Party extinct                       176 plies    8.1s  (160/300)
  [w0]  #173  *       ply cap (600)                       600 plies   26.6s  (161/300)
  [w1]  #198  0-1     Party extinct                       382 plies   17.2s  (162/300)
  [w3]  #128  0-1     Party extinct                       304 plies   13.7s  (163/300)
  [w2]  #151  *       ply cap (600)                       600 plies   26.6s  (164/300)
  [w3]  #132  0-1     Party extinct                       242 plies   11.0s  (165/300)
  [w1]  #202  0-1     Party extinct                       464 plies   20.7s  (166/300)
  [w2]  #155  0-1     Party extinct                       154 plies    7.1s  (167/300)
  [w0]  #177  *       ply cap (600)                       600 plies   26.6s  (168/300)
  [w3]  #136  1-0     Treasure checkmated or captured     137 plies    6.3s  (169/300)
  [w0]  #181  0-1     Party extinct                       398 plies   17.8s  (170/300)
  [w3]  #140  0-1     Party extinct                       388 plies   17.3s  (171/300)
  [w1]  #206  *       ply cap (600)                       600 plies   26.6s  (172/300)
  [w2]  #159  *       ply cap (600)                       600 plies   26.5s  (173/300)
  [w1]  #210  0-1     Party extinct                       122 plies    5.7s  (174/300)
  [w1]  #214  0-1     Party extinct                        72 plies    3.5s  (175/300)
  [w0]  #185  0-1     Party extinct                       554 plies   24.6s  (176/300)
  [w3]  #144  *       ply cap (600)                       600 plies   26.6s  (177/300)
  [w2]  #163  *       ply cap (600)                       600 plies   26.6s  (178/300)
  [w0]  #189  0-1     Party extinct                       264 plies   12.0s  (179/300)
  [w1]  #218  *       ply cap (600)                       600 plies   26.6s  (180/300)
  [w3]  #148  0-1     Party extinct                       472 plies   21.1s  (181/300)
  [w3]  #152  0-1     Party extinct                       176 plies    8.0s  (182/300)
  [w1]  #222  0-1     Party extinct                       412 plies   18.9s  (183/300)
  [w2]  #167  *       ply cap (600)                       600 plies   26.6s  (184/300)
  [w0]  #193  *       ply cap (600)                       600 plies   26.5s  (185/300)
  [w1]  #226  0-1     Party extinct                       348 plies   15.6s  (186/300)
  [w3]  #156  1-0     Treasure checkmated or captured     477 plies   21.3s  (187/300)
  [w2]  #171  *       ply cap (600)                       600 plies   26.6s  (188/300)
  [w0]  #197  0-1     Party extinct                       580 plies   25.8s  (189/300)
  [w2]  #175  0-1     Party extinct                       144 plies    6.7s  (190/300)
  [w2]  #179  0-1     Party extinct                        94 plies    4.5s  (191/300)
  [w0]  #201  1-0     Treasure checkmated or captured     249 plies   11.3s  (192/300)
  [w1]  #230  *       ply cap (600)                       600 plies   26.6s  (193/300)
  [w3]  #160  *       ply cap (600)                       600 plies   26.6s  (194/300)
  [w1]  #234  0-1     Party extinct                       324 plies   14.5s  (195/300)
  [w3]  #164  0-1     Party extinct                       264 plies   12.0s  (196/300)
  [w0]  #205  0-1     Party extinct                       400 plies   17.9s  (197/300)
  [w2]  #183  *       ply cap (600)                       600 plies   26.6s  (198/300)
  [w0]  #209  0-1     Party extinct                       194 plies    9.0s  (199/300)
  [w2]  #187  0-1     Party extinct                       200 plies    9.1s  (200/300)
  [w0]  #213  0-1     Party extinct                       256 plies   11.5s  (201/300)
  [w1]  #238  *       ply cap (600)                       600 plies   26.6s  (202/300)
  [w3]  #168  *       ply cap (600)                       600 plies   26.6s  (203/300)
  [w2]  #191  1-0     Treasure checkmated or captured     275 plies   12.5s  (204/300)
  [w2]  #195  1-0     Treasure checkmated or captured      73 plies    3.5s  (205/300)
  [w0]  #217  0-1     Party extinct                       276 plies   12.5s  (206/300)
  [w1]  #242  0-1     Party extinct                       218 plies    9.9s  (207/300)
  [w1]  #246  0-1     Party extinct                       218 plies   10.0s  (208/300)
  [w2]  #199  1-0     Treasure checkmated or captured     313 plies   14.0s  (209/300)
  [w3]  #172  0-1     Party extinct                       588 plies   26.1s  (210/300)
  [w2]  #203  0-1     Party extinct                        98 plies    4.7s  (211/300)
  [w0]  #221  *       ply cap (600)                       600 plies   26.6s  (212/300)
  [w1]  #250  0-1     Party extinct                       402 plies   17.9s  (213/300)
  [w2]  #207  0-1     Party extinct                       256 plies   11.6s  (214/300)
  [w0]  #225  0-1     Party extinct                       108 plies    5.2s  (215/300)
  [w2]  #211  0-1     Party extinct                       222 plies   10.1s  (216/300)
  [w3]  #176  0-1     Party extinct                       530 plies   23.5s  (217/300)
  [w0]  #229  0-1     Party extinct                       244 plies   11.0s  (218/300)
  [w3]  #180  1-0     Treasure checkmated or captured     219 plies   10.0s  (219/300)
  [w1]  #254  *       ply cap (600)                       600 plies   26.5s  (220/300)
  [w2]  #215  0-1     Party extinct                       364 plies   16.4s  (221/300)
  [w1]  #258  1-0     Treasure checkmated or captured      27 plies    1.5s  (222/300)
  [w2]  #219  1-0     Treasure checkmated or captured     135 plies    6.4s  (223/300)
  [w1]  #262  0-1     Party extinct                       160 plies    7.4s  (224/300)
  [w0]  #233  *       ply cap (600)                       600 plies   26.6s  (225/300)
  [w2]  #223  0-1     Party extinct                       152 plies    7.0s  (226/300)
  [w3]  #184  0-1     Party extinct                       444 plies   19.8s  (227/300)
  [w1]  #266  0-1     Party extinct                       266 plies   12.0s  (228/300)
  [w0]  #237  0-1     Party extinct                       194 plies    8.8s  (229/300)
  [w0]  #241  0-1     Party extinct                       162 plies    7.4s  (230/300)
  [w0]  #245  0-1     Party extinct                       204 plies    9.3s  (231/300)
  [w2]  #227  *       ply cap (600)                       600 plies   26.6s  (232/300)
  [w3]  #188  *       ply cap (600)                       600 plies   26.6s  (233/300)
  [w2]  #231  0-1     Party extinct                       128 plies    5.9s  (234/300)
  [w1]  #270  *       ply cap (600)                       600 plies   26.6s  (235/300)
  [w0]  #249  0-1     Party extinct                       320 plies   14.5s  (236/300)
  [w2]  #235  0-1     Party extinct                       284 plies   12.9s  (237/300)
  [w1]  #274  0-1     Party extinct                       292 plies   13.2s  (238/300)
  [w3]  #192  *       ply cap (600)                       600 plies   26.6s  (239/300)
  [w1]  #278  0-1     Party extinct                       326 plies   14.6s  (240/300)
  [w0]  #253  *       ply cap (600)                       600 plies   26.6s  (241/300)
  [w1]  #282  0-1     Party extinct                       174 plies    7.9s  (242/300)
  [w2]  #239  *       ply cap (600)                       600 plies   26.7s  (243/300)
  [w0]  #257  0-1     Party extinct                       268 plies   12.1s  (244/300)
  [w1]  #286  0-1     Party extinct                       240 plies   11.2s  (245/300)
  [w3]  #196  *       ply cap (600)                       600 plies   26.6s  (246/300)
  [w0]  #261  0-1     Party extinct                        98 plies    4.6s  (247/300)
  [w3]  #200  0-1     Party extinct                       198 plies    9.0s  (248/300)
  [w0]  #265  0-1     Party extinct                       170 plies    7.8s  (249/300)
  [w2]  #243  0-1     Party extinct                       488 plies   21.7s  (250/300)
  [w2]  #247  0-1     Party extinct                       126 plies    5.9s  (251/300)
  [w2]  #251  1-0     Treasure checkmated or captured       7 plies    0.6s  (252/300)
  [w1]  #290  0-1     Party extinct                       528 plies   23.5s  (253/300)
  [w3]  #204  0-1     Party extinct                       306 plies   13.7s  (254/300)
  [w2]  #255  0-1     Party extinct                       196 plies    8.9s  (255/300)
  [w1]  #294  0-1     Party extinct                       204 plies    9.3s  (256/300)
  [w2]  #259  0-1     Party extinct                        94 plies    4.4s  (257/300)
  [w0]  #269  0-1     Party extinct                       574 plies   25.5s  (258/300)
  [w3]  #208  0-1     Party extinct                       426 plies   19.0s  (259/300)
  [w3]  #212  0-1     Party extinct                       144 plies    6.7s  (260/300)
  [w3]  #216  0-1     Party extinct                       168 plies    7.7s  (261/300)
  [w1]  #298  *       ply cap (600)                       600 plies   26.7s  (262/300)
  [w2]  #263  *       ply cap (600)                       600 plies   26.8s  (263/300)
  [w0]  #273  *       ply cap (600)                       600 plies   26.6s  (264/300)
  [w0]  #277  0-1     Party extinct                       238 plies   10.8s  (265/300)
  [w0]  #281  0-1     Party extinct                       166 plies    7.6s  (266/300)
  [w3]  #220  *       ply cap (600)                       600 plies   26.7s  (267/300)
  [w0]  #285  0-1     Party extinct                       108 plies    5.1s  (268/300)
  [w2]  #267  *       ply cap (600)                       600 plies   26.7s  (269/300)
  [w2]  #271  0-1     Party extinct                       138 plies    6.3s  (270/300)
  [w0]  #289  0-1     Party extinct                       172 plies    7.9s  (271/300)
  [w2]  #275  0-1     Party has no legal response         136 plies    6.3s  (272/300)
  [w2]  #279  1-0     Treasure checkmated or captured       1 plies    0.4s  (273/300)
  [w2]  #283  1-0     Treasure checkmated or captured       1 plies    0.3s  (274/300)
  [w0]  #293  0-1     Party extinct                       130 plies    6.0s  (275/300)
  [w3]  #224  0-1     Party extinct                       396 plies   17.7s  (276/300)
  [w2]  #287  0-1     Party extinct                       314 plies   14.1s  (277/300)
  [w0]  #297  *       ply cap (600)                       600 plies   26.7s  (278/300)
  [w3]  #228  *       ply cap (600)                       600 plies   26.6s  (279/300)
  [w3]  #232  0-1     Party extinct                        90 plies    4.3s  (280/300)
  [w2]  #291  *       ply cap (600)                       600 plies   26.6s  (281/300)
  [w2]  #295  0-1     Party extinct                       140 plies    6.5s  (282/300)
  [w2]  #299  0-1     Party extinct                        90 plies    4.3s  (283/300)
  [w3]  #236  0-1     Party extinct                       468 plies   21.0s  (284/300)
  [w3]  #240  0-1     Party extinct                       340 plies   15.6s  (285/300)
  [w3]  #244  0-1     Party extinct                       146 plies    6.9s  (286/300)
  [w3]  #248  0-1     Party extinct                       102 plies    4.9s  (287/300)
  [w3]  #252  0-1     Party extinct                       346 plies   15.7s  (288/300)
  [w3]  #256  0-1     Party extinct                       118 plies    5.7s  (289/300)
  [w3]  #260  0-1     Party extinct                       292 plies   13.4s  (290/300)
  [w3]  #264  *       ply cap (600)                       600 plies   26.8s  (291/300)
  [w3]  #268  *       ply cap (600)                       600 plies   27.1s  (292/300)
  [w3]  #272  1-0     Treasure checkmated or captured       7 plies    0.7s  (293/300)
  [w3]  #276  1-0     Treasure checkmated or captured     503 plies   22.5s  (294/300)
  [w3]  #280  0-1     Party extinct                       274 plies   12.5s  (295/300)
  [w3]  #284  0-1     Party extinct                       162 plies    7.5s  (296/300)
  [w3]  #288  0-1     Party extinct                       252 plies   11.5s  (297/300)
  [w3]  #292  0-1     Party extinct                       220 plies   10.2s  (298/300)
  [w3]  #296  *       ply cap (600)                       600 plies   26.8s  (299/300)
  [w3]  #300  0-1     Party extinct                       482 plies   21.7s  (300/300)

========================================================
  Rule set    : v5-d8-lurker-range
  Games       : 300
--------------------------------------------------------
  Party wins  :   28  (  9.3%)
  Horde wins  :  188  ( 62.7%)
  Unfinished  :   84  ( 28.0%)
--------------------------------------------------------
  Decisive      :  72.0%
  Party(decisive):  13.0%   95% CI [  9.1% ..  18.1%]
  Imbalance     :  74.1%   (0% = perfectly balanced decisive games)
  Median plies  : 220  (decisive games)

  COMPOSITE SCORE : 0.187   (1.0 = balanced & decisive)
========================================================
  total time : 1381.9s  (4.61s / game, 4x)
  pgn        : reports/v5-overnight/match-v5-d8-lurker-range.pgn
