Match: rule-set 'v5-d8-striker-range'  games=300  depth=8  max-plies=600  openings=300x6plies  seed=20260424  parallel=4
  variants : /var/folders/rs/77r0skzs579fgb60prc23_mr0000gn/T/yes-hybrid/variants-v5-d8-striker-range-61864-63420651273245b8aa72ececc2aeaad1.ini
  startFen : 4abtba3/2mubmbumm2/12/3*4*3/4**6/12/12/3XCLSD4 w - - 0 1
  openings : 300 distinct (requested 300)

  [w3]  #4    0-1     Party extinct                       110 plies    5.0s  (1/300)
  [w2]  #3    1-0     Treasure checkmated or captured     141 plies    6.3s  (2/300)
  [w2]  #7    0-1     Party extinct                       240 plies   10.4s  (3/300)
  [w0]  #1    *       ply cap (600)                       600 plies   25.5s  (4/300)
  [w1]  #2    *       ply cap (600)                       600 plies   25.6s  (5/300)
  [w3]  #8    *       ply cap (600)                       600 plies   25.5s  (6/300)
  [w2]  #11   0-1     Party extinct                       378 plies   16.2s  (7/300)
  [w0]  #5    *       ply cap (600)                       600 plies   25.5s  (8/300)
  [w1]  #6    *       ply cap (600)                       600 plies   25.6s  (9/300)
  [w3]  #12   0-1     Party extinct                       586 plies   24.9s  (10/300)
  [w0]  #9    1-0     Treasure checkmated or captured     159 plies    7.0s  (11/300)
  [w2]  #15   *       ply cap (600)                       600 plies   25.7s  (12/300)
  [w1]  #10   *       ply cap (600)                       600 plies   25.5s  (13/300)
  [w1]  #14   1-0     Treasure checkmated or captured       1 plies    0.4s  (14/300)
  [w3]  #16   *       ply cap (600)                       600 plies   25.6s  (15/300)
  [w0]  #13   *       ply cap (600)                       600 plies   25.5s  (16/300)
  [w2]  #19   *       ply cap (600)                       600 plies   25.7s  (17/300)
  [w0]  #17   0-1     Party extinct                        76 plies    3.5s  (18/300)
  [w3]  #20   0-1     Party extinct                       194 plies    8.5s  (19/300)
  [w1]  #18   0-1     Party extinct                       348 plies   15.0s  (20/300)
  [w2]  #23   0-1     Party extinct                       248 plies   10.8s  (21/300)
  [w0]  #21   0-1     Party extinct                       268 plies   11.6s  (22/300)
  [w1]  #22   0-1     Party extinct                       184 plies    8.1s  (23/300)
  [w3]  #24   *       ply cap (600)                       600 plies   25.5s  (24/300)
  [w2]  #27   0-1     Party extinct                       500 plies   21.4s  (25/300)
  [w0]  #25   *       ply cap (600)                       600 plies   25.7s  (26/300)
  [w1]  #26   *       ply cap (600)                       600 plies   25.5s  (27/300)
  [w2]  #31   1-0     Treasure checkmated or captured     231 plies   10.0s  (28/300)
  [w3]  #28   *       ply cap (600)                       600 plies   25.6s  (29/300)
  [w0]  #29   *       ply cap (600)                       600 plies   25.5s  (30/300)
  [w0]  #33   1-0     Treasure checkmated or captured       1 plies    0.4s  (31/300)
  [w1]  #30   *       ply cap (600)                       600 plies   25.5s  (32/300)
  [w2]  #35   *       ply cap (600)                       600 plies   25.5s  (33/300)
  [w2]  #39   0-1     Party extinct                       218 plies    9.5s  (34/300)
  [w3]  #32   *       ply cap (600)                       600 plies   25.5s  (35/300)
  [w0]  #37   *       ply cap (600)                       600 plies   25.5s  (36/300)
  [w1]  #34   *       ply cap (600)                       600 plies   25.5s  (37/300)
  [w3]  #36   0-1     Party extinct                       298 plies   12.8s  (38/300)
  [w2]  #43   0-1     Party extinct                       482 plies   20.5s  (39/300)
  [w0]  #41   *       ply cap (600)                       600 plies   25.5s  (40/300)
  [w1]  #38   *       ply cap (600)                       600 plies   25.5s  (41/300)
  [w3]  #40   *       ply cap (600)                       600 plies   25.6s  (42/300)
  [w2]  #47   *       ply cap (600)                       600 plies   25.6s  (43/300)
  [w1]  #42   0-1     Party extinct                       150 plies    6.6s  (44/300)
  [w3]  #44   0-1     Party extinct                       130 plies    5.8s  (45/300)
  [w3]  #48   1-0     Treasure checkmated or captured     269 plies   11.9s  (46/300)
  [w2]  #51   0-1     Party extinct                       376 plies   16.4s  (47/300)
  [w0]  #45   *       ply cap (600)                       600 plies   25.9s  (48/300)
  [w1]  #46   *       ply cap (600)                       600 plies   26.2s  (49/300)
  [w2]  #55   0-1     Party extinct                       294 plies   13.2s  (50/300)
  [w1]  #50   0-1     Party extinct                       258 plies   11.6s  (51/300)
  [w3]  #52   *       ply cap (600)                       600 plies   26.5s  (52/300)
  [w0]  #49   *       ply cap (600)                       600 plies   26.6s  (53/300)
  [w1]  #54   0-1     Party extinct                       202 plies    9.2s  (54/300)
  [w2]  #59   0-1     Party extinct                       576 plies   25.5s  (55/300)
  [w2]  #63   1-0     Treasure checkmated or captured     247 plies   11.2s  (56/300)
  [w3]  #56   *       ply cap (600)                       600 plies   26.6s  (57/300)
  [w2]  #67   0-1     Party extinct                       124 plies    5.8s  (58/300)
  [w0]  #53   *       ply cap (600)                       600 plies   26.5s  (59/300)
  [w1]  #58   *       ply cap (600)                       600 plies   26.5s  (60/300)
  [w0]  #57   0-1     Party extinct                       148 plies    6.8s  (61/300)
  [w3]  #60   0-1     Party extinct                       258 plies   11.6s  (62/300)
  [w2]  #71   0-1     Party extinct                       222 plies   10.0s  (63/300)
  [w2]  #75   1-0     Treasure checkmated or captured     195 plies    8.8s  (64/300)
  [w1]  #62   *       ply cap (600)                       600 plies   26.5s  (65/300)
  [w0]  #61   1-0     Treasure checkmated or captured     521 plies   23.1s  (66/300)
  [w2]  #79   0-1     Party extinct                       332 plies   14.9s  (67/300)
  [w3]  #64   *       ply cap (600)                       600 plies   26.5s  (68/300)
  [w3]  #68   1-0     Treasure checkmated or captured     383 plies   17.1s  (69/300)
  [w1]  #66   0-1     Party extinct                       536 plies   23.8s  (70/300)
  [w0]  #65   *       ply cap (600)                       600 plies   26.5s  (71/300)
  [w2]  #83   *       ply cap (600)                       600 plies   26.5s  (72/300)
  [w0]  #69   0-1     Party extinct                       246 plies   11.1s  (73/300)
  [w3]  #72   *       ply cap (600)                       600 plies   26.5s  (74/300)
  [w1]  #70   *       ply cap (600)                       600 plies   26.5s  (75/300)
  [w2]  #87   0-1     Party extinct                       502 plies   22.4s  (76/300)
  [w0]  #73   *       ply cap (600)                       600 plies   26.6s  (77/300)
  [w3]  #76   *       ply cap (600)                       600 plies   26.5s  (78/300)
  [w1]  #74   *       ply cap (600)                       600 plies   26.5s  (79/300)
  [w2]  #91   *       ply cap (600)                       600 plies   26.6s  (80/300)
  [w0]  #77   *       ply cap (600)                       600 plies   26.5s  (81/300)
  [w3]  #80   *       ply cap (600)                       600 plies   26.7s  (82/300)
  [w1]  #78   *       ply cap (600)                       600 plies   26.6s  (83/300)
  [w2]  #95   *       ply cap (600)                       600 plies   26.5s  (84/300)
  [w1]  #82   0-1     Party extinct                       198 plies    9.0s  (85/300)
  [w2]  #99   0-1     Party extinct                       184 plies    8.4s  (86/300)
  [w0]  #81   *       ply cap (600)                       600 plies   26.5s  (87/300)
  [w1]  #86   0-1     Party extinct                       180 plies    8.2s  (88/300)
  [w0]  #85   1-0     Treasure checkmated or captured     191 plies    8.7s  (89/300)
  [w3]  #84   *       ply cap (600)                       600 plies   26.6s  (90/300)
  [w2]  #103  0-1     Party extinct                       328 plies   14.7s  (91/300)
  [w2]  #107  1-0     Treasure checkmated or captured     315 plies   14.1s  (92/300)
  [w1]  #90   *       ply cap (600)                       600 plies   26.6s  (93/300)
  [w1]  #94   0-1     Party extinct                       146 plies    6.7s  (94/300)
  [w3]  #88   0-1     Party extinct                       578 plies   25.6s  (95/300)
  [w0]  #89   *       ply cap (600)                       600 plies   26.5s  (96/300)
  [w0]  #93   0-1     Party extinct                       362 plies   16.1s  (97/300)
  [w2]  #111  *       ply cap (600)                       600 plies   26.6s  (98/300)
  [w1]  #98   0-1     Party extinct                       400 plies   17.8s  (99/300)
  [w3]  #92   *       ply cap (600)                       600 plies   26.6s  (100/300)
  [w3]  #96   0-1     Party extinct                       238 plies   10.8s  (101/300)
  [w3]  #100  0-1     Party extinct                       110 plies    5.1s  (102/300)
  [w0]  #97   *       ply cap (600)                       600 plies   26.5s  (103/300)
  [w2]  #115  *       ply cap (600)                       600 plies   26.5s  (104/300)
  [w1]  #102  *       ply cap (600)                       600 plies   26.5s  (105/300)
  [w3]  #104  0-1     Party extinct                       270 plies   12.1s  (106/300)
  [w3]  #108  0-1     Party has no legal response          80 plies    3.9s  (107/300)
  [w3]  #112  0-1     Party extinct                       208 plies    9.5s  (108/300)
  [w0]  #101  *       ply cap (600)                       600 plies   26.5s  (109/300)
  [w2]  #119  *       ply cap (600)                       600 plies   26.5s  (110/300)
  [w1]  #106  *       ply cap (600)                       600 plies   26.5s  (111/300)
  [w2]  #123  0-1     Party extinct                        92 plies    4.3s  (112/300)
  [w1]  #110  0-1     Party extinct                       254 plies   11.4s  (113/300)
  [w2]  #127  0-1     Party extinct                       240 plies   10.8s  (114/300)
  [w3]  #116  *       ply cap (600)                       600 plies   26.6s  (115/300)
  [w0]  #105  *       ply cap (600)                       600 plies   26.5s  (116/300)
  [w1]  #114  *       ply cap (600)                       600 plies   26.6s  (117/300)
  [w2]  #131  *       ply cap (600)                       600 plies   26.6s  (118/300)
  [w3]  #120  *       ply cap (600)                       600 plies   26.5s  (119/300)
  [w0]  #109  *       ply cap (600)                       600 plies   26.5s  (120/300)
  [w3]  #124  1-0     Treasure checkmated or captured      61 plies    3.0s  (121/300)
  [w1]  #118  *       ply cap (600)                       600 plies   26.5s  (122/300)
  [w2]  #135  *       ply cap (600)                       600 plies   26.5s  (123/300)
  [w0]  #113  *       ply cap (600)                       600 plies   26.5s  (124/300)
  [w1]  #122  0-1     Party extinct                       340 plies   15.3s  (125/300)
  [w3]  #128  *       ply cap (600)                       600 plies   26.5s  (126/300)
  [w2]  #139  0-1     Party extinct                       306 plies   13.7s  (127/300)
  [w2]  #143  1-0     Treasure checkmated or captured      73 plies    3.5s  (128/300)
  [w1]  #126  0-1     Party extinct                       236 plies   10.7s  (129/300)
  [w2]  #147  0-1     Party extinct                       156 plies    7.2s  (130/300)
  [w0]  #117  *       ply cap (600)                       600 plies   26.5s  (131/300)
  [w3]  #132  *       ply cap (600)                       600 plies   26.5s  (132/300)
  [w2]  #151  0-1     Party extinct                       454 plies   20.1s  (133/300)
  [w1]  #130  *       ply cap (600)                       600 plies   26.5s  (134/300)
  [w1]  #134  1-0     Treasure checkmated or captured     217 plies    9.9s  (135/300)
  [w2]  #155  1-0     Treasure checkmated or captured     431 plies   19.2s  (136/300)
  [w0]  #121  *       ply cap (600)                       600 plies   26.5s  (137/300)
  [w3]  #136  *       ply cap (600)                       600 plies   26.5s  (138/300)
  [w0]  #125  0-1     Party extinct                       322 plies   14.4s  (139/300)
  [w1]  #138  0-1     Party extinct                       540 plies   23.9s  (140/300)
  [w2]  #159  *       ply cap (600)                       600 plies   26.6s  (141/300)
  [w3]  #140  *       ply cap (600)                       600 plies   26.5s  (142/300)
  [w0]  #129  *       ply cap (600)                       600 plies   26.6s  (143/300)
  [w3]  #144  0-1     Party extinct                       326 plies   14.6s  (144/300)
  [w1]  #142  *       ply cap (600)                       600 plies   26.6s  (145/300)
  [w0]  #133  0-1     Party extinct                       194 plies    8.9s  (146/300)
  [w2]  #163  *       ply cap (600)                       600 plies   26.5s  (147/300)
  [w2]  #167  0-1     Party extinct                       140 plies    6.5s  (148/300)
  [w1]  #146  0-1     Party extinct                       456 plies   20.3s  (149/300)
  [w3]  #148  0-1     Party extinct                       552 plies   24.5s  (150/300)
  [w0]  #137  0-1     Party extinct                       500 plies   22.2s  (151/300)
  [w1]  #150  0-1     Party extinct                       280 plies   12.6s  (152/300)
  [w1]  #154  0-1     Party has no legal response         130 plies    6.1s  (153/300)
  [w2]  #171  *       ply cap (600)                       600 plies   26.6s  (154/300)
  [w3]  #152  *       ply cap (600)                       600 plies   26.5s  (155/300)
  [w0]  #141  *       ply cap (600)                       600 plies   26.5s  (156/300)
  [w1]  #158  *       ply cap (600)                       600 plies   26.5s  (157/300)
  [w2]  #175  *       ply cap (600)                       600 plies   26.5s  (158/300)
  [w1]  #162  1-0     Treasure checkmated or captured      63 plies    3.1s  (159/300)
  [w3]  #156  0-1     Party extinct                       554 plies   24.6s  (160/300)
  [w1]  #166  0-1     Party extinct                        94 plies    4.4s  (161/300)
  [w2]  #179  0-1     Party extinct                       270 plies   12.1s  (162/300)
  [w0]  #145  *       ply cap (600)                       600 plies   26.5s  (163/300)
  [w0]  #149  0-1     Party extinct                       158 plies    7.2s  (164/300)
  [w3]  #160  *       ply cap (600)                       600 plies   26.5s  (165/300)
  [w1]  #170  *       ply cap (600)                       600 plies   26.5s  (166/300)
  [w2]  #183  *       ply cap (600)                       600 plies   26.5s  (167/300)
  [w0]  #153  *       ply cap (600)                       600 plies   26.5s  (168/300)
  [w2]  #187  0-1     Party extinct                       224 plies   10.2s  (169/300)
  [w3]  #164  *       ply cap (600)                       600 plies   26.6s  (170/300)
  [w2]  #191  1-0     Treasure checkmated or captured     269 plies   12.1s  (171/300)
  [w3]  #168  0-1     Party extinct                       250 plies   11.2s  (172/300)
  [w0]  #157  *       ply cap (600)                       600 plies   26.5s  (173/300)
  [w2]  #195  0-1     Party extinct                       346 plies   15.4s  (174/300)
  [w0]  #161  0-1     Party extinct                       292 plies   13.0s  (175/300)
  [w3]  #172  *       ply cap (600)                       600 plies   26.4s  (176/300)
  [w2]  #199  *       ply cap (600)                       600 plies   26.4s  (177/300)
  [w0]  #165  0-1     Party extinct                       424 plies   18.8s  (178/300)
  [w3]  #176  *       ply cap (600)                       600 plies   26.4s  (179/300)
  [w2]  #203  *       ply cap (600)                       600 plies   26.5s  (180/300)
  [w0]  #169  *       ply cap (600)                       600 plies   26.5s  (181/300)
  [w3]  #180  0-1     Party extinct                       220 plies    9.9s  (182/300)
  [w3]  #184  0-1     Party extinct                       176 plies    8.0s  (183/300)
  [w3]  #188  1-0     Treasure checkmated or captured       1 plies    0.3s  (184/300)
  [w3]  #192  0-1     Party extinct                       268 plies   12.0s  (185/300)
  [w0]  #173  1-0     Treasure checkmated or captured     521 plies   23.0s  (186/300)
  [w2]  #207  *       ply cap (600)                       600 plies   26.4s  (187/300)
  [w3]  #196  0-1     Party extinct                       140 plies    6.4s  (188/300)
  [w0]  #177  1-0     Treasure checkmated or captured     185 plies    8.4s  (189/300)
  [w1]  #174  *       engine timeout                      488 plies  141.7s  (190/300)
  [w2]  #211  *       ply cap (600)                       600 plies   26.5s  (191/300)
  [w1]  #178  0-1     Party extinct                       246 plies   11.1s  (192/300)
  [w3]  #200  *       ply cap (600)                       600 plies   26.5s  (193/300)
  [w0]  #181  *       ply cap (600)                       600 plies   26.5s  (194/300)
  [w0]  #185  1-0     Treasure checkmated or captured      55 plies    2.7s  (195/300)
  [w3]  #204  0-1     Party extinct                       260 plies   11.7s  (196/300)
  [w0]  #189  1-0     Treasure checkmated or captured     375 plies   16.7s  (197/300)
  [w2]  #215  *       ply cap (600)                       600 plies   26.5s  (198/300)
  [w1]  #182  *       ply cap (600)                       600 plies   26.5s  (199/300)
  [w3]  #208  *       ply cap (600)                       600 plies   26.5s  (200/300)
  [w0]  #193  *       ply cap (600)                       600 plies   26.6s  (201/300)
  [w2]  #219  *       ply cap (600)                       600 plies   26.6s  (202/300)
  [w1]  #186  *       ply cap (600)                       600 plies   26.6s  (203/300)
  [w0]  #197  0-1     Party extinct                       120 plies    5.6s  (204/300)
  [w3]  #212  *       ply cap (600)                       600 plies   26.5s  (205/300)
  [w3]  #216  0-1     Party extinct                       212 plies    9.6s  (206/300)
  [w2]  #223  *       ply cap (600)                       600 plies   26.5s  (207/300)
  [w0]  #201  1-0     Treasure checkmated or captured     547 plies   24.3s  (208/300)
  [w1]  #190  *       ply cap (600)                       600 plies   26.5s  (209/300)
  [w1]  #194  1-0     Treasure checkmated or captured     413 plies   18.4s  (210/300)
  [w3]  #220  *       ply cap (600)                       600 plies   26.6s  (211/300)
  [w2]  #227  *       ply cap (600)                       600 plies   26.5s  (212/300)
  [w0]  #205  *       ply cap (600)                       600 plies   26.5s  (213/300)
  [w1]  #198  *       ply cap (600)                       600 plies   26.6s  (214/300)
  [w2]  #231  0-1     Party extinct                       526 plies   23.3s  (215/300)
  [w3]  #224  0-1     Party extinct                       592 plies   26.2s  (216/300)
  [w2]  #235  0-1     Party extinct                       126 plies    5.8s  (217/300)
  [w0]  #209  *       ply cap (600)                       600 plies   26.5s  (218/300)
  [w1]  #202  0-1     Party extinct                       334 plies   15.0s  (219/300)
  [w3]  #228  *       ply cap (600)                       600 plies   26.6s  (220/300)
  [w2]  #239  *       ply cap (600)                       600 plies   26.5s  (221/300)
  [w0]  #213  *       ply cap (600)                       600 plies   26.5s  (222/300)
  [w2]  #243  1-0     Treasure checkmated or captured      57 plies    2.8s  (223/300)
  [w1]  #206  0-1     Party extinct                       560 plies   24.9s  (224/300)
  [w2]  #247  0-1     Party extinct                       106 plies    4.9s  (225/300)
  [w1]  #210  0-1     Party extinct                       250 plies   11.3s  (226/300)
  [w3]  #232  *       ply cap (600)                       600 plies   26.6s  (227/300)
  [w0]  #217  *       ply cap (600)                       600 plies   26.5s  (228/300)
  [w2]  #251  *       ply cap (600)                       600 plies   26.5s  (229/300)
  [w1]  #214  0-1     Party extinct                       594 plies   26.3s  (230/300)
  [w1]  #218  1-0     Treasure checkmated or captured       5 plies    0.5s  (231/300)
  [w3]  #236  *       ply cap (600)                       600 plies   26.5s  (232/300)
  [w0]  #221  *       ply cap (600)                       600 plies   26.5s  (233/300)
  [w0]  #225  0-1     Party extinct                       108 plies    5.0s  (234/300)
  [w2]  #255  *       ply cap (600)                       600 plies   26.5s  (235/300)
  [w1]  #222  *       ply cap (600)                       600 plies   26.5s  (236/300)
  [w3]  #240  *       ply cap (600)                       600 plies   26.5s  (237/300)
  [w1]  #226  0-1     Party extinct                       136 plies    6.3s  (238/300)
  [w2]  #259  0-1     Party extinct                       440 plies   19.6s  (239/300)
  [w0]  #229  0-1     Party extinct                       498 plies   22.1s  (240/300)
  [w1]  #230  1-0     Treasure checkmated or captured      69 plies    3.3s  (241/300)
  [w2]  #263  1-0     Treasure checkmated or captured     449 plies   20.0s  (242/300)
  [w3]  #244  *       ply cap (600)                       600 plies   26.6s  (243/300)
  [w0]  #233  0-1     Party extinct                       540 plies   23.9s  (244/300)
  [w1]  #234  *       ply cap (600)                       600 plies   26.5s  (245/300)
  [w2]  #267  *       ply cap (600)                       600 plies   26.6s  (246/300)
  [w3]  #248  *       ply cap (600)                       600 plies   26.6s  (247/300)
  [w0]  #237  *       ply cap (600)                       600 plies   26.5s  (248/300)
  [w1]  #238  *       ply cap (600)                       600 plies   26.6s  (249/300)
  [w3]  #252  0-1     Party extinct                       164 plies    7.5s  (250/300)
  [w0]  #241  1-0     Treasure checkmated or captured     133 plies    6.1s  (251/300)
  [w0]  #245  0-1     Party extinct                       150 plies    6.9s  (252/300)
  [w2]  #271  *       ply cap (600)                       600 plies   26.6s  (253/300)
  [w1]  #242  *       ply cap (600)                       600 plies   26.6s  (254/300)
  [w3]  #256  0-1     Party extinct                       552 plies   24.4s  (255/300)
  [w1]  #246  0-1     Party extinct                        88 plies    4.2s  (256/300)
  [w3]  #260  0-1     Party extinct                       106 plies    4.9s  (257/300)
  [w0]  #249  *       ply cap (600)                       600 plies   26.4s  (258/300)
  [w3]  #264  0-1     Party extinct                       196 plies    8.6s  (259/300)
  [w2]  #275  *       ply cap (600)                       600 plies   26.1s  (260/300)
  [w1]  #250  0-1     Party extinct                       504 plies   21.7s  (261/300)
  [w0]  #253  *       ply cap (600)                       600 plies   25.5s  (262/300)
  [w3]  #268  *       ply cap (600)                       600 plies   25.5s  (263/300)
  [w0]  #257  0-1     Party extinct                       166 plies    7.3s  (264/300)
  [w2]  #279  *       ply cap (600)                       600 plies   25.5s  (265/300)
  [w3]  #272  0-1     Party has no legal response         158 plies    7.0s  (266/300)
  [w1]  #254  *       ply cap (600)                       600 plies   25.6s  (267/300)
  [w1]  #258  0-1     Party extinct                       110 plies    4.9s  (268/300)
  [w0]  #261  *       ply cap (600)                       600 plies   25.5s  (269/300)
  [w2]  #283  *       ply cap (600)                       600 plies   25.7s  (270/300)
  [w1]  #262  0-1     Party extinct                       320 plies   13.8s  (271/300)
  [w3]  #276  *       ply cap (600)                       600 plies   25.5s  (272/300)
  [w3]  #280  0-1     Party extinct                       240 plies   10.4s  (273/300)
  [w0]  #265  0-1     Party extinct                       414 plies   17.7s  (274/300)
  [w3]  #284  0-1     Party extinct                       154 plies    6.9s  (275/300)
  [w1]  #266  0-1     Party extinct                       574 plies   24.4s  (276/300)
  [w2]  #287  *       ply cap (600)                       600 plies   25.5s  (277/300)
  [w2]  #291  0-1     Party extinct                       138 plies    6.1s  (278/300)
  [w0]  #269  0-1     Party extinct                       502 plies   21.4s  (279/300)
  [w2]  #295  0-1     Party extinct                       260 plies   11.2s  (280/300)
  [w3]  #288  *       ply cap (600)                       600 plies   25.5s  (281/300)
  [w0]  #273  0-1     Party extinct                       246 plies   10.7s  (282/300)
  [w1]  #270  *       ply cap (600)                       600 plies   25.5s  (283/300)
  [w2]  #299  1-0     Treasure checkmated or captured     191 plies    8.3s  (284/300)
  [w3]  #292  0-1     Party extinct                       330 plies   14.2s  (285/300)
  [w1]  #274  0-1     Party extinct                       534 plies   22.8s  (286/300)
  [w0]  #277  *       ply cap (600)                       600 plies   25.5s  (287/300)
  [w3]  #296  0-1     Party extinct                       532 plies   22.8s  (288/300)
  [w0]  #281  0-1     Party extinct                       326 plies   14.0s  (289/300)
  [w1]  #278  *       ply cap (600)                       600 plies   25.6s  (290/300)
  [w3]  #300  *       ply cap (600)                       600 plies   25.6s  (291/300)
  [w0]  #285  0-1     Party extinct                       536 plies   22.9s  (292/300)
  [w1]  #282  1-0     Treasure checkmated or captured     335 plies   14.5s  (293/300)
  [w1]  #286  0-1     Party extinct                       210 plies    9.2s  (294/300)
  [w0]  #289  0-1     Party extinct                       520 plies   22.2s  (295/300)
  [w1]  #290  0-1     Party extinct                       598 plies   25.6s  (296/300)
  [w1]  #294  0-1     Party extinct                       214 plies    9.5s  (297/300)
  [w0]  #293  *       ply cap (600)                       600 plies   25.6s  (298/300)
  [w1]  #298  *       ply cap (600)                       600 plies   25.6s  (299/300)
  [w0]  #297  *       ply cap (600)                       600 plies   25.7s  (300/300)

========================================================
  Rule set    : v5-d8-striker-range
  Games       : 300
--------------------------------------------------------
  Party wins  :   32  ( 10.7%)
  Horde wins  :  118  ( 39.3%)
  Unfinished  :  150  ( 50.0%)
--------------------------------------------------------
  Decisive      :  50.0%
  Party(decisive):  21.3%   95% CI [ 15.5% ..  28.6%]
  Imbalance     :  57.3%   (0% = perfectly balanced decisive games)
  Median plies  : 248  (decisive games)

  COMPOSITE SCORE : 0.213   (1.0 = balanced & decisive)
========================================================
  total time : 1535.2s  (5.12s / game, 4x)
  pgn        : reports/v5-overnight/match-v5-d8-striker-range.pgn
