Sweep: 6 rule-sets x 300 games  (depth=8, parallel=4, seed=20260424)
  out : reports/v5-overnight

[1/6] rulesets/v5-d8-baseline.json
Match: rule-set 'v5-d8-baseline'  games=300  depth=8  max-plies=600  openings=300x6plies  seed=20260424  parallel=4
  variants : /var/folders/gb/ns03xtr53539qh0kc35fzv8dxfq40g/T/yes-hybrid/variants-v5-d8-baseline-6972-0e7aa1367c9f45259c77b0baf8cb9571.ini
  startFen : 4abtba3/2mubmbumm2/12/3*4*3/4**6/12/12/3XCLSD4 w - - 0 1
  openings : 300 distinct (requested 300)

  [w0]  #1    *       ply cap (600)                       600 plies   25.3s  (1/300)
  [w3]  #4    *       ply cap (600)                       600 plies   25.3s  (2/300)
  [w1]  #2    *       ply cap (600)                       600 plies   25.5s  (3/300)
  [w2]  #3    *       ply cap (600)                       600 plies   25.6s  (4/300)
  [w0]  #5    0-1     Party extinct                       438 plies   18.5s  (5/300)
  [w3]  #8    *       ply cap (600)                       600 plies   25.3s  (6/300)
  [w1]  #6    *       ply cap (600)                       600 plies   25.4s  (7/300)
  [w2]  #7    *       ply cap (600)                       600 plies   25.3s  (8/300)
  [w2]  #11   1-0     Treasure checkmated or captured      51 plies    2.2s  (9/300)
  [w1]  #10   0-1     Party extinct                       196 plies    8.2s  (10/300)
  [w0]  #9    *       ply cap (600)                       600 plies   25.3s  (11/300)
  [w3]  #12   0-1     Party extinct                       514 plies   22.2s  (12/300)
  [w2]  #15   *       ply cap (600)                       600 plies   25.3s  (13/300)
  [w1]  #14   *       ply cap (600)                       600 plies   25.5s  (14/300)
  [w2]  #19   0-1     Party extinct                       230 plies   10.0s  (15/300)
  [w3]  #16   0-1     Party extinct                       404 plies   17.1s  (16/300)
  [w3]  #20   0-1     Party extinct                        64 plies    2.7s  (17/300)
  [w0]  #13   *       ply cap (600)                       600 plies   25.2s  (18/300)
  [w2]  #23   0-1     Party extinct                       238 plies   10.0s  (19/300)
  [w1]  #18   0-1     Party extinct                       364 plies   15.6s  (20/300)
  [w0]  #17   0-1     Party extinct                       298 plies   12.6s  (21/300)
  [w2]  #27   0-1     Party extinct                       250 plies   10.7s  (22/300)
  [w0]  #21   0-1     Party extinct                       234 plies   10.0s  (23/300)
  [w3]  #24   *       ply cap (600)                       600 plies   25.3s  (24/300)
  [w2]  #31   0-1     Party extinct                       244 plies   10.5s  (25/300)
  [w1]  #22   *       ply cap (600)                       600 plies   25.4s  (26/300)
  [w2]  #35   0-1     Party extinct                       294 plies   12.4s  (27/300)
  [w0]  #25   *       ply cap (600)                       600 plies   25.3s  (28/300)
  [w3]  #28   0-1     Party extinct                       596 plies   25.2s  (29/300)
  [w1]  #26   *       ply cap (600)                       600 plies   25.3s  (30/300)
  [w0]  #29   0-1     Party extinct                       240 plies   10.2s  (31/300)
  [w2]  #39   *       ply cap (600)                       600 plies   25.4s  (32/300)
  [w0]  #33   0-1     Party extinct                       344 plies   14.6s  (33/300)
  [w3]  #32   *       ply cap (600)                       600 plies   25.3s  (34/300)
  [w1]  #30   *       ply cap (600)                       600 plies   25.5s  (35/300)
  [w3]  #36   0-1     Party extinct                       258 plies   11.0s  (36/300)
  [w2]  #43   *       ply cap (600)                       600 plies   25.3s  (37/300)
  [w1]  #34   0-1     Party extinct                       236 plies   10.5s  (38/300)
  [w1]  #38   1-0     Treasure checkmated or captured       1 plies    0.1s  (39/300)
  [w3]  #40   0-1     Party extinct                       246 plies   10.5s  (40/300)
  [w0]  #37   *       ply cap (600)                       600 plies   25.4s  (41/300)
  [w2]  #47   *       ply cap (600)                       600 plies   25.7s  (42/300)
  [w1]  #42   *       ply cap (600)                       600 plies   25.4s  (43/300)
  [w3]  #44   0-1     Party extinct                       560 plies   23.7s  (44/300)
  [w0]  #41   0-1     Party extinct                       528 plies   22.3s  (45/300)
  [w3]  #48   1-0     Treasure checkmated or captured     103 plies    4.4s  (46/300)
  [w2]  #51   0-1     Party extinct                       258 plies   10.9s  (47/300)
  [w1]  #46   *       ply cap (600)                       600 plies   25.3s  (48/300)
  [w0]  #45   *       ply cap (600)                       600 plies   25.3s  (49/300)
  [w3]  #52   *       ply cap (600)                       600 plies   25.4s  (50/300)
  [w2]  #55   *       ply cap (600)                       600 plies   25.4s  (51/300)
  [w1]  #50   0-1     Party extinct                       496 plies   21.0s  (52/300)
  [w3]  #56   0-1     Party extinct                       412 plies   17.4s  (53/300)
  [w0]  #49   *       ply cap (600)                       600 plies   25.3s  (54/300)
  [w2]  #59   *       ply cap (600)                       600 plies   25.4s  (55/300)
  [w3]  #60   0-1     Party extinct                       372 plies   15.8s  (56/300)
  [w1]  #54   *       ply cap (600)                       600 plies   25.4s  (57/300)
  [w0]  #53   *       ply cap (600)                       600 plies   25.3s  (58/300)
  [w1]  #58   0-1     Party extinct                       218 plies    9.3s  (59/300)
  [w2]  #63   *       ply cap (600)                       600 plies   25.3s  (60/300)
  [w2]  #67   0-1     Party extinct                       138 plies    5.8s  (61/300)
  [w3]  #64   *       ply cap (600)                       600 plies   25.3s  (62/300)
  [w2]  #71   0-1     Party extinct                        82 plies    3.5s  (63/300)
  [w1]  #62   0-1     Party extinct                       346 plies   14.8s  (64/300)
  [w0]  #57   *       ply cap (600)                       600 plies   25.3s  (65/300)
  [w1]  #66   0-1     Party extinct                       218 plies    9.3s  (66/300)
  [w3]  #68   *       ply cap (600)                       600 plies   25.2s  (67/300)
  [w2]  #75   *       ply cap (600)                       600 plies   25.4s  (68/300)
  [w1]  #70   0-1     Party extinct                       450 plies   19.0s  (69/300)
  [w0]  #61   *       ply cap (600)                       600 plies   25.2s  (70/300)
  [w3]  #72   *       ply cap (600)                       600 plies   25.4s  (71/300)
  [w2]  #79   *       ply cap (600)                       600 plies   25.3s  (72/300)
  [w1]  #74   0-1     Party extinct                       528 plies   22.4s  (73/300)
  [w0]  #65   *       ply cap (600)                       600 plies   25.3s  (74/300)
  [w2]  #83   1-0     Treasure checkmated or captured     355 plies   15.0s  (75/300)
  [w1]  #78   0-1     Party extinct                       322 plies   13.7s  (76/300)
  [w2]  #87   0-1     Party extinct                       132 plies    5.6s  (77/300)
  [w3]  #76   *       ply cap (600)                       600 plies   25.2s  (78/300)
  [w2]  #91   0-1     Party extinct                       164 plies    7.0s  (79/300)
  [w0]  #69   *       ply cap (600)                       600 plies   25.4s  (80/300)
  [w1]  #82   *       ply cap (600)                       600 plies   25.5s  (81/300)
  [w3]  #80   *       ply cap (600)                       600 plies   25.3s  (82/300)
  [w1]  #86   1-0     Treasure checkmated or captured     151 plies    6.5s  (83/300)
  [w2]  #95   *       ply cap (600)                       600 plies   25.4s  (84/300)
  [w1]  #90   1-0     Treasure checkmated or captured      97 plies    4.2s  (85/300)
  [w3]  #84   0-1     Party extinct                       148 plies    6.3s  (86/300)
  [w0]  #73   *       ply cap (600)                       600 plies   25.4s  (87/300)
  [w2]  #99   0-1     Party extinct                       328 plies   13.8s  (88/300)
  [w1]  #94   0-1     Party extinct                       380 plies   16.1s  (89/300)
  [w3]  #88   *       ply cap (600)                       600 plies   25.3s  (90/300)
  [w3]  #92   0-1     Party extinct                        44 plies    1.9s  (91/300)
  [w1]  #98   0-1     Party extinct                       368 plies   15.5s  (92/300)
  [w0]  #77   *       ply cap (600)                       600 plies   25.2s  (93/300)
  [w1]  #102  1-0     Treasure checkmated or captured     159 plies    6.9s  (94/300)
  [w2]  #103  *       ply cap (600)                       600 plies   25.4s  (95/300)
  [w2]  #107  1-0     Treasure checkmated or captured      39 plies    1.7s  (96/300)
  [w0]  #81   1-0     Treasure checkmated or captured     215 plies    9.1s  (97/300)
  [w1]  #106  0-1     Party extinct                       298 plies   12.6s  (98/300)
  [w3]  #96   0-1     Party extinct                       580 plies   24.5s  (99/300)
  [w1]  #110  0-1     Party extinct                       180 plies    7.6s  (100/300)
  [w0]  #85   0-1     Party extinct                       528 plies   22.3s  (101/300)
  [w2]  #111  *       ply cap (600)                       600 plies   25.3s  (102/300)
  [w1]  #114  0-1     Party extinct                       300 plies   12.8s  (103/300)
  [w3]  #100  0-1     Party extinct                       496 plies   21.0s  (104/300)
  [w1]  #118  0-1     Party extinct                       318 plies   13.6s  (105/300)
  [w0]  #89   *       ply cap (600)                       600 plies   25.3s  (106/300)
  [w2]  #115  *       ply cap (600)                       600 plies   25.3s  (107/300)
  [w1]  #122  0-1     Party extinct                       218 plies    9.3s  (108/300)
  [w2]  #119  0-1     Party extinct                        84 plies    3.6s  (109/300)
  [w3]  #104  0-1     Party extinct                       544 plies   22.9s  (110/300)
  [w2]  #123  0-1     Party extinct                       126 plies    5.4s  (111/300)
  [w1]  #126  0-1     Party extinct                       282 plies   12.0s  (112/300)
  [w3]  #108  0-1     Party extinct                       308 plies   13.1s  (113/300)
  [w0]  #93   *       ply cap (600)                       600 plies   25.4s  (114/300)
  [w2]  #127  *       ply cap (600)                       600 plies   25.3s  (115/300)
  [w0]  #97   0-1     Party extinct                       370 plies   15.7s  (116/300)
  [w1]  #130  *       ply cap (600)                       600 plies   25.5s  (117/300)
  [w3]  #112  *       ply cap (600)                       600 plies   25.2s  (118/300)
  [w2]  #131  *       ply cap (600)                       600 plies   25.2s  (119/300)
  [w0]  #101  *       ply cap (600)                       600 plies   25.2s  (120/300)
  [w1]  #134  *       ply cap (600)                       600 plies   25.3s  (121/300)
  [w3]  #116  *       ply cap (600)                       600 plies   25.3s  (122/300)
  [w1]  #138  0-1     Party extinct                       224 plies    9.4s  (123/300)
  [w3]  #120  0-1     Party extinct                       286 plies   12.0s  (124/300)
  [w2]  #135  *       ply cap (600)                       600 plies   25.3s  (125/300)
  [w1]  #142  0-1     Party extinct                       238 plies   10.0s  (126/300)
  [w0]  #105  *       ply cap (600)                       600 plies   25.3s  (127/300)
  [w3]  #124  0-1     Party extinct                       306 plies   13.0s  (128/300)
  [w3]  #128  0-1     Party extinct                       158 plies    6.7s  (129/300)
  [w2]  #139  0-1     Party extinct                       506 plies   21.4s  (130/300)
  [w3]  #132  0-1     Party extinct                       152 plies    6.4s  (131/300)
  [w1]  #146  *       ply cap (600)                       600 plies   25.5s  (132/300)
  [w0]  #109  *       ply cap (600)                       600 plies   25.4s  (133/300)
  [w2]  #143  0-1     Party extinct                       272 plies   11.5s  (134/300)
  [w1]  #150  0-1     Party extinct                       210 plies    9.0s  (135/300)
  [w2]  #147  0-1     Party extinct                       240 plies   10.1s  (136/300)
  [w3]  #136  *       ply cap (600)                       600 plies   25.2s  (137/300)
  [w0]  #113  0-1     Party extinct                       428 plies   18.2s  (138/300)
  [w2]  #151  0-1     Party extinct                       344 plies   14.6s  (139/300)
  [w1]  #154  *       ply cap (600)                       600 plies   25.3s  (140/300)
  [w0]  #117  0-1     Party extinct                       324 plies   13.8s  (141/300)
  [w3]  #140  *       ply cap (600)                       600 plies   25.3s  (142/300)
  [w2]  #155  *       ply cap (600)                       600 plies   25.3s  (143/300)
  [w1]  #158  *       ply cap (600)                       600 plies   25.3s  (144/300)
  [w0]  #121  *       ply cap (600)                       600 plies   25.4s  (145/300)
  [w0]  #125  0-1     Party extinct                       186 plies    7.9s  (146/300)
  [w3]  #144  0-1     Party extinct                       594 plies   25.1s  (147/300)
  [w2]  #159  *       ply cap (600)                       600 plies   25.3s  (148/300)
  [w1]  #162  *       ply cap (600)                       600 plies   25.3s  (149/300)
  [w2]  #163  0-1     Party has no legal response          62 plies    2.6s  (150/300)
  [w3]  #148  0-1     Party extinct                       520 plies   22.0s  (151/300)
  [w0]  #129  *       ply cap (600)                       600 plies   25.3s  (152/300)
  [w0]  #133  0-1     Party extinct                       122 plies    5.2s  (153/300)
  [w2]  #167  1-0     Treasure checkmated or captured     449 plies   19.0s  (154/300)
  [w1]  #166  *       ply cap (600)                       600 plies   25.3s  (155/300)
  [w3]  #152  *       ply cap (600)                       600 plies   25.3s  (156/300)
  [w0]  #137  *       ply cap (600)                       600 plies   25.3s  (157/300)
  [w2]  #171  *       ply cap (600)                       600 plies   25.4s  (158/300)
  [w1]  #170  *       ply cap (600)                       600 plies   25.3s  (159/300)
  [w0]  #141  0-1     Party extinct                       398 plies   16.8s  (160/300)
  [w3]  #156  *       ply cap (600)                       600 plies   25.7s  (161/300)
  [w0]  #145  1-0     Treasure checkmated or captured      89 plies    3.8s  (162/300)
  [w2]  #175  1-0     Treasure checkmated or captured     479 plies   20.2s  (163/300)
  [w2]  #179  0-1     Party has no legal response          66 plies    3.0s  (164/300)
  [w3]  #160  0-1     Party extinct                       344 plies   14.5s  (165/300)
  [w1]  #174  0-1     Party extinct                       594 plies   25.0s  (166/300)
  [w0]  #149  *       ply cap (600)                       600 plies   25.3s  (167/300)
  [w2]  #183  *       ply cap (600)                       600 plies   25.3s  (168/300)
  [w3]  #164  *       ply cap (600)                       600 plies   25.3s  (169/300)
  [w1]  #178  *       ply cap (600)                       600 plies   25.3s  (170/300)
  [w1]  #182  0-1     Party extinct                       266 plies   11.3s  (171/300)
  [w3]  #168  0-1     Party extinct                       314 plies   13.2s  (172/300)
  [w0]  #153  *       ply cap (600)                       600 plies   25.4s  (173/300)
  [w1]  #186  0-1     Party extinct                       112 plies    4.8s  (174/300)
  [w2]  #187  *       ply cap (600)                       600 plies   25.4s  (175/300)
  [w2]  #191  0-1     Party extinct                        96 plies    4.1s  (176/300)
  [w3]  #172  *       ply cap (600)                       600 plies   25.3s  (177/300)
  [w0]  #157  *       ply cap (600)                       600 plies   25.3s  (178/300)
  [w1]  #190  *       ply cap (600)                       600 plies   25.3s  (179/300)
  [w2]  #195  0-1     Party extinct                       550 plies   23.4s  (180/300)
  [w2]  #199  0-1     Party extinct                        92 plies    4.0s  (181/300)
  [w0]  #161  0-1     Party extinct                       294 plies   12.4s  (182/300)
  [w3]  #176  *       ply cap (600)                       600 plies   25.2s  (183/300)
  [w1]  #194  *       ply cap (600)                       600 plies   25.3s  (184/300)
  [w1]  #198  0-1     Party extinct                       122 plies    5.2s  (185/300)
  [w2]  #203  *       ply cap (600)                       600 plies   25.5s  (186/300)
  [w0]  #165  *       ply cap (600)                       600 plies   25.3s  (187/300)
  [w3]  #180  *       ply cap (600)                       600 plies   25.4s  (188/300)
  [w1]  #202  *       ply cap (600)                       600 plies   25.3s  (189/300)
  [w2]  #207  *       ply cap (600)                       600 plies   25.3s  (190/300)
  [w0]  #169  *       ply cap (600)                       600 plies   25.2s  (191/300)
  [w3]  #184  *       ply cap (600)                       600 plies   25.4s  (192/300)
  [w2]  #211  0-1     Party extinct                       520 plies   21.9s  (193/300)
  [w1]  #206  *       ply cap (600)                       600 plies   25.3s  (194/300)
  [w0]  #173  *       ply cap (600)                       600 plies   25.5s  (195/300)
  [w3]  #188  *       ply cap (600)                       600 plies   25.3s  (196/300)
  [w1]  #210  0-1     Party extinct                       406 plies   17.1s  (197/300)
  [w0]  #177  0-1     Party extinct                       498 plies   21.0s  (198/300)
  [w2]  #215  *       ply cap (600)                       600 plies   25.2s  (199/300)
  [w3]  #192  *       ply cap (600)                       600 plies   25.3s  (200/300)
  [w1]  #214  *       ply cap (600)                       600 plies   25.3s  (201/300)
  [w1]  #218  1-0     Treasure checkmated or captured       5 plies    0.2s  (202/300)
  [w0]  #181  *       ply cap (600)                       600 plies   25.3s  (203/300)
  [w2]  #219  *       ply cap (600)                       600 plies   25.3s  (204/300)
  [w3]  #196  *       ply cap (600)                       600 plies   25.4s  (205/300)
  [w1]  #222  *       ply cap (600)                       600 plies   25.2s  (206/300)
  [w2]  #223  0-1     Party extinct                       510 plies   21.5s  (207/300)
  [w3]  #200  0-1     Party extinct                       158 plies    6.7s  (208/300)
  [w0]  #185  *       ply cap (600)                       600 plies   25.3s  (209/300)
  [w2]  #227  0-1     Party extinct                       212 plies    9.0s  (210/300)
  [w1]  #226  *       ply cap (600)                       600 plies   25.3s  (211/300)
  [w3]  #204  *       ply cap (600)                       600 plies   25.4s  (212/300)
  [w0]  #189  *       ply cap (600)                       600 plies   25.3s  (213/300)
  [w1]  #230  0-1     Party extinct                       172 plies    7.4s  (214/300)
  [w2]  #231  *       ply cap (600)                       600 plies   25.3s  (215/300)
  [w3]  #208  0-1     Party extinct                       264 plies   11.3s  (216/300)
  [w0]  #193  0-1     Party extinct                       406 plies   17.3s  (217/300)
  [w3]  #212  0-1     Party extinct                       292 plies   12.4s  (218/300)
  [w1]  #234  *       ply cap (600)                       600 plies   25.5s  (219/300)
  [w3]  #216  0-1     Party extinct                       132 plies    5.6s  (220/300)
  [w2]  #235  1-0     Treasure checkmated or captured     533 plies   22.5s  (221/300)
  [w2]  #239  0-1     Party extinct                       134 plies    5.7s  (222/300)
  [w1]  #238  0-1     Party extinct                       212 plies    8.9s  (223/300)
  [w0]  #197  *       ply cap (600)                       600 plies   25.2s  (224/300)
  [w3]  #220  *       ply cap (600)                       600 plies   25.3s  (225/300)
  [w2]  #243  *       ply cap (600)                       600 plies   25.2s  (226/300)
  [w1]  #242  *       ply cap (600)                       600 plies   25.3s  (227/300)
  [w3]  #224  0-1     Party extinct                       164 plies    6.9s  (228/300)
  [w0]  #201  *       ply cap (600)                       600 plies   25.3s  (229/300)
  [w1]  #246  0-1     Party extinct                       224 plies    9.5s  (230/300)
  [w1]  #250  1-0     Treasure checkmated or captured      25 plies    1.1s  (231/300)
  [w3]  #228  0-1     Party extinct                       444 plies   18.8s  (232/300)
  [w2]  #247  *       ply cap (600)                       600 plies   25.4s  (233/300)
  [w0]  #205  *       ply cap (600)                       600 plies   25.2s  (234/300)
  [w1]  #254  *       ply cap (600)                       600 plies   25.2s  (235/300)
  [w3]  #232  *       ply cap (600)                       600 plies   25.3s  (236/300)
  [w2]  #251  0-1     Party extinct                       588 plies   25.0s  (237/300)
  [w0]  #209  *       ply cap (600)                       600 plies   25.4s  (238/300)
  [w1]  #258  *       ply cap (600)                       600 plies   25.4s  (239/300)
  [w3]  #236  *       ply cap (600)                       600 plies   25.2s  (240/300)
  [w2]  #255  *       ply cap (600)                       600 plies   25.2s  (241/300)
  [w3]  #240  0-1     Party extinct                       164 plies    7.0s  (242/300)
  [w0]  #213  *       ply cap (600)                       600 plies   25.3s  (243/300)
  [w1]  #262  *       ply cap (600)                       600 plies   25.2s  (244/300)
  [w2]  #259  1-0     Treasure checkmated or captured     399 plies   16.8s  (245/300)
  [w3]  #244  0-1     Party extinct                       528 plies   22.4s  (246/300)
  [w0]  #217  *       ply cap (600)                       600 plies   25.3s  (247/300)
  [w1]  #266  *       ply cap (600)                       600 plies   25.2s  (248/300)
  [w2]  #263  *       ply cap (600)                       600 plies   25.3s  (249/300)
  [w1]  #270  0-1     Party extinct                       196 plies    8.3s  (250/300)
  [w3]  #248  *       ply cap (600)                       600 plies   25.3s  (251/300)
  [w0]  #221  *       ply cap (600)                       600 plies   25.3s  (252/300)
  [w3]  #252  0-1     Party extinct                       360 plies   15.2s  (253/300)
  [w2]  #267  *       ply cap (600)                       600 plies   25.3s  (254/300)
  [w1]  #274  *       ply cap (600)                       600 plies   25.4s  (255/300)
  [w1]  #278  1-0     Treasure checkmated or captured       1 plies    0.1s  (256/300)
  [w0]  #225  0-1     Party extinct                       530 plies   22.4s  (257/300)
  [w1]  #282  0-1     Party extinct                       314 plies   13.2s  (258/300)
  [w3]  #256  *       ply cap (600)                       600 plies   25.6s  (259/300)
  [w2]  #271  0-1     Party extinct                       572 plies   24.1s  (260/300)
  [w0]  #229  0-1     Party extinct                       462 plies   19.5s  (261/300)
  [w1]  #286  *       ply cap (600)                       600 plies   25.3s  (262/300)
  [w3]  #260  0-1     Party extinct                       496 plies   21.0s  (263/300)
  [w2]  #275  *       ply cap (600)                       600 plies   25.3s  (264/300)
  [w0]  #233  0-1     Party extinct                       396 plies   16.7s  (265/300)
  [w1]  #290  *       ply cap (600)                       600 plies   25.2s  (266/300)
  [w3]  #264  *       ply cap (600)                       600 plies   25.3s  (267/300)
  [w2]  #279  *       ply cap (600)                       600 plies   25.3s  (268/300)
  [w0]  #237  *       ply cap (600)                       600 plies   25.3s  (269/300)
  [w1]  #294  0-1     Party extinct                       252 plies   10.7s  (270/300)
  [w2]  #283  0-1     Party extinct                       172 plies    7.4s  (271/300)
  [w3]  #268  0-1     Party extinct                       326 plies   13.8s  (272/300)
  [w0]  #241  0-1     Party extinct                       266 plies   11.2s  (273/300)
  [w2]  #287  0-1     Party extinct                       382 plies   16.2s  (274/300)
  [w1]  #298  *       ply cap (600)                       600 plies   25.2s  (275/300)
  [w0]  #245  0-1     Party extinct                       380 plies   16.1s  (276/300)
  [w3]  #272  *       ply cap (600)                       600 plies   25.2s  (277/300)
  [w2]  #291  *       ply cap (600)                       600 plies   25.4s  (278/300)
  [w0]  #249  *       ply cap (600)                       600 plies   25.3s  (279/300)
  [w3]  #276  *       ply cap (600)                       600 plies   25.4s  (280/300)
  [w2]  #295  *       ply cap (600)                       600 plies   25.5s  (281/300)
  [w0]  #253  *       ply cap (600)                       600 plies   25.3s  (282/300)
  [w3]  #280  *       ply cap (600)                       600 plies   25.4s  (283/300)
  [w0]  #257  0-1     Party extinct                       434 plies   18.3s  (284/300)
  [w2]  #299  *       ply cap (600)                       600 plies   25.4s  (285/300)
  [w3]  #284  *       ply cap (600)                       600 plies   25.3s  (286/300)
  [w0]  #261  *       ply cap (600)                       600 plies   25.3s  (287/300)
  [w3]  #288  0-1     Party extinct                       476 plies   20.1s  (288/300)
  [w0]  #265  *       ply cap (600)                       600 plies   25.2s  (289/300)
  [w3]  #292  *       ply cap (600)                       600 plies   25.3s  (290/300)
  [w0]  #269  1-0     Treasure checkmated or captured     371 plies   15.6s  (291/300)
  [w3]  #296  *       ply cap (600)                       600 plies   25.3s  (292/300)
  [w0]  #273  *       ply cap (600)                       600 plies   25.4s  (293/300)
  [w3]  #300  *       ply cap (600)                       600 plies   25.4s  (294/300)
  [w0]  #277  *       ply cap (600)                       600 plies   25.3s  (295/300)
  [w0]  #281  0-1     Party extinct                       440 plies   18.7s  (296/300)
  [w0]  #285  *       ply cap (600)                       600 plies   25.5s  (297/300)
  [w0]  #289  *       ply cap (600)                       600 plies   25.3s  (298/300)
  [w0]  #293  0-1     Party extinct                       494 plies   21.0s  (299/300)
  [w0]  #297  0-1     Party extinct                        86 plies    3.7s  (300/300)

========================================================
  Rule set    : v5-d8-baseline
  Games       : 300
--------------------------------------------------------
  Party wins  :   18  (  6.0%)
  Horde wins  :  122  ( 40.7%)
  Unfinished  :  160  ( 53.3%)
--------------------------------------------------------
  Decisive      :  46.7%
  Party(decisive):  12.9%   95% CI [  8.3% ..  19.4%]
  Imbalance     :  74.3%   (0% = perfectly balanced decisive games)
  Median plies  : 294  (decisive games)

  COMPOSITE SCORE : 0.120   (1.0 = balanced & decisive)
========================================================
  total time : 1605.1s  (5.35s / game, 4x)
  pgn        : reports/v5-overnight/match-v5-d8-baseline.pgn

[2/6] rulesets/v5-d8-minion-9.json
Match: rule-set 'v5-d8-minion-9'  games=300  depth=8  max-plies=600  openings=300x6plies  seed=20260424  parallel=4
  variants : /var/folders/gb/ns03xtr53539qh0kc35fzv8dxfq40g/T/yes-hybrid/variants-v5-d8-minion-9-6972-1415d66083474cbfa185e6e952dbedd4.ini
  startFen : 4abtba3/m1mubmbumm2/12/3*4*3/4**6/12/12/3XCLSD4 w - - 0 1
  openings : 300 distinct (requested 300)

  [w1]  #2    0-1     Party extinct                       104 plies    4.6s  (1/300)
  [w1]  #6    0-1     Party extinct                       102 plies    4.6s  (2/300)
  [w0]  #1    0-1     Party extinct                       310 plies   13.2s  (3/300)
  [w3]  #4    *       ply cap (600)                       600 plies   25.2s  (4/300)
  [w2]  #3    *       ply cap (600)                       600 plies   25.3s  (5/300)
  [w3]  #8    0-1     Party extinct                       204 plies    8.8s  (6/300)
  [w1]  #10   *       ply cap (600)                       600 plies   26.0s  (7/300)
  [w0]  #5    *       ply cap (600)                       600 plies   25.6s  (8/300)
  [w3]  #12   0-1     Party extinct                       384 plies   16.3s  (9/300)
  [w2]  #7    *       ply cap (600)                       600 plies   25.4s  (10/300)
  [w1]  #14   *       ply cap (600)                       600 plies   25.4s  (11/300)
  [w3]  #16   0-1     Party extinct                       254 plies   10.8s  (12/300)
  [w0]  #9    *       ply cap (600)                       600 plies   25.4s  (13/300)
  [w1]  #18   1-0     Treasure checkmated or captured     113 plies    5.1s  (14/300)
  [w2]  #11   0-1     Party extinct                       424 plies   17.9s  (15/300)
  [w3]  #20   0-1     Party extinct                       392 plies   16.9s  (16/300)
  [w0]  #13   *       ply cap (600)                       600 plies   25.4s  (17/300)
  [w1]  #22   0-1     Party extinct                       582 plies   24.6s  (18/300)
  [w0]  #17   1-0     Treasure checkmated or captured      51 plies    2.4s  (19/300)
  [w2]  #15   0-1     Party extinct                       594 plies   25.2s  (20/300)
  [w3]  #24   *       ply cap (600)                       600 plies   25.3s  (21/300)
  [w1]  #26   *       ply cap (600)                       600 plies   25.4s  (22/300)
  [w0]  #21   *       ply cap (600)                       600 plies   25.2s  (23/300)
  [w3]  #28   0-1     Party extinct                       370 plies   15.8s  (24/300)
  [w2]  #19   *       ply cap (600)                       600 plies   25.5s  (25/300)
  [w0]  #25   0-1     Party extinct                       272 plies   11.5s  (26/300)
  [w0]  #29   1-0     Treasure checkmated or captured      93 plies    4.0s  (27/300)
  [w2]  #23   0-1     Party extinct                       434 plies   18.3s  (28/300)
  [w1]  #30   *       ply cap (600)                       600 plies   25.3s  (29/300)
  [w3]  #32   *       ply cap (600)                       600 plies   25.7s  (30/300)
  [w3]  #36   0-1     Party extinct                       166 plies    7.2s  (31/300)
  [w2]  #27   0-1     Party extinct                       464 plies   19.6s  (32/300)
  [w0]  #33   *       ply cap (600)                       600 plies   25.4s  (33/300)
  [w1]  #34   *       ply cap (600)                       600 plies   25.3s  (34/300)
  [w1]  #38   0-1     Party extinct                       230 plies    9.9s  (35/300)
  [w3]  #40   *       ply cap (600)                       600 plies   25.3s  (36/300)
  [w0]  #37   0-1     Party extinct                       466 plies   19.7s  (37/300)
  [w2]  #31   *       ply cap (600)                       600 plies   25.5s  (38/300)
  [w0]  #41   0-1     Party extinct                       268 plies   11.4s  (39/300)
  [w0]  #45   0-1     Party extinct                       126 plies    5.5s  (40/300)
  [w1]  #42   *       ply cap (600)                       600 plies   25.2s  (41/300)
  [w3]  #44   *       ply cap (600)                       600 plies   25.4s  (42/300)
  [w2]  #35   *       ply cap (600)                       600 plies   25.3s  (43/300)
  [w0]  #49   0-1     Party extinct                       446 plies   19.1s  (44/300)
  [w0]  #53   0-1     Party extinct                       284 plies   12.1s  (45/300)
  [w1]  #46   *       ply cap (600)                       600 plies   25.4s  (46/300)
  [w3]  #48   *       ply cap (600)                       600 plies   25.3s  (47/300)
  [w2]  #39   *       ply cap (600)                       600 plies   25.2s  (48/300)
  [w1]  #50   0-1     Party extinct                       270 plies   11.4s  (49/300)
  [w0]  #57   *       ply cap (600)                       600 plies   25.3s  (50/300)
  [w3]  #52   *       ply cap (600)                       600 plies   25.2s  (51/300)
  [w2]  #43   *       ply cap (600)                       600 plies   25.4s  (52/300)
  [w3]  #56   0-1     Party extinct                       180 plies    7.6s  (53/300)
  [w1]  #54   *       ply cap (600)                       600 plies   25.2s  (54/300)
  [w0]  #61   *       ply cap (600)                       600 plies   25.3s  (55/300)
  [w3]  #60   0-1     Party extinct                       494 plies   20.9s  (56/300)
  [w2]  #47   *       ply cap (600)                       600 plies   25.2s  (57/300)
  [w3]  #64   0-1     Party extinct                       106 plies    4.6s  (58/300)
  [w1]  #58   *       ply cap (600)                       600 plies   25.3s  (59/300)
  [w3]  #68   0-1     Party extinct                       132 plies    5.6s  (60/300)
  [w0]  #65   0-1     Party extinct                       598 plies   25.2s  (61/300)
  [w0]  #69   0-1     Party extinct                       106 plies    4.5s  (62/300)
  [w2]  #51   *       ply cap (600)                       600 plies   25.5s  (63/300)
  [w1]  #62   *       ply cap (600)                       600 plies   25.2s  (64/300)
  [w2]  #55   0-1     Party extinct                       148 plies    6.4s  (65/300)
  [w3]  #72   *       ply cap (600)                       600 plies   25.3s  (66/300)
  [w1]  #66   0-1     Party extinct                       250 plies   10.8s  (67/300)
  [w3]  #76   0-1     Party extinct                       214 plies    9.1s  (68/300)
  [w0]  #73   *       ply cap (600)                       600 plies   25.3s  (69/300)
  [w2]  #59   *       ply cap (600)                       600 plies   25.3s  (70/300)
  [w1]  #70   0-1     Party extinct                       454 plies   19.2s  (71/300)
  [w2]  #63   0-1     Party extinct                        80 plies    3.5s  (72/300)
  [w3]  #80   *       ply cap (600)                       600 plies   25.4s  (73/300)
  [w0]  #77   *       ply cap (600)                       600 plies   25.4s  (74/300)
  [w1]  #74   *       ply cap (600)                       600 plies   25.2s  (75/300)
  [w2]  #67   *       ply cap (600)                       600 plies   25.3s  (76/300)
  [w2]  #71   0-1     Party extinct                       102 plies    4.3s  (77/300)
  [w3]  #84   *       ply cap (600)                       600 plies   25.3s  (78/300)
  [w0]  #81   *       ply cap (600)                       600 plies   25.4s  (79/300)
  [w3]  #88   0-1     Party extinct                       202 plies    8.5s  (80/300)
  [w3]  #92   0-1     Party extinct                        96 plies    4.2s  (81/300)
  [w1]  #78   *       ply cap (600)                       600 plies   25.3s  (82/300)
  [w2]  #75   1-0     Treasure checkmated or captured     585 plies   24.8s  (83/300)
  [w0]  #85   0-1     Party extinct                       468 plies   19.9s  (84/300)
  [w3]  #96   0-1     Party extinct                       408 plies   17.3s  (85/300)
  [w2]  #79   0-1     Party extinct                       392 plies   16.5s  (86/300)
  [w2]  #83   0-1     Party extinct                       160 plies    6.7s  (87/300)
  [w0]  #89   *       ply cap (600)                       600 plies   25.2s  (88/300)
  [w3]  #100  *       ply cap (600)                       600 plies   25.2s  (89/300)
  [w0]  #93   0-1     Party extinct                       278 plies   11.8s  (90/300)
  [w3]  #104  0-1     Party extinct                       296 plies   12.5s  (91/300)
  [w2]  #87   *       ply cap (600)                       600 plies   25.2s  (92/300)
  [w3]  #108  0-1     Party extinct                       106 plies    4.5s  (93/300)
  [w0]  #97   *       ply cap (600)                       600 plies   25.2s  (94/300)
  [w2]  #91   0-1     Party extinct                       428 plies   18.0s  (95/300)
  [w3]  #112  *       ply cap (600)                       600 plies   25.3s  (96/300)
  [w2]  #95   0-1     Party extinct                       438 plies   18.5s  (97/300)
  [w0]  #101  *       ply cap (600)                       600 plies   25.2s  (98/300)
  [w3]  #116  0-1     Party extinct                       424 plies   17.9s  (99/300)
  [w0]  #105  0-1     Party extinct                       172 plies    7.2s  (100/300)
  [w2]  #99   0-1     Party extinct                       354 plies   14.9s  (101/300)
  [w3]  #120  *       ply cap (600)                       600 plies   25.2s  (102/300)
  [w0]  #109  *       ply cap (600)                       600 plies   25.2s  (103/300)
  [w3]  #124  0-1     Party extinct                       124 plies    5.3s  (104/300)
  [w2]  #103  *       ply cap (600)                       600 plies   25.2s  (105/300)
  [w1]  #82   *       engine timeout                      304 plies  132.9s  (106/300)
  [w0]  #113  0-1     Party extinct                       330 plies   13.9s  (107/300)
  [w0]  #117  0-1     Party extinct                       236 plies   10.0s  (108/300)
  [w3]  #128  *       ply cap (600)                       600 plies   25.3s  (109/300)
  [w2]  #107  *       ply cap (600)                       600 plies   25.3s  (110/300)
  [w2]  #111  0-1     Party extinct                       494 plies   20.8s  (111/300)
  [w0]  #121  *       ply cap (600)                       600 plies   25.5s  (112/300)
  [w3]  #132  *       ply cap (600)                       600 plies   25.3s  (113/300)
  [w2]  #115  0-1     Party extinct                       138 plies    5.8s  (114/300)
  [w0]  #125  *       ply cap (600)                       600 plies   25.5s  (115/300)
  [w3]  #136  *       ply cap (600)                       600 plies   25.4s  (116/300)
  [w2]  #119  *       ply cap (600)                       600 plies   25.3s  (117/300)
  [w3]  #140  0-1     Party extinct                       116 plies    4.9s  (118/300)
  [w3]  #144  0-1     Party has no legal response          66 plies    2.8s  (119/300)
  [w0]  #129  *       ply cap (600)                       600 plies   25.5s  (120/300)
  [w2]  #123  *       ply cap (600)                       600 plies   25.2s  (121/300)
  [w0]  #133  0-1     Party extinct                       110 plies    4.8s  (122/300)
  [w3]  #148  *       ply cap (600)                       600 plies   25.3s  (123/300)
  [w2]  #127  0-1     Party extinct                       182 plies    7.8s  (124/300)
  [w3]  #152  0-1     Party extinct                       446 plies   18.9s  (125/300)
  [w0]  #137  *       ply cap (600)                       600 plies   25.4s  (126/300)
  [w2]  #131  *       ply cap (600)                       600 plies   25.3s  (127/300)
  [w3]  #156  0-1     Party extinct                       276 plies   11.7s  (128/300)
  [w2]  #135  0-1     Party extinct                       254 plies   11.0s  (129/300)
  [w0]  #141  1-0     Treasure checkmated or captured     459 plies   19.5s  (130/300)
  [w2]  #139  0-1     Party extinct                       380 plies   16.2s  (131/300)
  [w3]  #160  *       ply cap (600)                       600 plies   25.3s  (132/300)
  [w2]  #143  0-1     Party extinct                       108 plies    4.6s  (133/300)
  [w0]  #145  0-1     Party extinct                       578 plies   24.5s  (134/300)
  [w0]  #149  0-1     Party extinct                       152 plies    6.5s  (135/300)
  [w0]  #153  0-1     Party has no legal response         102 plies    4.5s  (136/300)
  [w3]  #164  *       ply cap (600)                       600 plies   25.5s  (137/300)
  [w2]  #147  *       ply cap (600)                       600 plies   25.4s  (138/300)
  [w0]  #157  *       ply cap (600)                       600 plies   25.5s  (139/300)
  [w3]  #168  *       ply cap (600)                       600 plies   25.3s  (140/300)
  [w2]  #151  *       ply cap (600)                       600 plies   25.3s  (141/300)
  [w0]  #161  *       ply cap (600)                       600 plies   25.3s  (142/300)
  [w3]  #172  *       ply cap (600)                       600 plies   25.4s  (143/300)
  [w2]  #155  *       ply cap (600)                       600 plies   25.2s  (144/300)
  [w0]  #165  0-1     Party extinct                       248 plies   10.6s  (145/300)
  [w0]  #169  0-1     Party extinct                       304 plies   12.9s  (146/300)
  [w2]  #159  0-1     Party extinct                       374 plies   15.9s  (147/300)
  [w3]  #176  *       ply cap (600)                       600 plies   25.3s  (148/300)
  [w2]  #163  0-1     Party has no legal response         156 plies    6.7s  (149/300)
  [w2]  #167  0-1     Party extinct                       276 plies   11.7s  (150/300)
  [w3]  #180  0-1     Party extinct                       326 plies   13.8s  (151/300)
  [w0]  #173  *       ply cap (600)                       600 plies   25.3s  (152/300)
  [w0]  #177  0-1     Party extinct                       386 plies   16.4s  (153/300)
  [w2]  #171  *       ply cap (600)                       600 plies   25.3s  (154/300)
  [w3]  #184  *       ply cap (600)                       600 plies   25.3s  (155/300)
  [w0]  #181  0-1     Party extinct                       288 plies   12.3s  (156/300)
  [w2]  #175  0-1     Party extinct                       278 plies   11.9s  (157/300)
  [w3]  #188  0-1     Party extinct                       392 plies   16.5s  (158/300)
  [w3]  #192  0-1     Party extinct                       116 plies    5.1s  (159/300)
  [w0]  #185  *       ply cap (600)                       600 plies   25.3s  (160/300)
  [w2]  #179  *       ply cap (600)                       600 plies   25.3s  (161/300)
  [w2]  #183  0-1     Party extinct                       188 plies    7.9s  (162/300)
  [w3]  #196  *       ply cap (600)                       600 plies   25.3s  (163/300)
  [w2]  #187  0-1     Party extinct                       174 plies    7.4s  (164/300)
  [w0]  #189  *       ply cap (600)                       600 plies   25.3s  (165/300)
  [w3]  #200  0-1     Party extinct                       422 plies   18.0s  (166/300)
  [w2]  #191  0-1     Party extinct                       524 plies   22.3s  (167/300)
  [w0]  #193  0-1     Party extinct                       454 plies   19.2s  (168/300)
  [w2]  #195  0-1     Party extinct                       248 plies   10.5s  (169/300)
  [w0]  #197  0-1     Party extinct                       186 plies    7.9s  (170/300)
  [w3]  #204  *       ply cap (600)                       600 plies   25.3s  (171/300)
  [w0]  #201  0-1     Party extinct                       128 plies    5.5s  (172/300)
  [w2]  #199  *       ply cap (600)                       600 plies   25.3s  (173/300)
  [w0]  #205  0-1     Party extinct                       476 plies   20.2s  (174/300)
  [w3]  #208  *       ply cap (600)                       600 plies   25.4s  (175/300)
  [w3]  #212  0-1     Party extinct                       168 plies    7.1s  (176/300)
  [w0]  #209  0-1     Party extinct                       316 plies   13.5s  (177/300)
  [w2]  #203  *       ply cap (600)                       600 plies   25.3s  (178/300)
  [w3]  #216  0-1     Party extinct                       316 plies   13.4s  (179/300)
  [w2]  #207  0-1     Party extinct                       258 plies   11.0s  (180/300)
  [w0]  #213  *       ply cap (600)                       600 plies   25.3s  (181/300)
  [w0]  #217  0-1     Party extinct                       216 plies    9.2s  (182/300)
  [w3]  #220  *       ply cap (600)                       600 plies   25.3s  (183/300)
  [w2]  #211  *       ply cap (600)                       600 plies   25.4s  (184/300)
  [w0]  #221  0-1     Party extinct                       364 plies   15.4s  (185/300)
  [w3]  #224  *       ply cap (600)                       600 plies   25.3s  (186/300)
  [w2]  #215  0-1     Party extinct                       430 plies   18.2s  (187/300)
  [w3]  #228  0-1     Party extinct                       110 plies    4.7s  (188/300)
  [w0]  #225  *       ply cap (600)                       600 plies   25.4s  (189/300)
  [w2]  #219  *       ply cap (600)                       600 plies   25.3s  (190/300)
  [w3]  #232  *       ply cap (600)                       600 plies   25.5s  (191/300)
  [w3]  #236  0-1     Party has no legal response         168 plies    7.2s  (192/300)
  [w2]  #223  0-1     Party extinct                       594 plies   25.0s  (193/300)
  [w3]  #240  *       ply cap (600)                       600 plies   25.3s  (194/300)
  [w3]  #244  0-1     Party extinct                       152 plies    6.5s  (195/300)
  [w2]  #227  *       ply cap (600)                       600 plies   25.3s  (196/300)
  [w3]  #248  0-1     Party extinct                       318 plies   13.4s  (197/300)
  [w3]  #252  0-1     Party extinct                       208 plies    8.8s  (198/300)
  [w2]  #231  *       ply cap (600)                       600 plies   25.2s  (199/300)
  [w3]  #256  *       ply cap (600)                       600 plies   25.2s  (200/300)
  [w2]  #235  *       ply cap (600)                       600 plies   25.2s  (201/300)
  [w3]  #260  *       ply cap (600)                       600 plies   25.2s  (202/300)
  [w3]  #264  0-1     Party extinct                       142 plies    6.0s  (203/300)
  [w0]  #229  *       engine timeout                      421 plies  138.2s  (204/300)
  [w2]  #239  *       ply cap (600)                       600 plies   25.3s  (205/300)
  [w2]  #243  0-1     Party extinct                       204 plies    8.7s  (206/300)
  [w3]  #268  *       ply cap (600)                       600 plies   25.3s  (207/300)
  [w3]  #272  0-1     Party extinct                       252 plies   10.8s  (208/300)
  [w2]  #247  *       ply cap (600)                       600 plies   25.4s  (209/300)
  [w3]  #276  0-1     Party extinct                       294 plies   12.5s  (210/300)
  [w2]  #251  *       ply cap (600)                       600 plies   25.6s  (211/300)
  [w3]  #280  *       ply cap (600)                       600 plies   25.6s  (212/300)
  [w3]  #284  0-1     Party extinct                       150 plies    6.4s  (213/300)
  [w2]  #255  *       ply cap (600)                       600 plies   25.6s  (214/300)
  [w3]  #288  *       ply cap (600)                       600 plies   25.3s  (215/300)
  [w2]  #259  *       ply cap (600)                       600 plies   25.3s  (216/300)
  [w3]  #292  0-1     Party extinct                       440 plies   18.6s  (217/300)
  [w3]  #296  0-1     Party extinct                       320 plies   13.5s  (218/300)
  [w2]  #263  *       ply cap (600)                       600 plies   25.5s  (219/300)
  [w3]  #300  *       ply cap (600)                       600 plies   25.3s  (220/300)
  [w2]  #267  *       ply cap (600)                       600 plies   25.5s  (221/300)
  [w2]  #271  *       ply cap (600)                       600 plies   25.4s  (222/300)
  [w2]  #275  *       ply cap (600)                       600 plies   25.5s  (223/300)
  [w2]  #279  1-0     Treasure checkmated or captured       1 plies    0.1s  (224/300)
  [w2]  #283  1-0     Treasure checkmated or captured       1 plies    0.1s  (225/300)
  [w2]  #287  0-1     Party extinct                       224 plies    9.7s  (226/300)
  [w2]  #291  *       ply cap (600)                       600 plies   25.3s  (227/300)
  [w2]  #295  *       ply cap (600)                       600 plies   25.4s  (228/300)
  [w2]  #299  *       ply cap (600)                       600 plies   25.3s  (229/300)
error: Pipe is broken.
