Match: rule-set 'v4-mf-minion-9'  games=150  depth=6  max-plies=400  openings=150x6plies  seed=20260424  parallel=4
  variants : /var/folders/gb/ns03xtr53539qh0kc35fzv8dxfq40g/T/yes-hybrid/variants-v4-mf-minion-9-98445-786fe78255bf4dffa45b7456d2cc0792.ini
  startFen : 4abtba3/m1mubmbumm2/12/3*4*3/4**6/12/12/3XCLSD4 w - - 0 1
  openings : 150 distinct (requested 150)

  [w3]  #4    1-0     Treasure checkmated or captured      81 plies    3.6s  (1/150)
  [w0]  #1    0-1     Party extinct                       198 plies    8.7s  (2/150)
  [w1]  #2    *       ply cap (400)                       400 plies   17.5s  (3/150)
  [w2]  #3    *       ply cap (400)                       400 plies   17.5s  (4/150)
  [w3]  #8    *       ply cap (400)                       400 plies   17.5s  (5/150)
  [w0]  #5    *       ply cap (400)                       400 plies   17.5s  (6/150)
  [w2]  #7    0-1     Party extinct                       318 plies   14.0s  (7/150)
  [w1]  #6    *       ply cap (400)                       400 plies   17.5s  (8/150)
  [w2]  #11   0-1     Party extinct                       114 plies    5.0s  (9/150)
  [w3]  #12   *       ply cap (400)                       400 plies   17.5s  (10/150)
  [w1]  #10   1-0     Treasure checkmated or captured     159 plies    7.0s  (11/150)
  [w2]  #15   0-1     Party extinct                       148 plies    6.5s  (12/150)
  [w0]  #9    *       ply cap (400)                       400 plies   17.5s  (13/150)
  [w3]  #16   *       ply cap (400)                       400 plies   17.5s  (14/150)
  [w1]  #14   *       ply cap (400)                       400 plies   17.5s  (15/150)
  [w2]  #19   *       ply cap (400)                       400 plies   17.6s  (16/150)
  [w0]  #13   *       ply cap (400)                       400 plies   17.5s  (17/150)
  [w3]  #20   1-0     Treasure checkmated or captured     249 plies   10.9s  (18/150)
  [w1]  #18   *       ply cap (400)                       400 plies   17.5s  (19/150)
  [w2]  #23   *       ply cap (400)                       400 plies   17.5s  (20/150)
  [w0]  #17   *       ply cap (400)                       400 plies   17.5s  (21/150)
  [w3]  #24   0-1     Party extinct                       386 plies   16.9s  (22/150)
  [w3]  #28   0-1     Party extinct                       142 plies    6.2s  (23/150)
  [w3]  #32   0-1     Party extinct                        82 plies    3.6s  (24/150)
  [w1]  #22   *       ply cap (400)                       400 plies   17.5s  (25/150)
  [w2]  #27   *       ply cap (400)                       400 plies   17.5s  (26/150)
  [w0]  #21   *       ply cap (400)                       400 plies   17.5s  (27/150)
  [w3]  #36   1-0     Treasure checkmated or captured      97 plies    4.3s  (28/150)
  [w2]  #31   0-1     Party extinct                       218 plies    9.6s  (29/150)
  [w1]  #26   *       ply cap (400)                       400 plies   17.5s  (30/150)
  [w0]  #25   1-0     Treasure checkmated or captured     399 plies   17.5s  (31/150)
  [w3]  #40   *       ply cap (400)                       400 plies   17.5s  (32/150)
  [w2]  #35   1-0     Treasure checkmated or captured     359 plies   15.7s  (33/150)
  [w3]  #44   0-1     Party extinct                       148 plies    6.5s  (34/150)
  [w1]  #30   *       ply cap (400)                       400 plies   17.5s  (35/150)
  [w2]  #39   0-1     Party extinct                       200 plies    8.8s  (36/150)
  [w0]  #29   *       ply cap (400)                       400 plies   17.5s  (37/150)
  [w3]  #48   1-0     Treasure checkmated or captured     327 plies   14.4s  (38/150)
  [w2]  #43   1-0     Treasure checkmated or captured     203 plies    8.9s  (39/150)
  [w3]  #52   1-0     Treasure checkmated or captured     161 plies    7.1s  (40/150)
  [w1]  #34   *       ply cap (400)                       400 plies   17.5s  (41/150)
  [w0]  #33   *       ply cap (400)                       400 plies   17.5s  (42/150)
  [w2]  #47   0-1     Party extinct                       396 plies   17.3s  (43/150)
  [w3]  #56   *       ply cap (400)                       400 plies   17.5s  (44/150)
  [w1]  #38   *       ply cap (400)                       400 plies   17.5s  (45/150)
  [w2]  #51   0-1     Party extinct                       224 plies    9.8s  (46/150)
  [w0]  #37   *       ply cap (400)                       400 plies   17.5s  (47/150)
  [w3]  #60   0-1     Party extinct                       166 plies    7.3s  (48/150)
  [w1]  #42   1-0     Treasure checkmated or captured     107 plies    4.7s  (49/150)
  [w0]  #41   0-1     Party extinct                       184 plies    8.1s  (50/150)
  [w2]  #55   *       ply cap (400)                       400 plies   17.5s  (51/150)
  [w3]  #64   *       ply cap (400)                       400 plies   17.5s  (52/150)
  [w1]  #46   *       ply cap (400)                       400 plies   17.5s  (53/150)
  [w0]  #45   1-0     Treasure checkmated or captured     349 plies   15.3s  (54/150)
  [w2]  #59   0-1     Party extinct                       190 plies    8.3s  (55/150)
  [w1]  #50   0-1     Party extinct                       132 plies    5.8s  (56/150)
  [w0]  #49   0-1     Party extinct                       184 plies    8.1s  (57/150)
  [w2]  #63   1-0     Treasure checkmated or captured     159 plies    7.0s  (58/150)
  [w3]  #68   *       ply cap (400)                       400 plies   17.5s  (59/150)
  [w1]  #54   *       ply cap (400)                       400 plies   17.5s  (60/150)
  [w0]  #53   1-0     Treasure checkmated or captured     399 plies   17.5s  (61/150)
  [w2]  #67   *       ply cap (400)                       400 plies   17.5s  (62/150)
  [w3]  #72   *       ply cap (400)                       400 plies   17.5s  (63/150)
  [w1]  #58   *       ply cap (400)                       400 plies   17.5s  (64/150)
  [w0]  #57   0-1     Party extinct                       382 plies   16.7s  (65/150)
  [w2]  #71   *       ply cap (400)                       400 plies   17.5s  (66/150)
  [w2]  #75   1-0     Treasure checkmated or captured      53 plies    2.3s  (67/150)
  [w3]  #76   *       ply cap (400)                       400 plies   17.5s  (68/150)
  [w1]  #62   1-0     Treasure checkmated or captured     295 plies   12.9s  (69/150)
  [w3]  #80   0-1     Party extinct                       124 plies    5.4s  (70/150)
  [w1]  #66   1-0     Treasure checkmated or captured     121 plies    5.3s  (71/150)
  [w0]  #61   *       ply cap (400)                       400 plies   17.5s  (72/150)
  [w2]  #79   *       ply cap (400)                       400 plies   17.5s  (73/150)
  [w0]  #65   0-1     Party extinct                       204 plies    8.9s  (74/150)
  [w3]  #84   *       ply cap (400)                       400 plies   17.5s  (75/150)
  [w1]  #70   *       ply cap (400)                       400 plies   17.5s  (76/150)
  [w2]  #83   0-1     Party extinct                       288 plies   12.6s  (77/150)
  [w3]  #88   1-0     Treasure checkmated or captured     125 plies    5.5s  (78/150)
  [w3]  #92   0-1     Party extinct                       120 plies    5.3s  (79/150)
  [w0]  #69   1-0     Treasure checkmated or captured     315 plies   13.8s  (80/150)
  [w1]  #74   0-1     Party extinct                       394 plies   17.3s  (81/150)
  [w2]  #87   1-0     Treasure checkmated or captured     361 plies   15.8s  (82/150)
  [w1]  #78   0-1     Party extinct                       134 plies    5.9s  (83/150)
  [w3]  #96   *       ply cap (400)                       400 plies   17.5s  (84/150)
  [w0]  #73   *       ply cap (400)                       400 plies   17.5s  (85/150)
  [w1]  #82   0-1     Party extinct                       170 plies    7.5s  (86/150)
  [w3]  #100  1-0     Treasure checkmated or captured     103 plies    4.5s  (87/150)
  [w2]  #91   *       ply cap (400)                       400 plies   17.5s  (88/150)
  [w1]  #86   0-1     Party extinct                       162 plies    7.1s  (89/150)
  [w0]  #77   *       ply cap (400)                       400 plies   17.5s  (90/150)
  [w3]  #104  0-1     Party extinct                       302 plies   13.3s  (91/150)
  [w2]  #95   *       ply cap (400)                       400 plies   17.5s  (92/150)
  [w3]  #108  1-0     Treasure checkmated or captured     225 plies    9.9s  (93/150)
  [w1]  #90   *       ply cap (400)                       400 plies   17.5s  (94/150)
  [w0]  #81   *       ply cap (400)                       400 plies   17.5s  (95/150)
  [w3]  #112  1-0     Treasure checkmated or captured     327 plies   14.4s  (96/150)
  [w2]  #99   *       ply cap (400)                       400 plies   17.5s  (97/150)
  [w1]  #94   *       ply cap (400)                       400 plies   17.5s  (98/150)
  [w2]  #103  1-0     Treasure checkmated or captured      39 plies    1.7s  (99/150)
  [w0]  #85   *       ply cap (400)                       400 plies   17.5s  (100/150)
  [w2]  #107  1-0     Treasure checkmated or captured     153 plies    6.7s  (101/150)
  [w3]  #116  1-0     Treasure checkmated or captured     297 plies   13.0s  (102/150)
  [w1]  #98   *       ply cap (400)                       400 plies   17.5s  (103/150)
  [w3]  #120  0-1     Party extinct                       228 plies   10.0s  (104/150)
  [w0]  #89   *       ply cap (400)                       400 plies   17.5s  (105/150)
  [w2]  #111  *       ply cap (400)                       400 plies   17.5s  (106/150)
  [w1]  #102  0-1     Party extinct                       382 plies   16.8s  (107/150)
  [w3]  #124  *       ply cap (400)                       400 plies   17.5s  (108/150)
  [w2]  #115  0-1     Party extinct                       350 plies   15.4s  (109/150)
  [w0]  #93   *       ply cap (400)                       400 plies   17.5s  (110/150)
  [w3]  #128  0-1     Party extinct                       258 plies   11.3s  (111/150)
  [w0]  #97   1-0     Treasure checkmated or captured     143 plies    6.3s  (112/150)
  [w1]  #106  *       ply cap (400)                       400 plies   17.5s  (113/150)
  [w0]  #101  0-1     Party extinct                       154 plies    6.8s  (114/150)
  [w2]  #119  *       ply cap (400)                       400 plies   17.5s  (115/150)
  [w1]  #110  0-1     Party extinct                       236 plies   10.4s  (116/150)
  [w0]  #105  1-0     Treasure checkmated or captured     189 plies    8.3s  (117/150)
  [w2]  #123  0-1     Party extinct                       172 plies    7.6s  (118/150)
  [w3]  #132  *       ply cap (400)                       400 plies   17.5s  (119/150)
  [w3]  #136  1-0     Treasure checkmated or captured     147 plies    6.5s  (120/150)
  [w2]  #127  0-1     Party extinct                       202 plies    8.9s  (121/150)
  [w1]  #114  *       ply cap (400)                       400 plies   17.5s  (122/150)
  [w0]  #109  *       ply cap (400)                       400 plies   17.5s  (123/150)
  [w3]  #140  1-0     Treasure checkmated or captured     299 plies   13.1s  (124/150)
  [w2]  #131  0-1     Party extinct                       272 plies   11.9s  (125/150)
  [w0]  #113  1-0     Treasure checkmated or captured     371 plies   16.3s  (126/150)
  [w1]  #118  *       ply cap (400)                       400 plies   17.6s  (127/150)
  [w0]  #117  0-1     Party extinct                       114 plies    5.0s  (128/150)
  [w3]  #144  *       ply cap (400)                       400 plies   17.5s  (129/150)
  [w2]  #135  *       ply cap (400)                       400 plies   17.5s  (130/150)
  [w1]  #122  *       ply cap (400)                       400 plies   17.5s  (131/150)
  [w0]  #121  *       ply cap (400)                       400 plies   17.5s  (132/150)
  [w3]  #148  *       ply cap (400)                       400 plies   17.5s  (133/150)
  [w1]  #126  0-1     Party extinct                       126 plies    5.5s  (134/150)
  [w2]  #139  *       ply cap (400)                       400 plies   17.5s  (135/150)
  [w2]  #143  0-1     Party extinct                       300 plies   13.1s  (136/150)
  [w0]  #125  *       ply cap (400)                       400 plies   17.5s  (137/150)
  [w1]  #130  *       ply cap (400)                       400 plies   17.5s  (138/150)
  [w2]  #147  0-1     Party extinct                       172 plies    7.6s  (139/150)
  [w0]  #129  *       ply cap (400)                       400 plies   17.6s  (140/150)
  [w1]  #134  *       ply cap (400)                       400 plies   17.6s  (141/150)
  [w0]  #133  *       ply cap (400)                       400 plies   17.5s  (142/150)
  [w1]  #138  *       ply cap (400)                       400 plies   17.5s  (143/150)
  [w1]  #142  0-1     Party extinct                       158 plies    6.9s  (144/150)
  [w0]  #137  *       ply cap (400)                       400 plies   17.5s  (145/150)
  [w1]  #146  *       ply cap (400)                       400 plies   17.5s  (146/150)
  [w0]  #141  1-0     Treasure checkmated or captured     331 plies   14.5s  (147/150)
  [w1]  #150  *       ply cap (400)                       400 plies   17.5s  (148/150)
  [w0]  #145  *       ply cap (400)                       400 plies   17.5s  (149/150)
  [w0]  #149  1-0     Treasure checkmated or captured     153 plies    6.7s  (150/150)

========================================================
  Rule set    : v4-mf-minion-9
  Games       : 150
--------------------------------------------------------
  Party wins  :   32  ( 21.3%)
  Horde wins  :   41  ( 27.3%)
  Unfinished  :   77  ( 51.3%)
--------------------------------------------------------
  Decisive      :  48.7%
  Party(decisive):  43.8%   95% CI [ 33.0% ..  55.2%]
  Imbalance     :  12.3%   (0% = perfectly balanced decisive games)
  Median plies  : 190  (decisive games)

  COMPOSITE SCORE : 0.427   (1.0 = balanced & decisive)
========================================================
  total time : 564.4s  (3.76s / game, 4x)
  pgn        : reports/v4-overnight/match-v4-mf-minion-9.pgn
