Sweep: 7 rule-sets x 150 games  (depth=6, parallel=4, seed=20260424)
  out : reports/v4-overnight

[1/7] rulesets/v4-mf-baseline.json
Match: rule-set 'v4-mf-baseline'  games=150  depth=6  max-plies=400  openings=150x6plies  seed=20260424  parallel=4
  variants : /var/folders/gb/ns03xtr53539qh0kc35fzv8dxfq40g/T/yes-hybrid/variants-v4-mf-baseline-98445-7641a69cbf0249b1967bc79555544274.ini
  startFen : 4abtba3/2mubmbumm2/12/3*4*3/4**6/12/12/3XCLSD4 w - - 0 1
  openings : 150 distinct (requested 150)

  [w1]  #2    0-1     Party extinct                       106 plies    4.5s  (1/150)
  [w1]  #6    1-0     Treasure checkmated or captured     209 plies    8.8s  (2/150)
  [w3]  #4    *       ply cap (400)                       400 plies   16.8s  (3/150)
  [w2]  #3    *       ply cap (400)                       400 plies   16.8s  (5/150)
  [w0]  #1    *       ply cap (400)                       400 plies   16.8s  (4/150)
  [w0]  #5    1-0     Treasure checkmated or captured     129 plies    5.4s  (6/150)
  [w3]  #8    1-0     Treasure checkmated or captured     209 plies    8.8s  (7/150)
  [w1]  #10   *       ply cap (400)                       400 plies   16.8s  (8/150)
  [w2]  #7    *       ply cap (400)                       400 plies   16.8s  (9/150)
  [w3]  #12   0-1     Party extinct                       318 plies   13.4s  (10/150)
  [w0]  #9    *       ply cap (400)                       400 plies   16.8s  (11/150)
  [w2]  #11   0-1     Party extinct                       192 plies    8.1s  (12/150)
  [w1]  #14   *       ply cap (400)                       400 plies   16.8s  (13/150)
  [w3]  #16   *       ply cap (400)                       400 plies   16.8s  (14/150)
  [w0]  #13   *       ply cap (400)                       400 plies   16.8s  (15/150)
  [w1]  #18   1-0     Treasure checkmated or captured     257 plies   10.8s  (16/150)
  [w2]  #15   *       ply cap (400)                       400 plies   16.8s  (17/150)
  [w2]  #19   1-0     Treasure checkmated or captured      83 plies    3.5s  (18/150)
  [w3]  #20   *       ply cap (400)                       400 plies   17.0s  (19/150)
  [w0]  #17   *       ply cap (400)                       400 plies   17.0s  (20/150)
  [w1]  #22   *       ply cap (400)                       400 plies   17.0s  (21/150)
  [w2]  #23   1-0     Treasure checkmated or captured     363 plies   15.4s  (22/150)
  [w0]  #21   1-0     Treasure checkmated or captured     153 plies    6.5s  (23/150)
  [w2]  #27   1-0     Treasure checkmated or captured      51 plies    2.2s  (24/150)
  [w0]  #25   1-0     Treasure checkmated or captured      59 plies    2.5s  (25/150)
  [w3]  #24   *       ply cap (400)                       400 plies   16.8s  (26/150)
  [w1]  #26   *       ply cap (400)                       400 plies   16.8s  (27/150)
  [w2]  #31   *       ply cap (400)                       400 plies   16.8s  (28/150)
  [w0]  #29   *       ply cap (400)                       400 plies   16.8s  (29/150)
  [w3]  #28   1-0     Treasure checkmated or captured     321 plies   13.5s  (30/150)
  [w0]  #33   0-1     Party extinct                       130 plies    5.5s  (31/150)
  [w2]  #35   0-1     Party extinct                       264 plies   11.1s  (32/150)
  [w1]  #30   *       ply cap (400)                       400 plies   16.8s  (33/150)
  [w2]  #39   0-1     Party extinct                       100 plies    4.2s  (34/150)
  [w0]  #37   1-0     Treasure checkmated or captured     205 plies    8.6s  (35/150)
  [w2]  #43   0-1     Party extinct                       102 plies    4.3s  (36/150)
  [w1]  #34   0-1     Party extinct                       220 plies    9.3s  (37/150)
  [w1]  #38   1-0     Treasure checkmated or captured       1 plies    0.1s  (38/150)
  [w3]  #32   *       ply cap (400)                       400 plies   16.8s  (39/150)
  [w0]  #41   1-0     Treasure checkmated or captured     191 plies    8.0s  (40/150)
  [w2]  #47   1-0     Treasure checkmated or captured     351 plies   14.8s  (41/150)
  [w2]  #51   1-0     Treasure checkmated or captured      65 plies    2.8s  (42/150)
  [w1]  #42   *       ply cap (400)                       400 plies   16.8s  (43/150)
  [w3]  #36   *       ply cap (400)                       400 plies   16.8s  (44/150)
  [w0]  #45   1-0     Treasure checkmated or captured     399 plies   16.8s  (45/150)
  [w1]  #46   1-0     Treasure checkmated or captured     247 plies   10.4s  (46/150)
  [w0]  #49   0-1     Party extinct                       200 plies    8.4s  (47/150)
  [w2]  #55   1-0     Treasure checkmated or captured     361 plies   15.2s  (48/150)
  [w3]  #40   *       ply cap (400)                       400 plies   16.9s  (49/150)
  [w2]  #59   0-1     Party extinct                       114 plies    4.9s  (50/150)
  [w1]  #50   1-0     Treasure checkmated or captured     345 plies   14.6s  (51/150)
  [w0]  #53   *       ply cap (400)                       400 plies   16.8s  (52/150)
  [w1]  #54   0-1     Party extinct                       238 plies   10.0s  (53/150)
  [w3]  #44   *       ply cap (400)                       400 plies   16.8s  (54/150)
  [w2]  #63   *       ply cap (400)                       400 plies   16.8s  (55/150)
  [w0]  #57   0-1     Party extinct                       194 plies    8.2s  (56/150)
  [w3]  #48   1-0     Treasure checkmated or captured      57 plies    2.4s  (57/150)
  [w1]  #58   *       ply cap (400)                       400 plies   16.8s  (58/150)
  [w2]  #67   *       ply cap (400)                       400 plies   16.8s  (59/150)
  [w0]  #61   *       ply cap (400)                       400 plies   16.8s  (60/150)
  [w3]  #52   *       ply cap (400)                       400 plies   16.8s  (61/150)
  [w1]  #62   0-1     Party extinct                       124 plies    5.2s  (62/150)
  [w1]  #66   0-1     Party extinct                       136 plies    5.7s  (63/150)
  [w0]  #65   1-0     Treasure checkmated or captured     385 plies   16.3s  (64/150)
  [w2]  #71   *       ply cap (400)                       400 plies   16.8s  (65/150)
  [w1]  #70   0-1     Party extinct                       190 plies    8.0s  (66/150)
  [w3]  #56   *       ply cap (400)                       400 plies   16.8s  (67/150)
  [w1]  #74   0-1     Party extinct                       342 plies   14.4s  (68/150)
  [w0]  #69   *       ply cap (400)                       400 plies   16.8s  (69/150)
  [w2]  #75   *       ply cap (400)                       400 plies   16.8s  (70/150)
  [w3]  #60   *       ply cap (400)                       400 plies   16.9s  (71/150)
  [w2]  #79   1-0     Treasure checkmated or captured      87 plies    3.7s  (72/150)
  [w3]  #64   1-0     Treasure checkmated or captured     255 plies   10.8s  (73/150)
  [w1]  #78   *       ply cap (400)                       400 plies   16.8s  (74/150)
  [w0]  #73   *       ply cap (400)                       400 plies   16.8s  (75/150)
  [w2]  #83   *       ply cap (400)                       400 plies   16.9s  (76/150)
  [w3]  #68   *       ply cap (400)                       400 plies   16.8s  (77/150)
  [w1]  #82   *       ply cap (400)                       400 plies   16.8s  (78/150)
  [w0]  #77   *       ply cap (400)                       400 plies   16.8s  (79/150)
  [w2]  #87   *       ply cap (400)                       400 plies   16.8s  (80/150)
  [w2]  #91   0-1     Party extinct                       214 plies    9.0s  (81/150)
  [w3]  #72   *       ply cap (400)                       400 plies   16.8s  (82/150)
  [w2]  #95   1-0     Treasure checkmated or captured      41 plies    1.7s  (83/150)
  [w1]  #86   *       ply cap (400)                       400 plies   16.8s  (84/150)
  [w0]  #81   *       ply cap (400)                       400 plies   16.8s  (85/150)
  [w3]  #76   0-1     Party extinct                       346 plies   14.6s  (86/150)
  [w1]  #90   0-1     Party extinct                       296 plies   12.5s  (87/150)
  [w2]  #99   *       ply cap (400)                       400 plies   16.9s  (88/150)
  [w0]  #85   *       ply cap (400)                       400 plies   16.9s  (89/150)
  [w2]  #103  1-0     Treasure checkmated or captured     297 plies   12.5s  (90/150)
  [w3]  #80   *       ply cap (400)                       400 plies   16.9s  (91/150)
  [w1]  #94   *       ply cap (400)                       400 plies   16.9s  (92/150)
  [w0]  #89   1-0     Treasure checkmated or captured     361 plies   15.2s  (93/150)
  [w1]  #98   0-1     Party extinct                       174 plies    7.3s  (94/150)
  [w0]  #93   1-0     Treasure checkmated or captured     105 plies    4.4s  (95/150)
  [w2]  #107  *       ply cap (400)                       400 plies   16.9s  (96/150)
  [w3]  #84   *       ply cap (400)                       400 plies   16.9s  (97/150)
  [w1]  #102  *       ply cap (400)                       400 plies   17.0s  (98/150)
  [w0]  #97   *       ply cap (400)                       400 plies   16.9s  (99/150)
  [w3]  #88   0-1     Party extinct                       386 plies   16.3s  (100/150)
  [w2]  #111  *       ply cap (400)                       400 plies   16.9s  (101/150)
  [w1]  #106  *       ply cap (400)                       400 plies   16.9s  (102/150)
  [w0]  #101  *       ply cap (400)                       400 plies   16.9s  (103/150)
  [w0]  #105  0-1     Party has no legal response          88 plies    3.7s  (104/150)
  [w1]  #110  1-0     Treasure checkmated or captured     189 plies    8.0s  (105/150)
  [w3]  #92   *       ply cap (400)                       400 plies   16.8s  (106/150)
  [w2]  #115  *       ply cap (400)                       400 plies   16.8s  (107/150)
  [w2]  #119  1-0     Treasure checkmated or captured     183 plies    7.7s  (108/150)
  [w1]  #114  1-0     Treasure checkmated or captured     205 plies    8.6s  (109/150)
  [w2]  #123  1-0     Treasure checkmated or captured      95 plies    4.0s  (110/150)
  [w0]  #109  *       ply cap (400)                       400 plies   16.8s  (111/150)
  [w2]  #127  1-0     Treasure checkmated or captured      51 plies    2.2s  (112/150)
  [w3]  #96   *       ply cap (400)                       400 plies   16.8s  (113/150)
  [w2]  #131  1-0     Treasure checkmated or captured     237 plies   10.0s  (114/150)
  [w1]  #118  *       ply cap (400)                       400 plies   16.8s  (115/150)
  [w0]  #113  1-0     Treasure checkmated or captured     321 plies   13.5s  (116/150)
  [w3]  #100  1-0     Treasure checkmated or captured     315 plies   13.3s  (117/150)
  [w2]  #135  1-0     Treasure checkmated or captured     219 plies    9.2s  (118/150)
  [w1]  #122  0-1     Party extinct                       310 plies   13.0s  (119/150)
  [w0]  #117  0-1     Party extinct                       384 plies   16.2s  (120/150)
  [w1]  #126  0-1     Party extinct                       176 plies    7.4s  (121/150)
  [w2]  #139  0-1     Party extinct                       292 plies   12.3s  (122/150)
  [w3]  #104  *       ply cap (400)                       400 plies   16.8s  (123/150)
  [w0]  #121  1-0     Treasure checkmated or captured     103 plies    4.4s  (124/150)
  [w1]  #130  1-0     Treasure checkmated or captured     201 plies    8.5s  (125/150)
  [w0]  #125  1-0     Treasure checkmated or captured     177 plies    7.5s  (126/150)
  [w1]  #134  0-1     Party extinct                       126 plies    5.3s  (127/150)
  [w3]  #108  1-0     Treasure checkmated or captured     325 plies   13.7s  (128/150)
  [w2]  #143  *       ply cap (400)                       400 plies   16.8s  (129/150)
  [w2]  #147  1-0     Treasure checkmated or captured      49 plies    2.1s  (130/150)
  [w1]  #138  1-0     Treasure checkmated or captured     171 plies    7.2s  (131/150)
  [w1]  #142  1-0     Treasure checkmated or captured      37 plies    1.6s  (132/150)
  [w0]  #129  *       ply cap (400)                       400 plies   16.8s  (133/150)
  [w3]  #112  *       ply cap (400)                       400 plies   16.8s  (134/150)
  [w0]  #133  0-1     Party extinct                       236 plies   10.0s  (135/150)
  [w3]  #116  0-1     Party extinct                        98 plies    4.1s  (136/150)
  [w1]  #146  1-0     Treasure checkmated or captured     333 plies   14.0s  (137/150)
  [w0]  #137  0-1     Party extinct                       120 plies    5.1s  (138/150)
  [w3]  #120  *       ply cap (400)                       400 plies   16.8s  (139/150)
  [w1]  #150  *       ply cap (400)                       400 plies   16.8s  (140/150)
  [w0]  #141  *       ply cap (400)                       400 plies   16.9s  (141/150)
  [w3]  #124  *       ply cap (400)                       400 plies   16.9s  (142/150)
  [w3]  #128  1-0     Treasure checkmated or captured      63 plies    2.7s  (143/150)
  [w0]  #145  *       ply cap (400)                       400 plies   16.8s  (144/150)
  [w3]  #132  *       ply cap (400)                       400 plies   16.8s  (145/150)
  [w0]  #149  *       ply cap (400)                       400 plies   16.8s  (146/150)
  [w3]  #136  *       ply cap (400)                       400 plies   16.9s  (147/150)
  [w3]  #140  1-0     Treasure checkmated or captured     221 plies    9.3s  (148/150)
  [w3]  #144  *       ply cap (400)                       400 plies   16.9s  (149/150)
  [w3]  #148  0-1     Party extinct                       256 plies   10.8s  (150/150)

========================================================
  Rule set    : v4-mf-baseline
  Games       : 150
--------------------------------------------------------
  Party wins  :   46  ( 30.7%)
  Horde wins  :   31  ( 20.7%)
  Unfinished  :   73  ( 48.7%)
--------------------------------------------------------
  Decisive      :  51.3%
  Party(decisive):  59.7%   95% CI [ 48.6% ..  70.0%]
  Imbalance     :  19.5%   (0% = perfectly balanced decisive games)
  Median plies  : 200  (decisive games)

  COMPOSITE SCORE : 0.413   (1.0 = balanced & decisive)
========================================================
  total time : 538.5s  (3.59s / game, 4x)
  pgn        : reports/v4-overnight/match-v4-mf-baseline.pgn

[2/7] rulesets/v4-mf-ply-cap-600.json
Match: rule-set 'v4-mf-ply-cap-600'  games=150  depth=6  max-plies=600  openings=150x6plies  seed=20260424  parallel=4
  variants : /var/folders/gb/ns03xtr53539qh0kc35fzv8dxfq40g/T/yes-hybrid/variants-v4-mf-ply-cap-600-98445-7113e0cae98441e3b920fa8f9a8d55bb.ini
  startFen : 4abtba3/2mubmbumm2/12/3*4*3/4**6/12/12/3XCLSD4 w - - 0 1
  openings : 150 distinct (requested 150)

  [w1]  #2    0-1     Party extinct                       106 plies    4.5s  (1/150)
  [w1]  #6    1-0     Treasure checkmated or captured     209 plies    8.8s  (2/150)
  [w0]  #1    *       ply cap (600)                       600 plies   25.3s  (3/150)
  [w3]  #4    *       ply cap (600)                       600 plies   25.3s  (4/150)
  [w2]  #3    *       ply cap (600)                       600 plies   25.3s  (5/150)
  [w1]  #10   *       ply cap (600)                       600 plies   25.4s  (6/150)
  [w0]  #5    1-0     Treasure checkmated or captured     347 plies   14.7s  (7/150)
  [w3]  #8    1-0     Treasure checkmated or captured     467 plies   19.8s  (8/150)
  [w1]  #14   1-0     Treasure checkmated or captured     241 plies   10.2s  (9/150)
  [w2]  #7    *       ply cap (600)                       600 plies   25.3s  (10/150)
  [w2]  #11   0-1     Party extinct                        84 plies    3.6s  (11/150)
  [w0]  #9    1-0     Treasure checkmated or captured     523 plies   22.1s  (12/150)
  [w3]  #12   0-1     Party extinct                       470 plies   19.8s  (13/150)
  [w1]  #18   *       ply cap (600)                       600 plies   25.3s  (14/150)
  [w2]  #15   1-0     Treasure checkmated or captured     517 plies   21.8s  (15/150)
  [w0]  #13   *       ply cap (600)                       600 plies   25.2s  (16/150)
  [w3]  #16   *       ply cap (600)                       600 plies   25.2s  (17/150)
  [w0]  #17   1-0     Treasure checkmated or captured      85 plies    3.6s  (18/150)
  [w2]  #19   0-1     Party extinct                       370 plies   15.6s  (19/150)
  [w3]  #20   1-0     Treasure checkmated or captured      77 plies    3.3s  (20/150)
  [w0]  #21   0-1     Party extinct                        64 plies    2.7s  (21/150)
  [w1]  #22   *       ply cap (600)                       600 plies   25.2s  (22/150)
  [w2]  #23   1-0     Treasure checkmated or captured     187 plies    7.9s  (23/150)
  [w2]  #27   0-1     Party extinct                        68 plies    2.9s  (24/150)
  [w0]  #25   0-1     Party extinct                       376 plies   15.8s  (25/150)
  [w3]  #24   1-0     Treasure checkmated or captured     525 plies   22.1s  (26/150)
  [w0]  #29   1-0     Treasure checkmated or captured     327 plies   13.8s  (27/150)
  [w1]  #26   *       ply cap (600)                       600 plies   25.3s  (28/150)
  [w2]  #31   *       ply cap (600)                       600 plies   25.3s  (29/150)
  [w1]  #30   1-0     Treasure checkmated or captured     129 plies    5.4s  (30/150)
  [w1]  #34   1-0     Treasure checkmated or captured     143 plies    6.0s  (31/150)
  [w1]  #38   1-0     Treasure checkmated or captured       1 plies    0.1s  (32/150)
  [w1]  #42   1-0     Treasure checkmated or captured      83 plies    3.5s  (33/150)
  [w3]  #28   *       ply cap (600)                       600 plies   25.3s  (34/150)
  [w1]  #46   1-0     Treasure checkmated or captured     147 plies    6.2s  (35/150)
  [w0]  #33   1-0     Treasure checkmated or captured     567 plies   23.9s  (36/150)
  [w2]  #35   *       ply cap (600)                       600 plies   25.2s  (37/150)
  [w2]  #39   1-0     Treasure checkmated or captured      67 plies    2.9s  (38/150)
  [w3]  #32   1-0     Treasure checkmated or captured     389 plies   16.4s  (39/150)
  [w0]  #37   0-1     Party extinct                       248 plies   10.5s  (40/150)
  [w2]  #43   0-1     Party extinct                       178 plies    7.5s  (41/150)
  [w2]  #47   1-0     Treasure checkmated or captured     149 plies    6.3s  (42/150)
  [w1]  #50   *       ply cap (600)                       600 plies   25.2s  (43/150)
  [w3]  #36   1-0     Treasure checkmated or captured     381 plies   16.1s  (44/150)
  [w0]  #41   *       ply cap (600)                       600 plies   25.2s  (45/150)
  [w3]  #40   0-1     Party extinct                       230 plies    9.7s  (46/150)
  [w2]  #51   0-1     Party extinct                       330 plies   13.9s  (47/150)
  [w3]  #44   0-1     Party extinct                       190 plies    8.0s  (48/150)
  [w2]  #55   1-0     Treasure checkmated or captured     271 plies   11.5s  (49/150)
  [w0]  #45   0-1     Party extinct                       300 plies   12.6s  (50/150)
  [w1]  #54   *       ply cap (600)                       600 plies   25.2s  (51/150)
  [w1]  #58   1-0     Treasure checkmated or captured     155 plies    6.5s  (52/150)
  [w0]  #49   0-1     Party extinct                       270 plies   11.4s  (53/150)
  [w1]  #62   1-0     Treasure checkmated or captured     279 plies   11.8s  (54/150)
  [w3]  #48   *       ply cap (600)                       600 plies   25.2s  (55/150)
  [w1]  #66   1-0     Treasure checkmated or captured     125 plies    5.3s  (56/150)
  [w2]  #59   *       ply cap (600)                       600 plies   25.2s  (57/150)
  [w2]  #63   1-0     Treasure checkmated or captured      99 plies    4.2s  (58/150)
  [w0]  #53   *       ply cap (600)                       600 plies   25.2s  (59/150)
  [w1]  #70   1-0     Treasure checkmated or captured     291 plies   12.2s  (60/150)
  [w2]  #67   1-0     Treasure checkmated or captured     211 plies    8.9s  (61/150)
  [w0]  #57   1-0     Treasure checkmated or captured     109 plies    4.6s  (62/150)
  [w3]  #52   *       ply cap (600)                       600 plies   25.2s  (63/150)
  [w1]  #74   1-0     Treasure checkmated or captured     233 plies    9.8s  (64/150)
  [w0]  #61   1-0     Treasure checkmated or captured     145 plies    6.1s  (65/150)
  [w1]  #78   1-0     Treasure checkmated or captured      81 plies    3.4s  (66/150)
  [w3]  #56   1-0     Treasure checkmated or captured      99 plies    4.2s  (67/150)
  [w1]  #82   1-0     Treasure checkmated or captured      81 plies    3.4s  (68/150)
  [w2]  #71   *       ply cap (600)                       600 plies   25.2s  (69/150)
  [w1]  #86   1-0     Treasure checkmated or captured     309 plies   13.0s  (70/150)
  [w0]  #65   *       ply cap (600)                       600 plies   25.2s  (71/150)
  [w3]  #60   *       ply cap (600)                       600 plies   25.2s  (72/150)
  [w1]  #90   0-1     Party extinct                       402 plies   16.9s  (73/150)
  [w3]  #64   0-1     Party extinct                       222 plies    9.4s  (74/150)
  [w2]  #75   *       ply cap (600)                       600 plies   25.2s  (75/150)
  [w2]  #79   0-1     Party extinct                       196 plies    8.2s  (76/150)
  [w0]  #69   *       ply cap (600)                       600 plies   25.2s  (77/150)
  [w1]  #94   0-1     Party extinct                       522 plies   22.0s  (78/150)
  [w3]  #68   0-1     Party extinct                       492 plies   20.7s  (79/150)
  [w2]  #83   0-1     Party extinct                       232 plies    9.8s  (80/150)
  [w2]  #87   1-0     Treasure checkmated or captured      43 plies    1.8s  (81/150)
  [w0]  #73   *       ply cap (600)                       600 plies   25.2s  (82/150)
  [w1]  #98   *       ply cap (600)                       600 plies   25.2s  (83/150)
  [w3]  #72   *       ply cap (600)                       600 plies   25.2s  (84/150)
  [w1]  #102  0-1     Party extinct                        36 plies    1.5s  (85/150)
  [w2]  #91   *       ply cap (600)                       600 plies   25.2s  (86/150)
  [w2]  #95   0-1     Party extinct                       112 plies    4.7s  (87/150)
  [w2]  #99   0-1     Party extinct                       166 plies    7.0s  (88/150)
  [w0]  #77   1-0     Treasure checkmated or captured     583 plies   24.5s  (89/150)
  [w0]  #81   0-1     Party extinct                       146 plies    6.1s  (90/150)
  [w2]  #103  1-0     Treasure checkmated or captured     207 plies    8.7s  (91/150)
  [w3]  #76   *       ply cap (600)                       600 plies   25.2s  (92/150)
  [w1]  #106  *       ply cap (600)                       600 plies   25.2s  (93/150)
  [w1]  #110  1-0     Treasure checkmated or captured      55 plies    2.4s  (94/150)
  [w0]  #85   1-0     Treasure checkmated or captured     237 plies   10.0s  (95/150)
  [w2]  #107  1-0     Treasure checkmated or captured     273 plies   11.6s  (96/150)
  [w2]  #111  1-0     Treasure checkmated or captured     135 plies    5.7s  (97/150)
  [w3]  #80   *       ply cap (600)                       600 plies   25.2s  (98/150)
  [w1]  #114  *       ply cap (600)                       600 plies   25.2s  (99/150)
  [w0]  #89   0-1     Party extinct                       572 plies   24.1s  (100/150)
  [w3]  #84   1-0     Treasure checkmated or captured     197 plies    8.3s  (101/150)
  [w2]  #115  *       ply cap (600)                       600 plies   25.2s  (102/150)
  [w3]  #88   1-0     Treasure checkmated or captured     443 plies   18.7s  (103/150)
  [w1]  #118  0-1     Party extinct                       576 plies   24.2s  (104/150)
  [w0]  #93   *       ply cap (600)                       600 plies   25.2s  (105/150)
  [w2]  #119  *       ply cap (600)                       600 plies   25.2s  (106/150)
  [w2]  #123  1-0     Treasure checkmated or captured     183 plies    7.8s  (107/150)
  [w3]  #92   *       ply cap (600)                       600 plies   25.2s  (108/150)
  [w1]  #122  *       ply cap (600)                       600 plies   25.2s  (109/150)
  [w0]  #97   *       ply cap (600)                       600 plies   25.3s  (110/150)
  [w2]  #127  1-0     Treasure checkmated or captured     235 plies    9.9s  (111/150)
  [w3]  #96   *       ply cap (600)                       600 plies   25.2s  (112/150)
  [w1]  #126  *       ply cap (600)                       600 plies   25.2s  (113/150)
  [w0]  #101  *       ply cap (600)                       600 plies   25.2s  (114/150)
  [w2]  #131  *       ply cap (600)                       600 plies   25.2s  (115/150)
  [w3]  #100  1-0     Treasure checkmated or captured     453 plies   19.0s  (116/150)
  [w1]  #130  *       ply cap (600)                       600 plies   25.2s  (117/150)
  [w0]  #105  *       ply cap (600)                       600 plies   25.2s  (118/150)
  [w2]  #135  *       ply cap (600)                       600 plies   25.2s  (119/150)
  [w3]  #104  1-0     Treasure checkmated or captured     351 plies   14.8s  (120/150)
  [w2]  #139  1-0     Treasure checkmated or captured     147 plies    6.2s  (121/150)
  [w1]  #134  1-0     Treasure checkmated or captured     267 plies   11.3s  (122/150)
  [w3]  #108  0-1     Party extinct                       222 plies    9.3s  (123/150)
  [w0]  #109  *       ply cap (600)                       600 plies   25.2s  (124/150)
  [w2]  #143  *       ply cap (600)                       600 plies   25.2s  (125/150)
  [w1]  #138  *       ply cap (600)                       600 plies   25.2s  (126/150)
  [w0]  #113  1-0     Treasure checkmated or captured     205 plies    8.6s  (127/150)
  [w3]  #112  *       ply cap (600)                       600 plies   25.2s  (128/150)
  [w0]  #117  0-1     Party extinct                       144 plies    6.1s  (129/150)
  [w2]  #147  0-1     Party extinct                       222 plies    9.3s  (130/150)
  [w3]  #116  0-1     Party extinct                       266 plies   11.2s  (131/150)
  [w1]  #142  *       ply cap (600)                       600 plies   25.3s  (132/150)
  [w0]  #121  *       ply cap (600)                       600 plies   25.3s  (133/150)
  [w3]  #120  *       ply cap (600)                       600 plies   25.4s  (134/150)
  [w1]  #146  1-0     Treasure checkmated or captured     423 plies   17.9s  (135/150)
  [w3]  #124  0-1     Party extinct                       306 plies   12.9s  (136/150)
  [w0]  #125  *       ply cap (600)                       600 plies   25.3s  (137/150)
  [w1]  #150  0-1     Party extinct                       348 plies   14.6s  (138/150)
  [w0]  #129  1-0     Treasure checkmated or captured      63 plies    2.7s  (139/150)
  [w3]  #128  *       ply cap (600)                       600 plies   25.3s  (140/150)
  [w0]  #133  *       ply cap (600)                       600 plies   25.2s  (141/150)
  [w3]  #132  1-0     Treasure checkmated or captured     213 plies    9.0s  (142/150)
  [w0]  #137  *       ply cap (600)                       600 plies   25.3s  (143/150)
  [w0]  #141  1-0     Treasure checkmated or captured      29 plies    1.2s  (144/150)
  [w3]  #136  *       ply cap (600)                       600 plies   25.3s  (145/150)
  [w0]  #145  1-0     Treasure checkmated or captured     133 plies    5.6s  (146/150)
  [w3]  #140  1-0     Treasure checkmated or captured     271 plies   11.4s  (147/150)
  [w0]  #149  1-0     Treasure checkmated or captured     487 plies   20.5s  (148/150)
  [w3]  #144  *       ply cap (600)                       600 plies   25.2s  (149/150)
  [w3]  #148  1-0     Treasure checkmated or captured     141 plies    6.0s  (150/150)

========================================================
  Rule set    : v4-mf-ply-cap-600
  Games       : 150
--------------------------------------------------------
  Party wins  :   59  ( 39.3%)
  Horde wins  :   32  ( 21.3%)
  Unfinished  :   59  ( 39.3%)
--------------------------------------------------------
  Decisive      :  60.7%
  Party(decisive):  64.8%   95% CI [ 54.6% ..  73.9%]
  Imbalance     :  29.7%   (0% = perfectly balanced decisive games)
  Median plies  : 222  (decisive games)

  COMPOSITE SCORE : 0.427   (1.0 = balanced & decisive)
========================================================
  total time : 674.5s  (4.50s / game, 4x)
  pgn        : reports/v4-overnight/match-v4-mf-ply-cap-600.pgn

[3/7] rulesets/v4-mf-depth-8.json
Match: rule-set 'v4-mf-depth-8'  games=150  depth=8  max-plies=400  openings=150x6plies  seed=20260424  parallel=4
  variants : /var/folders/gb/ns03xtr53539qh0kc35fzv8dxfq40g/T/yes-hybrid/variants-v4-mf-depth-8-98445-37927bfe56e44f72b816513bc5fa90a9.ini
  startFen : 4abtba3/2mubmbumm2/12/3*4*3/4**6/12/12/3XCLSD4 w - - 0 1
  openings : 150 distinct (requested 150)

  [w3]  #4    *       ply cap (400)                       400 plies   16.9s  (1/150)
  [w0]  #1    *       ply cap (400)                       400 plies   16.9s  (2/150)
  [w2]  #3    *       ply cap (400)                       400 plies   17.2s  (3/150)
  [w1]  #2    *       ply cap (400)                       400 plies   17.2s  (4/150)
  [w0]  #5    1-0     Treasure checkmated or captured     217 plies    9.4s  (5/150)
  [w1]  #6    0-1     Party extinct                       292 plies   12.4s  (6/150)
  [w3]  #8    *       ply cap (400)                       400 plies   16.9s  (7/150)
  [w2]  #7    *       ply cap (400)                       400 plies   16.9s  (8/150)
  [w0]  #9    *       ply cap (400)                       400 plies   17.2s  (9/150)
  [w1]  #10   *       ply cap (400)                       400 plies   16.9s  (10/150)
  [w3]  #12   *       ply cap (400)                       400 plies   17.0s  (11/150)
  [w2]  #11   *       ply cap (400)                       400 plies   16.9s  (12/150)
  [w1]  #14   0-1     Party extinct                       238 plies   10.1s  (13/150)
  [w0]  #13   *       ply cap (400)                       400 plies   16.9s  (14/150)
  [w3]  #16   *       ply cap (400)                       400 plies   16.9s  (15/150)
  [w2]  #15   *       ply cap (400)                       400 plies   16.9s  (16/150)
  [w1]  #18   *       ply cap (400)                       400 plies   17.3s  (17/150)
  [w0]  #17   *       ply cap (400)                       400 plies   16.9s  (18/150)
  [w3]  #20   *       ply cap (400)                       400 plies   16.9s  (19/150)
  [w2]  #19   *       ply cap (400)                       400 plies   16.9s  (20/150)
  [w0]  #21   0-1     Party extinct                       292 plies   12.4s  (21/150)
  [w1]  #22   *       ply cap (400)                       400 plies   17.0s  (22/150)
  [w3]  #24   0-1     Party extinct                       196 plies    8.3s  (23/150)
  [w2]  #23   0-1     Party extinct                       248 plies   10.6s  (24/150)
  [w0]  #25   *       ply cap (400)                       400 plies   17.0s  (25/150)
  [w1]  #26   *       ply cap (400)                       400 plies   16.9s  (26/150)
  [w3]  #28   *       ply cap (400)                       400 plies   17.2s  (27/150)
  [w2]  #27   *       ply cap (400)                       400 plies   16.9s  (28/150)
  [w0]  #29   *       ply cap (400)                       400 plies   16.9s  (29/150)
  [w1]  #30   *       ply cap (400)                       400 plies   17.1s  (30/150)
  [w3]  #32   *       ply cap (400)                       400 plies   17.0s  (31/150)
  [w2]  #31   *       ply cap (400)                       400 plies   16.9s  (32/150)
  [w0]  #33   1-0     Treasure checkmated or captured     347 plies   14.8s  (33/150)
  [w1]  #34   0-1     Party extinct                       346 plies   14.7s  (34/150)
  [w1]  #38   1-0     Treasure checkmated or captured       1 plies    0.1s  (35/150)
  [w3]  #36   *       ply cap (400)                       400 plies   16.8s  (36/150)
  [w2]  #35   *       ply cap (400)                       400 plies   17.0s  (37/150)
  [w1]  #42   0-1     Party extinct                       232 plies   10.0s  (38/150)
  [w3]  #40   0-1     Party extinct                       204 plies    9.0s  (39/150)
  [w0]  #37   *       ply cap (400)                       400 plies   17.4s  (40/150)
  [w3]  #44   1-0     Treasure checkmated or captured      91 plies    4.2s  (41/150)
  [w2]  #39   *       ply cap (400)                       400 plies   17.6s  (42/150)
  [w1]  #46   *       ply cap (400)                       400 plies   17.6s  (43/150)
  [w0]  #41   *       ply cap (400)                       400 plies   17.7s  (44/150)
  [w3]  #48   *       ply cap (400)                       400 plies   17.5s  (45/150)
  [w2]  #43   *       ply cap (400)                       400 plies   17.7s  (46/150)
  [w1]  #50   *       ply cap (400)                       400 plies   17.5s  (47/150)
  [w0]  #45   0-1     Party extinct                       398 plies   17.5s  (48/150)
  [w3]  #52   *       ply cap (400)                       400 plies   17.6s  (49/150)
  [w2]  #47   0-1     Party extinct                       334 plies   14.7s  (50/150)
  [w1]  #54   *       ply cap (400)                       400 plies   17.6s  (51/150)
  [w3]  #56   0-1     Party extinct                       256 plies   11.2s  (52/150)
  [w0]  #49   *       ply cap (400)                       400 plies   17.6s  (53/150)
  [w2]  #51   *       ply cap (400)                       400 plies   17.6s  (54/150)
  [w2]  #55   0-1     Party has no legal response          42 plies    2.0s  (55/150)
  [w0]  #53   1-0     Treasure checkmated or captured     177 plies    7.8s  (56/150)
  [w1]  #58   *       ply cap (400)                       400 plies   17.6s  (57/150)
  [w3]  #60   *       ply cap (400)                       400 plies   17.7s  (58/150)
  [w2]  #59   1-0     Treasure checkmated or captured     125 plies    5.5s  (59/150)
  [w1]  #62   1-0     Treasure checkmated or captured     225 plies   10.0s  (60/150)
  [w0]  #57   *       ply cap (400)                       400 plies   17.7s  (61/150)
  [w3]  #64   *       ply cap (400)                       400 plies   17.6s  (62/150)
  [w2]  #63   *       ply cap (400)                       400 plies   17.6s  (63/150)
  [w3]  #68   0-1     Party extinct                       132 plies    5.8s  (64/150)
  [w1]  #66   *       ply cap (400)                       400 plies   17.7s  (65/150)
  [w3]  #72   1-0     Treasure checkmated or captured     133 plies    5.9s  (66/150)
  [w0]  #61   *       ply cap (400)                       400 plies   17.7s  (67/150)
  [w2]  #67   *       ply cap (400)                       400 plies   17.6s  (68/150)
  [w2]  #71   0-1     Party extinct                       176 plies    7.9s  (69/150)
  [w1]  #70   *       ply cap (400)                       400 plies   17.6s  (70/150)
  [w3]  #76   *       ply cap (400)                       400 plies   17.5s  (71/150)
  [w0]  #65   *       ply cap (400)                       400 plies   17.7s  (72/150)
  [w1]  #74   0-1     Party extinct                       226 plies   10.0s  (73/150)
  [w2]  #75   0-1     Party extinct                       298 plies   13.1s  (74/150)
  [w3]  #80   *       ply cap (400)                       400 plies   17.6s  (75/150)
  [w2]  #79   0-1     Party extinct                       194 plies    8.6s  (76/150)
  [w0]  #69   *       ply cap (400)                       400 plies   17.6s  (77/150)
  [w1]  #78   *       ply cap (400)                       400 plies   17.9s  (78/150)
  [w2]  #83   0-1     Party extinct                       300 plies   13.3s  (79/150)
  [w3]  #84   *       ply cap (400)                       400 plies   17.6s  (80/150)
  [w0]  #73   *       ply cap (400)                       400 plies   17.6s  (81/150)
  [w1]  #82   *       ply cap (400)                       400 plies   17.6s  (82/150)
  [w3]  #88   1-0     Treasure checkmated or captured     267 plies   11.7s  (83/150)
  [w2]  #87   *       ply cap (400)                       400 plies   17.5s  (84/150)
  [w0]  #77   *       ply cap (400)                       400 plies   17.6s  (85/150)
  [w2]  #91   0-1     Party extinct                       186 plies    8.2s  (86/150)
  [w1]  #86   *       ply cap (400)                       400 plies   17.6s  (87/150)
  [w1]  #90   1-0     Treasure checkmated or captured      17 plies    0.8s  (88/150)
  [w3]  #92   1-0     Treasure checkmated or captured     319 plies   14.2s  (89/150)
  [w2]  #95   0-1     Party extinct                       170 plies    7.6s  (90/150)
  [w1]  #94   0-1     Party extinct                       214 plies    9.4s  (91/150)
  [w0]  #81   *       ply cap (400)                       400 plies   17.6s  (92/150)
  [w2]  #99   1-0     Treasure checkmated or captured     237 plies   10.4s  (93/150)
  [w3]  #96   0-1     Party extinct                       376 plies   16.6s  (94/150)
  [w1]  #98   *       ply cap (400)                       400 plies   17.5s  (95/150)
  [w0]  #85   *       ply cap (400)                       400 plies   17.6s  (96/150)
  [w2]  #103  *       ply cap (400)                       400 plies   17.7s  (97/150)
  [w3]  #100  *       ply cap (400)                       400 plies   17.6s  (98/150)
  [w1]  #102  0-1     Party extinct                       208 plies    9.2s  (99/150)
  [w0]  #89   *       ply cap (400)                       400 plies   17.7s  (100/150)
  [w2]  #107  *       ply cap (400)                       400 plies   17.6s  (101/150)
  [w3]  #104  *       ply cap (400)                       400 plies   17.8s  (102/150)
  [w1]  #106  *       ply cap (400)                       400 plies   17.6s  (103/150)
  [w0]  #93   0-1     Party extinct                       226 plies   10.1s  (104/150)
  [w2]  #111  0-1     Party extinct                       236 plies   10.5s  (105/150)
  [w3]  #108  *       ply cap (400)                       400 plies   17.6s  (106/150)
  [w1]  #110  *       ply cap (400)                       400 plies   17.6s  (107/150)
  [w0]  #97   *       ply cap (400)                       400 plies   17.6s  (108/150)
  [w2]  #115  *       ply cap (400)                       400 plies   17.6s  (109/150)
  [w3]  #112  *       ply cap (400)                       400 plies   17.5s  (110/150)
  [w0]  #101  0-1     Party extinct                       342 plies   15.0s  (111/150)
  [w1]  #114  *       ply cap (400)                       400 plies   17.5s  (112/150)
  [w1]  #118  1-0     Treasure checkmated or captured      63 plies    2.8s  (113/150)
  [w2]  #119  *       ply cap (400)                       400 plies   17.6s  (114/150)
  [w0]  #105  0-1     Party extinct                       318 plies   14.0s  (115/150)
  [w3]  #116  *       ply cap (400)                       400 plies   17.6s  (116/150)
  [w1]  #122  0-1     Party extinct                       340 plies   15.0s  (117/150)
  [w2]  #123  0-1     Party extinct                       358 plies   15.8s  (118/150)
  [w3]  #120  0-1     Party extinct                       220 plies    9.8s  (119/150)
  [w0]  #109  *       ply cap (400)                       400 plies   17.6s  (120/150)
  [w2]  #127  1-0     Treasure checkmated or captured     245 plies   10.9s  (121/150)
  [w1]  #126  *       ply cap (400)                       400 plies   17.5s  (122/150)
  [w1]  #130  0-1     Party extinct                       160 plies    7.2s  (123/150)
  [w3]  #124  *       ply cap (400)                       400 plies   17.7s  (124/150)
  [w0]  #113  *       ply cap (400)                       400 plies   17.6s  (125/150)
  [w2]  #131  *       ply cap (400)                       400 plies   17.6s  (126/150)
  [w0]  #117  0-1     Party extinct                        92 plies    4.1s  (127/150)
  [w3]  #128  0-1     Party extinct                       258 plies   11.4s  (128/150)
  [w1]  #134  *       ply cap (400)                       400 plies   17.6s  (129/150)
  [w3]  #132  0-1     Party extinct                       148 plies    6.5s  (130/150)
  [w2]  #135  *       ply cap (400)                       400 plies   17.6s  (131/150)
  [w0]  #121  *       ply cap (400)                       400 plies   17.6s  (132/150)
  [w3]  #136  0-1     Party extinct                       278 plies   12.2s  (133/150)
  [w1]  #138  *       ply cap (400)                       400 plies   17.6s  (134/150)
  [w2]  #139  *       ply cap (400)                       400 plies   17.7s  (135/150)
  [w1]  #142  0-1     Party extinct                       182 plies    8.0s  (136/150)
  [w0]  #125  *       ply cap (400)                       400 plies   17.5s  (137/150)
  [w3]  #140  *       ply cap (400)                       400 plies   17.8s  (138/150)
  [w2]  #143  *       ply cap (400)                       400 plies   17.6s  (139/150)
  [w1]  #146  *       ply cap (400)                       400 plies   17.6s  (140/150)
  [w0]  #129  *       ply cap (400)                       400 plies   17.5s  (141/150)
  [w3]  #144  *       ply cap (400)                       400 plies   17.6s  (142/150)
  [w2]  #147  0-1     Party extinct                       142 plies    6.3s  (143/150)
  [w0]  #133  0-1     Party extinct                       192 plies    8.5s  (144/150)
  [w1]  #150  0-1     Party extinct                       292 plies   12.8s  (145/150)
  [w3]  #148  *       ply cap (400)                       400 plies   17.7s  (146/150)
  [w0]  #137  *       ply cap (400)                       400 plies   17.7s  (147/150)
  [w0]  #141  *       ply cap (400)                       400 plies   17.6s  (148/150)
  [w0]  #145  *       ply cap (400)                       400 plies   17.5s  (149/150)
  [w0]  #149  *       ply cap (400)                       400 plies   17.6s  (150/150)

========================================================
  Rule set    : v4-mf-depth-8
  Games       : 150
--------------------------------------------------------
  Party wins  :   14  (  9.3%)
  Horde wins  :   39  ( 26.0%)
  Unfinished  :   97  ( 64.7%)
--------------------------------------------------------
  Decisive      :  35.3%
  Party(decisive):  26.4%   95% CI [ 16.4% ..  39.6%]
  Imbalance     :  47.2%   (0% = perfectly balanced decisive games)
  Median plies  : 226  (decisive games)

  COMPOSITE SCORE : 0.187   (1.0 = balanced & decisive)
========================================================
  total time : 603.4s  (4.02s / game, 4x)
  pgn        : reports/v4-overnight/match-v4-mf-depth-8.pgn

[4/7] rulesets/v4-mf-minion-9.json
Match: rule-set 'v4-mf-minion-9'  games=150  depth=6  max-plies=400  openings=150x6plies  seed=20260424  parallel=4
  variants : /var/folders/gb/ns03xtr53539qh0kc35fzv8dxfq40g/T/yes-hybrid/variants-v4-mf-minion-9-98445-786fe78255bf4dffa45b7456d2cc0792.ini
  startFen : 4abtba3/m1mubmbumm2/12/3*4*3/4**6/12/12/3XCLSD4 w - - 0 1
  openings : 150 distinct (requested 150)

  [w3]  #4    1-0     Treasure checkmated or captured      81 plies    3.6s  (1/150)
  [w0]  #1    0-1     Party extinct                       198 plies    8.7s  (2/150)
  [w1]  #2    *       ply cap (400)                       400 plies   17.5s  (3/150)
  [w2]  #3    *       ply cap (400)                       400 plies   17.5s  (4/150)
  [w3]  #8    *       ply cap (400)                       400 plies   17.5s  (5/150)
  [w0]  #5    *       ply cap (400)                       400 plies   17.5s  (6/150)
  [w2]  #7    0-1     Party extinct                       318 plies   14.0s  (7/150)
  [w1]  #6    *       ply cap (400)                       400 plies   17.5s  (8/150)
  [w2]  #11   0-1     Party extinct                       114 plies    5.0s  (9/150)
  [w3]  #12   *       ply cap (400)                       400 plies   17.5s  (10/150)
  [w1]  #10   1-0     Treasure checkmated or captured     159 plies    7.0s  (11/150)
  [w2]  #15   0-1     Party extinct                       148 plies    6.5s  (12/150)
  [w0]  #9    *       ply cap (400)                       400 plies   17.5s  (13/150)
  [w3]  #16   *       ply cap (400)                       400 plies   17.5s  (14/150)
  [w1]  #14   *       ply cap (400)                       400 plies   17.5s  (15/150)
  [w2]  #19   *       ply cap (400)                       400 plies   17.6s  (16/150)
  [w0]  #13   *       ply cap (400)                       400 plies   17.5s  (17/150)
  [w3]  #20   1-0     Treasure checkmated or captured     249 plies   10.9s  (18/150)
  [w1]  #18   *       ply cap (400)                       400 plies   17.5s  (19/150)
  [w2]  #23   *       ply cap (400)                       400 plies   17.5s  (20/150)
  [w0]  #17   *       ply cap (400)                       400 plies   17.5s  (21/150)
  [w3]  #24   0-1     Party extinct                       386 plies   16.9s  (22/150)
  [w3]  #28   0-1     Party extinct                       142 plies    6.2s  (23/150)
  [w3]  #32   0-1     Party extinct                        82 plies    3.6s  (24/150)
  [w1]  #22   *       ply cap (400)                       400 plies   17.5s  (25/150)
  [w2]  #27   *       ply cap (400)                       400 plies   17.5s  (26/150)
  [w0]  #21   *       ply cap (400)                       400 plies   17.5s  (27/150)
  [w3]  #36   1-0     Treasure checkmated or captured      97 plies    4.3s  (28/150)
  [w2]  #31   0-1     Party extinct                       218 plies    9.6s  (29/150)
  [w1]  #26   *       ply cap (400)                       400 plies   17.5s  (30/150)
  [w0]  #25   1-0     Treasure checkmated or captured     399 plies   17.5s  (31/150)
  [w3]  #40   *       ply cap (400)                       400 plies   17.5s  (32/150)
  [w2]  #35   1-0     Treasure checkmated or captured     359 plies   15.7s  (33/150)
  [w3]  #44   0-1     Party extinct                       148 plies    6.5s  (34/150)
  [w1]  #30   *       ply cap (400)                       400 plies   17.5s  (35/150)
  [w2]  #39   0-1     Party extinct                       200 plies    8.8s  (36/150)
  [w0]  #29   *       ply cap (400)                       400 plies   17.5s  (37/150)
  [w3]  #48   1-0     Treasure checkmated or captured     327 plies   14.4s  (38/150)
  [w2]  #43   1-0     Treasure checkmated or captured     203 plies    8.9s  (39/150)
  [w3]  #52   1-0     Treasure checkmated or captured     161 plies    7.1s  (40/150)
  [w1]  #34   *       ply cap (400)                       400 plies   17.5s  (41/150)
  [w0]  #33   *       ply cap (400)                       400 plies   17.5s  (42/150)
  [w2]  #47   0-1     Party extinct                       396 plies   17.3s  (43/150)
  [w3]  #56   *       ply cap (400)                       400 plies   17.5s  (44/150)
  [w1]  #38   *       ply cap (400)                       400 plies   17.5s  (45/150)
  [w2]  #51   0-1     Party extinct                       224 plies    9.8s  (46/150)
  [w0]  #37   *       ply cap (400)                       400 plies   17.5s  (47/150)
  [w3]  #60   0-1     Party extinct                       166 plies    7.3s  (48/150)
  [w1]  #42   1-0     Treasure checkmated or captured     107 plies    4.7s  (49/150)
  [w0]  #41   0-1     Party extinct                       184 plies    8.1s  (50/150)
  [w2]  #55   *       ply cap (400)                       400 plies   17.5s  (51/150)
  [w3]  #64   *       ply cap (400)                       400 plies   17.5s  (52/150)
  [w1]  #46   *       ply cap (400)                       400 plies   17.5s  (53/150)
  [w0]  #45   1-0     Treasure checkmated or captured     349 plies   15.3s  (54/150)
  [w2]  #59   0-1     Party extinct                       190 plies    8.3s  (55/150)
  [w1]  #50   0-1     Party extinct                       132 plies    5.8s  (56/150)
  [w0]  #49   0-1     Party extinct                       184 plies    8.1s  (57/150)
  [w2]  #63   1-0     Treasure checkmated or captured     159 plies    7.0s  (58/150)
  [w3]  #68   *       ply cap (400)                       400 plies   17.5s  (59/150)
  [w1]  #54   *       ply cap (400)                       400 plies   17.5s  (60/150)
  [w0]  #53   1-0     Treasure checkmated or captured     399 plies   17.5s  (61/150)
  [w2]  #67   *       ply cap (400)                       400 plies   17.5s  (62/150)
  [w3]  #72   *       ply cap (400)                       400 plies   17.5s  (63/150)
  [w1]  #58   *       ply cap (400)                       400 plies   17.5s  (64/150)
  [w0]  #57   0-1     Party extinct                       382 plies   16.7s  (65/150)
  [w2]  #71   *       ply cap (400)                       400 plies   17.5s  (66/150)
  [w2]  #75   1-0     Treasure checkmated or captured      53 plies    2.3s  (67/150)
  [w3]  #76   *       ply cap (400)                       400 plies   17.5s  (68/150)
  [w1]  #62   1-0     Treasure checkmated or captured     295 plies   12.9s  (69/150)
  [w3]  #80   0-1     Party extinct                       124 plies    5.4s  (70/150)
  [w1]  #66   1-0     Treasure checkmated or captured     121 plies    5.3s  (71/150)
  [w0]  #61   *       ply cap (400)                       400 plies   17.5s  (72/150)
  [w2]  #79   *       ply cap (400)                       400 plies   17.5s  (73/150)
  [w0]  #65   0-1     Party extinct                       204 plies    8.9s  (74/150)
  [w3]  #84   *       ply cap (400)                       400 plies   17.5s  (75/150)
  [w1]  #70   *       ply cap (400)                       400 plies   17.5s  (76/150)
  [w2]  #83   0-1     Party extinct                       288 plies   12.6s  (77/150)
  [w3]  #88   1-0     Treasure checkmated or captured     125 plies    5.5s  (78/150)
  [w3]  #92   0-1     Party extinct                       120 plies    5.3s  (79/150)
  [w0]  #69   1-0     Treasure checkmated or captured     315 plies   13.8s  (80/150)
  [w1]  #74   0-1     Party extinct                       394 plies   17.3s  (81/150)
  [w2]  #87   1-0     Treasure checkmated or captured     361 plies   15.8s  (82/150)
  [w1]  #78   0-1     Party extinct                       134 plies    5.9s  (83/150)
  [w3]  #96   *       ply cap (400)                       400 plies   17.5s  (84/150)
  [w0]  #73   *       ply cap (400)                       400 plies   17.5s  (85/150)
  [w1]  #82   0-1     Party extinct                       170 plies    7.5s  (86/150)
  [w3]  #100  1-0     Treasure checkmated or captured     103 plies    4.5s  (87/150)
  [w2]  #91   *       ply cap (400)                       400 plies   17.5s  (88/150)
  [w1]  #86   0-1     Party extinct                       162 plies    7.1s  (89/150)
  [w0]  #77   *       ply cap (400)                       400 plies   17.5s  (90/150)
  [w3]  #104  0-1     Party extinct                       302 plies   13.3s  (91/150)
  [w2]  #95   *       ply cap (400)                       400 plies   17.5s  (92/150)
  [w3]  #108  1-0     Treasure checkmated or captured     225 plies    9.9s  (93/150)
  [w1]  #90   *       ply cap (400)                       400 plies   17.5s  (94/150)
  [w0]  #81   *       ply cap (400)                       400 plies   17.5s  (95/150)
  [w3]  #112  1-0     Treasure checkmated or captured     327 plies   14.4s  (96/150)
  [w2]  #99   *       ply cap (400)                       400 plies   17.5s  (97/150)
  [w1]  #94   *       ply cap (400)                       400 plies   17.5s  (98/150)
  [w2]  #103  1-0     Treasure checkmated or captured      39 plies    1.7s  (99/150)
  [w0]  #85   *       ply cap (400)                       400 plies   17.5s  (100/150)
  [w2]  #107  1-0     Treasure checkmated or captured     153 plies    6.7s  (101/150)
  [w3]  #116  1-0     Treasure checkmated or captured     297 plies   13.0s  (102/150)
  [w1]  #98   *       ply cap (400)                       400 plies   17.5s  (103/150)
  [w3]  #120  0-1     Party extinct                       228 plies   10.0s  (104/150)
  [w0]  #89   *       ply cap (400)                       400 plies   17.5s  (105/150)
  [w2]  #111  *       ply cap (400)                       400 plies   17.5s  (106/150)
  [w1]  #102  0-1     Party extinct                       382 plies   16.8s  (107/150)
  [w3]  #124  *       ply cap (400)                       400 plies   17.5s  (108/150)
  [w2]  #115  0-1     Party extinct                       350 plies   15.4s  (109/150)
  [w0]  #93   *       ply cap (400)                       400 plies   17.5s  (110/150)
  [w3]  #128  0-1     Party extinct                       258 plies   11.3s  (111/150)
  [w0]  #97   1-0     Treasure checkmated or captured     143 plies    6.3s  (112/150)
  [w1]  #106  *       ply cap (400)                       400 plies   17.5s  (113/150)
  [w0]  #101  0-1     Party extinct                       154 plies    6.8s  (114/150)
  [w2]  #119  *       ply cap (400)                       400 plies   17.5s  (115/150)
  [w1]  #110  0-1     Party extinct                       236 plies   10.4s  (116/150)
  [w0]  #105  1-0     Treasure checkmated or captured     189 plies    8.3s  (117/150)
  [w2]  #123  0-1     Party extinct                       172 plies    7.6s  (118/150)
  [w3]  #132  *       ply cap (400)                       400 plies   17.5s  (119/150)
  [w3]  #136  1-0     Treasure checkmated or captured     147 plies    6.5s  (120/150)
  [w2]  #127  0-1     Party extinct                       202 plies    8.9s  (121/150)
  [w1]  #114  *       ply cap (400)                       400 plies   17.5s  (122/150)
  [w0]  #109  *       ply cap (400)                       400 plies   17.5s  (123/150)
  [w3]  #140  1-0     Treasure checkmated or captured     299 plies   13.1s  (124/150)
  [w2]  #131  0-1     Party extinct                       272 plies   11.9s  (125/150)
  [w0]  #113  1-0     Treasure checkmated or captured     371 plies   16.3s  (126/150)
  [w1]  #118  *       ply cap (400)                       400 plies   17.6s  (127/150)
  [w0]  #117  0-1     Party extinct                       114 plies    5.0s  (128/150)
  [w3]  #144  *       ply cap (400)                       400 plies   17.5s  (129/150)
  [w2]  #135  *       ply cap (400)                       400 plies   17.5s  (130/150)
  [w1]  #122  *       ply cap (400)                       400 plies   17.5s  (131/150)
  [w0]  #121  *       ply cap (400)                       400 plies   17.5s  (132/150)
  [w3]  #148  *       ply cap (400)                       400 plies   17.5s  (133/150)
  [w1]  #126  0-1     Party extinct                       126 plies    5.5s  (134/150)
  [w2]  #139  *       ply cap (400)                       400 plies   17.5s  (135/150)
  [w2]  #143  0-1     Party extinct                       300 plies   13.1s  (136/150)
  [w0]  #125  *       ply cap (400)                       400 plies   17.5s  (137/150)
  [w1]  #130  *       ply cap (400)                       400 plies   17.5s  (138/150)
  [w2]  #147  0-1     Party extinct                       172 plies    7.6s  (139/150)
  [w0]  #129  *       ply cap (400)                       400 plies   17.6s  (140/150)
  [w1]  #134  *       ply cap (400)                       400 plies   17.6s  (141/150)
  [w0]  #133  *       ply cap (400)                       400 plies   17.5s  (142/150)
  [w1]  #138  *       ply cap (400)                       400 plies   17.5s  (143/150)
  [w1]  #142  0-1     Party extinct                       158 plies    6.9s  (144/150)
  [w0]  #137  *       ply cap (400)                       400 plies   17.5s  (145/150)
  [w1]  #146  *       ply cap (400)                       400 plies   17.5s  (146/150)
  [w0]  #141  1-0     Treasure checkmated or captured     331 plies   14.5s  (147/150)
  [w1]  #150  *       ply cap (400)                       400 plies   17.5s  (148/150)
  [w0]  #145  *       ply cap (400)                       400 plies   17.5s  (149/150)
  [w0]  #149  1-0     Treasure checkmated or captured     153 plies    6.7s  (150/150)

========================================================
  Rule set    : v4-mf-minion-9
  Games       : 150
--------------------------------------------------------
  Party wins  :   32  ( 21.3%)
  Horde wins  :   41  ( 27.3%)
  Unfinished  :   77  ( 51.3%)
--------------------------------------------------------
  Decisive      :  48.7%
  Party(decisive):  43.8%   95% CI [ 33.0% ..  55.2%]
  Imbalance     :  12.3%   (0% = perfectly balanced decisive games)
  Median plies  : 190  (decisive games)

  COMPOSITE SCORE : 0.427   (1.0 = balanced & decisive)
========================================================
  total time : 564.4s  (3.76s / game, 4x)
  pgn        : reports/v4-overnight/match-v4-mf-minion-9.pgn

[5/7] rulesets/v4-mf-minion-7.json
Match: rule-set 'v4-mf-minion-7'  games=150  depth=6  max-plies=400  openings=150x6plies  seed=20260424  parallel=4
  variants : /var/folders/gb/ns03xtr53539qh0kc35fzv8dxfq40g/T/yes-hybrid/variants-v4-mf-minion-7-98445-076fb3ac79cf4033b73be93cfd1527c9.ini
  startFen : 4abtba3/2mubmbum3/12/3*4*3/4**6/12/12/3XCLSD4 w - - 0 1
  openings : 150 distinct (requested 150)

  [w2]  #3    0-1     Party extinct                       126 plies    5.5s  (1/150)
  [w0]  #1    0-1     Party extinct                       126 plies    5.5s  (2/150)
  [w3]  #4    1-0     Treasure checkmated or captured     249 plies   11.0s  (3/150)
  [w1]  #2    *       ply cap (400)                       400 plies   17.6s  (4/150)
  [w2]  #7    0-1     Party extinct                       372 plies   16.3s  (5/150)
  [w3]  #8    1-0     Treasure checkmated or captured     253 plies   11.1s  (6/150)
  [w0]  #5    *       ply cap (400)                       400 plies   17.5s  (7/150)
  [w0]  #9    1-0     Treasure checkmated or captured      39 plies    1.7s  (8/150)
  [w1]  #6    *       ply cap (400)                       400 plies   17.5s  (9/150)
  [w2]  #11   *       ply cap (400)                       400 plies   17.5s  (10/150)
  [w3]  #12   *       ply cap (400)                       400 plies   17.5s  (11/150)
  [w0]  #13   *       ply cap (400)                       400 plies   17.5s  (12/150)
  [w1]  #10   1-0     Treasure checkmated or captured     169 plies    7.4s  (13/150)
  [w2]  #15   0-1     Party extinct                        86 plies    3.8s  (14/150)
  [w3]  #16   1-0     Treasure checkmated or captured     127 plies    5.6s  (15/150)
  [w1]  #14   0-1     Party extinct                       246 plies   10.9s  (16/150)
  [w2]  #19   0-1     Party extinct                       358 plies   15.7s  (17/150)
  [w0]  #17   *       ply cap (400)                       400 plies   17.6s  (18/150)
  [w3]  #20   *       ply cap (400)                       400 plies   17.5s  (19/150)
  [w0]  #21   0-1     Party has no legal response          78 plies    3.5s  (20/150)
  [w3]  #24   1-0     Treasure checkmated or captured      65 plies    2.9s  (21/150)
  [w3]  #28   1-0     Treasure checkmated or captured      31 plies    1.4s  (22/150)
  [w1]  #18   *       ply cap (400)                       400 plies   17.6s  (23/150)
  [w0]  #25   1-0     Treasure checkmated or captured     195 plies    8.6s  (24/150)
  [w3]  #32   1-0     Treasure checkmated or captured     131 plies    5.8s  (25/150)
  [w2]  #23   *       ply cap (400)                       400 plies   17.5s  (26/150)
  [w1]  #22   1-0     Treasure checkmated or captured     175 plies    7.7s  (27/150)
  [w1]  #26   1-0     Treasure checkmated or captured     199 plies    8.7s  (28/150)
  [w0]  #29   *       ply cap (400)                       400 plies   17.5s  (29/150)
  [w1]  #30   1-0     Treasure checkmated or captured      57 plies    2.5s  (30/150)
  [w3]  #36   *       ply cap (400)                       400 plies   17.5s  (31/150)
  [w2]  #27   *       ply cap (400)                       400 plies   17.5s  (32/150)
  [w1]  #34   1-0     Treasure checkmated or captured     281 plies   12.3s  (33/150)
  [w2]  #31   1-0     Treasure checkmated or captured     225 plies    9.9s  (34/150)
  [w0]  #33   *       ply cap (400)                       400 plies   17.5s  (35/150)
  [w3]  #40   *       ply cap (400)                       400 plies   17.5s  (36/150)
  [w0]  #37   0-1     Party extinct                       242 plies   10.6s  (37/150)
  [w1]  #38   *       ply cap (400)                       400 plies   17.5s  (38/150)
  [w2]  #35   *       ply cap (400)                       400 plies   17.5s  (39/150)
  [w0]  #41   1-0     Treasure checkmated or captured     165 plies    7.2s  (40/150)
  [w3]  #44   *       ply cap (400)                       400 plies   17.5s  (41/150)
  [w1]  #42   *       ply cap (400)                       400 plies   17.5s  (42/150)
  [w2]  #39   *       ply cap (400)                       400 plies   17.5s  (43/150)
  [w0]  #45   *       ply cap (400)                       400 plies   17.5s  (44/150)
  [w3]  #48   *       ply cap (400)                       400 plies   17.5s  (45/150)
  [w0]  #49   1-0     Treasure checkmated or captured     153 plies    6.7s  (46/150)
  [w1]  #46   1-0     Treasure checkmated or captured     355 plies   15.5s  (47/150)
  [w2]  #43   0-1     Party extinct                       324 plies   14.2s  (48/150)
  [w3]  #52   *       ply cap (400)                       400 plies   17.6s  (49/150)
  [w0]  #53   *       ply cap (400)                       400 plies   17.6s  (50/150)
  [w0]  #57   1-0     Treasure checkmated or captured      61 plies    2.7s  (51/150)
  [w1]  #50   *       ply cap (400)                       400 plies   17.6s  (52/150)
  [w2]  #47   *       ply cap (400)                       400 plies   17.6s  (53/150)
  [w3]  #56   *       ply cap (400)                       400 plies   17.5s  (54/150)
  [w0]  #61   *       ply cap (400)                       400 plies   17.5s  (55/150)
  [w1]  #54   *       ply cap (400)                       400 plies   17.5s  (56/150)
  [w2]  #51   *       ply cap (400)                       400 plies   17.5s  (57/150)
  [w1]  #58   1-0     Treasure checkmated or captured      47 plies    2.1s  (58/150)
  [w3]  #60   1-0     Treasure checkmated or captured     359 plies   15.7s  (59/150)
  [w2]  #55   1-0     Treasure checkmated or captured     169 plies    7.4s  (60/150)
  [w0]  #65   1-0     Treasure checkmated or captured     229 plies   10.1s  (61/150)
  [w3]  #64   0-1     Party extinct                        92 plies    4.1s  (62/150)
  [w1]  #62   *       ply cap (400)                       400 plies   17.5s  (63/150)
  [w1]  #66   1-0     Treasure checkmated or captured      65 plies    2.9s  (64/150)
  [w2]  #59   0-1     Party extinct                       376 plies   16.5s  (65/150)
  [w0]  #69   *       ply cap (400)                       400 plies   17.5s  (66/150)
  [w3]  #68   *       ply cap (400)                       400 plies   17.5s  (67/150)
  [w2]  #63   0-1     Party extinct                       116 plies    5.1s  (68/150)
  [w1]  #70   1-0     Treasure checkmated or captured     195 plies    8.6s  (69/150)
  [w0]  #73   1-0     Treasure checkmated or captured     131 plies    5.8s  (70/150)
  [w3]  #72   1-0     Treasure checkmated or captured     183 plies    8.0s  (71/150)
  [w2]  #67   1-0     Treasure checkmated or captured     187 plies    8.2s  (72/150)
  [w3]  #76   0-1     Party extinct                       124 plies    5.4s  (73/150)
  [w2]  #71   0-1     Party extinct                        78 plies    3.4s  (74/150)
  [w1]  #74   1-0     Treasure checkmated or captured     235 plies   10.3s  (75/150)
  [w2]  #75   0-1     Party extinct                        82 plies    3.6s  (76/150)
  [w0]  #77   *       ply cap (400)                       400 plies   17.5s  (77/150)
  [w1]  #78   1-0     Treasure checkmated or captured     253 plies   11.1s  (78/150)
  [w2]  #79   1-0     Treasure checkmated or captured     245 plies   10.7s  (79/150)
  [w0]  #81   1-0     Treasure checkmated or captured     189 plies    8.3s  (80/150)
  [w3]  #80   *       ply cap (400)                       400 plies   17.5s  (81/150)
  [w1]  #82   *       ply cap (400)                       400 plies   17.5s  (82/150)
  [w2]  #83   *       ply cap (400)                       400 plies   17.5s  (83/150)
  [w0]  #85   *       ply cap (400)                       400 plies   17.5s  (84/150)
  [w3]  #84   *       ply cap (400)                       400 plies   17.5s  (85/150)
  [w1]  #86   0-1     Party extinct                       242 plies   10.6s  (86/150)
  [w0]  #89   1-0     Treasure checkmated or captured     335 plies   14.7s  (87/150)
  [w2]  #87   *       ply cap (400)                       400 plies   17.5s  (88/150)
  [w2]  #91   1-0     Treasure checkmated or captured       1 plies    0.1s  (89/150)
  [w3]  #88   *       ply cap (400)                       400 plies   17.6s  (90/150)
  [w1]  #90   *       ply cap (400)                       400 plies   17.6s  (91/150)
  [w0]  #93   *       ply cap (400)                       400 plies   17.5s  (92/150)
  [w2]  #95   *       ply cap (400)                       400 plies   17.5s  (93/150)
  [w3]  #92   1-0     Treasure checkmated or captured     335 plies   14.7s  (94/150)
  [w1]  #94   *       ply cap (400)                       400 plies   17.5s  (95/150)
  [w1]  #98   0-1     Party extinct                        86 plies    3.8s  (96/150)
  [w2]  #99   1-0     Treasure checkmated or captured     299 plies   13.1s  (97/150)
  [w3]  #96   1-0     Treasure checkmated or captured     377 plies   16.5s  (98/150)
  [w0]  #97   *       ply cap (400)                       400 plies   17.5s  (99/150)
  [w2]  #103  1-0     Treasure checkmated or captured     109 plies    4.7s  (100/150)
  [w3]  #100  1-0     Treasure checkmated or captured      55 plies    2.4s  (101/150)
  [w2]  #107  1-0     Treasure checkmated or captured      63 plies    2.7s  (102/150)
  [w0]  #101  1-0     Treasure checkmated or captured     209 plies    9.0s  (103/150)
  [w1]  #102  *       ply cap (400)                       400 plies   17.3s  (104/150)
  [w1]  #106  1-0     Treasure checkmated or captured      51 plies    2.2s  (105/150)
  [w0]  #105  1-0     Treasure checkmated or captured     133 plies    5.8s  (106/150)
  [w3]  #104  1-0     Treasure checkmated or captured     315 plies   13.7s  (107/150)
  [w2]  #111  *       ply cap (400)                       400 plies   17.3s  (108/150)
  [w0]  #109  1-0     Treasure checkmated or captured     177 plies    7.7s  (109/150)
  [w0]  #113  1-0     Treasure checkmated or captured      43 plies    1.9s  (110/150)
  [w2]  #115  0-1     Party extinct                       126 plies    5.6s  (111/150)
  [w1]  #110  *       ply cap (400)                       400 plies   17.5s  (112/150)
  [w3]  #108  *       ply cap (400)                       400 plies   17.5s  (113/150)
  [w2]  #119  1-0     Treasure checkmated or captured     197 plies    8.6s  (114/150)
  [w3]  #112  1-0     Treasure checkmated or captured      75 plies    3.3s  (115/150)
  [w1]  #114  0-1     Party extinct                       136 plies    6.0s  (116/150)
  [w0]  #117  *       ply cap (400)                       400 plies   17.5s  (117/150)
  [w2]  #123  1-0     Treasure checkmated or captured     337 plies   14.7s  (118/150)
  [w3]  #116  *       ply cap (400)                       400 plies   17.4s  (119/150)
  [w1]  #118  *       ply cap (400)                       400 plies   17.5s  (120/150)
  [w2]  #127  1-0     Treasure checkmated or captured     123 plies    5.4s  (121/150)
  [w2]  #131  1-0     Treasure checkmated or captured      59 plies    2.6s  (122/150)
  [w0]  #121  *       ply cap (400)                       400 plies   17.5s  (123/150)
  [w2]  #135  1-0     Treasure checkmated or captured     255 plies   11.2s  (124/150)
  [w1]  #122  0-1     Party extinct                       330 plies   14.5s  (125/150)
  [w3]  #120  *       ply cap (400)                       400 plies   17.6s  (126/150)
  [w0]  #125  1-0     Treasure checkmated or captured     281 plies   12.4s  (127/150)
  [w2]  #139  0-1     Party extinct                       120 plies    5.3s  (128/150)
  [w3]  #124  1-0     Treasure checkmated or captured     253 plies   11.1s  (129/150)
  [w1]  #126  *       ply cap (400)                       400 plies   17.5s  (130/150)
  [w0]  #129  *       ply cap (400)                       400 plies   17.5s  (131/150)
  [w2]  #143  *       ply cap (400)                       400 plies   17.5s  (132/150)
  [w1]  #130  1-0     Treasure checkmated or captured     115 plies    5.1s  (133/150)
  [w3]  #128  0-1     Party extinct                       232 plies   10.2s  (134/150)
  [w3]  #132  0-1     Party extinct                       206 plies    9.0s  (135/150)
  [w0]  #133  *       ply cap (400)                       400 plies   17.7s  (136/150)
  [w2]  #147  *       ply cap (400)                       400 plies   17.7s  (137/150)
  [w1]  #134  *       ply cap (400)                       400 plies   17.7s  (138/150)
  [w3]  #136  0-1     Party extinct                       264 plies   11.8s  (139/150)
  [w3]  #140  1-0     Treasure checkmated or captured     133 plies    5.9s  (140/150)
  [w0]  #137  *       ply cap (400)                       400 plies   17.6s  (141/150)
  [w1]  #138  *       ply cap (400)                       400 plies   17.5s  (142/150)
  [w0]  #141  1-0     Treasure checkmated or captured     205 plies    9.0s  (143/150)
  [w1]  #142  0-1     Party extinct                       186 plies    8.2s  (144/150)
  [w3]  #144  *       ply cap (400)                       400 plies   17.5s  (145/150)
  [w0]  #145  0-1     Party extinct                       198 plies    8.7s  (146/150)
  [w3]  #148  0-1     Party extinct                       364 plies   16.0s  (147/150)
  [w1]  #146  *       ply cap (400)                       400 plies   17.5s  (148/150)
  [w0]  #149  *       ply cap (400)                       400 plies   17.5s  (149/150)
  [w1]  #150  1-0     Treasure checkmated or captured     227 plies   10.0s  (150/150)

========================================================
  Rule set    : v4-mf-minion-7
  Games       : 150
--------------------------------------------------------
  Party wins  :   57  ( 38.0%)
  Horde wins  :   27  ( 18.0%)
  Unfinished  :   66  ( 44.0%)
--------------------------------------------------------
  Decisive      :  56.0%
  Party(decisive):  67.9%   95% CI [ 57.3% ..  76.9%]
  Imbalance     :  35.7%   (0% = perfectly balanced decisive games)
  Median plies  : 186  (decisive games)

  COMPOSITE SCORE : 0.360   (1.0 = balanced & decisive)
========================================================
  total time : 476.3s  (3.18s / game, 4x)
  pgn        : reports/v4-overnight/match-v4-mf-minion-7.pgn

[6/7] rulesets/v4-mf-striker-range.json
Match: rule-set 'v4-mf-striker-range'  games=150  depth=6  max-plies=400  openings=150x6plies  seed=20260424  parallel=4
  variants : /var/folders/gb/ns03xtr53539qh0kc35fzv8dxfq40g/T/yes-hybrid/variants-v4-mf-striker-range-98445-10cbc8b00ba24056b1884fb544283903.ini
  startFen : 4abtba3/2mubmbumm2/12/3*4*3/4**6/12/12/3XCLSD4 w - - 0 1
  openings : 150 distinct (requested 150)

  [w3]  #4    0-1     Party extinct                        82 plies    3.6s  (1/150)
  [w2]  #3    1-0     Treasure checkmated or captured     191 plies    8.4s  (2/150)
  [w1]  #2    *       ply cap (400)                       400 plies   17.5s  (3/150)
  [w0]  #1    *       ply cap (400)                       400 plies   17.5s  (4/150)
  [w3]  #8    *       ply cap (400)                       400 plies   17.5s  (5/150)
  [w2]  #7    *       ply cap (400)                       400 plies   17.6s  (6/150)
  [w3]  #12   0-1     Party extinct                       110 plies    4.9s  (7/150)
  [w0]  #5    1-0     Treasure checkmated or captured     259 plies   11.4s  (8/150)
  [w1]  #6    *       ply cap (400)                       400 plies   17.6s  (9/150)
  [w0]  #9    1-0     Treasure checkmated or captured     167 plies    7.3s  (10/150)
  [w2]  #11   0-1     Party extinct                       268 plies   11.8s  (11/150)
  [w3]  #16   1-0     Treasure checkmated or captured     279 plies   12.3s  (12/150)
  [w1]  #10   *       ply cap (400)                       400 plies   17.5s  (13/150)
  [w1]  #14   1-0     Treasure checkmated or captured       1 plies    0.1s  (14/150)
  [w0]  #13   *       ply cap (400)                       400 plies   17.5s  (15/150)
  [w2]  #15   *       ply cap (400)                       400 plies   17.5s  (16/150)
  [w3]  #20   *       ply cap (400)                       400 plies   17.5s  (17/150)
  [w1]  #18   *       ply cap (400)                       400 plies   17.6s  (18/150)
  [w0]  #17   *       ply cap (400)                       400 plies   17.6s  (19/150)
  [w1]  #22   0-1     Party has no legal response          52 plies    2.3s  (20/150)
  [w2]  #19   *       ply cap (400)                       400 plies   17.6s  (21/150)
  [w3]  #24   1-0     Treasure checkmated or captured     395 plies   17.4s  (22/150)
  [w3]  #28   1-0     Treasure checkmated or captured     123 plies    5.4s  (23/150)
  [w2]  #23   1-0     Treasure checkmated or captured     267 plies   11.8s  (24/150)
  [w0]  #21   *       ply cap (400)                       400 plies   17.6s  (25/150)
  [w1]  #26   *       ply cap (400)                       400 plies   17.6s  (26/150)
  [w2]  #27   0-1     Party has no legal response         130 plies    5.7s  (27/150)
  [w0]  #25   1-0     Treasure checkmated or captured     155 plies    6.8s  (28/150)
  [w3]  #32   *       ply cap (400)                       400 plies   17.6s  (29/150)
  [w1]  #30   *       ply cap (400)                       400 plies   17.5s  (30/150)
  [w2]  #31   *       ply cap (400)                       400 plies   17.5s  (31/150)
  [w0]  #29   1-0     Treasure checkmated or captured     341 plies   15.0s  (32/150)
  [w0]  #33   1-0     Treasure checkmated or captured       1 plies    0.1s  (33/150)
  [w3]  #36   *       ply cap (400)                       400 plies   17.5s  (34/150)
  [w2]  #35   1-0     Treasure checkmated or captured     263 plies   11.5s  (35/150)
  [w1]  #34   *       ply cap (400)                       400 plies   17.6s  (36/150)
  [w0]  #37   1-0     Treasure checkmated or captured     353 plies   15.6s  (37/150)
  [w3]  #40   *       ply cap (400)                       400 plies   17.6s  (38/150)
  [w2]  #39   *       ply cap (400)                       400 plies   17.6s  (39/150)
  [w1]  #38   *       ply cap (400)                       400 plies   17.5s  (40/150)
  [w0]  #41   *       ply cap (400)                       400 plies   17.6s  (41/150)
  [w3]  #44   1-0     Treasure checkmated or captured     333 plies   14.7s  (42/150)
  [w3]  #48   1-0     Treasure checkmated or captured      73 plies    3.2s  (43/150)
  [w1]  #42   1-0     Treasure checkmated or captured     195 plies    8.6s  (44/150)
  [w2]  #43   *       ply cap (400)                       400 plies   17.6s  (45/150)
  [w1]  #46   0-1     Party extinct                       160 plies    7.1s  (46/150)
  [w0]  #45   *       ply cap (400)                       400 plies   17.6s  (47/150)
  [w3]  #52   *       ply cap (400)                       400 plies   17.6s  (48/150)
  [w3]  #56   1-0     Treasure checkmated or captured      91 plies    4.0s  (49/150)
  [w2]  #47   *       ply cap (400)                       400 plies   17.6s  (50/150)
  [w1]  #50   *       ply cap (400)                       400 plies   17.6s  (51/150)
  [w0]  #49   *       ply cap (400)                       400 plies   17.6s  (52/150)
  [w3]  #60   1-0     Treasure checkmated or captured     359 plies   15.8s  (53/150)
  [w2]  #51   1-0     Treasure checkmated or captured     341 plies   15.0s  (54/150)
  [w1]  #54   1-0     Treasure checkmated or captured     271 plies   11.9s  (55/150)
  [w2]  #55   0-1     Party extinct                        84 plies    3.7s  (56/150)
  [w1]  #58   0-1     Party extinct                       118 plies    5.2s  (57/150)
  [w0]  #53   *       ply cap (400)                       400 plies   17.6s  (58/150)
  [w3]  #64   0-1     Party extinct                       302 plies   13.3s  (59/150)
  [w3]  #68   1-0     Treasure checkmated or captured     149 plies    6.5s  (60/150)
  [w2]  #59   *       ply cap (400)                       400 plies   17.5s  (61/150)
  [w1]  #62   *       ply cap (400)                       400 plies   17.5s  (62/150)
  [w0]  #57   *       ply cap (400)                       400 plies   17.5s  (63/150)
  [w1]  #66   1-0     Treasure checkmated or captured     115 plies    5.1s  (64/150)
  [w0]  #61   1-0     Treasure checkmated or captured      93 plies    4.1s  (65/150)
  [w3]  #72   1-0     Treasure checkmated or captured     311 plies   13.7s  (66/150)
  [w1]  #70   1-0     Treasure checkmated or captured     139 plies    6.2s  (67/150)
  [w2]  #63   *       ply cap (400)                       400 plies   17.6s  (68/150)
  [w1]  #74   0-1     Party extinct                       100 plies    4.4s  (69/150)
  [w2]  #67   1-0     Treasure checkmated or captured      69 plies    3.1s  (70/150)
  [w0]  #65   0-1     Party extinct                       252 plies   11.1s  (71/150)
  [w3]  #76   *       ply cap (400)                       400 plies   17.6s  (72/150)
  [w1]  #78   1-0     Treasure checkmated or captured     363 plies   15.9s  (73/150)
  [w2]  #71   1-0     Treasure checkmated or captured     307 plies   13.5s  (74/150)
  [w2]  #75   1-0     Treasure checkmated or captured      95 plies    4.2s  (75/150)
  [w0]  #69   *       ply cap (400)                       400 plies   17.5s  (76/150)
  [w1]  #82   0-1     Party extinct                       196 plies    8.6s  (77/150)
  [w1]  #86   0-1     Party extinct                        88 plies    3.9s  (78/150)
  [w3]  #80   *       ply cap (400)                       400 plies   17.5s  (79/150)
  [w0]  #73   0-1     Party extinct                       248 plies   10.9s  (80/150)
  [w3]  #84   1-0     Treasure checkmated or captured     205 plies    9.0s  (81/150)
  [w2]  #79   *       ply cap (400)                       400 plies   17.5s  (82/150)
  [w2]  #83   1-0     Treasure checkmated or captured      11 plies    0.5s  (83/150)
  [w1]  #90   *       ply cap (400)                       400 plies   17.5s  (84/150)
  [w3]  #88   1-0     Treasure checkmated or captured     201 plies    8.8s  (85/150)
  [w0]  #77   *       ply cap (400)                       400 plies   17.5s  (86/150)
  [w2]  #87   *       ply cap (400)                       400 plies   17.5s  (87/150)
  [w0]  #81   1-0     Treasure checkmated or captured     201 plies    8.8s  (88/150)
  [w3]  #92   0-1     Party extinct                       284 plies   12.5s  (89/150)
  [w1]  #94   0-1     Party extinct                       334 plies   14.7s  (90/150)
  [w0]  #85   1-0     Treasure checkmated or captured      83 plies    3.7s  (91/150)
  [w0]  #89   1-0     Treasure checkmated or captured      95 plies    4.2s  (92/150)
  [w0]  #93   1-0     Treasure checkmated or captured     111 plies    4.9s  (93/150)
  [w2]  #91   *       ply cap (400)                       400 plies   17.5s  (94/150)
  [w3]  #96   *       ply cap (400)                       400 plies   17.5s  (95/150)
  [w0]  #97   1-0     Treasure checkmated or captured     159 plies    7.0s  (96/150)
  [w1]  #98   *       ply cap (400)                       400 plies   17.5s  (97/150)
  [w0]  #101  1-0     Treasure checkmated or captured      51 plies    2.3s  (98/150)
  [w3]  #100  1-0     Treasure checkmated or captured     159 plies    7.0s  (99/150)
  [w1]  #102  1-0     Treasure checkmated or captured     217 plies    9.5s  (100/150)
  [w2]  #95   *       ply cap (400)                       400 plies   17.6s  (101/150)
  [w0]  #105  1-0     Treasure checkmated or captured     305 plies   13.4s  (102/150)
  [w2]  #99   0-1     Party extinct                       142 plies    6.2s  (103/150)
  [w3]  #104  *       ply cap (400)                       400 plies   17.5s  (104/150)
  [w1]  #106  *       ply cap (400)                       400 plies   17.5s  (105/150)
  [w0]  #109  *       ply cap (400)                       400 plies   17.5s  (106/150)
  [w2]  #103  1-0     Treasure checkmated or captured     347 plies   15.2s  (107/150)
  [w3]  #108  1-0     Treasure checkmated or captured     261 plies   11.4s  (108/150)
  [w1]  #110  0-1     Party extinct                       248 plies   10.9s  (109/150)
  [w1]  #114  1-0     Treasure checkmated or captured     177 plies    7.8s  (110/150)
  [w1]  #118  0-1     Party extinct                        64 plies    2.8s  (111/150)
  [w0]  #113  *       ply cap (400)                       400 plies   17.5s  (112/150)
  [w2]  #107  *       ply cap (400)                       400 plies   17.5s  (113/150)
  [w3]  #112  *       ply cap (400)                       400 plies   17.5s  (114/150)
  [w0]  #117  1-0     Treasure checkmated or captured     165 plies    7.3s  (115/150)
  [w1]  #122  1-0     Treasure checkmated or captured     221 plies    9.7s  (116/150)
  [w1]  #126  1-0     Treasure checkmated or captured     113 plies    5.0s  (117/150)
  [w2]  #111  *       ply cap (400)                       400 plies   17.5s  (118/150)
  [w3]  #116  *       ply cap (400)                       400 plies   17.5s  (119/150)
  [w0]  #121  *       ply cap (400)                       400 plies   17.5s  (120/150)
  [w3]  #120  0-1     Party extinct                       164 plies    7.2s  (121/150)
  [w1]  #130  *       ply cap (400)                       400 plies   17.5s  (122/150)
  [w2]  #115  0-1     Party extinct                       306 plies   13.4s  (123/150)
  [w1]  #134  1-0     Treasure checkmated or captured     159 plies    7.0s  (124/150)
  [w3]  #124  1-0     Treasure checkmated or captured     253 plies   11.1s  (125/150)
  [w0]  #125  0-1     Party extinct                       332 plies   14.6s  (126/150)
  [w0]  #129  0-1     Party extinct                        98 plies    4.3s  (127/150)
  [w2]  #119  1-0     Treasure checkmated or captured     305 plies   13.4s  (128/150)
  [w0]  #133  1-0     Treasure checkmated or captured     187 plies    8.2s  (129/150)
  [w1]  #138  1-0     Treasure checkmated or captured     381 plies   16.7s  (130/150)
  [w3]  #128  *       ply cap (400)                       400 plies   17.5s  (131/150)
  [w1]  #142  1-0     Treasure checkmated or captured      75 plies    3.3s  (132/150)
  [w2]  #123  *       ply cap (400)                       400 plies   17.5s  (133/150)
  [w2]  #127  1-0     Treasure checkmated or captured      85 plies    3.8s  (134/150)
  [w1]  #146  1-0     Treasure checkmated or captured     243 plies   10.7s  (135/150)
  [w0]  #137  *       ply cap (400)                       400 plies   17.5s  (136/150)
  [w2]  #131  0-1     Party extinct                        98 plies    4.3s  (137/150)
  [w3]  #132  *       ply cap (400)                       400 plies   17.6s  (138/150)
  [w2]  #135  1-0     Treasure checkmated or captured     125 plies    5.5s  (139/150)
  [w0]  #141  0-1     Party extinct                       270 plies   11.9s  (140/150)
  [w3]  #136  0-1     Party extinct                       278 plies   12.2s  (141/150)
  [w1]  #150  *       ply cap (400)                       400 plies   17.5s  (142/150)
  [w0]  #145  0-1     Party extinct                       130 plies    5.7s  (143/150)
  [w0]  #149  1-0     Treasure checkmated or captured      69 plies    3.1s  (144/150)
  [w3]  #140  1-0     Treasure checkmated or captured     181 plies    8.0s  (145/150)
  [w2]  #139  *       ply cap (400)                       400 plies   17.5s  (146/150)
  [w3]  #144  *       ply cap (400)                       400 plies   17.5s  (147/150)
  [w2]  #143  *       ply cap (400)                       400 plies   17.5s  (148/150)
  [w3]  #148  1-0     Treasure checkmated or captured      41 plies    1.8s  (149/150)
  [w2]  #147  0-1     Party extinct                        96 plies    4.2s  (150/150)

========================================================
  Rule set    : v4-mf-striker-range
  Games       : 150
--------------------------------------------------------
  Party wins  :   59  ( 39.3%)
  Horde wins  :   28  ( 18.7%)
  Unfinished  :   63  ( 42.0%)
--------------------------------------------------------
  Decisive      :  58.0%
  Party(decisive):  67.8%   95% CI [ 57.4% ..  76.7%]
  Imbalance     :  35.6%   (0% = perfectly balanced decisive games)
  Median plies  : 167  (decisive games)

  COMPOSITE SCORE : 0.373   (1.0 = balanced & decisive)
========================================================
  total time : 471.6s  (3.14s / game, 4x)
  pgn        : reports/v4-overnight/match-v4-mf-striker-range.pgn

[7/7] rulesets/v4-mf-artillery-range.json
Match: rule-set 'v4-mf-artillery-range'  games=150  depth=6  max-plies=400  openings=150x6plies  seed=20260424  parallel=4
  variants : /var/folders/gb/ns03xtr53539qh0kc35fzv8dxfq40g/T/yes-hybrid/variants-v4-mf-artillery-range-98445-53873c240a27409794b9a9d9f021c577.ini
  startFen : 4abtba3/2mubmbumm2/12/3*4*3/4**6/12/12/3XCLSD4 w - - 0 1
  openings : 150 distinct (requested 150)

  [w1]  #2    1-0     Treasure checkmated or captured     273 plies   12.1s  (1/150)
  [w3]  #4    1-0     Treasure checkmated or captured     303 plies   13.4s  (2/150)
  [w0]  #1    *       ply cap (400)                       400 plies   17.6s  (3/150)
  [w2]  #3    *       ply cap (400)                       400 plies   17.6s  (4/150)
  [w2]  #7    1-0     Treasure checkmated or captured      59 plies    2.6s  (5/150)
  [w2]  #11   1-0     Treasure checkmated or captured     113 plies    5.0s  (6/150)
  [w1]  #6    0-1     Party extinct                       330 plies   14.5s  (7/150)
  [w2]  #15   1-0     Treasure checkmated or captured     115 plies    5.1s  (8/150)
  [w3]  #8    *       ply cap (400)                       400 plies   17.6s  (9/150)
  [w0]  #5    *       ply cap (400)                       400 plies   17.5s  (10/150)
  [w2]  #19   1-0     Treasure checkmated or captured     119 plies    5.2s  (11/150)
  [w2]  #23   0-1     Party extinct                       168 plies    7.4s  (12/150)
  [w1]  #10   *       ply cap (400)                       400 plies   17.5s  (13/150)
  [w3]  #12   *       ply cap (400)                       400 plies   17.5s  (14/150)
  [w3]  #16   1-0     Treasure checkmated or captured      63 plies    2.8s  (15/150)
  [w0]  #9    *       ply cap (400)                       400 plies   17.5s  (16/150)
  [w2]  #27   0-1     Party extinct                       264 plies   11.6s  (17/150)
  [w1]  #14   0-1     Party extinct                       264 plies   11.6s  (18/150)
  [w1]  #18   1-0     Treasure checkmated or captured      53 plies    2.3s  (19/150)
  [w2]  #31   1-0     Treasure checkmated or captured     195 plies    8.6s  (20/150)
  [w1]  #22   1-0     Treasure checkmated or captured     233 plies   10.2s  (21/150)
  [w3]  #20   *       ply cap (400)                       400 plies   17.5s  (22/150)
  [w0]  #13   *       ply cap (400)                       400 plies   17.5s  (23/150)
  [w3]  #24   1-0     Treasure checkmated or captured     127 plies    5.6s  (24/150)
  [w1]  #26   1-0     Treasure checkmated or captured     207 plies    9.1s  (25/150)
  [w2]  #35   *       ply cap (400)                       400 plies   17.5s  (26/150)
  [w3]  #28   1-0     Treasure checkmated or captured     167 plies    7.4s  (27/150)
  [w0]  #17   *       ply cap (400)                       400 plies   17.6s  (28/150)
  [w3]  #32   1-0     Treasure checkmated or captured     141 plies    6.2s  (29/150)
  [w1]  #30   *       ply cap (400)                       400 plies   17.6s  (30/150)
  [w2]  #39   0-1     Party extinct                       340 plies   15.0s  (31/150)
  [w3]  #36   1-0     Treasure checkmated or captured     289 plies   12.7s  (32/150)
  [w0]  #21   *       ply cap (400)                       400 plies   17.6s  (33/150)
  [w1]  #34   *       ply cap (400)                       400 plies   17.5s  (34/150)
  [w2]  #43   *       ply cap (400)                       400 plies   17.5s  (35/150)
  [w1]  #38   1-0     Treasure checkmated or captured     113 plies    5.0s  (36/150)
  [w3]  #40   *       ply cap (400)                       400 plies   17.5s  (37/150)
  [w3]  #44   0-1     Party has no legal response         102 plies    4.5s  (38/150)
  [w0]  #25   *       ply cap (400)                       400 plies   17.5s  (39/150)
  [w2]  #47   *       ply cap (400)                       400 plies   17.5s  (40/150)
  [w3]  #48   1-0     Treasure checkmated or captured     231 plies   10.1s  (41/150)
  [w1]  #42   *       ply cap (400)                       400 plies   17.5s  (42/150)
  [w3]  #52   0-1     Party extinct                       172 plies    7.6s  (43/150)
  [w0]  #29   *       ply cap (400)                       400 plies   17.5s  (44/150)
  [w0]  #33   1-0     Treasure checkmated or captured     169 plies    7.5s  (45/150)
  [w2]  #51   *       ply cap (400)                       400 plies   17.5s  (46/150)
  [w1]  #46   *       ply cap (400)                       400 plies   17.5s  (47/150)
  [w2]  #55   1-0     Treasure checkmated or captured     195 plies    8.6s  (48/150)
  [w1]  #50   1-0     Treasure checkmated or captured     101 plies    4.5s  (49/150)
  [w3]  #56   *       ply cap (400)                       400 plies   17.6s  (50/150)
  [w1]  #54   1-0     Treasure checkmated or captured      51 plies    2.3s  (51/150)
  [w3]  #60   1-0     Treasure checkmated or captured     119 plies    5.2s  (52/150)
  [w0]  #37   0-1     Party extinct                       374 plies   16.4s  (53/150)
  [w0]  #41   0-1     Party extinct                       114 plies    5.0s  (54/150)
  [w2]  #59   *       ply cap (400)                       400 plies   17.5s  (55/150)
  [w1]  #58   *       ply cap (400)                       400 plies   17.5s  (56/150)
  [w0]  #45   1-0     Treasure checkmated or captured     255 plies   11.2s  (57/150)
  [w3]  #64   *       ply cap (400)                       400 plies   17.5s  (58/150)
  [w0]  #49   1-0     Treasure checkmated or captured      71 plies    3.2s  (59/150)
  [w2]  #63   *       ply cap (400)                       400 plies   17.5s  (60/150)
  [w1]  #62   *       ply cap (400)                       400 plies   17.5s  (61/150)
  [w3]  #68   *       ply cap (400)                       400 plies   17.5s  (62/150)
  [w0]  #53   0-1     Party extinct                       338 plies   14.8s  (63/150)
  [w2]  #67   *       ply cap (400)                       400 plies   17.5s  (64/150)
  [w1]  #66   *       ply cap (400)                       400 plies   17.5s  (65/150)
  [w2]  #71   0-1     Party extinct                        98 plies    4.4s  (66/150)
  [w3]  #72   *       ply cap (400)                       400 plies   17.6s  (67/150)
  [w0]  #57   *       ply cap (400)                       400 plies   17.6s  (68/150)
  [w0]  #61   1-0     Treasure checkmated or captured     125 plies    5.5s  (69/150)
  [w3]  #76   1-0     Treasure checkmated or captured     215 plies    9.4s  (70/150)
  [w0]  #65   0-1     Party extinct                       144 plies    6.3s  (71/150)
  [w1]  #70   *       ply cap (400)                       400 plies   17.5s  (72/150)
  [w2]  #75   *       ply cap (400)                       400 plies   17.5s  (73/150)
  [w3]  #80   *       ply cap (400)                       400 plies   17.5s  (74/150)
  [w0]  #69   *       ply cap (400)                       400 plies   17.5s  (75/150)
  [w1]  #74   *       ply cap (400)                       400 plies   17.5s  (76/150)
  [w2]  #79   *       ply cap (400)                       400 plies   17.5s  (77/150)
  [w3]  #84   *       ply cap (400)                       400 plies   17.5s  (78/150)
  [w0]  #73   *       ply cap (400)                       400 plies   17.5s  (79/150)
  [w1]  #78   *       ply cap (400)                       400 plies   17.5s  (80/150)
  [w2]  #83   *       ply cap (400)                       400 plies   17.5s  (81/150)
  [w0]  #77   1-0     Treasure checkmated or captured     117 plies    5.2s  (82/150)
  [w3]  #88   1-0     Treasure checkmated or captured     305 plies   13.4s  (83/150)
  [w1]  #82   *       ply cap (400)                       400 plies   17.5s  (84/150)
  [w2]  #87   *       ply cap (400)                       400 plies   17.5s  (85/150)
  [w1]  #86   1-0     Treasure checkmated or captured      55 plies    2.4s  (86/150)
  [w0]  #81   *       ply cap (400)                       400 plies   17.5s  (87/150)
  [w3]  #92   *       ply cap (400)                       400 plies   17.5s  (88/150)
  [w1]  #90   1-0     Treasure checkmated or captured     177 plies    7.8s  (89/150)
  [w0]  #85   0-1     Party extinct                       260 plies   11.4s  (90/150)
  [w2]  #91   *       ply cap (400)                       400 plies   17.5s  (91/150)
  [w0]  #89   1-0     Treasure checkmated or captured     153 plies    6.7s  (92/150)
  [w0]  #93   1-0     Treasure checkmated or captured      65 plies    2.9s  (93/150)
  [w3]  #96   *       ply cap (400)                       400 plies   17.5s  (94/150)
  [w1]  #94   1-0     Treasure checkmated or captured     377 plies   16.5s  (95/150)
  [w3]  #100  0-1     Party extinct                       186 plies    8.2s  (96/150)
  [w2]  #95   *       ply cap (400)                       400 plies   17.5s  (97/150)
  [w2]  #99   1-0     Treasure checkmated or captured      59 plies    2.6s  (98/150)
  [w0]  #97   *       ply cap (400)                       400 plies   17.5s  (99/150)
  [w1]  #98   *       ply cap (400)                       400 plies   17.5s  (100/150)
  [w0]  #101  0-1     Party extinct                       206 plies    9.1s  (101/150)
  [w3]  #104  *       ply cap (400)                       400 plies   17.5s  (102/150)
  [w0]  #105  1-0     Treasure checkmated or captured     105 plies    4.6s  (103/150)
  [w2]  #103  *       ply cap (400)                       400 plies   17.6s  (104/150)
  [w2]  #107  1-0     Treasure checkmated or captured      75 plies    3.3s  (105/150)
  [w1]  #102  *       ply cap (400)                       400 plies   17.6s  (106/150)
  [w3]  #108  *       ply cap (400)                       400 plies   17.5s  (107/150)
  [w0]  #109  *       ply cap (400)                       400 plies   17.5s  (108/150)
  [w2]  #111  *       ply cap (400)                       400 plies   17.5s  (109/150)
  [w1]  #106  *       ply cap (400)                       400 plies   17.5s  (110/150)
  [w3]  #112  0-1     Party extinct                       224 plies    9.8s  (111/150)
  [w1]  #110  1-0     Treasure checkmated or captured     129 plies    5.6s  (112/150)
  [w2]  #115  0-1     Party extinct                       234 plies   10.2s  (113/150)
  [w3]  #116  0-1     Party extinct                       208 plies    9.1s  (114/150)
  [w2]  #119  0-1     Party extinct                        52 plies    2.3s  (115/150)
  [w0]  #113  *       ply cap (400)                       400 plies   17.5s  (116/150)
  [w2]  #123  0-1     Party extinct                       110 plies    4.9s  (117/150)
  [w1]  #114  *       ply cap (400)                       400 plies   17.5s  (118/150)
  [w1]  #118  1-0     Treasure checkmated or captured      87 plies    3.8s  (119/150)
  [w3]  #120  *       ply cap (400)                       400 plies   17.5s  (120/150)
  [w0]  #117  *       ply cap (400)                       400 plies   17.5s  (121/150)
  [w2]  #127  *       ply cap (400)                       400 plies   17.5s  (122/150)
  [w2]  #131  1-0     Treasure checkmated or captured     171 plies    7.5s  (123/150)
  [w1]  #122  *       ply cap (400)                       400 plies   17.6s  (124/150)
  [w3]  #124  *       ply cap (400)                       400 plies   17.6s  (125/150)
  [w0]  #121  *       ply cap (400)                       400 plies   17.6s  (126/150)
  [w1]  #126  1-0     Treasure checkmated or captured     101 plies    4.5s  (127/150)
  [w2]  #135  *       ply cap (400)                       400 plies   17.6s  (128/150)
  [w3]  #128  1-0     Treasure checkmated or captured     381 plies   16.7s  (129/150)
  [w0]  #125  *       ply cap (400)                       400 plies   17.5s  (130/150)
  [w1]  #130  *       ply cap (400)                       400 plies   17.5s  (131/150)
  [w2]  #139  1-0     Treasure checkmated or captured     259 plies   11.4s  (132/150)
  [w1]  #134  0-1     Party extinct                       146 plies    6.4s  (133/150)
  [w3]  #132  *       ply cap (400)                       400 plies   17.5s  (134/150)
  [w0]  #129  *       ply cap (400)                       400 plies   17.5s  (135/150)
  [w2]  #143  *       ply cap (400)                       400 plies   17.5s  (136/150)
  [w1]  #138  *       ply cap (400)                       400 plies   17.5s  (137/150)
  [w3]  #136  0-1     Party extinct                       310 plies   13.6s  (138/150)
  [w1]  #142  1-0     Treasure checkmated or captured     121 plies    5.3s  (139/150)
  [w0]  #133  *       ply cap (400)                       400 plies   17.5s  (140/150)
  [w3]  #140  1-0     Treasure checkmated or captured     155 plies    6.8s  (141/150)
  [w0]  #137  1-0     Treasure checkmated or captured     119 plies    5.2s  (142/150)
  [w2]  #147  *       ply cap (400)                       400 plies   17.5s  (143/150)
  [w1]  #146  0-1     Party extinct                       224 plies    9.9s  (144/150)
  [w3]  #144  0-1     Party extinct                       160 plies    7.0s  (145/150)
  [w0]  #141  *       ply cap (400)                       400 plies   17.5s  (146/150)
  [w1]  #150  *       ply cap (400)                       400 plies   17.5s  (147/150)
  [w3]  #148  *       ply cap (400)                       400 plies   17.5s  (148/150)
  [w0]  #145  *       ply cap (400)                       400 plies   17.5s  (149/150)
  [w0]  #149  1-0     Treasure checkmated or captured      71 plies    3.1s  (150/150)

========================================================
  Rule set    : v4-mf-artillery-range
  Games       : 150
--------------------------------------------------------
  Party wins  :   46  ( 30.7%)
  Horde wins  :   24  ( 16.0%)
  Unfinished  :   80  ( 53.3%)
--------------------------------------------------------
  Decisive      :  46.7%
  Party(decisive):  65.7%   95% CI [ 54.0% ..  75.8%]
  Imbalance     :  31.4%   (0% = perfectly balanced decisive games)
  Median plies  : 160  (decisive games)

  COMPOSITE SCORE : 0.320   (1.0 = balanced & decisive)
========================================================
  total time : 504.3s  (3.36s / game, 4x)
  pgn        : reports/v4-overnight/match-v4-mf-artillery-range.pgn

Sweep complete in 68.7 min.
  summary: reports/v4-overnight/sweep-summary.md
