Sweep: 3 rule-sets x 100 games  (depth=8, parallel=4, seed=20260428)
  out : reports/v7b-lurker-pilot

[1/3] rulesets/v7b-d8-lurker-WfN.json
Match: rule-set 'v7b-d8-lurker-WfN'  games=100  depth=8  max-plies=600  openings=100x6plies  seed=20260428  parallel=4
  variants : /var/folders/rs/77r0skzs579fgb60prc23_mr0000gn/T/yes-hybrid/variants-v7b-d8-lurker-WfN-81652-4edead349533419790102d2f7a2cb82c.ini
  startFen : 4abtba3/2mubmbu4/12/3*4*3/4**6/12/12/3XCLSD4 w - - 0 1
  openings : 100 distinct (requested 100)

  [w2]  #3    0-1     Party extinct                       574 plies   24.5s  (1/100)
  [w0]  #1    *       ply cap (600)                       600 plies   25.5s  (2/100)
  [w1]  #2    *       ply cap (600)                       600 plies   25.5s  (4/100)
  [w3]  #4    *       ply cap (600)                       600 plies   25.5s  (3/100)
  [w2]  #7    *       ply cap (600)                       600 plies   25.5s  (5/100)
  [w0]  #5    *       ply cap (600)                       600 plies   25.5s  (6/100)
  [w3]  #8    *       ply cap (600)                       600 plies   25.5s  (7/100)
  [w1]  #6    *       ply cap (600)                       600 plies   25.6s  (8/100)
  [w0]  #9    0-1     Party extinct                        76 plies    3.5s  (9/100)
  [w1]  #10   0-1     Party extinct                       220 plies    9.6s  (10/100)
  [w2]  #11   0-1     Party extinct                       498 plies   21.2s  (11/100)
  [w2]  #15   0-1     Party has no legal response          52 plies    2.5s  (12/100)
  [w3]  #12   *       ply cap (600)                       600 plies   25.5s  (13/100)
  [w0]  #13   *       ply cap (600)                       600 plies   25.5s  (14/100)
  [w1]  #14   *       ply cap (600)                       600 plies   25.5s  (15/100)
  [w0]  #17   0-1     Party extinct                       152 plies    6.7s  (16/100)
  [w2]  #19   0-1     Party extinct                       538 plies   22.9s  (17/100)
  [w3]  #16   *       ply cap (600)                       600 plies   25.5s  (18/100)
  [w2]  #23   0-1     Party extinct                       148 plies    6.6s  (19/100)
  [w0]  #21   0-1     Party extinct                       422 plies   18.0s  (20/100)
  [w1]  #18   *       ply cap (600)                       600 plies   25.5s  (21/100)
  [w0]  #25   0-1     Party extinct                       202 plies    8.8s  (22/100)
  [w1]  #22   0-1     Party extinct                        96 plies    4.4s  (23/100)
  [w3]  #20   *       ply cap (600)                       600 plies   25.5s  (24/100)
  [w2]  #27   *       ply cap (600)                       600 plies   25.5s  (25/100)
  [w0]  #29   1-0     Treasure checkmated or captured     421 plies   18.0s  (26/100)
  [w0]  #33   0-1     Party extinct                       152 plies    6.8s  (27/100)
  [w3]  #24   0-1     Party extinct                       276 plies   11.9s  (28/100)
  [w1]  #26   *       ply cap (600)                       600 plies   25.5s  (29/100)
  [w1]  #30   0-1     Party extinct                       130 plies    5.7s  (30/100)
  [w3]  #28   0-1     Party extinct                       192 plies    8.4s  (31/100)
  [w0]  #37   0-1     Party extinct                       274 plies   11.8s  (32/100)
  [w2]  #31   *       ply cap (600)                       600 plies   25.4s  (33/100)
  [w1]  #34   1-0     Treasure checkmated or captured     259 plies   11.2s  (34/100)
  [w0]  #41   1-0     Treasure checkmated or captured     231 plies   10.0s  (35/100)
  [w2]  #35   0-1     Party extinct                       180 plies    7.9s  (36/100)
  [w3]  #32   *       ply cap (600)                       600 plies   25.5s  (37/100)
  [w1]  #38   *       ply cap (600)                       600 plies   25.5s  (38/100)
  [w0]  #45   0-1     Party extinct                       578 plies   24.6s  (39/100)
  [w3]  #36   0-1     Party extinct                       294 plies   12.7s  (40/100)
  [w2]  #39   *       ply cap (600)                       600 plies   25.5s  (41/100)
  [w2]  #43   0-1     Party extinct                       144 plies    6.4s  (42/100)
  [w0]  #49   0-1     Party extinct                       276 plies   11.9s  (43/100)
  [w0]  #53   0-1     Party extinct                       164 plies    7.2s  (44/100)
  [w2]  #47   1-0     Treasure checkmated or captured     231 plies   10.1s  (45/100)
  [w3]  #40   0-1     Party extinct                       462 plies   19.7s  (46/100)
  [w1]  #42   *       ply cap (600)                       600 plies   25.5s  (47/100)
  [w1]  #46   0-1     Party extinct                       162 plies    7.2s  (48/100)
  [w2]  #51   0-1     Party extinct                       488 plies   20.8s  (49/100)
  [w0]  #57   *       ply cap (600)                       600 plies   25.5s  (50/100)
  [w3]  #44   *       ply cap (600)                       600 plies   25.5s  (51/100)
  [w1]  #50   0-1     Party extinct                       510 plies   21.8s  (52/100)
  [w2]  #55   0-1     Party extinct                       426 plies   18.3s  (53/100)
  [w1]  #54   1-0     Treasure checkmated or captured     127 plies    5.7s  (54/100)
  [w3]  #48   1-0     Treasure checkmated or captured     479 plies   20.4s  (55/100)
  [w2]  #59   0-1     Party extinct                       210 plies    9.1s  (56/100)
  [w0]  #61   *       ply cap (600)                       600 plies   25.5s  (57/100)
  [w3]  #52   0-1     Party has no legal response         138 plies    6.1s  (58/100)
  [w1]  #58   0-1     Party extinct                       390 plies   16.7s  (59/100)
  [w1]  #62   0-1     Party extinct                       102 plies    4.6s  (60/100)
  [w1]  #66   0-1     Party extinct                       144 plies    6.4s  (61/100)
  [w2]  #63   *       ply cap (600)                       600 plies   25.5s  (62/100)
  [w0]  #65   1-0     Treasure checkmated or captured     555 plies   23.6s  (63/100)
  [w3]  #56   *       ply cap (600)                       600 plies   25.5s  (64/100)
  [w2]  #67   0-1     Party extinct                       284 plies   12.2s  (65/100)
  [w1]  #70   *       ply cap (600)                       600 plies   25.6s  (66/100)
  [w0]  #69   *       ply cap (600)                       600 plies   25.5s  (67/100)
  [w3]  #60   *       ply cap (600)                       600 plies   25.5s  (68/100)
  [w2]  #71   *       ply cap (600)                       600 plies   25.5s  (69/100)
  [w1]  #74   *       ply cap (600)                       600 plies   25.5s  (70/100)
  [w1]  #78   0-1     Party extinct                        92 plies    4.2s  (71/100)
  [w0]  #73   *       ply cap (600)                       600 plies   25.6s  (72/100)
  [w1]  #82   0-1     Party extinct                        96 plies    4.3s  (73/100)
  [w3]  #64   *       ply cap (600)                       600 plies   25.5s  (74/100)
  [w2]  #75   *       ply cap (600)                       600 plies   25.5s  (75/100)
  [w2]  #79   0-1     Party extinct                       232 plies   10.0s  (76/100)
  [w1]  #86   *       ply cap (600)                       600 plies   25.4s  (77/100)
  [w3]  #68   *       ply cap (600)                       600 plies   25.4s  (78/100)
  [w2]  #83   *       ply cap (600)                       600 plies   25.4s  (79/100)
  [w1]  #90   *       ply cap (600)                       600 plies   25.4s  (80/100)
  [w2]  #87   0-1     Party extinct                       192 plies    8.3s  (81/100)
  [w3]  #72   *       ply cap (600)                       600 plies   25.4s  (82/100)
  [w1]  #94   *       ply cap (600)                       600 plies   25.4s  (83/100)
  [w2]  #91   *       ply cap (600)                       600 plies   25.4s  (84/100)
  [w3]  #76   *       ply cap (600)                       600 plies   25.4s  (85/100)
  [w2]  #95   0-1     Party extinct                       110 plies    4.9s  (86/100)
  [w1]  #98   1-0     Treasure checkmated or captured     227 plies    9.8s  (87/100)
  [w2]  #99   0-1     Party has no legal response         126 plies    5.6s  (88/100)
  [w3]  #80   *       ply cap (600)                       600 plies   25.4s  (89/100)
  [w0]  #77   *       engine timeout                      163 plies  127.1s  (90/100)
  [w3]  #84   *       ply cap (600)                       600 plies   25.4s  (91/100)
  [w3]  #88   0-1     Party has no legal response          86 plies    4.0s  (92/100)
  [w3]  #92   0-1     Party has no legal response         126 plies    5.7s  (93/100)
  [w0]  #81   0-1     Party extinct                       414 plies   17.7s  (94/100)
  [w3]  #96   *       ply cap (600)                       600 plies   25.5s  (95/100)
  [w0]  #85   *       ply cap (600)                       600 plies   25.5s  (96/100)
  [w0]  #89   0-1     Party extinct                       312 plies   13.5s  (97/100)
  [w3]  #100  *       ply cap (600)                       600 plies   25.6s  (98/100)
  [w0]  #93   *       ply cap (600)                       600 plies   25.8s  (99/100)
  [w0]  #97   *       ply cap (600)                       600 plies   25.7s  (100/100)

========================================================
  Rule set    : v7b-d8-lurker-WfN
  Games       : 100
--------------------------------------------------------
  Party wins  :    8  (  8.0%)
  Horde wins  :   43  ( 43.0%)
  Unfinished  :   49  ( 49.0%)
--------------------------------------------------------
  Decisive      :  51.0%
  Party(decisive):  15.7%   95% CI [  8.2% ..  28.0%]
  Imbalance     :  68.6%   (0% = perfectly balanced decisive games)
  Median plies  : 220  (decisive games)

  COMPOSITE SCORE : 0.160   (1.0 = balanced & decisive)
========================================================
  total time : 564.9s  (5.65s / game, 4x)
  pgn        : reports/v7b-lurker-pilot/match-v7b-d8-lurker-WfN.pgn

[2/3] rulesets/v7b-d8-lurker-K.json
Match: rule-set 'v7b-d8-lurker-K'  games=100  depth=8  max-plies=600  openings=100x6plies  seed=20260428  parallel=4
  variants : /var/folders/rs/77r0skzs579fgb60prc23_mr0000gn/T/yes-hybrid/variants-v7b-d8-lurker-K-81652-6afdbfdb75114251a9896174b4de30e2.ini
  startFen : 4abtba3/2mubmbu4/12/3*4*3/4**6/12/12/3XCLSD4 w - - 0 1
  openings : 100 distinct (requested 100)

  [w2]  #3    1-0     Treasure checkmated or captured     151 plies    6.7s  (1/100)
  [w1]  #2    1-0     Treasure checkmated or captured     225 plies    9.8s  (2/100)
  [w2]  #7    0-1     Party extinct                       278 plies   12.0s  (3/100)
  [w1]  #6    1-0     Treasure checkmated or captured     259 plies   11.3s  (4/100)
  [w0]  #1    *       ply cap (600)                       600 plies   25.5s  (5/100)
  [w3]  #4    *       ply cap (600)                       600 plies   25.5s  (6/100)
  [w3]  #8    0-1     Party extinct                       224 plies    9.7s  (7/100)
  [w1]  #10   1-0     Treasure checkmated or captured     491 plies   21.0s  (8/100)
  [w2]  #11   *       ply cap (600)                       600 plies   25.4s  (9/100)
  [w3]  #12   0-1     Party extinct                       262 plies   11.3s  (10/100)
  [w1]  #14   1-0     Treasure checkmated or captured     109 plies    4.9s  (11/100)
  [w0]  #5    *       ply cap (600)                       600 plies   25.5s  (12/100)
  [w2]  #15   *       ply cap (600)                       600 plies   25.5s  (13/100)
  [w3]  #16   *       ply cap (600)                       600 plies   25.4s  (14/100)
  [w1]  #18   *       ply cap (600)                       600 plies   25.4s  (15/100)
  [w1]  #22   0-1     Party extinct                       146 plies    6.4s  (16/100)
  [w2]  #19   *       ply cap (600)                       600 plies   25.4s  (17/100)
  [w3]  #20   *       ply cap (600)                       600 plies   25.4s  (18/100)
  [w1]  #26   *       ply cap (600)                       600 plies   25.4s  (19/100)
  [w2]  #23   0-1     Party extinct                       272 plies   11.7s  (20/100)
  [w3]  #24   0-1     Party extinct                       340 plies   14.6s  (21/100)
  [w3]  #28   1-0     Treasure checkmated or captured     179 plies    7.8s  (22/100)
  [w1]  #30   1-0     Treasure checkmated or captured     555 plies   23.6s  (23/100)
  [w1]  #34   1-0     Treasure checkmated or captured       1 plies    0.3s  (24/100)
  [w2]  #27   *       ply cap (600)                       600 plies   25.4s  (25/100)
  [w2]  #31   1-0     Treasure checkmated or captured     115 plies    5.1s  (26/100)
  [w3]  #32   *       ply cap (600)                       600 plies   25.4s  (27/100)
  [w3]  #36   0-1     Party extinct                       122 plies    5.4s  (28/100)
  [w1]  #38   *       ply cap (600)                       600 plies   25.4s  (29/100)
  [w3]  #40   0-1     Party extinct                        92 plies    4.1s  (30/100)
  [w2]  #35   *       ply cap (600)                       600 plies   25.4s  (31/100)
  [w1]  #42   0-1     Party extinct                       402 plies   17.1s  (32/100)
  [w3]  #44   *       ply cap (600)                       600 plies   25.4s  (33/100)
  [w0]  #9    *       engine timeout                      283 plies  132.2s  (34/100)
  [w0]  #13   0-1     Party has no legal response          66 plies    3.1s  (35/100)
  [w2]  #39   *       ply cap (600)                       600 plies   25.4s  (36/100)
  [w0]  #17   0-1     Party has no legal response          92 plies    4.2s  (37/100)
  [w0]  #21   1-0     Treasure checkmated or captured      85 plies    3.9s  (38/100)
  [w1]  #46   *       ply cap (600)                       600 plies   25.4s  (39/100)
  [w0]  #25   0-1     Party extinct                        72 plies    3.3s  (40/100)
  [w2]  #43   1-0     Treasure checkmated or captured     265 plies   11.4s  (41/100)
  [w1]  #50   1-0     Treasure checkmated or captured     185 plies    8.0s  (42/100)
  [w0]  #29   0-1     Party extinct                       194 plies    8.4s  (43/100)
  [w0]  #33   0-1     Party extinct                       200 plies    8.7s  (44/100)
  [w0]  #37   1-0     Treasure checkmated or captured     265 plies   11.4s  (45/100)
  [w1]  #54   *       ply cap (600)                       600 plies   25.4s  (46/100)
  [w0]  #41   *       ply cap (600)                       600 plies   25.5s  (47/100)
  [w1]  #58   *       ply cap (600)                       600 plies   25.5s  (48/100)
  [w1]  #62   1-0     Treasure checkmated or captured      69 plies    3.2s  (49/100)
  [w1]  #66   0-1     Party extinct                       196 plies    8.6s  (50/100)
  [w0]  #45   *       ply cap (600)                       600 plies   25.4s  (51/100)
  [w1]  #70   *       ply cap (600)                       600 plies   25.4s  (52/100)
  [w0]  #49   *       ply cap (600)                       600 plies   25.5s  (53/100)
  [w3]  #48   *       engine timeout                       61 plies  122.8s  (54/100)
  [w1]  #74   0-1     Party extinct                       308 plies   13.3s  (55/100)
  [w1]  #78   0-1     Party has no legal response          74 plies    3.4s  (56/100)
  [w0]  #53   1-0     Treasure checkmated or captured     211 plies    9.2s  (57/100)
  [w2]  #47   *       engine timeout                      186 plies  128.1s  (58/100)
  [w3]  #52   *       ply cap (600)                       600 plies   25.4s  (59/100)
  [w2]  #51   1-0     Treasure checkmated or captured     147 plies    6.5s  (60/100)
  [w1]  #82   *       ply cap (600)                       600 plies   25.4s  (61/100)
  [w0]  #57   *       ply cap (600)                       600 plies   25.4s  (62/100)
  [w2]  #55   0-1     Party extinct                       174 plies    7.6s  (63/100)
  [w0]  #61   1-0     Treasure checkmated or captured     167 plies    7.3s  (64/100)
  [w3]  #56   *       ply cap (600)                       600 plies   25.5s  (65/100)
  [w1]  #86   *       ply cap (600)                       600 plies   25.5s  (66/100)
  [w2]  #59   *       ply cap (600)                       600 plies   25.6s  (67/100)
  [w2]  #63   1-0     Treasure checkmated or captured      55 plies    2.7s  (68/100)
  [w0]  #65   *       ply cap (600)                       600 plies   25.5s  (69/100)
  [w3]  #60   *       ply cap (600)                       600 plies   25.5s  (70/100)
  [w3]  #64   1-0     Treasure checkmated or captured       1 plies    0.4s  (71/100)
  [w1]  #90   *       ply cap (600)                       600 plies   25.5s  (72/100)
  [w0]  #69   *       ply cap (600)                       600 plies   25.6s  (73/100)
  [w2]  #67   *       ply cap (600)                       600 plies   25.6s  (74/100)
  [w3]  #68   0-1     Party extinct                       572 plies   24.3s  (75/100)
  [w3]  #72   0-1     Party extinct                       134 plies    6.0s  (76/100)
  [w1]  #94   *       ply cap (600)                       600 plies   25.5s  (77/100)
  [w1]  #98   1-0     Treasure checkmated or captured     165 plies    7.3s  (78/100)
  [w0]  #73   *       ply cap (600)                       600 plies   25.5s  (79/100)
  [w2]  #71   *       ply cap (600)                       600 plies   25.5s  (80/100)
  [w2]  #75   0-1     Party extinct                       160 plies    7.1s  (81/100)
  [w3]  #76   *       ply cap (600)                       600 plies   25.5s  (82/100)
  [w0]  #77   1-0     Treasure checkmated or captured     443 plies   18.9s  (83/100)
  [w3]  #80   1-0     Treasure checkmated or captured     181 plies    7.9s  (84/100)
  [w2]  #79   0-1     Party extinct                       592 plies   25.2s  (85/100)
  [w0]  #81   *       ply cap (600)                       600 plies   25.5s  (86/100)
  [w3]  #84   *       ply cap (600)                       600 plies   25.5s  (87/100)
  [w0]  #85   *       ply cap (600)                       600 plies   25.4s  (88/100)
  [w3]  #88   *       ply cap (600)                       600 plies   25.4s  (89/100)
  [w0]  #89   *       ply cap (600)                       600 plies   25.4s  (90/100)
  [w3]  #92   *       ply cap (600)                       600 plies   25.4s  (91/100)
  [w0]  #93   0-1     Party extinct                       324 plies   13.9s  (92/100)
  [w3]  #96   *       ply cap (600)                       600 plies   25.4s  (93/100)
  [w0]  #97   *       ply cap (600)                       600 plies   25.4s  (94/100)
  [w3]  #100  1-0     Treasure checkmated or captured     363 plies   15.5s  (95/100)
  [w2]  #83   *       engine timeout                       76 plies  123.5s  (96/100)
  [w2]  #87   1-0     Treasure checkmated or captured     583 plies   24.9s  (97/100)
  [w2]  #91   *       ply cap (600)                       600 plies   25.7s  (98/100)
  [w2]  #95   *       ply cap (600)                       600 plies   25.6s  (99/100)
  [w2]  #99   1-0     Treasure checkmated or captured     357 plies   15.4s  (100/100)

========================================================
  Rule set    : v7b-d8-lurker-K
  Games       : 100
--------------------------------------------------------
  Party wins  :   25  ( 25.0%)
  Horde wins  :   23  ( 23.0%)
  Unfinished  :   52  ( 52.0%)
--------------------------------------------------------
  Decisive      :  48.0%
  Party(decisive):  52.1%   95% CI [ 38.3% ..  65.5%]
  Imbalance     :   4.2%   (0% = perfectly balanced decisive games)
  Median plies  : 194  (decisive games)

  COMPOSITE SCORE : 0.460   (1.0 = balanced & decisive)
========================================================
  total time : 668.4s  (6.68s / game, 4x)
  pgn        : reports/v7b-lurker-pilot/match-v7b-d8-lurker-K.pgn

[3/3] rulesets/v7b-d8-lurker-fN.json
Match: rule-set 'v7b-d8-lurker-fN'  games=100  depth=8  max-plies=600  openings=100x6plies  seed=20260428  parallel=4
  variants : /var/folders/rs/77r0skzs579fgb60prc23_mr0000gn/T/yes-hybrid/variants-v7b-d8-lurker-fN-81652-98446e65409f4307a706d2b7a926782a.ini
  startFen : 4abtba3/2mubmbu4/12/3*4*3/4**6/12/12/3XCLSD4 w - - 0 1
  openings : 100 distinct (requested 100)

  [w1]  #2    1-0     Treasure checkmated or captured      69 plies    3.3s  (1/100)
  [w3]  #4    1-0     Treasure checkmated or captured     197 plies    8.7s  (2/100)
  [w1]  #6    1-0     Treasure checkmated or captured     129 plies    5.7s  (3/100)
  [w3]  #8    1-0     Treasure checkmated or captured     337 plies   14.5s  (4/100)
  [w2]  #3    *       ply cap (600)                       600 plies   25.5s  (5/100)
  [w0]  #1    *       ply cap (600)                       600 plies   25.6s  (6/100)
  [w1]  #10   1-0     Treasure checkmated or captured     397 plies   17.0s  (7/100)
  [w0]  #5    1-0     Treasure checkmated or captured     201 plies    8.8s  (8/100)
  [w2]  #7    1-0     Treasure checkmated or captured     231 plies   10.0s  (9/100)
  [w0]  #9    0-1     Party extinct                       100 plies    4.5s  (10/100)
  [w1]  #14   1-0     Treasure checkmated or captured     299 plies   12.8s  (11/100)
  [w0]  #13   1-0     Treasure checkmated or captured     187 plies    8.2s  (12/100)
  [w1]  #18   1-0     Treasure checkmated or captured     211 plies    9.2s  (13/100)
  [w2]  #11   1-0     Treasure checkmated or captured     347 plies   14.8s  (14/100)
  [w0]  #17   1-0     Treasure checkmated or captured     263 plies   11.3s  (15/100)
  [w2]  #15   1-0     Treasure checkmated or captured     529 plies   22.5s  (16/100)
  [w1]  #22   *       ply cap (600)                       600 plies   25.4s  (17/100)
  [w0]  #21   *       ply cap (600)                       600 plies   25.4s  (18/100)
  [w1]  #26   1-0     Treasure checkmated or captured     257 plies   11.1s  (19/100)
  [w2]  #19   1-0     Treasure checkmated or captured     377 plies   16.1s  (20/100)
  [w1]  #30   1-0     Treasure checkmated or captured     157 plies    6.9s  (21/100)
  [w2]  #23   1-0     Treasure checkmated or captured     143 plies    6.3s  (22/100)
  [w2]  #27   1-0     Treasure checkmated or captured     413 plies   17.7s  (23/100)
  [w1]  #34   *       ply cap (600)                       600 plies   25.5s  (24/100)
  [w1]  #38   1-0     Treasure checkmated or captured     289 plies   12.5s  (25/100)
  [w2]  #31   1-0     Treasure checkmated or captured     481 plies   20.5s  (26/100)
  [w3]  #12   *       engine timeout                      122 plies  125.4s  (27/100)
  [w3]  #16   0-1     Party has no legal response          88 plies    4.0s  (28/100)
  [w1]  #42   *       ply cap (600)                       600 plies   25.4s  (29/100)
  [w2]  #35   *       ply cap (600)                       600 plies   25.4s  (30/100)
  [w1]  #46   1-0     Treasure checkmated or captured     139 plies    6.1s  (31/100)
  [w3]  #20   1-0     Treasure checkmated or captured     313 plies   13.4s  (32/100)
  [w1]  #50   1-0     Treasure checkmated or captured     155 plies    6.8s  (33/100)
  [w2]  #39   1-0     Treasure checkmated or captured     261 plies   11.2s  (34/100)
  [w3]  #24   0-1     Party extinct                       224 plies    9.7s  (35/100)
  [w2]  #43   0-1     Party has no legal response         290 plies   12.5s  (36/100)
  [w1]  #54   *       ply cap (600)                       600 plies   25.4s  (37/100)
  [w2]  #47   1-0     Treasure checkmated or captured     317 plies   13.6s  (38/100)
  [w3]  #28   *       ply cap (600)                       600 plies   25.4s  (39/100)
  [w2]  #51   0-1     Party has no legal response         124 plies    5.6s  (40/100)
  [w1]  #58   0-1     Party has no legal response         222 plies    9.7s  (41/100)
  [w2]  #55   1-0     Treasure checkmated or captured     139 plies    6.2s  (42/100)
  [w0]  #25   *       engine timeout                      173 plies  127.5s  (43/100)
  [w0]  #29   1-0     Treasure checkmated or captured      65 plies    3.0s  (44/100)
  [w3]  #32   1-0     Treasure checkmated or captured     527 plies   22.5s  (45/100)
  [w3]  #36   1-0     Treasure checkmated or captured      91 plies    4.1s  (46/100)
  [w0]  #33   1-0     Treasure checkmated or captured     321 plies   13.8s  (47/100)
  [w1]  #62   *       ply cap (600)                       600 plies   25.5s  (48/100)
  [w1]  #66   1-0     Treasure checkmated or captured      65 plies    3.0s  (49/100)
  [w2]  #59   *       ply cap (600)                       600 plies   25.5s  (50/100)
  [w0]  #37   1-0     Treasure checkmated or captured     121 plies    5.4s  (51/100)
  [w1]  #70   0-1     Party extinct                       248 plies   10.7s  (52/100)
  [w2]  #63   1-0     Treasure checkmated or captured     367 plies   15.7s  (53/100)
  [w3]  #40   *       ply cap (600)                       600 plies   25.5s  (54/100)
  [w2]  #67   0-1     Party has no legal response         118 plies    5.3s  (55/100)
  [w0]  #41   1-0     Treasure checkmated or captured     577 plies   24.6s  (56/100)
  [w1]  #74   0-1     Party extinct                       390 plies   16.7s  (57/100)
  [w2]  #71   1-0     Treasure checkmated or captured     195 plies    8.5s  (58/100)
  [w0]  #45   1-0     Treasure checkmated or captured     197 plies    8.6s  (59/100)
  [w3]  #44   1-0     Treasure checkmated or captured     327 plies   14.1s  (60/100)
  [w0]  #49   0-1     Party extinct                       240 plies   10.4s  (61/100)
  [w1]  #78   *       ply cap (600)                       600 plies   25.4s  (62/100)
  [w3]  #48   *       ply cap (600)                       600 plies   25.4s  (63/100)
  [w3]  #52   1-0     Treasure checkmated or captured     179 plies    7.8s  (64/100)
  [w1]  #82   1-0     Treasure checkmated or captured     421 plies   17.9s  (65/100)
  [w0]  #53   *       ply cap (600)                       600 plies   25.4s  (66/100)
  [w0]  #57   0-1     Party extinct                       140 plies    6.2s  (67/100)
  [w3]  #56   1-0     Treasure checkmated or captured     187 plies    8.1s  (68/100)
  [w1]  #86   1-0     Treasure checkmated or captured     249 plies   10.7s  (69/100)
  [w0]  #61   1-0     Treasure checkmated or captured      99 plies    4.5s  (70/100)
  [w3]  #60   0-1     Party has no legal response         170 plies    7.4s  (71/100)
  [w0]  #65   1-0     Treasure checkmated or captured     207 plies    9.0s  (72/100)
  [w1]  #90   1-0     Treasure checkmated or captured     397 plies   16.9s  (73/100)
  [w0]  #69   1-0     Treasure checkmated or captured     203 plies    8.8s  (74/100)
  [w3]  #64   1-0     Treasure checkmated or captured     349 plies   14.9s  (75/100)
  [w3]  #68   1-0     Treasure checkmated or captured     155 plies    6.8s  (76/100)
  [w0]  #73   1-0     Treasure checkmated or captured     287 plies   12.3s  (77/100)
  [w1]  #94   *       ply cap (600)                       600 plies   25.5s  (78/100)
  [w0]  #77   0-1     Party extinct                       404 plies   17.3s  (79/100)
  [w3]  #72   *       ply cap (600)                       600 plies   25.4s  (80/100)
  [w1]  #98   1-0     Treasure checkmated or captured     227 plies    9.8s  (81/100)
  [w3]  #76   1-0     Treasure checkmated or captured     455 plies   19.4s  (82/100)
  [w0]  #81   1-0     Treasure checkmated or captured     561 plies   23.8s  (83/100)
  [w2]  #75   *       engine timeout                      181 plies  127.9s  (84/100)
  [w3]  #80   0-1     Party extinct                       218 plies    9.4s  (85/100)
  [w3]  #84   0-1     Party extinct                       230 plies   10.0s  (86/100)
  [w2]  #79   1-0     Treasure checkmated or captured     339 plies   14.6s  (87/100)
  [w0]  #85   *       ply cap (600)                       600 plies   25.5s  (88/100)
  [w2]  #83   1-0     Treasure checkmated or captured     331 plies   14.3s  (89/100)
  [w3]  #88   *       ply cap (600)                       600 plies   25.5s  (90/100)
  [w2]  #87   0-1     Party extinct                       238 plies   10.3s  (91/100)
  [w2]  #91   1-0     Treasure checkmated or captured     159 plies    7.0s  (92/100)
  [w3]  #92   1-0     Treasure checkmated or captured     257 plies   11.1s  (93/100)
  [w2]  #95   1-0     Treasure checkmated or captured     155 plies    6.8s  (94/100)
  [w2]  #99   1-0     Treasure checkmated or captured      31 plies    1.6s  (95/100)
  [w3]  #96   *       ply cap (600)                       600 plies   25.4s  (96/100)
  [w3]  #100  1-0     Treasure checkmated or captured     145 plies    6.4s  (97/100)
  [w0]  #89   *       engine timeout                      268 plies  131.6s  (98/100)
  [w0]  #93   1-0     Treasure checkmated or captured     177 plies    7.8s  (99/100)
  [w0]  #97   *       ply cap (600)                       600 plies   25.6s  (100/100)

========================================================
  Rule set    : v7b-d8-lurker-fN
  Games       : 100
--------------------------------------------------------
  Party wins  :   59  ( 59.0%)
  Horde wins  :   16  ( 16.0%)
  Unfinished  :   25  ( 25.0%)
--------------------------------------------------------
  Decisive      :  75.0%
  Party(decisive):  78.7%   95% CI [ 68.1% ..  86.4%]
  Imbalance     :  57.3%   (0% = perfectly balanced decisive games)
  Median plies  : 227  (decisive games)

  COMPOSITE SCORE : 0.320   (1.0 = balanced & decisive)
========================================================
  total time : 574.9s  (5.75s / game, 4x)
  pgn        : reports/v7b-lurker-pilot/match-v7b-d8-lurker-fN.pgn

Sweep complete in 31.5 min.
  summary: reports/v7b-lurker-pilot/sweep-summary.md
