Match: rule-set 'v7e-d8-remove-a-add-m-a7'  games=100  depth=8  max-plies=600  openings=100x6plies  seed=20260501  parallel=4
  variants : /var/folders/rs/77r0skzs579fgb60prc23_mr0000gn/T/yes-hybrid/variants-v7e-d8-remove-a-add-m-a7-83984-9cdbe95dc25e4c37b5b76a82676e8541.ini
  startFen : 4abtb4/m1mubmbu4/12/3*4*3/4**6/12/12/3XCLSD4 w - - 0 1
  openings : 100 distinct (requested 100)

  [w2]  #3    0-1     Party has no legal response         148 plies    6.7s  (1/100)
  [w1]  #2    1-0     Treasure checkmated or captured     161 plies    7.3s  (2/100)
  [w1]  #6    0-1     Party has no legal response          74 plies    3.4s  (3/100)
  [w3]  #4    *       ply cap (600)                       600 plies   25.7s  (4/100)
  [w0]  #1    *       ply cap (600)                       600 plies   25.7s  (5/100)
  [w2]  #7    *       ply cap (600)                       600 plies   25.5s  (6/100)
  [w1]  #10   *       ply cap (600)                       600 plies   25.5s  (7/100)
  [w2]  #11   0-1     Party has no legal response         216 plies    9.4s  (8/100)
  [w0]  #5    *       ply cap (600)                       600 plies   25.5s  (9/100)
  [w3]  #8    *       ply cap (600)                       600 plies   25.6s  (10/100)
  [w1]  #14   1-0     Treasure checkmated or captured     417 plies   17.9s  (11/100)
  [w1]  #18   1-0     Treasure checkmated or captured     123 plies    5.5s  (12/100)
  [w1]  #22   1-0     Treasure checkmated or captured     163 plies    7.2s  (13/100)
  [w2]  #15   *       ply cap (600)                       600 plies   25.5s  (14/100)
  [w0]  #9    0-1     Party extinct                       516 plies   22.0s  (15/100)
  [w2]  #19   1-0     Treasure checkmated or captured     163 plies    7.2s  (16/100)
  [w3]  #12   *       ply cap (600)                       600 plies   25.5s  (17/100)
  [w3]  #16   1-0     Treasure checkmated or captured     269 plies   11.6s  (18/100)
  [w1]  #26   *       ply cap (600)                       600 plies   25.5s  (19/100)
  [w2]  #23   1-0     Treasure checkmated or captured     427 plies   18.3s  (20/100)
  [w3]  #20   0-1     Party has no legal response         162 plies    7.1s  (21/100)
  [w0]  #13   *       ply cap (600)                       600 plies   25.5s  (22/100)
  [w1]  #30   1-0     Treasure checkmated or captured     189 plies    8.2s  (23/100)
  [w2]  #27   1-0     Treasure checkmated or captured     223 plies    9.7s  (24/100)
  [w3]  #24   0-1     Party has no legal response         156 plies    6.9s  (25/100)
  [w1]  #34   1-0     Treasure checkmated or captured     155 plies    6.8s  (26/100)
  [w1]  #38   0-1     Party extinct                       216 plies    9.4s  (27/100)
  [w2]  #31   1-0     Treasure checkmated or captured     385 plies   16.5s  (28/100)
  [w0]  #17   *       ply cap (600)                       600 plies   25.5s  (29/100)
  [w3]  #28   *       ply cap (600)                       600 plies   25.5s  (30/100)
  [w1]  #42   1-0     Treasure checkmated or captured     269 plies   11.6s  (31/100)
  [w3]  #32   1-0     Treasure checkmated or captured      89 plies    4.0s  (32/100)
  [w2]  #35   *       ply cap (600)                       600 plies   25.5s  (33/100)
  [w1]  #46   1-0     Treasure checkmated or captured     447 plies   19.1s  (34/100)
  [w0]  #21   *       ply cap (600)                       600 plies   25.5s  (35/100)
  [w3]  #36   *       ply cap (600)                       600 plies   25.6s  (36/100)
  [w3]  #40   0-1     Party extinct                       170 plies    7.5s  (37/100)
  [w2]  #39   *       ply cap (600)                       600 plies   25.5s  (38/100)
  [w1]  #50   *       ply cap (600)                       600 plies   25.5s  (39/100)
  [w0]  #25   *       ply cap (600)                       600 plies   25.5s  (40/100)
  [w3]  #44   1-0     Treasure checkmated or captured     269 plies   11.6s  (41/100)
  [w0]  #29   1-0     Treasure checkmated or captured     221 plies    9.6s  (42/100)
  [w2]  #43   *       ply cap (600)                       600 plies   25.5s  (43/100)
  [w1]  #54   *       ply cap (600)                       600 plies   25.4s  (44/100)
  [w0]  #33   1-0     Treasure checkmated or captured     507 plies   21.5s  (45/100)
  [w2]  #47   *       ply cap (600)                       600 plies   25.4s  (46/100)
  [w1]  #58   *       ply cap (600)                       600 plies   25.4s  (47/100)
  [w0]  #37   *       ply cap (600)                       600 plies   25.4s  (48/100)
  [w0]  #41   0-1     Party has no legal response         168 plies    7.3s  (49/100)
  [w2]  #51   *       ply cap (600)                       600 plies   25.4s  (50/100)
  [w1]  #62   *       ply cap (600)                       600 plies   25.4s  (51/100)
  [w0]  #45   0-1     Party extinct                       390 plies   16.6s  (52/100)
  [w0]  #49   0-1     Party extinct                       270 plies   11.6s  (53/100)
  [w2]  #55   *       ply cap (600)                       600 plies   25.4s  (54/100)
  [w0]  #53   1-0     Treasure checkmated or captured     103 plies    4.6s  (55/100)
  [w1]  #66   *       ply cap (600)                       600 plies   25.4s  (56/100)
  [w1]  #70   1-0     Treasure checkmated or captured      55 plies    2.6s  (57/100)
  [w0]  #57   1-0     Treasure checkmated or captured     229 plies    9.9s  (58/100)
  [w2]  #59   0-1     Party extinct                       342 plies   14.6s  (59/100)
  [w3]  #48   *       engine timeout                      107 plies  124.8s  (60/100)
  [w1]  #74   *       ply cap (600)                       600 plies   25.4s  (61/100)
  [w0]  #61   1-0     Treasure checkmated or captured     575 plies   24.4s  (62/100)
  [w2]  #63   1-0     Treasure checkmated or captured     545 plies   23.1s  (63/100)
  [w2]  #67   1-0     Treasure checkmated or captured      45 plies    2.2s  (64/100)
  [w2]  #71   0-1     Party has no legal response          84 plies    3.9s  (65/100)
  [w0]  #65   0-1     Party extinct                       306 plies   13.2s  (66/100)
  [w0]  #69   1-0     Treasure checkmated or captured     149 plies    6.6s  (67/100)
  [w3]  #52   *       ply cap (600)                       600 plies   25.5s  (68/100)
  [w1]  #78   *       ply cap (600)                       600 plies   25.5s  (69/100)
  [w1]  #82   1-0     Treasure checkmated or captured     217 plies    9.4s  (70/100)
  [w2]  #75   *       ply cap (600)                       600 plies   25.5s  (71/100)
  [w0]  #73   *       ply cap (600)                       600 plies   25.4s  (72/100)
  [w1]  #86   1-0     Treasure checkmated or captured     379 plies   16.2s  (73/100)
  [w2]  #79   *       ply cap (600)                       600 plies   25.4s  (74/100)
  [w0]  #77   *       ply cap (600)                       600 plies   25.4s  (75/100)
  [w1]  #90   *       ply cap (600)                       600 plies   25.4s  (76/100)
  [w2]  #83   *       ply cap (600)                       600 plies   25.4s  (77/100)
  [w1]  #94   1-0     Treasure checkmated or captured     369 plies   15.8s  (78/100)
  [w1]  #98   0-1     Party extinct                       168 plies    7.3s  (79/100)
  [w0]  #81   *       ply cap (600)                       600 plies   25.4s  (80/100)
  [w2]  #87   1-0     Treasure checkmated or captured     351 plies   15.0s  (81/100)
  [w2]  #91   1-0     Treasure checkmated or captured     135 plies    6.0s  (82/100)
  [w0]  #85   *       ply cap (600)                       600 plies   25.4s  (83/100)
  [w0]  #89   1-0     Treasure checkmated or captured     171 plies    7.4s  (84/100)
  [w2]  #95   *       ply cap (600)                       600 plies   25.4s  (85/100)
  [w3]  #56   *       engine timeout                       85 plies  123.9s  (86/100)
  [w3]  #60   1-0     Treasure checkmated or captured     185 plies    8.1s  (87/100)
  [w0]  #93   *       ply cap (600)                       600 plies   25.4s  (88/100)
  [w2]  #99   *       ply cap (600)                       600 plies   25.5s  (89/100)
  [w3]  #64   *       ply cap (600)                       600 plies   25.5s  (90/100)
  [w0]  #97   0-1     Party extinct                       568 plies   24.3s  (91/100)
  [w3]  #68   *       ply cap (600)                       600 plies   25.6s  (92/100)
  [w3]  #72   0-1     Party has no legal response         170 plies    7.6s  (93/100)
  [w3]  #76   0-1     Party has no legal response         124 plies    5.6s  (94/100)
  [w3]  #80   *       ply cap (600)                       600 plies   25.6s  (95/100)
  [w3]  #84   1-0     Treasure checkmated or captured     197 plies    8.7s  (96/100)
  [w3]  #88   0-1     Party extinct                       118 plies    5.4s  (97/100)
  [w3]  #92   1-0     Treasure checkmated or captured     189 plies    8.3s  (98/100)
  [w3]  #96   *       ply cap (600)                       600 plies   25.7s  (99/100)
  [w3]  #100  0-1     Party extinct                       146 plies    6.6s  (100/100)

========================================================
  Rule set    : v7e-d8-remove-a-add-m-a7
  Games       : 100
--------------------------------------------------------
  Party wins  :   33  ( 33.0%)
  Horde wins  :   20  ( 20.0%)
  Unfinished  :   47  ( 47.0%)
--------------------------------------------------------
  Decisive      :  53.0%
  Party(decisive):  62.3%   95% CI [ 48.8% ..  74.1%]
  Imbalance     :  24.5%   (0% = perfectly balanced decisive games)
  Median plies  : 189  (decisive games)

  COMPOSITE SCORE : 0.400   (1.0 = balanced & decisive)
========================================================
  total time : 603.6s  (6.04s / game, 4x)
  pgn        : reports/v7e-bracket-pilot/match-v7e-d8-remove-a-add-m-a7.pgn
