Match: rule-set 'v7-d8-spsa-base-best'  games=300  depth=8  max-plies=600  openings=300x6plies  seed=20260426  parallel=4
  variants : /var/folders/rs/77r0skzs579fgb60prc23_mr0000gn/T/yes-hybrid/variants-v7-d8-spsa-base-best-80283-6df81a7128a54b7280e41d7afc3c57eb.ini
  startFen : 4abtba3/2mubmbu4/12/3*4*3/4**6/12/12/3XCLSD4 w - - 0 1
  openings : 300 distinct (requested 300)

  [w1]  #2    1-0     Treasure checkmated or captured     155 plies    6.9s  (1/300)
  [w3]  #4    1-0     Treasure checkmated or captured     163 plies    7.2s  (2/300)
  [w2]  #3    1-0     Treasure checkmated or captured     167 plies    7.4s  (3/300)
  [w0]  #1    0-1     Party extinct                       176 plies    7.7s  (4/300)
  [w0]  #5    0-1     Party has no legal response          98 plies    4.4s  (5/300)
  [w1]  #6    0-1     Party extinct                       140 plies    6.2s  (6/300)
  [w2]  #7    1-0     Treasure checkmated or captured     133 plies    5.9s  (7/300)
  [w3]  #8    1-0     Treasure checkmated or captured     163 plies    7.1s  (8/300)
  [w0]  #9    1-0     Treasure checkmated or captured     131 plies    5.9s  (9/300)
  [w3]  #12   0-1     Party extinct                       200 plies    8.7s  (10/300)
  [w1]  #10   0-1     Party extinct                       238 plies   10.3s  (11/300)
  [w0]  #13   1-0     Treasure checkmated or captured     187 plies    8.1s  (12/300)
  [w3]  #16   0-1     Party extinct                       176 plies    7.7s  (13/300)
  [w1]  #14   0-1     Party extinct                       274 plies   11.8s  (14/300)
  [w0]  #17   0-1     Party extinct                       242 plies   10.5s  (15/300)
  [w2]  #11   *       ply cap (600)                       600 plies   25.5s  (16/300)
  [w3]  #20   0-1     Party extinct                       188 plies    8.2s  (17/300)
  [w1]  #18   0-1     Party extinct                       168 plies    7.4s  (18/300)
  [w0]  #21   0-1     Party extinct                       154 plies    6.7s  (19/300)
  [w1]  #22   1-0     Treasure checkmated or captured      19 plies    1.2s  (20/300)
  [w2]  #15   0-1     Party extinct                       192 plies    8.4s  (21/300)
  [w3]  #24   0-1     Party extinct                       188 plies    8.2s  (22/300)
  [w1]  #26   0-1     Party has no legal response         124 plies    5.5s  (23/300)
  [w1]  #30   0-1     Party extinct                       100 plies    4.6s  (24/300)
  [w2]  #19   0-1     Party extinct                       170 plies    7.4s  (25/300)
  [w0]  #25   0-1     Party extinct                       282 plies   12.1s  (26/300)
  [w0]  #29   0-1     Party extinct                        98 plies    4.4s  (27/300)
  [w0]  #33   0-1     Party has no legal response          52 plies    2.5s  (28/300)
  [w3]  #28   0-1     Party extinct                       366 plies   15.7s  (29/300)
  [w2]  #23   0-1     Party extinct                       356 plies   15.3s  (30/300)
  [w1]  #34   1-0     Treasure checkmated or captured     387 plies   16.6s  (31/300)
  [w0]  #37   1-0     Treasure checkmated or captured     195 plies    8.5s  (32/300)
  [w3]  #32   1-0     Treasure checkmated or captured     187 plies    8.2s  (33/300)
  [w0]  #41   1-0     Treasure checkmated or captured     131 plies    5.8s  (34/300)
  [w3]  #36   0-1     Party extinct                       164 plies    7.2s  (35/300)
  [w2]  #27   1-0     Treasure checkmated or captured     245 plies   10.6s  (36/300)
  [w2]  #31   1-0     Treasure checkmated or captured     115 plies    5.1s  (37/300)
  [w3]  #40   0-1     Party extinct                       170 plies    7.5s  (38/300)
  [w0]  #45   1-0     Treasure checkmated or captured     219 plies    9.5s  (39/300)
  [w2]  #35   0-1     Party extinct                       168 plies    7.3s  (40/300)
  [w3]  #44   0-1     Party extinct                       170 plies    7.5s  (41/300)
  [w1]  #38   *       ply cap (600)                       600 plies   25.4s  (42/300)
  [w0]  #49   0-1     Party extinct                       234 plies   10.1s  (43/300)
  [w3]  #48   0-1     Party extinct                       162 plies    7.1s  (44/300)
  [w2]  #39   0-1     Party extinct                       234 plies   10.1s  (45/300)
  [w0]  #53   1-0     Treasure checkmated or captured     251 plies   10.8s  (46/300)
  [w1]  #42   1-0     Treasure checkmated or captured     311 plies   13.3s  (47/300)
  [w2]  #43   0-1     Party extinct                       176 plies    7.7s  (48/300)
  [w1]  #46   0-1     Party has no legal response          70 plies    3.2s  (49/300)
  [w3]  #52   1-0     Treasure checkmated or captured     377 plies   16.1s  (50/300)
  [w2]  #47   1-0     Treasure checkmated or captured     181 plies    7.9s  (51/300)
  [w1]  #50   1-0     Treasure checkmated or captured     181 plies    7.9s  (52/300)
  [w0]  #57   0-1     Party extinct                       312 plies   13.4s  (53/300)
  [w2]  #51   1-0     Treasure checkmated or captured     173 plies    7.6s  (54/300)
  [w3]  #56   1-0     Treasure checkmated or captured     237 plies   10.3s  (55/300)
  [w1]  #54   0-1     Party extinct                       314 plies   13.5s  (56/300)
  [w2]  #55   0-1     Party extinct                       256 plies   11.0s  (57/300)
  [w3]  #60   1-0     Treasure checkmated or captured     241 plies   10.4s  (58/300)
  [w0]  #61   1-0     Treasure checkmated or captured     407 plies   17.4s  (59/300)
  [w1]  #58   0-1     Party extinct                       178 plies    7.8s  (60/300)
  [w3]  #64   0-1     Party extinct                       176 plies    7.7s  (61/300)
  [w2]  #59   0-1     Party extinct                       182 plies    8.0s  (62/300)
  [w1]  #62   1-0     Treasure checkmated or captured     125 plies    5.6s  (63/300)
  [w0]  #65   1-0     Treasure checkmated or captured     303 plies   13.0s  (64/300)
  [w2]  #63   1-0     Treasure checkmated or captured     181 plies    7.9s  (65/300)
  [w1]  #66   1-0     Treasure checkmated or captured     161 plies    7.1s  (66/300)
  [w3]  #68   1-0     Treasure checkmated or captured     221 plies    9.6s  (67/300)
  [w2]  #67   0-1     Party has no legal response          78 plies    3.6s  (68/300)
  [w2]  #71   1-0     Treasure checkmated or captured     101 plies    4.6s  (69/300)
  [w1]  #70   0-1     Party extinct                       214 plies    9.3s  (70/300)
  [w3]  #72   1-0     Treasure checkmated or captured     209 plies    9.1s  (71/300)
  [w0]  #69   0-1     Party extinct                       402 plies   17.2s  (72/300)
  [w2]  #75   1-0     Treasure checkmated or captured     175 plies    7.7s  (73/300)
  [w3]  #76   0-1     Party extinct                       190 plies    8.4s  (74/300)
  [w0]  #73   0-1     Party extinct                       132 plies    5.8s  (75/300)
  [w2]  #79   1-0     Treasure checkmated or captured     201 plies    8.8s  (76/300)
  [w3]  #80   1-0     Treasure checkmated or captured     149 plies    6.6s  (77/300)
  [w0]  #77   1-0     Treasure checkmated or captured     107 plies    4.9s  (78/300)
  [w0]  #81   0-1     Party extinct                        60 plies    2.8s  (79/300)
  [w1]  #74   *       ply cap (600)                       600 plies   25.5s  (80/300)
  [w3]  #84   0-1     Party extinct                       286 plies   12.3s  (81/300)
  [w0]  #85   0-1     Party extinct                       276 plies   11.9s  (82/300)
  [w1]  #78   0-1     Party extinct                       198 plies    8.7s  (83/300)
  [w0]  #89   0-1     Party extinct                       178 plies    7.8s  (84/300)
  [w3]  #88   1-0     Treasure checkmated or captured     249 plies   10.8s  (85/300)
  [w2]  #83   *       ply cap (600)                       600 plies   25.4s  (86/300)
  [w3]  #92   0-1     Party extinct                       190 plies    8.3s  (87/300)
  [w2]  #87   0-1     Party extinct                       170 plies    7.4s  (88/300)
  [w0]  #93   0-1     Party extinct                       322 plies   13.9s  (89/300)
  [w2]  #91   0-1     Party extinct                       158 plies    7.0s  (90/300)
  [w3]  #96   1-0     Treasure checkmated or captured     181 plies    8.0s  (91/300)
  [w3]  #100  0-1     Party has no legal response          96 plies    4.4s  (92/300)
  [w1]  #82   *       ply cap (600)                       600 plies   25.4s  (93/300)
  [w2]  #95   1-0     Treasure checkmated or captured     207 plies    9.0s  (94/300)
  [w3]  #104  1-0     Treasure checkmated or captured     133 plies    5.9s  (95/300)
  [w2]  #99   1-0     Treasure checkmated or captured     165 plies    7.3s  (96/300)
  [w0]  #97   *       ply cap (600)                       600 plies   25.5s  (97/300)
  [w3]  #108  1-0     Treasure checkmated or captured     311 plies   13.4s  (98/300)
  [w1]  #86   *       ply cap (600)                       600 plies   25.5s  (99/300)
  [w3]  #112  0-1     Party extinct                       166 plies    7.3s  (100/300)
  [w2]  #103  0-1     Party extinct                       352 plies   15.2s  (101/300)
  [w2]  #107  0-1     Party extinct                       248 plies   10.8s  (102/300)
  [w1]  #90   0-1     Party extinct                       286 plies   12.4s  (103/300)
  [w3]  #116  0-1     Party extinct                       294 plies   12.7s  (104/300)
  [w1]  #94   0-1     Party has no legal response          66 plies    3.1s  (105/300)
  [w2]  #111  1-0     Treasure checkmated or captured     151 plies    6.7s  (106/300)
  [w0]  #101  *       ply cap (600)                       600 plies   25.6s  (107/300)
  [w2]  #115  0-1     Party has no legal response          30 plies    1.6s  (108/300)
  [w3]  #120  0-1     Party extinct                       184 plies    8.1s  (109/300)
  [w1]  #98   0-1     Party extinct                       140 plies    6.2s  (110/300)
  [w2]  #119  0-1     Party extinct                       144 plies    6.4s  (111/300)
  [w0]  #105  1-0     Treasure checkmated or captured     189 plies    8.3s  (112/300)
  [w3]  #124  0-1     Party extinct                       146 plies    6.4s  (113/300)
  [w2]  #123  0-1     Party extinct                        68 plies    3.2s  (114/300)
  [w2]  #127  1-0     Treasure checkmated or captured     101 plies    4.6s  (115/300)
  [w1]  #102  0-1     Party extinct                       288 plies   12.4s  (116/300)
  [w0]  #109  1-0     Treasure checkmated or captured     211 plies    9.2s  (117/300)
  [w2]  #131  1-0     Treasure checkmated or captured     131 plies    5.9s  (118/300)
  [w1]  #106  1-0     Treasure checkmated or captured     125 plies    5.6s  (119/300)
  [w3]  #128  0-1     Party extinct                       340 plies   14.6s  (120/300)
  [w0]  #113  0-1     Party extinct                       190 plies    8.3s  (121/300)
  [w2]  #135  1-0     Treasure checkmated or captured     163 plies    7.2s  (122/300)
  [w1]  #110  1-0     Treasure checkmated or captured     247 plies   10.7s  (123/300)
  [w2]  #139  0-1     Party extinct                       172 plies    7.6s  (124/300)
  [w0]  #117  1-0     Treasure checkmated or captured     369 plies   15.8s  (125/300)
  [w2]  #143  0-1     Party extinct                       182 plies    8.0s  (126/300)
  [w0]  #121  1-0     Treasure checkmated or captured      95 plies    4.3s  (127/300)
  [w1]  #114  0-1     Party extinct                       368 plies   15.8s  (128/300)
  [w3]  #132  *       ply cap (600)                       600 plies   25.5s  (129/300)
  [w0]  #125  1-0     Treasure checkmated or captured     155 plies    6.8s  (130/300)
  [w2]  #147  0-1     Party extinct                       210 plies    9.2s  (131/300)
  [w2]  #151  0-1     Party has no legal response         108 plies    4.9s  (132/300)
  [w1]  #118  0-1     Party extinct                       258 plies   11.2s  (133/300)
  [w0]  #129  0-1     Party extinct                       188 plies    8.2s  (134/300)
  [w3]  #136  0-1     Party extinct                       266 plies   11.5s  (135/300)
  [w2]  #155  0-1     Party has no legal response          68 plies    3.2s  (136/300)
  [w1]  #122  0-1     Party has no legal response         116 plies    5.2s  (137/300)
  [w2]  #159  1-0     Treasure checkmated or captured     167 plies    7.4s  (138/300)
  [w0]  #133  0-1     Party extinct                       222 plies    9.7s  (139/300)
  [w3]  #140  0-1     Party extinct                       260 plies   11.2s  (140/300)
  [w1]  #126  1-0     Treasure checkmated or captured     189 plies    8.3s  (141/300)
  [w2]  #163  0-1     Party extinct                       180 plies    7.9s  (142/300)
  [w0]  #137  0-1     Party extinct                       290 plies   12.5s  (143/300)
  [w2]  #167  0-1     Party extinct                       148 plies    6.5s  (144/300)
  [w1]  #130  0-1     Party extinct                       246 plies   10.6s  (145/300)
  [w3]  #144  0-1     Party extinct                       348 plies   15.0s  (146/300)
  [w1]  #134  1-0     Treasure checkmated or captured     225 plies    9.8s  (147/300)
  [w2]  #171  1-0     Treasure checkmated or captured     271 plies   11.7s  (148/300)
  [w3]  #148  0-1     Party extinct                       200 plies    8.8s  (149/300)
  [w1]  #138  1-0     Treasure checkmated or captured     127 plies    5.7s  (150/300)
  [w0]  #141  1-0     Treasure checkmated or captured     471 plies   20.1s  (151/300)
  [w2]  #175  1-0     Treasure checkmated or captured     191 plies    8.3s  (152/300)
  [w0]  #145  0-1     Party has no legal response          56 plies    2.7s  (153/300)
  [w1]  #142  1-0     Treasure checkmated or captured     161 plies    7.1s  (154/300)
  [w3]  #152  0-1     Party extinct                       304 plies   13.0s  (155/300)
  [w2]  #179  1-0     Treasure checkmated or captured     247 plies   10.7s  (156/300)
  [w0]  #149  1-0     Treasure checkmated or captured     271 plies   11.7s  (157/300)
  [w3]  #156  0-1     Party extinct                       274 plies   11.8s  (158/300)
  [w2]  #183  0-1     Party extinct                       272 plies   11.8s  (159/300)
  [w3]  #160  1-0     Treasure checkmated or captured     215 plies    9.4s  (160/300)
  [w1]  #146  *       ply cap (600)                       600 plies   25.5s  (161/300)
  [w3]  #164  0-1     Party extinct                       100 plies    4.6s  (162/300)
  [w2]  #187  1-0     Treasure checkmated or captured     239 plies   10.4s  (163/300)
  [w1]  #150  1-0     Treasure checkmated or captured     215 plies    9.4s  (164/300)
  [w2]  #191  0-1     Party has no legal response         122 plies    5.5s  (165/300)
  [w0]  #153  *       ply cap (600)                       600 plies   25.5s  (166/300)
  [w3]  #168  0-1     Party extinct                       256 plies   11.1s  (167/300)
  [w1]  #154  0-1     Party extinct                       192 plies    8.4s  (168/300)
  [w2]  #195  0-1     Party extinct                       190 plies    8.3s  (169/300)
  [w2]  #199  0-1     Party extinct                       106 plies    4.8s  (170/300)
  [w3]  #172  0-1     Party extinct                       288 plies   12.4s  (171/300)
  [w0]  #157  0-1     Party extinct                       444 plies   18.9s  (172/300)
  [w1]  #158  0-1     Party extinct                       350 plies   15.0s  (173/300)
  [w3]  #176  0-1     Party extinct                       200 plies    8.7s  (174/300)
  [w0]  #161  1-0     Treasure checkmated or captured     215 plies    9.3s  (175/300)
  [w3]  #180  1-0     Treasure checkmated or captured     187 plies    8.2s  (176/300)
  [w1]  #162  1-0     Treasure checkmated or captured     283 plies   12.2s  (177/300)
  [w2]  #203  *       ply cap (600)                       600 plies   25.5s  (178/300)
  [w1]  #166  1-0     Treasure checkmated or captured      79 plies    3.9s  (179/300)
  [w3]  #184  0-1     Party extinct                       170 plies    7.5s  (180/300)
  [w0]  #165  0-1     Party extinct                       280 plies   12.1s  (181/300)
  [w2]  #207  1-0     Treasure checkmated or captured     207 plies    9.0s  (182/300)
  [w0]  #169  0-1     Party extinct                       224 plies    9.7s  (183/300)
  [w3]  #188  0-1     Party extinct                       256 plies   11.1s  (184/300)
  [w3]  #192  0-1     Party has no legal response          40 plies    2.0s  (185/300)
  [w2]  #211  0-1     Party extinct                       198 plies    8.6s  (186/300)
  [w0]  #173  1-0     Treasure checkmated or captured     163 plies    7.2s  (187/300)
  [w3]  #196  1-0     Treasure checkmated or captured     189 plies    8.3s  (188/300)
  [w2]  #215  1-0     Treasure checkmated or captured     159 plies    7.0s  (189/300)
  [w1]  #170  *       ply cap (600)                       600 plies   25.5s  (190/300)
  [w2]  #219  0-1     Party extinct                       110 plies    5.0s  (191/300)
  [w0]  #177  1-0     Treasure checkmated or captured     245 plies   10.6s  (192/300)
  [w1]  #174  0-1     Party extinct                       126 plies    5.6s  (193/300)
  [w3]  #200  0-1     Party extinct                       304 plies   13.1s  (194/300)
  [w0]  #181  0-1     Party extinct                       160 plies    7.1s  (195/300)
  [w1]  #178  0-1     Party extinct                       192 plies    8.4s  (196/300)
  [w2]  #223  0-1     Party extinct                       272 plies   11.9s  (197/300)
  [w1]  #182  0-1     Party extinct                       154 plies    6.8s  (198/300)
  [w3]  #204  0-1     Party extinct                       218 plies    9.5s  (199/300)
  [w0]  #185  0-1     Party extinct                       214 plies    9.3s  (200/300)
  [w2]  #227  1-0     Treasure checkmated or captured     147 plies    6.5s  (201/300)
  [w1]  #186  1-0     Treasure checkmated or captured     147 plies    6.5s  (202/300)
  [w3]  #208  1-0     Treasure checkmated or captured     181 plies    7.9s  (203/300)
  [w2]  #231  1-0     Treasure checkmated or captured     177 plies    7.7s  (204/300)
  [w2]  #235  0-1     Party has no legal response         108 plies    4.9s  (205/300)
  [w3]  #212  0-1     Party extinct                       158 plies    7.0s  (206/300)
  [w3]  #216  1-0     Treasure checkmated or captured      69 plies    3.2s  (207/300)
  [w2]  #239  1-0     Treasure checkmated or captured     179 plies    7.8s  (208/300)
  [w0]  #189  *       ply cap (600)                       600 plies   25.5s  (209/300)
  [w3]  #220  0-1     Party extinct                       186 plies    8.1s  (210/300)
  [w1]  #190  *       ply cap (600)                       600 plies   25.5s  (211/300)
  [w1]  #194  1-0     Treasure checkmated or captured      25 plies    1.4s  (212/300)
  [w2]  #243  1-0     Treasure checkmated or captured     321 plies   13.9s  (213/300)
  [w3]  #224  0-1     Party extinct                       236 plies   10.2s  (214/300)
  [w2]  #247  0-1     Party extinct                       160 plies    7.1s  (215/300)
  [w3]  #228  0-1     Party extinct                       294 plies   12.7s  (216/300)
  [w2]  #251  1-0     Treasure checkmated or captured     177 plies    7.8s  (217/300)
  [w0]  #193  *       ply cap (600)                       600 plies   25.5s  (218/300)
  [w2]  #255  1-0     Treasure checkmated or captured     111 plies    5.0s  (219/300)
  [w3]  #232  0-1     Party extinct                       170 plies    7.5s  (220/300)
  [w1]  #198  *       ply cap (600)                       600 plies   25.5s  (221/300)
  [w2]  #259  1-0     Treasure checkmated or captured      77 plies    3.6s  (222/300)
  [w0]  #197  0-1     Party extinct                       268 plies   11.6s  (223/300)
  [w1]  #202  1-0     Treasure checkmated or captured     147 plies    6.5s  (224/300)
  [w2]  #263  1-0     Treasure checkmated or captured     133 plies    5.9s  (225/300)
  [w3]  #236  0-1     Party extinct                       236 plies   10.2s  (226/300)
  [w1]  #206  0-1     Party extinct                        96 plies    4.4s  (227/300)
  [w2]  #267  1-0     Treasure checkmated or captured     133 plies    5.9s  (228/300)
  [w0]  #201  0-1     Party extinct                       230 plies   10.0s  (229/300)
  [w3]  #240  0-1     Party extinct                       232 plies   10.1s  (230/300)
  [w0]  #205  0-1     Party extinct                       156 plies    6.9s  (231/300)
  [w2]  #271  0-1     Party extinct                       196 plies    8.6s  (232/300)
  [w3]  #244  1-0     Treasure checkmated or captured     139 plies    6.2s  (233/300)
  [w0]  #209  1-0     Treasure checkmated or captured     105 plies    4.8s  (234/300)
  [w0]  #213  1-0     Treasure checkmated or captured     183 plies    8.0s  (235/300)
  [w3]  #248  1-0     Treasure checkmated or captured     249 plies   10.8s  (236/300)
  [w1]  #210  *       ply cap (600)                       600 plies   25.5s  (237/300)
  [w2]  #275  0-1     Party extinct                       354 plies   15.2s  (238/300)
  [w0]  #217  1-0     Treasure checkmated or captured     131 plies    5.8s  (239/300)
  [w1]  #214  1-0     Treasure checkmated or captured      95 plies    4.3s  (240/300)
  [w3]  #252  0-1     Party extinct                       214 plies    9.3s  (241/300)
  [w2]  #279  1-0     Treasure checkmated or captured     223 plies    9.7s  (242/300)
  [w0]  #221  1-0     Treasure checkmated or captured     211 plies    9.2s  (243/300)
  [w1]  #218  1-0     Treasure checkmated or captured     201 plies    8.8s  (244/300)
  [w3]  #256  1-0     Treasure checkmated or captured     141 plies    6.3s  (245/300)
  [w1]  #222  1-0     Treasure checkmated or captured     173 plies    7.6s  (246/300)
  [w3]  #260  1-0     Treasure checkmated or captured     207 plies    9.0s  (247/300)
  [w0]  #225  0-1     Party extinct                       270 plies   11.7s  (248/300)
  [w3]  #264  0-1     Party extinct                       252 plies   11.0s  (249/300)
  [w2]  #283  *       ply cap (600)                       600 plies   25.5s  (250/300)
  [w0]  #229  0-1     Party extinct                       316 plies   13.6s  (251/300)
  [w2]  #287  0-1     Party extinct                       200 plies    8.8s  (252/300)
  [w3]  #268  0-1     Party extinct                       228 plies    9.9s  (253/300)
  [w1]  #226  *       ply cap (600)                       600 plies   25.6s  (254/300)
  [w0]  #233  0-1     Party extinct                       264 plies   11.4s  (255/300)
  [w2]  #291  1-0     Treasure checkmated or captured     157 plies    6.9s  (256/300)
  [w1]  #230  1-0     Treasure checkmated or captured     173 plies    7.6s  (257/300)
  [w2]  #295  1-0     Treasure checkmated or captured      93 plies    4.2s  (258/300)
  [w3]  #272  0-1     Party extinct                       350 plies   15.0s  (259/300)
  [w0]  #237  1-0     Treasure checkmated or captured     279 plies   12.0s  (260/300)
  [w2]  #299  0-1     Party extinct                       198 plies    8.7s  (261/300)
  [w1]  #234  0-1     Party extinct                       284 plies   12.3s  (262/300)
  [w1]  #238  1-0     Treasure checkmated or captured     173 plies    7.6s  (263/300)
  [w1]  #242  1-0     Treasure checkmated or captured     247 plies   10.8s  (264/300)
  [w3]  #276  *       ply cap (600)                       600 plies   25.5s  (265/300)
  [w0]  #241  *       ply cap (600)                       600 plies   25.5s  (266/300)
  [w0]  #245  0-1     Party has no legal response          72 plies    3.4s  (267/300)
  [w3]  #280  0-1     Party extinct                       184 plies    8.1s  (268/300)
  [w1]  #246  0-1     Party extinct                       240 plies   10.4s  (269/300)
  [w3]  #284  1-0     Treasure checkmated or captured     143 plies    6.3s  (270/300)
  [w0]  #249  1-0     Treasure checkmated or captured     259 plies   11.3s  (271/300)
  [w3]  #288  1-0     Treasure checkmated or captured      47 plies    2.3s  (272/300)
  [w0]  #253  1-0     Treasure checkmated or captured       5 plies    0.6s  (273/300)
  [w1]  #250  1-0     Treasure checkmated or captured     215 plies    9.4s  (274/300)
  [w1]  #254  0-1     Party has no legal response         162 plies    7.2s  (275/300)
  [w0]  #257  0-1     Party extinct                       230 plies   10.1s  (276/300)
  [w3]  #292  0-1     Party extinct                       322 plies   13.9s  (277/300)
  [w1]  #258  1-0     Treasure checkmated or captured     119 plies    5.3s  (278/300)
  [w3]  #296  0-1     Party extinct                        82 plies    3.8s  (279/300)
  [w0]  #261  1-0     Treasure checkmated or captured     187 plies    8.2s  (280/300)
  [w3]  #300  1-0     Treasure checkmated or captured     121 plies    5.4s  (281/300)
  [w0]  #265  0-1     Party extinct                       244 plies   10.6s  (282/300)
  [w0]  #269  0-1     Party extinct                       180 plies    8.1s  (283/300)
  [w1]  #262  *       ply cap (600)                       600 plies   25.5s  (284/300)
  [w0]  #273  0-1     Party extinct                       144 plies    6.4s  (285/300)
  [w0]  #277  1-0     Treasure checkmated or captured     145 plies    6.4s  (286/300)
  [w1]  #266  1-0     Treasure checkmated or captured     267 plies   11.5s  (287/300)
  [w1]  #270  1-0     Treasure checkmated or captured     153 plies    6.8s  (288/300)
  [w0]  #281  1-0     Treasure checkmated or captured     241 plies   10.4s  (289/300)
  [w0]  #285  0-1     Party extinct                       196 plies    8.5s  (290/300)
  [w1]  #274  1-0     Treasure checkmated or captured     289 plies   12.4s  (291/300)
  [w0]  #289  0-1     Party extinct                       270 plies   11.7s  (292/300)
  [w1]  #278  0-1     Party extinct                       216 plies    9.4s  (293/300)
  [w0]  #293  1-0     Treasure checkmated or captured       1 plies    0.4s  (294/300)
  [w1]  #282  1-0     Treasure checkmated or captured      33 plies    1.7s  (295/300)
  [w0]  #297  1-0     Treasure checkmated or captured     157 plies    6.9s  (296/300)
  [w1]  #286  0-1     Party extinct                       126 plies    5.6s  (297/300)
  [w1]  #290  0-1     Party has no legal response          68 plies    3.2s  (298/300)
  [w1]  #294  1-0     Treasure checkmated or captured     211 plies    9.3s  (299/300)
  [w1]  #298  1-0     Treasure checkmated or captured     367 plies   15.8s  (300/300)

========================================================
  Rule set    : v7-d8-spsa-base-best
  Games       : 300
--------------------------------------------------------
  Party wins  :  124  ( 41.3%)
  Horde wins  :  153  ( 51.0%)
  Unfinished  :   23  (  7.7%)
--------------------------------------------------------
  Decisive      :  92.3%
  Party(decisive):  44.8%   95% CI [ 39.0% ..  50.7%]
  Imbalance     :  10.5%   (0% = perfectly balanced decisive games)
  Median plies  : 187  (decisive games)

  COMPOSITE SCORE : 0.827   (1.0 = balanced & decisive)
========================================================
  total time : 806.5s  (2.69s / game, 4x)
  pgn        : reports/v7-overnight/confirm-best.pgn
