Match: rule-set 'v7-d8-spsa-final-iterate'  games=300  depth=8  max-plies=600  openings=300x6plies  seed=20260427  parallel=4
  variants : /var/folders/rs/77r0skzs579fgb60prc23_mr0000gn/T/yes-hybrid/variants-v7-d8-spsa-final-iterate-80888-8947b5bb9fd54c41a859c3be4882892e.ini
  startFen : 4abtba3/2mubmbu4/12/3*4*3/4**6/12/12/3XCLSD4 w - - 0 1
  openings : 300 distinct (requested 300)

  [w0]  #1    0-1     Party extinct                       212 plies    9.3s  (1/300)
  [w1]  #2    1-0     Treasure checkmated or captured     219 plies    9.6s  (2/300)
  [w1]  #6    0-1     Party extinct                       162 plies    7.1s  (3/300)
  [w0]  #5    0-1     Party extinct                       318 plies   13.7s  (4/300)
  [w3]  #4    *       ply cap (600)                       600 plies   25.5s  (5/300)
  [w2]  #3    *       ply cap (600)                       600 plies   25.6s  (6/300)
  [w1]  #10   0-1     Party extinct                       264 plies   11.5s  (7/300)
  [w2]  #7    1-0     Treasure checkmated or captured     143 plies    6.3s  (8/300)
  [w0]  #9    0-1     Party extinct                       248 plies   10.7s  (9/300)
  [w1]  #14   0-1     Party extinct                       174 plies    7.6s  (10/300)
  [w0]  #13   1-0     Treasure checkmated or captured     115 plies    5.1s  (11/300)
  [w2]  #11   0-1     Party extinct                       238 plies   10.4s  (12/300)
  [w1]  #18   1-0     Treasure checkmated or captured     205 plies    8.9s  (13/300)
  [w0]  #17   1-0     Treasure checkmated or captured     259 plies   11.2s  (14/300)
  [w3]  #8    *       ply cap (600)                       600 plies   25.5s  (15/300)
  [w2]  #15   0-1     Party extinct                       218 plies    9.5s  (16/300)
  [w2]  #19   0-1     Party extinct                       254 plies   11.0s  (17/300)
  [w0]  #21   0-1     Party extinct                       296 plies   12.8s  (18/300)
  [w1]  #22   *       ply cap (600)                       600 plies   25.5s  (19/300)
  [w0]  #25   1-0     Treasure checkmated or captured     235 plies   10.2s  (20/300)
  [w2]  #23   0-1     Party extinct                       268 plies   11.6s  (21/300)
  [w3]  #12   *       ply cap (600)                       600 plies   25.5s  (22/300)
  [w0]  #29   1-0     Treasure checkmated or captured     219 plies    9.5s  (23/300)
  [w1]  #26   1-0     Treasure checkmated or captured     305 plies   13.1s  (24/300)
  [w3]  #16   0-1     Party extinct                       156 plies    6.9s  (25/300)
  [w1]  #30   0-1     Party extinct                       132 plies    5.9s  (26/300)
  [w2]  #27   0-1     Party extinct                       374 plies   16.0s  (27/300)
  [w1]  #34   1-0     Treasure checkmated or captured     129 plies    5.8s  (28/300)
  [w0]  #33   1-0     Treasure checkmated or captured     317 plies   13.7s  (29/300)
  [w3]  #20   0-1     Party extinct                       346 plies   14.9s  (30/300)
  [w2]  #31   0-1     Party extinct                       214 plies    9.3s  (31/300)
  [w0]  #37   1-0     Treasure checkmated or captured     171 plies    7.5s  (32/300)
  [w3]  #24   0-1     Party extinct                       158 plies    7.0s  (33/300)
  [w1]  #38   0-1     Party extinct                       238 plies   10.3s  (34/300)
  [w0]  #41   0-1     Party extinct                       138 plies    6.1s  (35/300)
  [w2]  #35   0-1     Party extinct                       270 plies   11.7s  (36/300)
  [w1]  #42   1-0     Treasure checkmated or captured     169 plies    7.4s  (37/300)
  [w1]  #46   1-0     Treasure checkmated or captured       1 plies    0.4s  (38/300)
  [w0]  #45   0-1     Party extinct                       168 plies    7.4s  (39/300)
  [w1]  #50   0-1     Party extinct                       164 plies    7.3s  (40/300)
  [w2]  #39   0-1     Party extinct                       236 plies   10.3s  (41/300)
  [w0]  #49   1-0     Treasure checkmated or captured     167 plies    7.3s  (42/300)
  [w1]  #54   1-0     Treasure checkmated or captured     131 plies    5.9s  (43/300)
  [w3]  #28   *       ply cap (600)                       600 plies   25.5s  (44/300)
  [w0]  #53   0-1     Party extinct                       246 plies   10.6s  (45/300)
  [w1]  #58   0-1     Party extinct                       240 plies   10.4s  (46/300)
  [w2]  #43   1-0     Treasure checkmated or captured     431 plies   18.4s  (47/300)
  [w3]  #32   0-1     Party extinct                       252 plies   10.9s  (48/300)
  [w1]  #62   0-1     Party extinct                       210 plies    9.2s  (49/300)
  [w0]  #57   1-0     Treasure checkmated or captured     287 plies   12.4s  (50/300)
  [w3]  #36   0-1     Party extinct                       162 plies    7.1s  (51/300)
  [w2]  #47   0-1     Party extinct                       216 plies    9.4s  (52/300)
  [w0]  #61   1-0     Treasure checkmated or captured     157 plies    6.9s  (53/300)
  [w0]  #65   1-0     Treasure checkmated or captured       1 plies    0.4s  (54/300)
  [w2]  #51   0-1     Party extinct                       164 plies    7.2s  (55/300)
  [w0]  #69   0-1     Party extinct                       136 plies    6.0s  (56/300)
  [w3]  #40   0-1     Party extinct                       318 plies   13.7s  (57/300)
  [w2]  #55   1-0     Treasure checkmated or captured     179 plies    7.8s  (58/300)
  [w3]  #44   0-1     Party extinct                       134 plies    6.0s  (59/300)
  [w1]  #66   *       ply cap (600)                       600 plies   25.5s  (60/300)
  [w2]  #59   0-1     Party extinct                       194 plies    8.5s  (61/300)
  [w1]  #70   0-1     Party extinct                       120 plies    5.3s  (62/300)
  [w1]  #74   1-0     Treasure checkmated or captured       5 plies    0.5s  (63/300)
  [w1]  #78   1-0     Treasure checkmated or captured      81 plies    3.7s  (64/300)
  [w0]  #73   *       ply cap (600)                       600 plies   25.4s  (65/300)
  [w2]  #63   0-1     Party extinct                       316 plies   13.6s  (66/300)
  [w1]  #82   0-1     Party has no legal response         182 plies    8.0s  (67/300)
  [w0]  #77   0-1     Party extinct                       146 plies    6.5s  (68/300)
  [w3]  #48   *       ply cap (600)                       600 plies   25.5s  (69/300)
  [w2]  #67   1-0     Treasure checkmated or captured     235 plies   10.2s  (70/300)
  [w1]  #86   0-1     Party extinct                       246 plies   10.6s  (71/300)
  [w0]  #81   1-0     Treasure checkmated or captured     167 plies    7.3s  (72/300)
  [w2]  #71   0-1     Party extinct                       166 plies    7.3s  (73/300)
  [w1]  #90   1-0     Treasure checkmated or captured     155 plies    6.9s  (74/300)
  [w3]  #52   1-0     Treasure checkmated or captured     291 plies   12.6s  (75/300)
  [w2]  #75   0-1     Party has no legal response         134 plies    6.0s  (76/300)
  [w1]  #94   0-1     Party extinct                        90 plies    4.2s  (77/300)
  [w3]  #56   0-1     Party extinct                       234 plies   10.2s  (78/300)
  [w1]  #98   1-0     Treasure checkmated or captured     263 plies   11.4s  (79/300)
  [w2]  #79   1-0     Treasure checkmated or captured     331 plies   14.2s  (80/300)
  [w0]  #85   *       ply cap (600)                       600 plies   25.5s  (81/300)
  [w0]  #89   1-0     Treasure checkmated or captured     127 plies    5.6s  (82/300)
  [w1]  #102  0-1     Party extinct                       242 plies   10.5s  (83/300)
  [w2]  #83   0-1     Party extinct                       246 plies   10.6s  (84/300)
  [w1]  #106  0-1     Party extinct                       224 plies    9.7s  (85/300)
  [w3]  #60   *       ply cap (600)                       600 plies   25.5s  (86/300)
  [w2]  #87   1-0     Treasure checkmated or captured     199 plies    8.7s  (87/300)
  [w0]  #93   0-1     Party extinct                       388 plies   16.6s  (88/300)
  [w2]  #91   1-0     Treasure checkmated or captured     127 plies    5.7s  (89/300)
  [w3]  #64   0-1     Party extinct                       230 plies   10.0s  (90/300)
  [w1]  #110  0-1     Party extinct                       240 plies   10.4s  (91/300)
  [w0]  #97   0-1     Party extinct                       206 plies    9.0s  (92/300)
  [w2]  #95   0-1     Party extinct                       184 plies    8.1s  (93/300)
  [w1]  #114  0-1     Party extinct                       182 plies    7.9s  (94/300)
  [w3]  #68   0-1     Party extinct                       196 plies    8.5s  (95/300)
  [w1]  #118  1-0     Treasure checkmated or captured     127 plies    5.7s  (96/300)
  [w0]  #101  1-0     Treasure checkmated or captured     251 plies   10.9s  (97/300)
  [w2]  #99   0-1     Party extinct                       268 plies   11.6s  (98/300)
  [w3]  #72   1-0     Treasure checkmated or captured     279 plies   12.1s  (99/300)
  [w2]  #103  1-0     Treasure checkmated or captured      91 plies    4.1s  (100/300)
  [w1]  #122  0-1     Party extinct                       284 plies   12.2s  (101/300)
  [w0]  #105  0-1     Party extinct                       266 plies   11.5s  (102/300)
  [w3]  #76   1-0     Treasure checkmated or captured     263 plies   11.4s  (103/300)
  [w0]  #109  0-1     Party extinct                       122 plies    5.4s  (104/300)
  [w1]  #126  1-0     Treasure checkmated or captured     181 plies    7.9s  (105/300)
  [w3]  #80   1-0     Treasure checkmated or captured     171 plies    7.5s  (106/300)
  [w0]  #113  0-1     Party extinct                       250 plies   10.8s  (107/300)
  [w1]  #130  1-0     Treasure checkmated or captured     243 plies   10.5s  (108/300)
  [w2]  #107  *       ply cap (600)                       600 plies   25.4s  (109/300)
  [w3]  #84   0-1     Party extinct                       252 plies   10.9s  (110/300)
  [w2]  #111  0-1     Party extinct                       160 plies    7.0s  (111/300)
  [w0]  #117  0-1     Party extinct                       244 plies   10.6s  (112/300)
  [w1]  #134  1-0     Treasure checkmated or captured     293 plies   12.6s  (113/300)
  [w2]  #115  0-1     Party extinct                        90 plies    4.1s  (114/300)
  [w0]  #121  1-0     Treasure checkmated or captured     125 plies    5.6s  (115/300)
  [w2]  #119  0-1     Party extinct                       248 plies   10.8s  (116/300)
  [w1]  #138  1-0     Treasure checkmated or captured     279 plies   12.1s  (117/300)
  [w3]  #88   *       ply cap (600)                       600 plies   25.5s  (118/300)
  [w1]  #142  0-1     Party extinct                       206 plies    9.0s  (119/300)
  [w0]  #125  *       ply cap (600)                       600 plies   25.5s  (120/300)
  [w3]  #92   0-1     Party extinct                       314 plies   13.6s  (121/300)
  [w1]  #146  0-1     Party extinct                       272 plies   11.8s  (122/300)
  [w2]  #123  *       ply cap (600)                       600 plies   25.5s  (123/300)
  [w2]  #127  1-0     Treasure checkmated or captured       7 plies    0.6s  (124/300)
  [w0]  #129  0-1     Party extinct                       278 plies   12.0s  (125/300)
  [w1]  #150  0-1     Party extinct                       166 plies    7.3s  (126/300)
  [w0]  #133  1-0     Treasure checkmated or captured     215 plies    9.3s  (127/300)
  [w1]  #154  0-1     Party extinct                       226 plies    9.8s  (128/300)
  [w2]  #131  1-0     Treasure checkmated or captured     303 plies   13.0s  (129/300)
  [w3]  #96   *       ply cap (600)                       600 plies   25.5s  (130/300)
  [w0]  #137  0-1     Party extinct                       248 plies   10.7s  (131/300)
  [w2]  #135  1-0     Treasure checkmated or captured     263 plies   11.4s  (132/300)
  [w0]  #141  0-1     Party extinct                       200 plies    8.7s  (133/300)
  [w3]  #100  0-1     Party extinct                       276 plies   11.9s  (134/300)
  [w1]  #158  *       ply cap (600)                       600 plies   25.5s  (135/300)
  [w0]  #145  0-1     Party extinct                       172 plies    7.6s  (136/300)
  [w3]  #104  1-0     Treasure checkmated or captured     241 plies   10.5s  (137/300)
  [w0]  #149  1-0     Treasure checkmated or captured     123 plies    5.6s  (138/300)
  [w1]  #162  0-1     Party extinct                       176 plies    7.7s  (139/300)
  [w0]  #153  0-1     Party extinct                        94 plies    4.2s  (140/300)
  [w2]  #139  *       ply cap (600)                       600 plies   25.5s  (141/300)
  [w3]  #108  1-0     Treasure checkmated or captured     219 plies    9.5s  (142/300)
  [w0]  #157  0-1     Party extinct                       198 plies    8.6s  (143/300)
  [w1]  #166  0-1     Party extinct                       278 plies   12.0s  (144/300)
  [w3]  #112  0-1     Party extinct                       124 plies    5.5s  (145/300)
  [w2]  #143  0-1     Party extinct                       192 plies    8.4s  (146/300)
  [w3]  #116  0-1     Party extinct                       156 plies    6.8s  (147/300)
  [w0]  #161  1-0     Treasure checkmated or captured     185 plies    8.1s  (148/300)
  [w2]  #147  1-0     Treasure checkmated or captured     187 plies    8.2s  (149/300)
  [w1]  #170  1-0     Treasure checkmated or captured     323 plies   13.9s  (150/300)
  [w0]  #165  0-1     Party extinct                       184 plies    8.1s  (151/300)
  [w3]  #120  1-0     Treasure checkmated or captured     227 plies    9.9s  (152/300)
  [w2]  #151  0-1     Party extinct                       294 plies   12.7s  (153/300)
  [w0]  #169  0-1     Party extinct                       128 plies    5.7s  (154/300)
  [w3]  #124  0-1     Party extinct                       234 plies   10.1s  (155/300)
  [w0]  #173  0-1     Party extinct                       162 plies    7.1s  (156/300)
  [w2]  #155  1-0     Treasure checkmated or captured     231 plies   10.0s  (157/300)
  [w3]  #128  0-1     Party extinct                       176 plies    7.7s  (158/300)
  [w0]  #177  0-1     Party extinct                       228 plies    9.9s  (159/300)
  [w1]  #174  *       ply cap (600)                       600 plies   25.6s  (160/300)
  [w3]  #132  0-1     Party extinct                       118 plies    5.3s  (161/300)
  [w2]  #159  1-0     Treasure checkmated or captured     219 plies    9.6s  (162/300)
  [w3]  #136  0-1     Party has no legal response          46 plies    2.2s  (163/300)
  [w0]  #181  1-0     Treasure checkmated or captured     197 plies    8.6s  (164/300)
  [w2]  #163  1-0     Treasure checkmated or captured     197 plies    8.6s  (165/300)
  [w1]  #178  1-0     Treasure checkmated or captured     327 plies   14.1s  (166/300)
  [w0]  #185  0-1     Party has no legal response         160 plies    7.1s  (167/300)
  [w3]  #140  0-1     Party extinct                       332 plies   14.4s  (168/300)
  [w1]  #182  1-0     Treasure checkmated or captured      99 plies    4.5s  (169/300)
  [w2]  #167  0-1     Party extinct                       246 plies   10.6s  (170/300)
  [w3]  #144  0-1     Party extinct                       264 plies   11.4s  (171/300)
  [w2]  #171  0-1     Party extinct                       238 plies   10.4s  (172/300)
  [w2]  #175  1-0     Treasure checkmated or captured     127 plies    5.7s  (173/300)
  [w0]  #189  *       ply cap (600)                       600 plies   25.5s  (174/300)
  [w3]  #148  0-1     Party extinct                       304 plies   13.1s  (175/300)
  [w1]  #186  *       ply cap (600)                       600 plies   25.5s  (176/300)
  [w2]  #179  0-1     Party extinct                       220 plies    9.6s  (177/300)
  [w3]  #152  0-1     Party extinct                       170 plies    7.5s  (178/300)
  [w0]  #193  0-1     Party extinct                       210 plies    9.1s  (179/300)
  [w1]  #190  0-1     Party extinct                       154 plies    6.8s  (180/300)
  [w2]  #183  1-0     Treasure checkmated or captured     245 plies   10.6s  (181/300)
  [w3]  #156  0-1     Party extinct                       208 plies    9.1s  (182/300)
  [w1]  #194  1-0     Treasure checkmated or captured     241 plies   10.5s  (183/300)
  [w0]  #197  1-0     Treasure checkmated or captured     329 plies   14.2s  (184/300)
  [w2]  #187  0-1     Party extinct                       242 plies   10.6s  (185/300)
  [w3]  #160  0-1     Party extinct                       278 plies   12.1s  (186/300)
  [w1]  #198  0-1     Party extinct                       306 plies   13.2s  (187/300)
  [w0]  #201  0-1     Party extinct                       260 plies   11.2s  (188/300)
  [w3]  #164  0-1     Party extinct                       284 plies   12.2s  (189/300)
  [w0]  #205  1-0     Treasure checkmated or captured     201 plies    8.8s  (190/300)
  [w1]  #202  0-1     Party extinct                       204 plies    8.9s  (191/300)
  [w3]  #168  0-1     Party extinct                       126 plies    5.6s  (192/300)
  [w0]  #209  1-0     Treasure checkmated or captured     149 plies    6.6s  (193/300)
  [w1]  #206  0-1     Party extinct                       206 plies    9.0s  (194/300)
  [w2]  #191  *       ply cap (600)                       600 plies   25.5s  (195/300)
  [w3]  #172  1-0     Treasure checkmated or captured     171 plies    7.5s  (196/300)
  [w0]  #213  1-0     Treasure checkmated or captured     211 plies    9.2s  (197/300)
  [w1]  #210  0-1     Party extinct                       192 plies    8.4s  (198/300)
  [w2]  #195  0-1     Party extinct                       206 plies    9.0s  (199/300)
  [w3]  #176  0-1     Party extinct                       286 plies   12.3s  (200/300)
  [w0]  #217  0-1     Party extinct                       244 plies   10.6s  (201/300)
  [w2]  #199  1-0     Treasure checkmated or captured     191 plies    8.3s  (202/300)
  [w1]  #214  0-1     Party extinct                       246 plies   10.7s  (203/300)
  [w2]  #203  0-1     Party has no legal response          64 plies    3.0s  (204/300)
  [w0]  #221  1-0     Treasure checkmated or captured     103 plies    4.6s  (205/300)
  [w3]  #180  1-0     Treasure checkmated or captured     255 plies   11.0s  (206/300)
  [w0]  #225  0-1     Party extinct                       168 plies    7.4s  (207/300)
  [w1]  #218  1-0     Treasure checkmated or captured     253 plies   10.9s  (208/300)
  [w2]  #207  0-1     Party extinct                       318 plies   13.7s  (209/300)
  [w3]  #184  1-0     Treasure checkmated or captured     177 plies    7.8s  (210/300)
  [w1]  #222  1-0     Treasure checkmated or captured     235 plies   10.2s  (211/300)
  [w0]  #229  0-1     Party extinct                       350 plies   15.0s  (212/300)
  [w2]  #211  0-1     Party extinct                       260 plies   11.2s  (213/300)
  [w3]  #188  0-1     Party extinct                       322 plies   13.9s  (214/300)
  [w1]  #226  1-0     Treasure checkmated or captured     181 plies    8.0s  (215/300)
  [w2]  #215  0-1     Party extinct                       284 plies   12.3s  (216/300)
  [w1]  #230  0-1     Party extinct                       238 plies   10.4s  (217/300)
  [w0]  #233  1-0     Treasure checkmated or captured     365 plies   15.6s  (218/300)
  [w2]  #219  0-1     Party extinct                       170 plies    7.5s  (219/300)
  [w0]  #237  1-0     Treasure checkmated or captured     179 plies    7.8s  (220/300)
  [w2]  #223  0-1     Party extinct                       178 plies    7.8s  (221/300)
  [w3]  #192  *       ply cap (600)                       600 plies   25.5s  (222/300)
  [w3]  #196  1-0     Treasure checkmated or captured       1 plies    0.4s  (223/300)
  [w0]  #241  1-0     Treasure checkmated or captured     167 plies    7.4s  (224/300)
  [w3]  #200  0-1     Party extinct                       202 plies    8.8s  (225/300)
  [w1]  #234  *       ply cap (600)                       600 plies   25.5s  (226/300)
  [w2]  #227  1-0     Treasure checkmated or captured     257 plies   11.2s  (227/300)
  [w0]  #245  0-1     Party extinct                       218 plies    9.5s  (228/300)
  [w3]  #204  1-0     Treasure checkmated or captured     237 plies   10.3s  (229/300)
  [w1]  #238  1-0     Treasure checkmated or captured     223 plies    9.7s  (230/300)
  [w0]  #249  0-1     Party extinct                       238 plies   10.3s  (231/300)
  [w2]  #231  1-0     Treasure checkmated or captured     383 plies   16.4s  (232/300)
  [w0]  #253  1-0     Treasure checkmated or captured     141 plies    6.2s  (233/300)
  [w3]  #208  1-0     Treasure checkmated or captured     185 plies    8.1s  (234/300)
  [w1]  #242  1-0     Treasure checkmated or captured     333 plies   14.3s  (235/300)
  [w3]  #212  1-0     Treasure checkmated or captured     179 plies    7.8s  (236/300)
  [w2]  #235  0-1     Party extinct                       194 plies    8.5s  (237/300)
  [w0]  #257  0-1     Party extinct                       186 plies    8.1s  (238/300)
  [w3]  #216  0-1     Party extinct                       136 plies    6.0s  (239/300)
  [w2]  #239  0-1     Party extinct                       234 plies   10.2s  (240/300)
  [w1]  #246  1-0     Treasure checkmated or captured     325 plies   14.0s  (241/300)
  [w3]  #220  0-1     Party extinct                       314 plies   13.5s  (242/300)
  [w0]  #261  *       ply cap (600)                       600 plies   25.5s  (243/300)
  [w3]  #224  1-0     Treasure checkmated or captured     169 plies    7.5s  (244/300)
  [w2]  #243  *       ply cap (600)                       600 plies   25.5s  (245/300)
  [w3]  #228  0-1     Party extinct                       234 plies   10.2s  (246/300)
  [w1]  #250  *       ply cap (600)                       600 plies   25.5s  (247/300)
  [w2]  #247  0-1     Party extinct                       146 plies    6.5s  (248/300)
  [w1]  #254  1-0     Treasure checkmated or captured     181 plies    7.9s  (249/300)
  [w0]  #265  *       ply cap (600)                       600 plies   25.6s  (250/300)
  [w2]  #251  1-0     Treasure checkmated or captured     245 plies   10.7s  (251/300)
  [w1]  #258  1-0     Treasure checkmated or captured     225 plies    9.9s  (252/300)
  [w2]  #255  1-0     Treasure checkmated or captured     123 plies    5.5s  (253/300)
  [w3]  #232  0-1     Party extinct                       536 plies   22.8s  (254/300)
  [w2]  #259  1-0     Treasure checkmated or captured     117 plies    5.2s  (255/300)
  [w1]  #262  0-1     Party extinct                       218 plies    9.5s  (256/300)
  [w2]  #263  0-1     Party has no legal response          60 plies    2.9s  (257/300)
  [w3]  #236  0-1     Party extinct                       156 plies    6.9s  (258/300)
  [w2]  #267  0-1     Party has no legal response         162 plies    7.1s  (259/300)
  [w3]  #240  0-1     Party extinct                       154 plies    6.8s  (260/300)
  [w0]  #269  *       ply cap (600)                       600 plies   25.5s  (261/300)
  [w3]  #244  1-0     Treasure checkmated or captured     169 plies    7.4s  (262/300)
  [w0]  #273  0-1     Party extinct                       172 plies    7.5s  (263/300)
  [w3]  #248  0-1     Party extinct                       102 plies    4.7s  (264/300)
  [w1]  #266  *       ply cap (600)                       600 plies   25.4s  (265/300)
  [w3]  #252  0-1     Party extinct                       136 plies    6.0s  (266/300)
  [w0]  #277  0-1     Party extinct                       218 plies    9.5s  (267/300)
  [w2]  #271  *       ply cap (600)                       600 plies   25.5s  (268/300)
  [w3]  #256  1-0     Treasure checkmated or captured     225 plies    9.7s  (269/300)
  [w1]  #270  1-0     Treasure checkmated or captured     251 plies   10.9s  (270/300)
  [w0]  #281  0-1     Party extinct                       288 plies   12.4s  (271/300)
  [w2]  #275  1-0     Treasure checkmated or captured     203 plies    8.9s  (272/300)
  [w1]  #274  1-0     Treasure checkmated or captured     169 plies    7.4s  (273/300)
  [w3]  #260  0-1     Party extinct                       244 plies   10.6s  (274/300)
  [w2]  #279  1-0     Treasure checkmated or captured     105 plies    4.7s  (275/300)
  [w0]  #285  0-1     Party extinct                       252 plies   10.9s  (276/300)
  [w1]  #278  1-0     Treasure checkmated or captured     179 plies    7.9s  (277/300)
  [w3]  #264  1-0     Treasure checkmated or captured     273 plies   11.8s  (278/300)
  [w2]  #283  0-1     Party extinct                       264 plies   11.4s  (279/300)
  [w1]  #282  0-1     Party extinct                       192 plies    8.5s  (280/300)
  [w0]  #289  1-0     Treasure checkmated or captured     367 plies   15.8s  (281/300)
  [w2]  #287  1-0     Treasure checkmated or captured     237 plies   10.4s  (282/300)
  [w1]  #286  1-0     Treasure checkmated or captured     205 plies    9.0s  (283/300)
  [w0]  #293  1-0     Treasure checkmated or captured      65 plies    3.1s  (284/300)
  [w2]  #291  1-0     Treasure checkmated or captured     197 plies    8.6s  (285/300)
  [w0]  #297  1-0     Treasure checkmated or captured     169 plies    7.5s  (286/300)
  [w3]  #268  *       ply cap (600)                       600 plies   25.6s  (287/300)
  [w1]  #290  0-1     Party extinct                       372 plies   16.0s  (288/300)
  [w2]  #295  0-1     Party extinct                       202 plies    8.8s  (289/300)
  [w1]  #294  0-1     Party extinct                       120 plies    5.3s  (290/300)
  [w1]  #298  1-0     Treasure checkmated or captured      43 plies    2.1s  (291/300)
  [w3]  #272  0-1     Party extinct                       402 plies   17.3s  (292/300)
  [w2]  #299  *       ply cap (600)                       600 plies   25.5s  (293/300)
  [w3]  #276  0-1     Party extinct                       250 plies   11.1s  (294/300)
  [w3]  #280  1-0     Treasure checkmated or captured     113 plies    5.1s  (295/300)
  [w3]  #284  *       ply cap (600)                       600 plies   25.6s  (296/300)
  [w3]  #288  1-0     Treasure checkmated or captured     213 plies    9.4s  (297/300)
  [w3]  #292  0-1     Party extinct                       194 plies    8.7s  (298/300)
  [w3]  #296  0-1     Party extinct                       288 plies   12.8s  (299/300)
  [w3]  #300  1-0     Treasure checkmated or captured     183 plies    8.2s  (300/300)

========================================================
  Rule set    : v7-d8-spsa-final-iterate
  Games       : 300
--------------------------------------------------------
  Party wins  :  111  ( 37.0%)
  Horde wins  :  155  ( 51.7%)
  Unfinished  :   34  ( 11.3%)
--------------------------------------------------------
  Decisive      :  88.7%
  Party(decisive):  41.7%   95% CI [ 36.0% ..  47.7%]
  Imbalance     :  16.5%   (0% = perfectly balanced decisive games)
  Median plies  : 210  (decisive games)

  COMPOSITE SCORE : 0.740   (1.0 = balanced & decisive)
========================================================
  total time : 893.2s  (2.98s / game, 4x)
  pgn        : reports/v7-overnight/confirm-final.pgn
