Match: rule-set 'v1.1-baseline'  games=500  depth=8  max-plies=600  openings=500x6plies  seed=20260424  parallel=4
  variants : /var/folders/rs/77r0skzs579fgb60prc23_mr0000gn/T/yes-hybrid/variants-v1_1-baseline-89969-c7d8a0219229499990bd6c88bcf35e58.ini
  startFen : 4abtb4/2mubmbu4/12/3*4*3/4**6/12/12/3XC1SD4 w - - 0 1
  openings : 500 distinct (requested 500)

  [w1]  #2    0-1     Party extinct                       114 plies    5.1s  (1/500)
  [w3]  #4    1-0     Treasure checkmated or captured     155 plies    6.9s  (2/500)
  [w0]  #1    1-0     Treasure checkmated or captured     169 plies    7.4s  (3/500)
  [w0]  #5    1-0     Treasure checkmated or captured      37 plies    1.8s  (4/500)
  [w1]  #6    1-0     Treasure checkmated or captured     137 plies    6.0s  (5/500)
  [w2]  #3    0-1     Party extinct                       264 plies   11.4s  (6/500)
  [w3]  #8    1-0     Treasure checkmated or captured     115 plies    5.1s  (7/500)
  [w0]  #9    1-0     Treasure checkmated or captured     155 plies    6.8s  (8/500)
  [w2]  #7    0-1     Party extinct                       182 plies    7.9s  (9/500)
  [w2]  #11   1-0     Treasure checkmated or captured      91 plies    4.2s  (10/500)
  [w1]  #10   1-0     Treasure checkmated or captured     289 plies   12.5s  (11/500)
  [w0]  #13   1-0     Treasure checkmated or captured     297 plies   12.8s  (12/500)
  [w1]  #14   1-0     Treasure checkmated or captured     125 plies    5.6s  (13/500)
  [w2]  #15   0-1     Party extinct                       274 plies   11.8s  (14/500)
  [w3]  #12   *       ply cap (600)                       600 plies   25.6s  (15/500)
  [w0]  #17   1-0     Treasure checkmated or captured     253 plies   11.0s  (16/500)
  [w2]  #19   1-0     Treasure checkmated or captured     139 plies    6.1s  (17/500)
  [w1]  #18   0-1     Party extinct                       314 plies   13.6s  (18/500)
  [w3]  #16   1-0     Treasure checkmated or captured     141 plies    6.2s  (19/500)
  [w0]  #21   1-0     Treasure checkmated or captured     149 plies    6.6s  (20/500)
  [w1]  #22   1-0     Treasure checkmated or captured     227 plies   10.0s  (21/500)
  [w3]  #20   0-1     Party extinct                       330 plies   14.2s  (22/500)
  [w2]  #23   *       ply cap (600)                       600 plies   25.5s  (23/500)
  [w0]  #25   *       ply cap (600)                       600 plies   25.5s  (24/500)
  [w3]  #24   1-0     Treasure checkmated or captured     325 plies   14.3s  (25/500)
  [w1]  #26   *       ply cap (600)                       600 plies   25.8s  (26/500)
  [w0]  #29   0-1     Party extinct                       162 plies    7.1s  (27/500)
  [w3]  #28   1-0     Treasure checkmated or captured     189 plies    8.4s  (28/500)
  [w2]  #27   1-0     Treasure checkmated or captured     333 plies   14.6s  (29/500)
  [w1]  #30   0-1     Party extinct                        92 plies    4.1s  (30/500)
  [w2]  #31   0-1     Party has no legal response          52 plies    2.5s  (31/500)
  [w3]  #32   1-0     Treasure checkmated or captured     189 plies    8.2s  (32/500)
  [w0]  #33   1-0     Treasure checkmated or captured     287 plies   12.3s  (33/500)
  [w2]  #35   0-1     Party extinct                       200 plies    8.7s  (34/500)
  [w3]  #36   0-1     Party has no legal response         158 plies    6.9s  (35/500)
  [w0]  #37   1-0     Treasure checkmated or captured     215 plies    9.3s  (36/500)
  [w3]  #40   1-0     Treasure checkmated or captured     121 plies    5.4s  (37/500)
  [w2]  #39   1-0     Treasure checkmated or captured     261 plies   11.2s  (38/500)
  [w3]  #44   0-1     Party extinct                       110 plies    4.9s  (39/500)
  [w0]  #41   0-1     Party extinct                       170 plies    7.5s  (40/500)
  [w1]  #34   *       ply cap (600)                       600 plies   25.5s  (41/500)
  [w2]  #43   0-1     Party extinct                       140 plies    6.3s  (42/500)
  [w3]  #48   1-0     Treasure checkmated or captured      91 plies    4.2s  (43/500)
  [w1]  #38   0-1     Party extinct                        90 plies    4.1s  (44/500)
  [w0]  #45   1-0     Treasure checkmated or captured     125 plies    5.5s  (45/500)
  [w2]  #47   0-1     Party extinct                       132 plies    5.8s  (46/500)
  [w2]  #51   1-0     Treasure checkmated or captured       1 plies    0.3s  (47/500)
  [w2]  #55   0-1     Party extinct                        84 plies    3.8s  (48/500)
  [w2]  #59   0-1     Party has no legal response          54 plies    2.5s  (49/500)
  [w2]  #63   0-1     Party extinct                       204 plies    9.0s  (50/500)
  [w0]  #49   1-0     Treasure checkmated or captured     437 plies   18.6s  (51/500)
  [w3]  #52   *       ply cap (600)                       600 plies   25.4s  (52/500)
  [w1]  #42   *       ply cap (600)                       600 plies   25.4s  (53/500)
  [w3]  #56   0-1     Party extinct                       110 plies    4.9s  (54/500)
  [w1]  #46   1-0     Treasure checkmated or captured     133 plies    5.8s  (55/500)
  [w2]  #67   0-1     Party extinct                       286 plies   12.3s  (56/500)
  [w0]  #53   0-1     Party extinct                       282 plies   12.1s  (57/500)
  [w3]  #60   1-0     Treasure checkmated or captured     151 plies    6.6s  (58/500)
  [w1]  #50   0-1     Party extinct                       114 plies    5.1s  (59/500)
  [w0]  #57   1-0     Treasure checkmated or captured      97 plies    4.3s  (60/500)
  [w3]  #64   0-1     Party extinct                       144 plies    6.3s  (61/500)
  [w1]  #54   0-1     Party extinct                       200 plies    8.7s  (62/500)
  [w2]  #71   0-1     Party extinct                       332 plies   14.2s  (63/500)
  [w2]  #75   1-0     Treasure checkmated or captured      31 plies    1.6s  (64/500)
  [w0]  #61   1-0     Treasure checkmated or captured     265 plies   11.4s  (65/500)
  [w3]  #68   1-0     Treasure checkmated or captured     199 plies    8.7s  (66/500)
  [w0]  #65   0-1     Party has no legal response          76 plies    3.5s  (67/500)
  [w1]  #58   1-0     Treasure checkmated or captured     359 plies   15.4s  (68/500)
  [w3]  #72   0-1     Party extinct                       352 plies   15.1s  (69/500)
  [w2]  #79   0-1     Party extinct                       448 plies   19.2s  (70/500)
  [w3]  #76   1-0     Treasure checkmated or captured     161 plies    7.0s  (71/500)
  [w1]  #62   0-1     Party extinct                       292 plies   12.7s  (72/500)
  [w2]  #83   1-0     Treasure checkmated or captured     209 plies    9.2s  (73/500)
  [w0]  #69   *       ply cap (600)                       600 plies   25.6s  (74/500)
  [w1]  #66   1-0     Treasure checkmated or captured     123 plies    5.5s  (75/500)
  [w3]  #80   0-1     Party extinct                       234 plies   10.1s  (76/500)
  [w3]  #84   1-0     Treasure checkmated or captured      35 plies    1.8s  (77/500)
  [w2]  #87   1-0     Treasure checkmated or captured     199 plies    8.7s  (78/500)
  [w1]  #70   1-0     Treasure checkmated or captured     213 plies    9.3s  (79/500)
  [w0]  #73   1-0     Treasure checkmated or captured     261 plies   11.3s  (80/500)
  [w3]  #88   0-1     Party extinct                       232 plies   10.0s  (81/500)
  [w1]  #74   0-1     Party extinct                       228 plies    9.9s  (82/500)
  [w0]  #77   1-0     Treasure checkmated or captured     229 plies    9.9s  (83/500)
  [w2]  #91   1-0     Treasure checkmated or captured     343 plies   14.8s  (84/500)
  [w0]  #81   0-1     Party extinct                       170 plies    7.5s  (85/500)
  [w3]  #92   1-0     Treasure checkmated or captured     291 plies   12.8s  (86/500)
  [w1]  #78   0-1     Party extinct                       262 plies   11.3s  (87/500)
  [w2]  #95   0-1     Party extinct                       236 plies   10.2s  (88/500)
  [w1]  #82   1-0     Treasure checkmated or captured     149 plies    6.6s  (89/500)
  [w2]  #99   0-1     Party extinct                       162 plies    7.1s  (90/500)
  [w0]  #85   1-0     Treasure checkmated or captured     331 plies   14.3s  (91/500)
  [w1]  #86   1-0     Treasure checkmated or captured      91 plies    4.3s  (92/500)
  [w2]  #103  1-0     Treasure checkmated or captured     191 plies    9.0s  (93/500)
  [w1]  #90   1-0     Treasure checkmated or captured     171 plies    7.5s  (94/500)
  [w3]  #96   *       ply cap (600)                       600 plies   25.5s  (95/500)
  [w2]  #107  1-0     Treasure checkmated or captured     153 plies    6.7s  (96/500)
  [w3]  #100  1-0     Treasure checkmated or captured     155 plies    6.8s  (97/500)
  [w1]  #94   0-1     Party extinct                       276 plies   11.9s  (98/500)
  [w3]  #104  0-1     Party extinct                        92 plies    4.2s  (99/500)
  [w0]  #89   *       ply cap (600)                       600 plies   25.5s  (100/500)
  [w1]  #98   0-1     Party extinct                       190 plies    8.3s  (101/500)
  [w1]  #102  0-1     Party extinct                        50 plies    2.4s  (102/500)
  [w3]  #108  1-0     Treasure checkmated or captured     163 plies    7.2s  (103/500)
  [w0]  #93   0-1     Party extinct                       134 plies    5.9s  (104/500)
  [w1]  #106  0-1     Party extinct                       134 plies    5.9s  (105/500)
  [w2]  #111  *       ply cap (600)                       600 plies   25.4s  (106/500)
  [w3]  #112  1-0     Treasure checkmated or captured     217 plies    9.4s  (107/500)
  [w0]  #97   1-0     Treasure checkmated or captured     319 plies   13.8s  (108/500)
  [w3]  #116  0-1     Party extinct                       140 plies    6.3s  (109/500)
  [w2]  #115  0-1     Party extinct                       196 plies    8.5s  (110/500)
  [w1]  #110  0-1     Party extinct                       296 plies   12.7s  (111/500)
  [w0]  #101  1-0     Treasure checkmated or captured     169 plies    7.4s  (112/500)
  [w1]  #114  0-1     Party extinct                       116 plies    5.2s  (113/500)
  [w2]  #119  1-0     Treasure checkmated or captured     201 plies    8.7s  (114/500)
  [w0]  #105  0-1     Party extinct                        90 plies    4.1s  (115/500)
  [w0]  #109  0-1     Party extinct                       130 plies    5.8s  (116/500)
  [w3]  #120  1-0     Treasure checkmated or captured     409 plies   17.5s  (117/500)
  [w3]  #124  1-0     Treasure checkmated or captured     147 plies    6.5s  (118/500)
  [w0]  #113  0-1     Party extinct                       194 plies    8.7s  (119/500)
  [w1]  #118  1-0     Treasure checkmated or captured     439 plies   18.7s  (120/500)
  [w2]  #123  0-1     Party extinct                       426 plies   18.2s  (121/500)
  [w0]  #117  0-1     Party extinct                       150 plies    6.6s  (122/500)
  [w3]  #128  0-1     Party extinct                       168 plies    7.3s  (123/500)
  [w1]  #122  0-1     Party extinct                       252 plies   11.1s  (124/500)
  [w2]  #127  1-0     Treasure checkmated or captured     247 plies   10.7s  (125/500)
  [w3]  #132  0-1     Party extinct                       186 plies    8.1s  (126/500)
  [w2]  #131  0-1     Party has no legal response          34 plies    1.7s  (127/500)
  [w0]  #121  0-1     Party extinct                       254 plies   11.0s  (128/500)
  [w1]  #126  0-1     Party extinct                       162 plies    7.1s  (129/500)
  [w2]  #135  1-0     Treasure checkmated or captured     229 plies    9.9s  (130/500)
  [w3]  #136  1-0     Treasure checkmated or captured     267 plies   11.7s  (131/500)
  [w0]  #125  0-1     Party extinct                       208 plies    9.0s  (132/500)
  [w2]  #139  0-1     Party extinct                       158 plies    7.0s  (133/500)
  [w1]  #130  1-0     Treasure checkmated or captured     315 plies   13.5s  (134/500)
  [w3]  #140  1-0     Treasure checkmated or captured     179 plies    7.8s  (135/500)
  [w0]  #129  1-0     Treasure checkmated or captured     223 plies    9.7s  (136/500)
  [w2]  #143  0-1     Party extinct                       210 plies    9.1s  (137/500)
  [w1]  #134  0-1     Party extinct                       292 plies   12.5s  (138/500)
  [w0]  #133  1-0     Treasure checkmated or captured     223 plies    9.7s  (139/500)
  [w2]  #147  0-1     Party extinct                       152 plies    6.7s  (140/500)
  [w0]  #137  0-1     Party extinct                       204 plies    9.0s  (141/500)
  [w1]  #138  0-1     Party extinct                       216 plies    9.4s  (142/500)
  [w2]  #151  0-1     Party extinct                       230 plies   10.0s  (143/500)
  [w3]  #144  *       ply cap (600)                       600 plies   25.5s  (144/500)
  [w3]  #148  0-1     Party has no legal response         114 plies    5.1s  (145/500)
  [w0]  #141  0-1     Party extinct                       234 plies   10.1s  (146/500)
  [w2]  #155  1-0     Treasure checkmated or captured     281 plies   12.1s  (147/500)
  [w0]  #145  1-0     Treasure checkmated or captured     343 plies   14.7s  (148/500)
  [w3]  #152  0-1     Party extinct                       360 plies   15.6s  (149/500)
  [w1]  #142  *       ply cap (600)                       600 plies   25.5s  (150/500)
  [w2]  #159  1-0     Treasure checkmated or captured     361 plies   15.6s  (151/500)
  [w0]  #149  1-0     Treasure checkmated or captured     151 plies    6.7s  (152/500)
  [w3]  #156  1-0     Treasure checkmated or captured     163 plies    7.2s  (153/500)
  [w1]  #146  0-1     Party extinct                       202 plies    8.8s  (154/500)
  [w0]  #153  0-1     Party extinct                       224 plies    9.7s  (155/500)
  [w1]  #150  0-1     Party extinct                       164 plies    7.3s  (156/500)
  [w2]  #163  1-0     Treasure checkmated or captured     303 plies   13.1s  (157/500)
  [w0]  #157  0-1     Party extinct                        92 plies    4.2s  (158/500)
  [w0]  #161  0-1     Party extinct                       140 plies    6.3s  (159/500)
  [w1]  #154  0-1     Party extinct                       228 plies    9.9s  (160/500)
  [w2]  #167  0-1     Party extinct                       250 plies   11.0s  (161/500)
  [w3]  #160  *       ply cap (600)                       600 plies   25.5s  (162/500)
  [w1]  #158  1-0     Treasure checkmated or captured     231 plies   10.0s  (163/500)
  [w3]  #164  0-1     Party extinct                       116 plies    5.1s  (164/500)
  [w0]  #165  1-0     Treasure checkmated or captured     311 plies   13.4s  (165/500)
  [w2]  #171  0-1     Party extinct                       320 plies   13.8s  (166/500)
  [w3]  #168  1-0     Treasure checkmated or captured     117 plies    5.2s  (167/500)
  [w1]  #162  1-0     Treasure checkmated or captured     159 plies    7.0s  (168/500)
  [w0]  #169  1-0     Treasure checkmated or captured     107 plies    4.9s  (169/500)
  [w3]  #172  0-1     Party extinct                       168 plies    7.4s  (170/500)
  [w0]  #173  0-1     Party extinct                       190 plies    8.3s  (171/500)
  [w3]  #176  0-1     Party extinct                       154 plies    6.8s  (172/500)
  [w1]  #166  1-0     Treasure checkmated or captured     343 plies   14.7s  (173/500)
  [w2]  #175  0-1     Party extinct                       404 plies   17.3s  (174/500)
  [w0]  #177  1-0     Treasure checkmated or captured     169 plies    7.4s  (175/500)
  [w3]  #180  0-1     Party has no legal response          72 plies    3.3s  (176/500)
  [w3]  #184  1-0     Treasure checkmated or captured     193 plies    8.4s  (177/500)
  [w2]  #179  1-0     Treasure checkmated or captured     239 plies   10.4s  (178/500)
  [w1]  #170  0-1     Party extinct                       328 plies   14.2s  (179/500)
  [w2]  #183  1-0     Treasure checkmated or captured     125 plies    5.6s  (180/500)
  [w3]  #188  1-0     Treasure checkmated or captured     223 plies    9.7s  (181/500)
  [w1]  #174  0-1     Party extinct                       204 plies    8.8s  (182/500)
  [w1]  #178  1-0     Treasure checkmated or captured      85 plies    3.9s  (183/500)
  [w0]  #181  *       ply cap (600)                       600 plies   25.5s  (184/500)
  [w2]  #187  0-1     Party extinct                       242 plies   10.6s  (185/500)
  [w0]  #185  1-0     Treasure checkmated or captured     257 plies   11.1s  (186/500)
  [w2]  #191  1-0     Treasure checkmated or captured     269 plies   11.6s  (187/500)
  [w3]  #192  *       ply cap (600)                       600 plies   25.5s  (188/500)
  [w3]  #196  1-0     Treasure checkmated or captured     125 plies    5.6s  (189/500)
  [w1]  #182  *       ply cap (600)                       600 plies   25.5s  (190/500)
  [w0]  #189  1-0     Treasure checkmated or captured     353 plies   15.2s  (191/500)
  [w2]  #195  0-1     Party extinct                       344 plies   14.8s  (192/500)
  [w1]  #186  1-0     Treasure checkmated or captured     133 plies    5.9s  (193/500)
  [w3]  #200  1-0     Treasure checkmated or captured     189 plies    8.3s  (194/500)
  [w3]  #204  1-0     Treasure checkmated or captured       1 plies    0.3s  (195/500)
  [w0]  #193  0-1     Party extinct                       174 plies    7.6s  (196/500)
  [w2]  #199  0-1     Party extinct                       182 plies    7.9s  (197/500)
  [w1]  #190  1-0     Treasure checkmated or captured     157 plies    6.9s  (198/500)
  [w3]  #208  0-1     Party extinct                       160 plies    7.0s  (199/500)
  [w0]  #197  1-0     Treasure checkmated or captured     165 plies    7.2s  (200/500)
  [w1]  #194  0-1     Party has no legal response         106 plies    4.8s  (201/500)
  [w2]  #203  1-0     Treasure checkmated or captured     211 plies    9.3s  (202/500)
  [w3]  #212  0-1     Party extinct                       146 plies    6.4s  (203/500)
  [w0]  #201  0-1     Party extinct                       296 plies   12.8s  (204/500)
  [w2]  #207  0-1     Party extinct                       330 plies   14.1s  (205/500)
  [w0]  #205  1-0     Treasure checkmated or captured     143 plies    6.4s  (206/500)
  [w2]  #211  1-0     Treasure checkmated or captured     195 plies    8.6s  (207/500)
  [w1]  #198  *       ply cap (600)                       600 plies   25.5s  (208/500)
  [w1]  #202  0-1     Party has no legal response          88 plies    4.0s  (209/500)
  [w3]  #216  *       ply cap (600)                       600 plies   25.8s  (210/500)
  [w0]  #209  0-1     Party extinct                       300 plies   12.9s  (211/500)
  [w3]  #220  1-0     Treasure checkmated or captured     179 plies    7.9s  (212/500)
  [w1]  #206  1-0     Treasure checkmated or captured     221 plies    9.6s  (213/500)
  [w0]  #213  1-0     Treasure checkmated or captured     207 plies    9.0s  (214/500)
  [w3]  #224  1-0     Treasure checkmated or captured     231 plies   10.0s  (215/500)
  [w1]  #210  1-0     Treasure checkmated or captured     245 plies   10.7s  (216/500)
  [w0]  #217  0-1     Party extinct                       236 plies   10.2s  (217/500)
  [w2]  #215  *       ply cap (600)                       600 plies   25.4s  (218/500)
  [w3]  #228  0-1     Party extinct                       254 plies   11.0s  (219/500)
  [w2]  #219  0-1     Party extinct                       250 plies   11.0s  (220/500)
  [w1]  #214  0-1     Party extinct                       376 plies   16.1s  (221/500)
  [w1]  #218  1-0     Treasure checkmated or captured       5 plies    0.5s  (222/500)
  [w2]  #223  1-0     Treasure checkmated or captured     229 plies    9.9s  (223/500)
  [w3]  #232  0-1     Party extinct                       392 plies   17.0s  (224/500)
  [w0]  #221  *       ply cap (600)                       600 plies   25.6s  (225/500)
  [w1]  #222  1-0     Treasure checkmated or captured     263 plies   11.5s  (226/500)
  [w2]  #227  1-0     Treasure checkmated or captured     215 plies    9.3s  (227/500)
  [w0]  #225  0-1     Party extinct                       150 plies    6.6s  (228/500)
  [w1]  #226  0-1     Party extinct                       236 plies   10.3s  (229/500)
  [w2]  #231  1-0     Treasure checkmated or captured     183 plies    8.0s  (230/500)
  [w0]  #229  0-1     Party extinct                       158 plies    6.9s  (231/500)
  [w3]  #236  1-0     Treasure checkmated or captured     361 plies   15.4s  (232/500)
  [w1]  #230  1-0     Treasure checkmated or captured     123 plies    5.5s  (233/500)
  [w2]  #235  0-1     Party extinct                       200 plies    8.7s  (234/500)
  [w0]  #233  1-0     Treasure checkmated or captured     247 plies   10.8s  (235/500)
  [w1]  #234  1-0     Treasure checkmated or captured     207 plies    9.0s  (236/500)
  [w2]  #239  0-1     Party extinct                       144 plies    6.5s  (237/500)
  [w3]  #240  1-0     Treasure checkmated or captured     315 plies   13.5s  (238/500)
  [w2]  #243  0-1     Party extinct                       180 plies    7.9s  (239/500)
  [w0]  #237  0-1     Party extinct                       296 plies   12.8s  (240/500)
  [w1]  #238  0-1     Party extinct                       308 plies   13.3s  (241/500)
  [w3]  #244  1-0     Treasure checkmated or captured     295 plies   12.7s  (242/500)
  [w0]  #241  0-1     Party extinct                       184 plies    8.1s  (243/500)
  [w2]  #247  1-0     Treasure checkmated or captured     237 plies   10.4s  (244/500)
  [w0]  #245  0-1     Party extinct                       192 plies    8.4s  (245/500)
  [w3]  #248  0-1     Party extinct                       376 plies   16.1s  (246/500)
  [w2]  #251  0-1     Party extinct                       326 plies   14.3s  (247/500)
  [w0]  #249  1-0     Treasure checkmated or captured     203 plies    9.0s  (248/500)
  [w1]  #242  *       ply cap (600)                       600 plies   25.4s  (249/500)
  [w0]  #253  1-0     Treasure checkmated or captured      89 plies    4.1s  (250/500)
  [w3]  #252  1-0     Treasure checkmated or captured     279 plies   12.0s  (251/500)
  [w1]  #246  0-1     Party extinct                       104 plies    4.7s  (252/500)
  [w2]  #255  1-0     Treasure checkmated or captured     231 plies   10.0s  (253/500)
  [w0]  #257  1-0     Treasure checkmated or captured     159 plies    7.0s  (254/500)
  [w2]  #259  0-1     Party extinct                        92 plies    4.2s  (255/500)
  [w3]  #256  0-1     Party extinct                       242 plies   10.5s  (256/500)
  [w0]  #261  1-0     Treasure checkmated or captured     157 plies    7.2s  (257/500)
  [w1]  #250  1-0     Treasure checkmated or captured     263 plies   11.3s  (258/500)
  [w0]  #265  1-0     Treasure checkmated or captured     129 plies    5.8s  (259/500)
  [w2]  #263  0-1     Party extinct                       290 plies   12.7s  (260/500)
  [w0]  #269  1-0     Treasure checkmated or captured     137 plies    6.1s  (261/500)
  [w3]  #260  0-1     Party extinct                       312 plies   13.4s  (262/500)
  [w3]  #264  0-1     Party has no legal response          24 plies    1.3s  (263/500)
  [w3]  #268  1-0     Treasure checkmated or captured     115 plies    5.2s  (264/500)
  [w1]  #254  1-0     Treasure checkmated or captured     477 plies   20.6s  (265/500)
  [w2]  #267  0-1     Party extinct                       356 plies   15.2s  (266/500)
  [w3]  #272  0-1     Party extinct                        72 plies    3.3s  (267/500)
  [w0]  #273  0-1     Party extinct                       252 plies   10.9s  (268/500)
  [w3]  #276  1-0     Treasure checkmated or captured     217 plies    9.4s  (269/500)
  [w0]  #277  0-1     Party extinct                       318 plies   13.7s  (270/500)
  [w3]  #280  0-1     Party extinct                       274 plies   11.9s  (271/500)
  [w1]  #258  *       ply cap (600)                       600 plies   25.5s  (272/500)
  [w2]  #271  *       ply cap (600)                       600 plies   25.5s  (273/500)
  [w0]  #281  0-1     Party extinct                       246 plies   11.0s  (274/500)
  [w3]  #284  0-1     Party extinct                        92 plies    4.2s  (275/500)
  [w2]  #275  1-0     Treasure checkmated or captured      91 plies    4.1s  (276/500)
  [w1]  #262  0-1     Party extinct                       128 plies    5.7s  (277/500)
  [w3]  #288  0-1     Party extinct                       146 plies    6.5s  (278/500)
  [w0]  #285  1-0     Treasure checkmated or captured     229 plies   10.0s  (279/500)
  [w1]  #266  0-1     Party has no legal response         118 plies    5.3s  (280/500)
  [w0]  #289  1-0     Treasure checkmated or captured     133 plies    5.9s  (281/500)
  [w3]  #292  1-0     Treasure checkmated or captured     217 plies    9.4s  (282/500)
  [w1]  #270  0-1     Party extinct                       148 plies    6.5s  (283/500)
  [w0]  #293  0-1     Party extinct                       174 plies    7.6s  (284/500)
  [w1]  #274  1-0     Treasure checkmated or captured     155 plies    6.9s  (285/500)
  [w0]  #297  0-1     Party extinct                       102 plies    4.6s  (286/500)
  [w3]  #296  0-1     Party extinct                       270 plies   11.6s  (287/500)
  [w2]  #279  *       ply cap (600)                       600 plies   25.5s  (288/500)
  [w1]  #278  1-0     Treasure checkmated or captured     281 plies   12.2s  (289/500)
  [w0]  #301  1-0     Treasure checkmated or captured     193 plies    8.5s  (290/500)
  [w3]  #300  0-1     Party extinct                       322 plies   13.9s  (291/500)
  [w0]  #305  0-1     Party extinct                       142 plies    6.3s  (292/500)
  [w1]  #282  1-0     Treasure checkmated or captured     297 plies   12.9s  (293/500)
  [w3]  #304  1-0     Treasure checkmated or captured     187 plies    8.2s  (294/500)
  [w1]  #286  0-1     Party extinct                       110 plies    5.0s  (295/500)
  [w2]  #283  *       ply cap (600)                       600 plies   25.5s  (296/500)
  [w0]  #309  1-0     Treasure checkmated or captured     321 plies   13.8s  (297/500)
  [w0]  #313  1-0     Treasure checkmated or captured      47 plies    2.3s  (298/500)
  [w2]  #287  0-1     Party extinct                       104 plies    4.6s  (299/500)
  [w1]  #290  1-0     Treasure checkmated or captured     255 plies   11.0s  (300/500)
  [w3]  #308  1-0     Treasure checkmated or captured     409 plies   17.5s  (301/500)
  [w0]  #317  0-1     Party extinct                       250 plies   10.8s  (302/500)
  [w1]  #294  1-0     Treasure checkmated or captured     161 plies    7.0s  (303/500)
  [w3]  #312  0-1     Party extinct                       122 plies    5.4s  (304/500)
  [w2]  #291  1-0     Treasure checkmated or captured     371 plies   15.8s  (305/500)
  [w0]  #321  1-0     Treasure checkmated or captured     149 plies    6.6s  (306/500)
  [w3]  #316  0-1     Party extinct                       172 plies    7.5s  (307/500)
  [w0]  #325  0-1     Party extinct                       132 plies    5.9s  (308/500)
  [w0]  #329  0-1     Party extinct                       194 plies    8.7s  (309/500)
  [w3]  #320  1-0     Treasure checkmated or captured     309 plies   13.3s  (310/500)
  [w1]  #298  *       ply cap (600)                       600 plies   25.6s  (311/500)
  [w0]  #333  0-1     Party extinct                       200 plies    8.7s  (312/500)
  [w3]  #324  1-0     Treasure checkmated or captured     139 plies    6.2s  (313/500)
  [w2]  #295  *       ply cap (600)                       600 plies   25.5s  (314/500)
  [w0]  #337  1-0     Treasure checkmated or captured     123 plies    5.5s  (315/500)
  [w1]  #302  1-0     Treasure checkmated or captured     177 plies    7.8s  (316/500)
  [w2]  #299  1-0     Treasure checkmated or captured     191 plies    8.3s  (317/500)
  [w1]  #306  0-1     Party extinct                       172 plies    7.5s  (318/500)
  [w0]  #341  1-0     Treasure checkmated or captured     229 plies   10.0s  (319/500)
  [w3]  #328  1-0     Treasure checkmated or captured     355 plies   15.2s  (320/500)
  [w2]  #303  1-0     Treasure checkmated or captured     141 plies    6.2s  (321/500)
  [w3]  #332  0-1     Party extinct                       122 plies    5.4s  (322/500)
  [w0]  #345  0-1     Party extinct                       184 plies    8.1s  (323/500)
  [w1]  #310  1-0     Treasure checkmated or captured     263 plies   11.4s  (324/500)
  [w2]  #307  1-0     Treasure checkmated or captured     331 plies   14.2s  (325/500)
  [w0]  #349  1-0     Treasure checkmated or captured     159 plies    7.0s  (326/500)
  [w1]  #314  1-0     Treasure checkmated or captured     197 plies    8.6s  (327/500)
  [w3]  #336  1-0     Treasure checkmated or captured     319 plies   13.9s  (328/500)
  [w0]  #353  0-1     Party extinct                       186 plies    8.1s  (329/500)
  [w1]  #318  0-1     Party extinct                       374 plies   16.2s  (330/500)
  [w0]  #357  0-1     Party extinct                       284 plies   12.4s  (331/500)
  [w3]  #340  0-1     Party extinct                       366 plies   15.9s  (332/500)
  [w2]  #311  *       ply cap (600)                       600 plies   25.4s  (333/500)
  [w3]  #344  0-1     Party extinct                       134 plies    6.0s  (334/500)
  [w1]  #322  0-1     Party extinct                       222 plies    9.6s  (335/500)
  [w0]  #361  1-0     Treasure checkmated or captured     281 plies   12.1s  (336/500)
  [w2]  #315  1-0     Treasure checkmated or captured     215 plies    9.3s  (337/500)
  [w3]  #348  0-1     Party extinct                       206 plies    9.0s  (338/500)
  [w1]  #326  0-1     Party extinct                       248 plies   10.7s  (339/500)
  [w0]  #365  0-1     Party extinct                       236 plies   10.3s  (340/500)
  [w2]  #319  0-1     Party extinct                       214 plies    9.3s  (341/500)
  [w2]  #323  0-1     Party extinct                       154 plies    6.8s  (342/500)
  [w0]  #369  1-0     Treasure checkmated or captured     229 plies    9.9s  (343/500)
  [w1]  #330  0-1     Party extinct                       436 plies   18.8s  (344/500)
  [w3]  #352  *       ply cap (600)                       600 plies   25.6s  (345/500)
  [w0]  #373  0-1     Party extinct                       254 plies   11.0s  (346/500)
  [w3]  #356  1-0     Treasure checkmated or captured     177 plies    7.8s  (347/500)
  [w0]  #377  0-1     Party extinct                       258 plies   11.2s  (348/500)
  [w2]  #327  *       ply cap (600)                       600 plies   25.6s  (349/500)
  [w3]  #360  1-0     Treasure checkmated or captured     163 plies    7.3s  (350/500)
  [w3]  #364  1-0     Treasure checkmated or captured       1 plies    0.3s  (351/500)
  [w3]  #368  1-0     Treasure checkmated or captured       1 plies    0.3s  (352/500)
  [w2]  #331  1-0     Treasure checkmated or captured     137 plies    6.2s  (353/500)
  [w3]  #372  0-1     Party extinct                       152 plies    6.7s  (354/500)
  [w1]  #334  *       ply cap (600)                       600 plies   25.5s  (355/500)
  [w0]  #381  0-1     Party extinct                       254 plies   10.9s  (356/500)
  [w2]  #335  0-1     Party extinct                       284 plies   12.5s  (357/500)
  [w0]  #385  0-1     Party extinct                       264 plies   11.5s  (358/500)
  [w0]  #389  1-0     Treasure checkmated or captured     209 plies    9.1s  (359/500)
  [w3]  #376  *       ply cap (600)                       600 plies   25.5s  (360/500)
  [w1]  #338  *       ply cap (600)                       600 plies   25.5s  (361/500)
  [w0]  #393  1-0     Treasure checkmated or captured     269 plies   11.7s  (362/500)
  [w1]  #342  0-1     Party extinct                       240 plies   10.5s  (363/500)
  [w2]  #339  *       ply cap (600)                       600 plies   25.5s  (364/500)
  [w1]  #346  0-1     Party extinct                       130 plies    5.7s  (365/500)
  [w0]  #397  0-1     Party extinct                       200 plies    8.9s  (366/500)
  [w2]  #343  0-1     Party extinct                       228 plies    9.9s  (367/500)
  [w3]  #380  *       ply cap (600)                       600 plies   25.4s  (368/500)
  [w0]  #401  0-1     Party extinct                       292 plies   12.6s  (369/500)
  [w0]  #405  0-1     Party extinct                        76 plies    3.5s  (370/500)
  [w3]  #384  0-1     Party extinct                       290 plies   12.7s  (371/500)
  [w1]  #350  *       ply cap (600)                       600 plies   25.5s  (372/500)
  [w0]  #409  1-0     Treasure checkmated or captured     265 plies   11.5s  (373/500)
  [w3]  #388  0-1     Party extinct                       190 plies    8.4s  (374/500)
  [w2]  #347  *       ply cap (600)                       600 plies   25.5s  (375/500)
  [w1]  #354  1-0     Treasure checkmated or captured     259 plies   11.2s  (376/500)
  [w3]  #392  0-1     Party extinct                       170 plies    7.4s  (377/500)
  [w2]  #351  0-1     Party extinct                       174 plies    7.6s  (378/500)
  [w0]  #413  0-1     Party extinct                       302 plies   13.1s  (379/500)
  [w1]  #358  0-1     Party extinct                       166 plies    7.3s  (380/500)
  [w2]  #355  1-0     Treasure checkmated or captured     175 plies    7.7s  (381/500)
  [w3]  #396  1-0     Treasure checkmated or captured     213 plies    9.3s  (382/500)
  [w0]  #417  0-1     Party has no legal response         112 plies    5.0s  (383/500)
  [w1]  #362  1-0     Treasure checkmated or captured      97 plies    4.4s  (384/500)
  [w2]  #359  0-1     Party extinct                       138 plies    6.1s  (385/500)
  [w1]  #366  1-0     Treasure checkmated or captured     105 plies    4.7s  (386/500)
  [w3]  #400  0-1     Party extinct                       178 plies    7.8s  (387/500)
  [w0]  #421  0-1     Party extinct                       218 plies    9.4s  (388/500)
  [w1]  #370  0-1     Party extinct                       118 plies    5.2s  (389/500)
  [w0]  #425  1-0     Treasure checkmated or captured     159 plies    7.1s  (390/500)
  [w3]  #404  1-0     Treasure checkmated or captured     213 plies    9.2s  (391/500)
  [w2]  #363  0-1     Party extinct                       362 plies   15.6s  (392/500)
  [w1]  #374  1-0     Treasure checkmated or captured     211 plies    9.2s  (393/500)
  [w3]  #408  0-1     Party extinct                       156 plies    6.9s  (394/500)
  [w2]  #367  0-1     Party extinct                       182 plies    8.0s  (395/500)
  [w3]  #412  0-1     Party extinct                       148 plies    6.7s  (396/500)
  [w1]  #378  0-1     Party extinct                       248 plies   10.9s  (397/500)
  [w1]  #382  0-1     Party extinct                       118 plies    5.3s  (398/500)
  [w2]  #371  1-0     Treasure checkmated or captured     227 plies    9.8s  (399/500)
  [w2]  #375  1-0     Treasure checkmated or captured      89 plies    4.0s  (400/500)
  [w0]  #429  *       ply cap (600)                       600 plies   25.5s  (401/500)
  [w3]  #416  0-1     Party extinct                       322 plies   13.8s  (402/500)
  [w1]  #386  0-1     Party extinct                       224 plies    9.7s  (403/500)
  [w2]  #379  1-0     Treasure checkmated or captured     223 plies    9.7s  (404/500)
  [w3]  #420  1-0     Treasure checkmated or captured     175 plies    7.7s  (405/500)
  [w1]  #390  0-1     Party extinct                       166 plies    7.3s  (406/500)
  [w0]  #433  1-0     Treasure checkmated or captured     305 plies   13.1s  (407/500)
  [w1]  #394  0-1     Party has no legal response         102 plies    4.6s  (408/500)
  [w3]  #424  1-0     Treasure checkmated or captured     143 plies    6.4s  (409/500)
  [w2]  #383  1-0     Treasure checkmated or captured     243 plies   10.5s  (410/500)
  [w0]  #437  0-1     Party extinct                       252 plies   11.0s  (411/500)
  [w3]  #428  0-1     Party extinct                       234 plies   10.3s  (412/500)
  [w1]  #398  0-1     Party extinct                       244 plies   10.6s  (413/500)
  [w0]  #441  1-0     Treasure checkmated or captured     119 plies    5.3s  (414/500)
  [w1]  #402  0-1     Party extinct                       126 plies    5.6s  (415/500)
  [w0]  #445  0-1     Party extinct                        82 plies    3.8s  (416/500)
  [w2]  #387  0-1     Party extinct                       328 plies   14.5s  (417/500)
  [w1]  #406  0-1     Party extinct                       246 plies   10.6s  (418/500)
  [w0]  #449  0-1     Party extinct                       230 plies   10.0s  (419/500)
  [w0]  #453  0-1     Party extinct                        90 plies    4.2s  (420/500)
  [w2]  #391  1-0     Treasure checkmated or captured     305 plies   13.1s  (421/500)
  [w1]  #410  0-1     Party extinct                       172 plies    7.6s  (422/500)
  [w2]  #395  0-1     Party extinct                        86 plies    3.9s  (423/500)
  [w3]  #432  *       ply cap (600)                       600 plies   25.4s  (424/500)
  [w1]  #414  0-1     Party extinct                       204 plies    8.9s  (425/500)
  [w2]  #399  0-1     Party extinct                       182 plies    7.9s  (426/500)
  [w3]  #436  1-0     Treasure checkmated or captured     207 plies    9.1s  (427/500)
  [w0]  #457  1-0     Treasure checkmated or captured     387 plies   16.6s  (428/500)
  [w3]  #440  0-1     Party extinct                        78 plies    3.6s  (429/500)
  [w2]  #403  1-0     Treasure checkmated or captured     185 plies    8.0s  (430/500)
  [w1]  #418  0-1     Party extinct                       234 plies   10.1s  (431/500)
  [w0]  #461  1-0     Treasure checkmated or captured     165 plies    7.5s  (432/500)
  [w2]  #407  1-0     Treasure checkmated or captured      97 plies    4.4s  (433/500)
  [w1]  #422  0-1     Party extinct                       168 plies    7.3s  (434/500)
  [w2]  #411  1-0     Treasure checkmated or captured     107 plies    4.8s  (435/500)
  [w2]  #415  1-0     Treasure checkmated or captured      25 plies    1.3s  (436/500)
  [w0]  #465  1-0     Treasure checkmated or captured     199 plies    8.6s  (437/500)
  [w1]  #426  0-1     Party extinct                       246 plies   10.6s  (438/500)
  [w3]  #444  *       ply cap (600)                       600 plies   25.4s  (439/500)
  [w0]  #469  1-0     Treasure checkmated or captured     285 plies   12.3s  (440/500)
  [w3]  #448  0-1     Party has no legal response         124 plies    5.5s  (441/500)
  [w1]  #430  1-0     Treasure checkmated or captured     319 plies   13.7s  (442/500)
  [w2]  #419  1-0     Treasure checkmated or captured     597 plies   25.4s  (443/500)
  [w3]  #452  1-0     Treasure checkmated or captured     223 plies    9.7s  (444/500)
  [w1]  #434  1-0     Treasure checkmated or captured     359 plies   15.4s  (445/500)
  [w2]  #423  1-0     Treasure checkmated or captured     301 plies   13.0s  (446/500)
  [w3]  #456  1-0     Treasure checkmated or captured     269 plies   11.6s  (447/500)
  [w0]  #473  *       ply cap (600)                       600 plies   25.5s  (448/500)
  [w1]  #438  1-0     Treasure checkmated or captured      65 plies    3.0s  (449/500)
  [w0]  #477  0-1     Party extinct                       150 plies    6.8s  (450/500)
  [w3]  #460  1-0     Treasure checkmated or captured     189 plies    8.3s  (451/500)
  [w1]  #442  1-0     Treasure checkmated or captured     205 plies    9.1s  (452/500)
  [w1]  #446  1-0     Treasure checkmated or captured     107 plies    4.9s  (453/500)
  [w3]  #464  1-0     Treasure checkmated or captured     277 plies   12.1s  (454/500)
  [w1]  #450  1-0     Treasure checkmated or captured     171 plies    7.7s  (455/500)
  [w2]  #427  *       ply cap (600)                       600 plies   25.7s  (456/500)
  [w0]  #481  *       ply cap (600)                       600 plies   25.6s  (457/500)
  [w3]  #468  1-0     Treasure checkmated or captured     313 plies   13.6s  (458/500)
  [w2]  #431  1-0     Treasure checkmated or captured     205 plies    9.0s  (459/500)
  [w1]  #454  0-1     Party extinct                       262 plies   11.5s  (460/500)
  [w0]  #485  0-1     Party extinct                       110 plies    5.0s  (461/500)
  [w0]  #489  0-1     Party extinct                        90 plies    4.1s  (462/500)
  [w1]  #458  0-1     Party has no legal response         200 plies    8.7s  (463/500)
  [w2]  #435  1-0     Treasure checkmated or captured     265 plies   11.7s  (464/500)
  [w0]  #493  0-1     Party extinct                       234 plies   10.3s  (465/500)
  [w2]  #439  0-1     Party extinct                       204 plies    8.9s  (466/500)
  [w3]  #472  *       ply cap (600)                       600 plies   25.5s  (467/500)
  [w2]  #443  0-1     Party extinct                       202 plies    8.8s  (468/500)
  [w1]  #462  *       ply cap (600)                       600 plies   25.6s  (469/500)
  [w2]  #447  0-1     Party extinct                       192 plies    8.6s  (470/500)
  [w1]  #466  1-0     Treasure checkmated or captured     169 plies    7.4s  (471/500)
  [w0]  #497  *       ply cap (600)                       600 plies   25.6s  (472/500)
  [w2]  #451  0-1     Party extinct                       256 plies   11.2s  (473/500)
  [w3]  #476  *       ply cap (600)                       600 plies   25.7s  (474/500)
  [w1]  #470  1-0     Treasure checkmated or captured     247 plies   10.7s  (475/500)
  [w2]  #455  1-0     Treasure checkmated or captured     331 plies   14.2s  (476/500)
  [w1]  #474  1-0     Treasure checkmated or captured     259 plies   11.2s  (477/500)
  [w3]  #480  1-0     Treasure checkmated or captured     403 plies   17.4s  (478/500)
  [w1]  #478  0-1     Party extinct                       140 plies    6.2s  (479/500)
  [w2]  #459  1-0     Treasure checkmated or captured     219 plies    9.6s  (480/500)
  [w1]  #482  0-1     Party extinct                       102 plies    4.6s  (481/500)
  [w3]  #484  0-1     Party extinct                       238 plies   10.4s  (482/500)
  [w2]  #463  0-1     Party extinct                       204 plies    9.0s  (483/500)
  [w3]  #488  0-1     Party extinct                       156 plies    6.9s  (484/500)
  [w2]  #467  0-1     Party extinct                       112 plies    5.0s  (485/500)
  [w2]  #471  1-0     Treasure checkmated or captured     255 plies   11.7s  (486/500)
  [w1]  #486  *       ply cap (600)                       600 plies   25.7s  (487/500)
  [w1]  #490  1-0     Treasure checkmated or captured     143 plies    6.4s  (488/500)
  [w2]  #475  1-0     Treasure checkmated or captured     241 plies   10.7s  (489/500)
  [w3]  #492  *       ply cap (600)                       600 plies   25.6s  (490/500)
  [w1]  #494  0-1     Party extinct                       162 plies    7.2s  (491/500)
  [w2]  #479  0-1     Party extinct                       160 plies    7.1s  (492/500)
  [w3]  #496  1-0     Treasure checkmated or captured     133 plies    5.9s  (493/500)
  [w1]  #498  0-1     Party extinct                       286 plies   12.7s  (494/500)
  [w3]  #500  0-1     Party extinct                       290 plies   12.6s  (495/500)
  [w2]  #483  *       ply cap (600)                       600 plies   25.7s  (496/500)
  [w2]  #487  0-1     Party extinct                       126 plies    5.9s  (497/500)
  [w2]  #491  0-1     Party extinct                       170 plies    7.8s  (498/500)
  [w2]  #495  0-1     Party has no legal response          70 plies    3.3s  (499/500)
  [w2]  #499  0-1     Party extinct                       172 plies    7.8s  (500/500)

========================================================
  Rule set    : v1.1-baseline
  Games       : 500
--------------------------------------------------------
  Party wins  :  216  ( 43.2%)
  Horde wins  :  233  ( 46.6%)
  Unfinished  :   51  ( 10.2%)
--------------------------------------------------------
  Decisive      :  89.8%
  Party(decisive):  48.1%   95% CI [ 43.5% ..  52.7%]
  Imbalance     :   3.8%   (0% = perfectly balanced decisive games)
  Median plies  : 199  (decisive games)

  COMPOSITE SCORE : 0.864   (1.0 = balanced & decisive)
========================================================
  total time : 1378.6s  (2.76s / game, 4x)
  pgn        : reports/v1.1-500-confirm/match-v1.1-baseline-500.pgn
