Sweep: 2 rule-sets x 100 games  (depth=8, parallel=4, seed=20260430)
  out : reports/v7d-endgame-pilot

[1/2] rulesets/v7d-d8-lurker-K-remove-artillery.json
Match: rule-set 'v7d-d8-lurker-K-remove-artillery'  games=100  depth=8  max-plies=600  openings=100x6plies  seed=20260430  parallel=4
  variants : /var/folders/rs/77r0skzs579fgb60prc23_mr0000gn/T/yes-hybrid/variants-v7d-d8-lurker-K-remove-artillery-83496-d13413deb3044630bcaa2c5fda6d4cd0.ini
  startFen : 4abtb4/2mubmbu4/12/3*4*3/4**6/12/12/3XCLSD4 w - - 0 1
  openings : 100 distinct (requested 100)

  [w2]  #3    1-0     Treasure checkmated or captured     453 plies   19.4s  (1/100)
  [w0]  #1    1-0     Treasure checkmated or captured     513 plies   22.0s  (2/100)
  [w2]  #7    0-1     Party has no legal response         126 plies    5.6s  (3/100)
  [w0]  #5    1-0     Treasure checkmated or captured      73 plies    3.4s  (4/100)
  [w3]  #4    *       ply cap (600)                       600 plies   25.5s  (5/100)
  [w1]  #2    *       ply cap (600)                       600 plies   25.5s  (6/100)
  [w1]  #6    1-0     Treasure checkmated or captured     321 plies   13.8s  (7/100)
  [w3]  #8    1-0     Treasure checkmated or captured     495 plies   21.2s  (8/100)
  [w2]  #11   *       ply cap (600)                       600 plies   25.5s  (9/100)
  [w0]  #9    *       ply cap (600)                       600 plies   25.5s  (10/100)
  [w0]  #13   0-1     Party extinct                        96 plies    4.3s  (11/100)
  [w1]  #10   *       ply cap (600)                       600 plies   25.5s  (12/100)
  [w3]  #12   *       ply cap (600)                       600 plies   25.6s  (13/100)
  [w0]  #17   1-0     Treasure checkmated or captured     453 plies   19.4s  (14/100)
  [w2]  #15   *       ply cap (600)                       600 plies   25.5s  (15/100)
  [w3]  #16   1-0     Treasure checkmated or captured     193 plies    8.4s  (16/100)
  [w0]  #21   0-1     Party has no legal response         242 plies   10.6s  (17/100)
  [w2]  #19   1-0     Treasure checkmated or captured     217 plies    9.4s  (18/100)
  [w3]  #20   1-0     Treasure checkmated or captured     163 plies    7.2s  (19/100)
  [w1]  #14   1-0     Treasure checkmated or captured     551 plies   23.6s  (20/100)
  [w0]  #25   0-1     Party extinct                       112 plies    5.0s  (21/100)
  [w2]  #23   1-0     Treasure checkmated or captured     349 plies   15.0s  (22/100)
  [w0]  #29   1-0     Treasure checkmated or captured     253 plies   11.0s  (23/100)
  [w2]  #27   0-1     Party has no legal response         118 plies    5.3s  (24/100)
  [w2]  #31   0-1     Party has no legal response         102 plies    4.6s  (25/100)
  [w1]  #18   1-0     Treasure checkmated or captured     511 plies   22.2s  (26/100)
  [w3]  #24   *       ply cap (600)                       600 plies   25.5s  (27/100)
  [w0]  #33   1-0     Treasure checkmated or captured     329 plies   14.1s  (28/100)
  [w0]  #37   1-0     Treasure checkmated or captured     429 plies   18.4s  (29/100)
  [w3]  #28   1-0     Treasure checkmated or captured     523 plies   22.3s  (30/100)
  [w2]  #35   *       ply cap (600)                       600 plies   25.5s  (31/100)
  [w1]  #22   *       ply cap (600)                       600 plies   25.5s  (32/100)
  [w0]  #41   0-1     Party extinct                       230 plies   10.0s  (33/100)
  [w3]  #32   1-0     Treasure checkmated or captured     183 plies    8.1s  (34/100)
  [w0]  #45   1-0     Treasure checkmated or captured     115 plies    5.2s  (35/100)
  [w2]  #39   0-1     Party extinct                       338 plies   14.5s  (36/100)
  [w1]  #26   *       ply cap (600)                       600 plies   25.5s  (37/100)
  [w3]  #36   1-0     Treasure checkmated or captured     429 plies   18.3s  (38/100)
  [w0]  #49   1-0     Treasure checkmated or captured     417 plies   17.8s  (39/100)
  [w0]  #53   0-1     Party has no legal response         172 plies    7.6s  (40/100)
  [w2]  #43   *       ply cap (600)                       600 plies   25.6s  (41/100)
  [w1]  #30   *       ply cap (600)                       600 plies   25.5s  (42/100)
  [w3]  #40   *       ply cap (600)                       600 plies   25.5s  (43/100)
  [w0]  #57   1-0     Treasure checkmated or captured     335 plies   14.4s  (44/100)
  [w1]  #34   1-0     Treasure checkmated or captured     119 plies    5.3s  (45/100)
  [w0]  #61   1-0     Treasure checkmated or captured     109 plies    4.9s  (46/100)
  [w3]  #44   1-0     Treasure checkmated or captured     179 plies    7.8s  (47/100)
  [w1]  #38   1-0     Treasure checkmated or captured     159 plies    7.0s  (48/100)
  [w2]  #47   *       ply cap (600)                       600 plies   25.5s  (49/100)
  [w3]  #48   0-1     Party extinct                       218 plies    9.5s  (50/100)
  [w2]  #51   1-0     Treasure checkmated or captured     283 plies   12.2s  (51/100)
  [w0]  #65   1-0     Treasure checkmated or captured     545 plies   23.2s  (52/100)
  [w1]  #42   1-0     Treasure checkmated or captured     489 plies   20.8s  (53/100)
  [w2]  #55   1-0     Treasure checkmated or captured     223 plies    9.7s  (54/100)
  [w3]  #52   *       ply cap (600)                       600 plies   25.5s  (55/100)
  [w0]  #69   1-0     Treasure checkmated or captured     569 plies   24.2s  (57/100)
  [w2]  #59   1-0     Treasure checkmated or captured     413 plies   17.7s  (56/100)
  [w3]  #56   0-1     Party extinct                       252 plies   10.9s  (58/100)
  [w1]  #46   *       ply cap (600)                       600 plies   25.5s  (59/100)
  [w1]  #50   1-0     Treasure checkmated or captured       1 plies    0.4s  (60/100)
  [w2]  #63   1-0     Treasure checkmated or captured     247 plies   10.7s  (61/100)
  [w2]  #67   1-0     Treasure checkmated or captured     221 plies    9.6s  (62/100)
  [w0]  #73   0-1     Party extinct                       480 plies   20.5s  (63/100)
  [w2]  #71   0-1     Party has no legal response          88 plies    4.0s  (64/100)
  [w3]  #60   *       ply cap (600)                       600 plies   25.4s  (65/100)
  [w1]  #54   1-0     Treasure checkmated or captured     487 plies   20.7s  (66/100)
  [w3]  #64   0-1     Party extinct                       256 plies   11.1s  (67/100)
  [w3]  #68   1-0     Treasure checkmated or captured     133 plies    5.9s  (68/100)
  [w0]  #77   1-0     Treasure checkmated or captured     545 plies   23.2s  (69/100)
  [w2]  #75   *       ply cap (600)                       600 plies   25.5s  (70/100)
  [w3]  #72   1-0     Treasure checkmated or captured     165 plies    7.2s  (71/100)
  [w1]  #58   *       ply cap (600)                       600 plies   25.5s  (72/100)
  [w3]  #76   1-0     Treasure checkmated or captured     185 plies    8.1s  (73/100)
  [w1]  #62   1-0     Treasure checkmated or captured     149 plies    6.6s  (74/100)
  [w2]  #79   1-0     Treasure checkmated or captured     255 plies   11.0s  (75/100)
  [w1]  #66   0-1     Party extinct                       178 plies    7.8s  (76/100)
  [w0]  #81   *       ply cap (600)                       600 plies   25.5s  (77/100)
  [w1]  #70   1-0     Treasure checkmated or captured      97 plies    4.4s  (78/100)
  [w3]  #80   *       ply cap (600)                       600 plies   25.5s  (79/100)
  [w2]  #83   *       ply cap (600)                       600 plies   25.5s  (80/100)
  [w0]  #85   *       ply cap (600)                       600 plies   25.6s  (81/100)
  [w1]  #74   *       ply cap (600)                       600 plies   25.5s  (82/100)
  [w0]  #89   0-1     Party extinct                       174 plies    7.6s  (83/100)
  [w1]  #78   0-1     Party extinct                       254 plies   11.0s  (84/100)
  [w0]  #93   0-1     Party has no legal response         140 plies    6.2s  (85/100)
  [w3]  #84   *       ply cap (600)                       600 plies   25.5s  (86/100)
  [w2]  #87   *       ply cap (600)                       600 plies   25.5s  (87/100)
  [w1]  #82   1-0     Treasure checkmated or captured     145 plies    6.4s  (88/100)
  [w3]  #88   0-1     Party extinct                        94 plies    4.3s  (89/100)
  [w3]  #92   1-0     Treasure checkmated or captured     181 plies    7.9s  (90/100)
  [w3]  #96   1-0     Treasure checkmated or captured     319 plies   13.7s  (91/100)
  [w2]  #91   *       ply cap (600)                       600 plies   25.4s  (92/100)
  [w1]  #86   *       ply cap (600)                       600 plies   25.4s  (93/100)
  [w3]  #100  0-1     Party has no legal response         132 plies    5.8s  (94/100)
  [w1]  #90   0-1     Party has no legal response         126 plies    5.6s  (95/100)
  [w2]  #95   1-0     Treasure checkmated or captured     351 plies   15.0s  (96/100)
  [w1]  #94   1-0     Treasure checkmated or captured     269 plies   11.6s  (97/100)
  [w2]  #99   1-0     Treasure checkmated or captured     285 plies   12.3s  (98/100)
  [w1]  #98   1-0     Treasure checkmated or captured     579 plies   24.6s  (99/100)
  [w0]  #97   *       engine timeout                       79 plies  123.6s  (100/100)

========================================================
  Rule set    : v7d-d8-lurker-K-remove-artillery
  Games       : 100
--------------------------------------------------------
  Party wins  :   49  ( 49.0%)
  Horde wins  :   21  ( 21.0%)
  Unfinished  :   30  ( 30.0%)
--------------------------------------------------------
  Decisive      :  70.0%
  Party(decisive):  70.0%   95% CI [ 58.5% ..  79.5%]
  Imbalance     :  40.0%   (0% = perfectly balanced decisive games)
  Median plies  : 242  (decisive games)

  COMPOSITE SCORE : 0.420   (1.0 = balanced & decisive)
========================================================
  total time : 473.0s  (4.73s / game, 4x)
  pgn        : reports/v7d-endgame-pilot/match-v7d-d8-lurker-K-remove-artillery.pgn

[2/2] rulesets/v7d-d8-lurker-K-leader-K.json
Match: rule-set 'v7d-d8-lurker-K-leader-K'  games=100  depth=8  max-plies=600  openings=100x6plies  seed=20260430  parallel=4
  variants : /var/folders/rs/77r0skzs579fgb60prc23_mr0000gn/T/yes-hybrid/variants-v7d-d8-lurker-K-leader-K-83496-410cd455af0b4018a6eea8de21b564f1.ini
  startFen : 4abtba3/2mubmbu4/12/3*4*3/4**6/12/12/3XCLSD4 w - - 0 1
  openings : 100 distinct (requested 100)

  [w3]  #4    *       ply cap (600)                       600 plies   25.6s  (1/100)
  [w2]  #3    *       ply cap (600)                       600 plies   25.6s  (2/100)
  [w0]  #1    *       ply cap (600)                       600 plies   25.6s  (3/100)
  [w1]  #2    *       ply cap (600)                       600 plies   25.6s  (4/100)
  [w0]  #5    0-1     Party has no legal response          52 plies    2.5s  (5/100)
  [w2]  #7    0-1     Party extinct                       548 plies   23.4s  (6/100)
  [w3]  #8    *       ply cap (600)                       600 plies   25.5s  (7/100)
  [w1]  #6    *       ply cap (600)                       600 plies   25.6s  (8/100)
  [w0]  #9    *       ply cap (600)                       600 plies   25.5s  (9/100)
  [w1]  #10   1-0     Treasure checkmated or captured     255 plies   11.0s  (10/100)
  [w3]  #12   1-0     Treasure checkmated or captured     517 plies   22.1s  (11/100)
  [w2]  #11   *       ply cap (600)                       600 plies   25.5s  (12/100)
  [w0]  #13   *       ply cap (600)                       600 plies   25.6s  (13/100)
  [w2]  #15   0-1     Party extinct                       122 plies    5.5s  (14/100)
  [w1]  #14   *       ply cap (600)                       600 plies   25.5s  (15/100)
  [w3]  #16   *       ply cap (600)                       600 plies   25.5s  (16/100)
  [w3]  #20   0-1     Party extinct                        82 plies    3.8s  (17/100)
  [w0]  #17   0-1     Party extinct                       552 plies   23.5s  (18/100)
  [w2]  #19   *       ply cap (600)                       600 plies   25.5s  (19/100)
  [w1]  #18   *       ply cap (600)                       600 plies   25.5s  (20/100)
  [w2]  #23   1-0     Treasure checkmated or captured     191 plies    8.4s  (21/100)
  [w0]  #21   0-1     Party extinct                       270 plies   11.7s  (22/100)
  [w2]  #27   0-1     Party extinct                       228 plies    9.9s  (23/100)
  [w3]  #24   *       ply cap (600)                       600 plies   25.6s  (24/100)
  [w0]  #25   0-1     Party extinct                       322 plies   13.8s  (25/100)
  [w3]  #28   1-0     Treasure checkmated or captured     155 plies    6.8s  (26/100)
  [w1]  #22   *       ply cap (600)                       600 plies   25.5s  (27/100)
  [w2]  #31   0-1     Party extinct                       554 plies   23.6s  (28/100)
  [w0]  #29   *       ply cap (600)                       600 plies   25.5s  (29/100)
  [w3]  #32   *       ply cap (600)                       600 plies   25.6s  (30/100)
  [w1]  #26   *       ply cap (600)                       600 plies   25.5s  (31/100)
  [w3]  #36   1-0     Treasure checkmated or captured     275 plies   11.9s  (32/100)
  [w2]  #35   *       ply cap (600)                       600 plies   25.5s  (33/100)
  [w0]  #33   *       ply cap (600)                       600 plies   25.5s  (34/100)
  [w2]  #39   1-0     Treasure checkmated or captured     179 plies    7.8s  (35/100)
  [w1]  #30   *       ply cap (600)                       600 plies   25.6s  (36/100)
  [w0]  #37   1-0     Treasure checkmated or captured     355 plies   15.3s  (37/100)
  [w3]  #40   *       ply cap (600)                       600 plies   25.5s  (38/100)
  [w0]  #41   0-1     Party has no legal response          98 plies    4.5s  (39/100)
  [w0]  #45   1-0     Treasure checkmated or captured      97 plies    4.4s  (40/100)
  [w2]  #43   *       ply cap (600)                       600 plies   25.5s  (41/100)
  [w2]  #47   0-1     Party extinct                       142 plies    6.3s  (42/100)
  [w1]  #34   *       ply cap (600)                       600 plies   25.5s  (43/100)
  [w3]  #44   *       ply cap (600)                       600 plies   25.5s  (44/100)
  [w3]  #48   0-1     Party extinct                       104 plies    4.7s  (45/100)
  [w0]  #49   *       ply cap (600)                       600 plies   25.6s  (46/100)
  [w2]  #51   *       ply cap (600)                       600 plies   25.5s  (47/100)
  [w1]  #38   *       ply cap (600)                       600 plies   25.5s  (48/100)
  [w3]  #52   *       ply cap (600)                       600 plies   25.5s  (49/100)
  [w1]  #42   0-1     Party extinct                       310 plies   13.3s  (50/100)
  [w0]  #53   *       ply cap (600)                       600 plies   25.5s  (51/100)
  [w2]  #55   0-1     Party extinct                       414 plies   17.7s  (52/100)
  [w1]  #46   0-1     Party extinct                        98 plies    4.5s  (53/100)
  [w1]  #50   1-0     Treasure checkmated or captured     215 plies    9.4s  (54/100)
  [w3]  #56   *       ply cap (600)                       600 plies   25.5s  (55/100)
  [w0]  #57   *       ply cap (600)                       600 plies   25.5s  (56/100)
  [w2]  #59   *       ply cap (600)                       600 plies   25.5s  (57/100)
  [w2]  #63   0-1     Party has no legal response         132 plies    5.9s  (58/100)
  [w1]  #54   *       ply cap (600)                       600 plies   25.5s  (59/100)
  [w3]  #60   0-1     Party extinct                       458 plies   19.6s  (60/100)
  [w0]  #61   *       ply cap (600)                       600 plies   25.5s  (61/100)
  [w0]  #65   0-1     Party has no legal response          74 plies    3.5s  (62/100)
  [w3]  #64   0-1     Party has no legal response         256 plies   11.1s  (63/100)
  [w2]  #67   *       ply cap (600)                       600 plies   25.5s  (64/100)
  [w3]  #68   0-1     Party extinct                       136 plies    6.0s  (65/100)
  [w1]  #58   *       ply cap (600)                       600 plies   25.5s  (66/100)
  [w0]  #69   0-1     Party extinct                       316 plies   13.6s  (67/100)
  [w2]  #71   *       ply cap (600)                       600 plies   25.5s  (68/100)
  [w3]  #72   *       ply cap (600)                       600 plies   25.5s  (69/100)
  [w0]  #73   *       ply cap (600)                       600 plies   25.5s  (70/100)
  [w2]  #75   0-1     Party extinct                       234 plies   10.1s  (71/100)
  [w3]  #76   *       ply cap (600)                       600 plies   25.4s  (72/100)
  [w0]  #77   *       ply cap (600)                       600 plies   25.4s  (73/100)
  [w2]  #79   *       ply cap (600)                       600 plies   25.4s  (74/100)
  [w3]  #80   1-0     Treasure checkmated or captured     203 plies    8.8s  (75/100)
  [w2]  #83   0-1     Party extinct                       210 plies    9.1s  (76/100)
  [w2]  #87   0-1     Party has no legal response          66 plies    3.1s  (77/100)
  [w0]  #81   0-1     Party extinct                       422 plies   18.0s  (78/100)
  [w3]  #84   *       ply cap (600)                       600 plies   25.4s  (79/100)
  [w2]  #91   *       ply cap (600)                       600 plies   25.4s  (80/100)
  [w0]  #85   *       ply cap (600)                       600 plies   25.4s  (81/100)
  [w3]  #88   *       ply cap (600)                       600 plies   25.4s  (82/100)
  [w2]  #95   *       ply cap (600)                       600 plies   25.4s  (83/100)
  [w0]  #89   *       ply cap (600)                       600 plies   25.4s  (84/100)
  [w1]  #62   *       engine timeout                      265 plies  131.4s  (85/100)
  [w3]  #92   *       ply cap (600)                       600 plies   25.4s  (86/100)
  [w3]  #96   0-1     Party extinct                       128 plies    5.7s  (87/100)
  [w2]  #99   1-0     Treasure checkmated or captured     567 plies   24.2s  (88/100)
  [w0]  #93   *       ply cap (600)                       600 plies   25.5s  (89/100)
  [w1]  #66   *       ply cap (600)                       600 plies   25.5s  (90/100)
  [w3]  #100  *       ply cap (600)                       600 plies   25.5s  (91/100)
  [w0]  #97   0-1     Party extinct                       368 plies   15.9s  (92/100)
  [w1]  #70   *       ply cap (600)                       600 plies   25.6s  (93/100)
  [w1]  #74   *       ply cap (600)                       600 plies   25.6s  (94/100)
  [w1]  #78   0-1     Party has no legal response         202 plies    8.9s  (95/100)
  [w1]  #82   *       ply cap (600)                       600 plies   25.6s  (96/100)
  [w1]  #86   *       ply cap (600)                       600 plies   25.7s  (97/100)
  [w1]  #90   0-1     Party extinct                       190 plies    8.5s  (98/100)
  [w1]  #94   *       ply cap (600)                       600 plies   26.0s  (99/100)
  [w1]  #98   *       ply cap (600)                       600 plies   25.6s  (100/100)

========================================================
  Rule set    : v7d-d8-lurker-K-leader-K
  Games       : 100
--------------------------------------------------------
  Party wins  :   11  ( 11.0%)
  Horde wins  :   29  ( 29.0%)
  Unfinished  :   60  ( 60.0%)
--------------------------------------------------------
  Decisive      :  40.0%
  Party(decisive):  27.5%   95% CI [ 16.1% ..  42.8%]
  Imbalance     :  45.0%   (0% = perfectly balanced decisive games)
  Median plies  : 215  (decisive games)

  COMPOSITE SCORE : 0.220   (1.0 = balanced & decisive)
========================================================
  total time : 647.5s  (6.48s / game, 4x)
  pgn        : reports/v7d-endgame-pilot/match-v7d-d8-lurker-K-leader-K.pgn

Sweep complete in 19.6 min.
  summary: reports/v7d-endgame-pilot/sweep-summary.md
