Match: rule-set 'v7c-d8-lurker-K-compress-4'  games=100  depth=8  max-plies=600  openings=100x6plies  seed=20260429  parallel=4
  variants : /var/folders/rs/77r0skzs579fgb60prc23_mr0000gn/T/yes-hybrid/variants-v7c-d8-lurker-K-compress-4-82638-d68b33563cc14cfb95234cfe6a14a22d.ini
  startFen : 12/4abtba3/2mubmbu4/3*4*3/4**6/12/3XCLSD4/12 w - - 0 1
  openings : 100 distinct (requested 100)

  [w3]  #4    0-1     Party has no legal response          78 plies    3.6s  (1/100)
  [w3]  #8    0-1     Party has no legal response          48 plies    2.4s  (2/100)
  [w0]  #1    1-0     Treasure checkmated or captured     237 plies   10.3s  (3/100)
  [w3]  #12   0-1     Party extinct                       102 plies    4.7s  (4/100)
  [w1]  #2    *       ply cap (600)                       600 plies   25.5s  (5/100)
  [w2]  #3    *       ply cap (600)                       600 plies   25.6s  (6/100)
  [w0]  #5    *       ply cap (600)                       600 plies   25.5s  (7/100)
  [w3]  #16   *       ply cap (600)                       600 plies   25.5s  (8/100)
  [w0]  #9    1-0     Treasure checkmated or captured     175 plies    7.7s  (9/100)
  [w0]  #13   0-1     Party extinct                       140 plies    6.2s  (10/100)
  [w1]  #6    *       ply cap (600)                       600 plies   25.5s  (11/100)
  [w2]  #7    *       ply cap (600)                       600 plies   25.5s  (12/100)
  [w3]  #20   1-0     Treasure checkmated or captured     383 plies   16.4s  (13/100)
  [w0]  #17   0-1     Party has no legal response          60 plies    2.9s  (14/100)
  [w2]  #11   1-0     Treasure checkmated or captured      79 plies    3.6s  (15/100)
  [w3]  #24   0-1     Party extinct                       472 plies   20.2s  (16/100)
  [w2]  #15   0-1     Party extinct                       466 plies   19.9s  (17/100)
  [w1]  #10   *       ply cap (600)                       600 plies   25.5s  (18/100)
  [w3]  #28   0-1     Party has no legal response          92 plies    4.2s  (19/100)
  [w0]  #21   *       ply cap (600)                       600 plies   25.4s  (20/100)
  [w2]  #19   0-1     Party extinct                       350 plies   15.1s  (21/100)
  [w1]  #14   *       ply cap (600)                       600 plies   25.5s  (22/100)
  [w3]  #32   *       ply cap (600)                       600 plies   25.5s  (23/100)
  [w0]  #25   *       ply cap (600)                       600 plies   25.5s  (24/100)
  [w2]  #23   *       ply cap (600)                       600 plies   25.5s  (25/100)
  [w0]  #29   1-0     Treasure checkmated or captured     307 plies   13.2s  (26/100)
  [w1]  #18   0-1     Party extinct                       582 plies   24.8s  (27/100)
  [w1]  #22   0-1     Party has no legal response          70 plies    3.2s  (28/100)
  [w2]  #27   0-1     Party extinct                       462 plies   19.6s  (29/100)
  [w1]  #26   0-1     Party extinct                       172 plies    7.5s  (30/100)
  [w1]  #30   0-1     Party has no legal response          86 plies    3.9s  (31/100)
  [w0]  #33   *       ply cap (600)                       600 plies   25.4s  (32/100)
  [w1]  #34   0-1     Party has no legal response          56 plies    2.6s  (33/100)
  [w1]  #38   1-0     Treasure checkmated or captured      15 plies    0.9s  (34/100)
  [w2]  #31   *       ply cap (600)                       600 plies   25.4s  (35/100)
  [w0]  #37   *       ply cap (600)                       600 plies   25.4s  (36/100)
  [w1]  #42   *       ply cap (600)                       600 plies   25.4s  (37/100)
  [w0]  #41   0-1     Party extinct                       200 plies    8.7s  (38/100)
  [w2]  #35   *       ply cap (600)                       600 plies   25.4s  (39/100)
  [w1]  #46   *       ply cap (600)                       600 plies   25.4s  (40/100)
  [w0]  #45   *       ply cap (600)                       600 plies   25.4s  (41/100)
  [w2]  #39   0-1     Party extinct                       460 plies   19.6s  (42/100)
  [w1]  #50   *       ply cap (600)                       600 plies   25.4s  (43/100)
  [w0]  #49   0-1     Party extinct                       564 plies   23.9s  (44/100)
  [w2]  #43   *       ply cap (600)                       600 plies   25.4s  (45/100)
  [w3]  #36   *       engine timeout                      260 plies  131.2s  (46/100)
  [w2]  #47   0-1     Party extinct                       208 plies    9.0s  (47/100)
  [w2]  #51   1-0     Treasure checkmated or captured      13 plies    0.9s  (48/100)
  [w1]  #54   1-0     Treasure checkmated or captured     519 plies   22.0s  (49/100)
  [w0]  #53   *       ply cap (600)                       600 plies   25.4s  (50/100)
  [w1]  #58   1-0     Treasure checkmated or captured     249 plies   10.8s  (51/100)
  [w0]  #57   0-1     Party has no legal response         148 plies    6.6s  (52/100)
  [w3]  #40   *       ply cap (600)                       600 plies   25.4s  (53/100)
  [w3]  #44   1-0     Treasure checkmated or captured     105 plies    4.8s  (54/100)
  [w2]  #55   *       ply cap (600)                       600 plies   25.5s  (55/100)
  [w1]  #62   0-1     Party extinct                       326 plies   14.0s  (56/100)
  [w2]  #59   0-1     Party has no legal response         226 plies    9.8s  (57/100)
  [w2]  #63   1-0     Treasure checkmated or captured     159 plies    7.0s  (58/100)
  [w0]  #61   *       ply cap (600)                       600 plies   25.5s  (59/100)
  [w0]  #65   1-0     Treasure checkmated or captured      81 plies    3.7s  (60/100)
  [w3]  #48   1-0     Treasure checkmated or captured     541 plies   23.0s  (61/100)
  [w3]  #52   0-1     Party extinct                        70 plies    3.2s  (62/100)
  [w1]  #66   *       ply cap (600)                       600 plies   25.5s  (63/100)
  [w2]  #67   *       ply cap (600)                       600 plies   25.5s  (64/100)
  [w0]  #69   *       ply cap (600)                       600 plies   25.5s  (65/100)
  [w3]  #56   *       ply cap (600)                       600 plies   25.5s  (66/100)
  [w0]  #73   0-1     Party extinct                        86 plies    3.9s  (67/100)
  [w1]  #70   *       ply cap (600)                       600 plies   25.5s  (68/100)
  [w1]  #74   0-1     Party extinct                        76 plies    3.5s  (69/100)
  [w3]  #60   0-1     Party extinct                       232 plies   10.0s  (70/100)
  [w3]  #64   1-0     Treasure checkmated or captured     127 plies    5.7s  (71/100)
  [w2]  #71   1-0     Treasure checkmated or captured     569 plies   24.3s  (72/100)
  [w2]  #75   0-1     Party extinct                       144 plies    6.4s  (73/100)
  [w0]  #77   *       ply cap (600)                       600 plies   25.5s  (74/100)
  [w2]  #79   0-1     Party has no legal response         150 plies    6.6s  (75/100)
  [w1]  #78   *       ply cap (600)                       600 plies   25.5s  (76/100)
  [w3]  #68   *       ply cap (600)                       600 plies   25.6s  (77/100)
  [w2]  #83   0-1     Party extinct                       422 plies   18.0s  (78/100)
  [w3]  #72   1-0     Treasure checkmated or captured     197 plies    8.6s  (79/100)
  [w0]  #81   *       ply cap (600)                       600 plies   25.5s  (80/100)
  [w0]  #85   0-1     Party has no legal response          70 plies    3.3s  (81/100)
  [w1]  #82   *       ply cap (600)                       600 plies   25.5s  (82/100)
  [w2]  #87   *       ply cap (600)                       600 plies   25.5s  (83/100)
  [w1]  #86   0-1     Party extinct                       458 plies   19.5s  (84/100)
  [w0]  #89   *       ply cap (600)                       600 plies   25.5s  (85/100)
  [w2]  #91   *       ply cap (600)                       600 plies   25.4s  (86/100)
  [w0]  #93   0-1     Party extinct                       516 plies   21.9s  (87/100)
  [w1]  #90   *       ply cap (600)                       600 plies   25.4s  (88/100)
  [w2]  #95   *       ply cap (600)                       600 plies   25.4s  (89/100)
  [w0]  #97   *       ply cap (600)                       600 plies   25.4s  (90/100)
  [w1]  #94   *       ply cap (600)                       600 plies   25.4s  (91/100)
  [w2]  #99   *       ply cap (600)                       600 plies   25.5s  (92/100)
  [w1]  #98   *       ply cap (600)                       600 plies   25.4s  (93/100)
  [w3]  #76   *       engine timeout                      421 plies  138.0s  (94/100)
  [w3]  #80   *       ply cap (600)                       600 plies   25.6s  (95/100)
  [w3]  #84   *       ply cap (600)                       600 plies   25.6s  (96/100)
  [w3]  #88   *       ply cap (600)                       600 plies   25.6s  (97/100)
  [w3]  #92   *       ply cap (600)                       600 plies   25.6s  (98/100)
  [w3]  #96   *       ply cap (600)                       600 plies   25.6s  (99/100)
  [w3]  #100  *       ply cap (600)                       600 plies   25.7s  (100/100)

========================================================
  Rule set    : v7c-d8-lurker-K-compress-4
  Games       : 100
--------------------------------------------------------
  Party wins  :   16  ( 16.0%)
  Horde wins  :   32  ( 32.0%)
  Unfinished  :   52  ( 52.0%)
--------------------------------------------------------
  Decisive      :  48.0%
  Party(decisive):  33.3%   95% CI [ 21.7% ..  47.5%]
  Imbalance     :  33.3%   (0% = perfectly balanced decisive games)
  Median plies  : 175  (decisive games)

  COMPOSITE SCORE : 0.320   (1.0 = balanced & decisive)
========================================================
  total time : 657.2s  (6.57s / game, 4x)
  pgn        : reports/v7c-compress-pilot/match-v7c-d8-lurker-K-compress-4.pgn
