Match: rule-set 'v7c-d8-lurker-K-compress-3'  games=100  depth=8  max-plies=600  openings=100x6plies  seed=20260429  parallel=4
  variants : /var/folders/rs/77r0skzs579fgb60prc23_mr0000gn/T/yes-hybrid/variants-v7c-d8-lurker-K-compress-3-82638-88593d63e03643cda6dfe028e8b40912.ini
  startFen : 12/4abtba3/2mubmbu4/3*4*3/4**6/3XCLSD4/12/12 w - - 0 1
  openings : 100 distinct (requested 100)

  [w0]  #1    0-1     Party extinct                       150 plies    6.9s  (1/100)
  [w0]  #5    0-1     Party extinct                       108 plies    5.0s  (2/100)
  [w0]  #9    0-1     Party extinct                        86 plies    4.1s  (3/100)
  [w2]  #3    1-0     Treasure checkmated or captured     379 plies   17.0s  (4/100)
  [w2]  #7    0-1     Party extinct                       142 plies    6.5s  (5/100)
  [w1]  #2    1-0     Treasure checkmated or captured     589 plies   26.1s  (6/100)
  [w3]  #4    *       ply cap (600)                       600 plies   26.6s  (7/100)
  [w2]  #11   0-1     Party extinct                       184 plies    8.4s  (8/100)
  [w2]  #15   0-1     Party has no legal response         108 plies    5.1s  (9/100)
  [w0]  #13   *       ply cap (600)                       600 plies   26.5s  (10/100)
  [w3]  #8    1-0     Treasure checkmated or captured     475 plies   21.1s  (11/100)
  [w1]  #6    *       ply cap (600)                       600 plies   26.5s  (12/100)
  [w2]  #19   0-1     Party extinct                       364 plies   16.3s  (13/100)
  [w0]  #17   0-1     Party extinct                       358 plies   16.1s  (14/100)
  [w2]  #23   1-0     Treasure checkmated or captured     161 plies    7.4s  (15/100)
  [w3]  #12   *       ply cap (600)                       600 plies   26.5s  (16/100)
  [w1]  #10   *       ply cap (600)                       600 plies   26.5s  (17/100)
  [w2]  #27   0-1     Party extinct                       552 plies   24.4s  (18/100)
  [w1]  #14   1-0     Treasure checkmated or captured     127 plies    5.9s  (19/100)
  [w0]  #21   *       ply cap (600)                       600 plies   26.5s  (20/100)
  [w2]  #31   0-1     Party extinct                        72 plies    3.5s  (21/100)
  [w0]  #25   0-1     Party extinct                       196 plies    8.9s  (22/100)
  [w2]  #35   0-1     Party extinct                       230 plies   10.4s  (23/100)
  [w2]  #39   1-0     Treasure checkmated or captured       3 plies    0.5s  (24/100)
  [w3]  #16   *       ply cap (600)                       600 plies   26.5s  (25/100)
  [w2]  #43   1-0     Treasure checkmated or captured     147 plies    6.7s  (26/100)
  [w1]  #18   *       ply cap (600)                       600 plies   26.5s  (27/100)
  [w0]  #29   *       ply cap (600)                       600 plies   26.5s  (28/100)
  [w2]  #47   0-1     Party extinct                       526 plies   23.3s  (29/100)
  [w1]  #22   *       ply cap (600)                       600 plies   26.5s  (30/100)
  [w1]  #26   0-1     Party has no legal response          80 plies    3.8s  (31/100)
  [w0]  #33   *       ply cap (600)                       600 plies   26.5s  (32/100)
  [w0]  #37   1-0     Treasure checkmated or captured      61 plies    3.0s  (33/100)
  [w2]  #51   *       ply cap (600)                       600 plies   26.4s  (34/100)
  [w0]  #41   0-1     Party has no legal response         164 plies    7.4s  (35/100)
  [w2]  #55   1-0     Treasure checkmated or captured     203 plies    9.1s  (36/100)
  [w1]  #30   *       ply cap (600)                       600 plies   26.4s  (37/100)
  [w0]  #45   *       ply cap (600)                       600 plies   26.4s  (38/100)
  [w2]  #59   0-1     Party extinct                       454 plies   20.1s  (39/100)
  [w1]  #34   *       ply cap (600)                       600 plies   26.4s  (40/100)
  [w1]  #38   0-1     Party has no legal response         200 plies    9.1s  (41/100)
  [w0]  #49   *       ply cap (600)                       600 plies   26.4s  (42/100)
  [w2]  #63   *       ply cap (600)                       600 plies   26.4s  (43/100)
  [w2]  #67   0-1     Party extinct                       126 plies    5.8s  (44/100)
  [w2]  #71   0-1     Party has no legal response         106 plies    5.0s  (45/100)
  [w1]  #42   *       ply cap (600)                       600 plies   26.5s  (46/100)
  [w3]  #20   *       engine timeout                      459 plies  140.4s  (47/100)
  [w2]  #75   *       ply cap (600)                       600 plies   26.5s  (48/100)
  [w1]  #46   0-1     Party extinct                       530 plies   23.4s  (49/100)
  [w3]  #24   *       ply cap (600)                       600 plies   26.4s  (50/100)
  [w3]  #28   0-1     Party extinct                        72 plies    3.4s  (51/100)
  [w2]  #79   *       ply cap (600)                       600 plies   26.4s  (52/100)
  [w1]  #50   *       ply cap (600)                       600 plies   26.4s  (53/100)
  [w3]  #32   0-1     Party extinct                       296 plies   13.2s  (54/100)
  [w1]  #54   0-1     Party extinct                       318 plies   14.1s  (55/100)
  [w3]  #36   1-0     Treasure checkmated or captured     343 plies   15.2s  (56/100)
  [w2]  #83   *       ply cap (600)                       600 plies   26.4s  (57/100)
  [w2]  #87   0-1     Party extinct                       256 plies   11.5s  (58/100)
  [w1]  #58   1-0     Treasure checkmated or captured     573 plies   25.3s  (59/100)
  [w2]  #91   0-1     Party extinct                       202 plies    9.1s  (60/100)
  [w3]  #40   *       ply cap (600)                       600 plies   26.4s  (61/100)
  [w2]  #95   1-0     Treasure checkmated or captured     121 plies    5.5s  (62/100)
  [w3]  #44   1-0     Treasure checkmated or captured     175 plies    7.9s  (63/100)
  [w0]  #53   *       engine timeout                       70 plies  123.3s  (64/100)
  [w3]  #48   1-0     Treasure checkmated or captured     189 plies    8.6s  (65/100)
  [w1]  #62   *       ply cap (600)                       600 plies   26.4s  (66/100)
  [w1]  #66   0-1     Party extinct                       100 plies    4.7s  (67/100)
  [w0]  #57   0-1     Party extinct                       408 plies   18.1s  (68/100)
  [w2]  #99   *       ply cap (600)                       600 plies   26.4s  (69/100)
  [w3]  #52   0-1     Party extinct                       358 plies   15.9s  (70/100)
  [w0]  #61   0-1     Party extinct                       150 plies    6.8s  (71/100)
  [w1]  #70   *       ply cap (600)                       600 plies   26.5s  (72/100)
  [w0]  #65   0-1     Party extinct                       560 plies   24.7s  (73/100)
  [w3]  #56   *       ply cap (600)                       600 plies   26.4s  (74/100)
  [w0]  #69   0-1     Party has no legal response          82 plies    3.9s  (75/100)
  [w0]  #73   0-1     Party extinct                        86 plies    4.1s  (76/100)
  [w1]  #74   *       ply cap (600)                       600 plies   26.5s  (77/100)
  [w3]  #60   *       ply cap (600)                       600 plies   26.5s  (78/100)
  [w0]  #77   *       ply cap (600)                       600 plies   26.5s  (79/100)
  [w0]  #81   0-1     Party extinct                       154 plies    7.0s  (80/100)
  [w1]  #78   *       ply cap (600)                       600 plies   26.5s  (81/100)
  [w3]  #64   *       ply cap (600)                       600 plies   26.6s  (82/100)
  [w3]  #68   0-1     Party extinct                       220 plies    9.9s  (83/100)
  [w3]  #72   1-0     Treasure checkmated or captured      57 plies    2.8s  (84/100)
  [w0]  #85   *       ply cap (600)                       600 plies   26.4s  (85/100)
  [w3]  #76   0-1     Party has no legal response          44 plies    2.3s  (86/100)
  [w1]  #82   *       ply cap (600)                       600 plies   26.5s  (87/100)
  [w1]  #86   1-0     Treasure checkmated or captured     163 plies    7.5s  (88/100)
  [w3]  #80   1-0     Treasure checkmated or captured     301 plies   13.5s  (89/100)
  [w1]  #90   0-1     Party extinct                       244 plies   11.0s  (90/100)
  [w0]  #89   *       ply cap (600)                       600 plies   26.5s  (91/100)
  [w3]  #84   *       ply cap (600)                       600 plies   26.5s  (92/100)
  [w1]  #94   *       ply cap (600)                       600 plies   26.5s  (93/100)
  [w0]  #93   *       ply cap (600)                       600 plies   26.5s  (94/100)
  [w3]  #88   *       ply cap (600)                       600 plies   26.4s  (95/100)
  [w0]  #97   0-1     Party extinct                       516 plies   22.4s  (96/100)
  [w1]  #98   *       ply cap (600)                       600 plies   26.1s  (97/100)
  [w3]  #92   *       ply cap (600)                       600 plies   25.5s  (98/100)
  [w3]  #96   0-1     Party has no legal response          40 plies    2.0s  (99/100)
  [w3]  #100  *       engine timeout                      327 plies  134.1s  (100/100)

========================================================
  Rule set    : v7c-d8-lurker-K-compress-3
  Games       : 100
--------------------------------------------------------
  Party wins  :   17  ( 17.0%)
  Horde wins  :   38  ( 38.0%)
  Unfinished  :   45  ( 45.0%)
--------------------------------------------------------
  Decisive      :  55.0%
  Party(decisive):  30.9%   95% CI [ 20.3% ..  44.0%]
  Imbalance     :  38.2%   (0% = perfectly balanced decisive games)
  Median plies  : 184  (decisive games)

  COMPOSITE SCORE : 0.340   (1.0 = balanced & decisive)
========================================================
  total time : 680.7s  (6.81s / game, 4x)
  pgn        : reports/v7c-compress-pilot/match-v7c-d8-lurker-K-compress-3.pgn
