Sweep: 3 rule-sets x 100 games  (depth=8, parallel=4, seed=20260429)
  out : reports/v7c-compress-pilot

[1/3] rulesets/v7c-d8-lurker-K-compress-5.json
Match: rule-set 'v7c-d8-lurker-K-compress-5'  games=100  depth=8  max-plies=600  openings=100x6plies  seed=20260429  parallel=4
  variants : /var/folders/rs/77r0skzs579fgb60prc23_mr0000gn/T/yes-hybrid/variants-v7c-d8-lurker-K-compress-5-82638-900ad993c71041458ae7309c9aba9bda.ini
  startFen : 12/4abtba3/2mubmbu4/3*4*3/4**6/12/12/3XCLSD4 w - - 0 1
  openings : 100 distinct (requested 100)

  [w1]  #2    0-1     Party extinct                       124 plies    5.6s  (1/100)
  [w0]  #1    0-1     Party extinct                       322 plies   13.9s  (2/100)
  [w2]  #3    *       ply cap (600)                       600 plies   25.5s  (3/100)
  [w3]  #4    *       ply cap (600)                       600 plies   25.6s  (4/100)
  [w2]  #7    0-1     Party extinct                        76 plies    3.5s  (5/100)
  [w1]  #6    *       ply cap (600)                       600 plies   25.5s  (6/100)
  [w2]  #11   1-0     Treasure checkmated or captured     105 plies    4.7s  (7/100)
  [w0]  #5    *       ply cap (600)                       600 plies   25.5s  (8/100)
  [w3]  #8    *       ply cap (600)                       600 plies   25.5s  (9/100)
  [w1]  #10   *       ply cap (600)                       600 plies   25.5s  (10/100)
  [w2]  #15   *       ply cap (600)                       600 plies   25.5s  (11/100)
  [w0]  #9    0-1     Party extinct                       484 plies   20.6s  (12/100)
  [w3]  #12   *       ply cap (600)                       600 plies   25.5s  (13/100)
  [w1]  #14   *       ply cap (600)                       600 plies   25.6s  (14/100)
  [w2]  #19   *       ply cap (600)                       600 plies   25.5s  (15/100)
  [w0]  #13   *       ply cap (600)                       600 plies   25.5s  (16/100)
  [w1]  #18   0-1     Party extinct                       116 plies    5.2s  (17/100)
  [w0]  #17   0-1     Party has no legal response         106 plies    4.8s  (18/100)
  [w3]  #16   *       ply cap (600)                       600 plies   25.7s  (19/100)
  [w2]  #23   1-0     Treasure checkmated or captured     565 plies   24.0s  (20/100)
  [w1]  #22   *       ply cap (600)                       600 plies   25.5s  (21/100)
  [w0]  #21   *       ply cap (600)                       600 plies   25.5s  (22/100)
  [w0]  #25   1-0     Treasure checkmated or captured     271 plies   11.7s  (23/100)
  [w3]  #20   *       ply cap (600)                       600 plies   25.5s  (24/100)
  [w2]  #27   *       ply cap (600)                       600 plies   25.5s  (25/100)
  [w1]  #26   *       ply cap (600)                       600 plies   25.7s  (26/100)
  [w3]  #24   1-0     Treasure checkmated or captured     337 plies   14.5s  (27/100)
  [w2]  #31   1-0     Treasure checkmated or captured     201 plies    8.8s  (28/100)
  [w1]  #30   0-1     Party extinct                       304 plies   13.1s  (29/100)
  [w0]  #29   *       ply cap (600)                       600 plies   25.5s  (30/100)
  [w0]  #33   0-1     Party has no legal response          96 plies    4.4s  (31/100)
  [w1]  #34   0-1     Party has no legal response         144 plies    6.4s  (32/100)
  [w3]  #28   *       ply cap (600)                       600 plies   25.5s  (33/100)
  [w2]  #35   *       ply cap (600)                       600 plies   25.6s  (34/100)
  [w3]  #32   0-1     Party extinct                       180 plies    7.9s  (35/100)
  [w2]  #39   0-1     Party extinct                       208 plies    9.0s  (36/100)
  [w0]  #37   *       ply cap (600)                       600 plies   25.5s  (37/100)
  [w1]  #38   *       ply cap (600)                       600 plies   25.5s  (38/100)
  [w3]  #36   *       ply cap (600)                       600 plies   25.5s  (39/100)
  [w2]  #43   *       ply cap (600)                       600 plies   25.5s  (40/100)
  [w0]  #41   *       ply cap (600)                       600 plies   25.5s  (41/100)
  [w1]  #42   0-1     Party extinct                       588 plies   25.0s  (42/100)
  [w0]  #45   1-0     Treasure checkmated or captured     393 plies   16.9s  (43/100)
  [w1]  #46   0-1     Party extinct                       416 plies   17.8s  (44/100)
  [w3]  #40   *       ply cap (600)                       600 plies   25.5s  (45/100)
  [w2]  #47   *       ply cap (600)                       600 plies   25.5s  (46/100)
  [w2]  #51   0-1     Party has no legal response          48 plies    2.3s  (47/100)
  [w0]  #49   1-0     Treasure checkmated or captured     143 plies    6.3s  (48/100)
  [w1]  #50   0-1     Party extinct                       156 plies    6.8s  (49/100)
  [w3]  #44   1-0     Treasure checkmated or captured     543 plies   23.1s  (50/100)
  [w0]  #53   1-0     Treasure checkmated or captured     539 plies   23.0s  (51/100)
  [w2]  #55   *       ply cap (600)                       600 plies   25.5s  (52/100)
  [w1]  #54   *       ply cap (600)                       600 plies   25.5s  (53/100)
  [w3]  #48   0-1     Party extinct                       270 plies   11.7s  (54/100)
  [w0]  #57   0-1     Party extinct                       226 plies    9.9s  (55/100)
  [w2]  #59   0-1     Party extinct                       186 plies    8.1s  (56/100)
  [w0]  #61   0-1     Party has no legal response         160 plies    7.1s  (57/100)
  [w2]  #63   0-1     Party extinct                       176 plies    7.7s  (58/100)
  [w0]  #65   0-1     Party has no legal response          64 plies    3.0s  (59/100)
  [w1]  #58   *       ply cap (600)                       600 plies   25.5s  (60/100)
  [w3]  #52   *       ply cap (600)                       600 plies   25.5s  (61/100)
  [w0]  #69   0-1     Party has no legal response         372 plies   16.0s  (62/100)
  [w1]  #62   1-0     Treasure checkmated or captured     167 plies    7.4s  (63/100)
  [w0]  #73   0-1     Party extinct                        72 plies    3.3s  (64/100)
  [w2]  #67   0-1     Party extinct                       552 plies   23.5s  (65/100)
  [w3]  #56   1-0     Treasure checkmated or captured     257 plies   11.1s  (66/100)
  [w3]  #60   1-0     Treasure checkmated or captured     417 plies   17.8s  (67/100)
  [w1]  #66   *       ply cap (600)                       600 plies   25.6s  (68/100)
  [w3]  #64   0-1     Party extinct                        72 plies    3.4s  (69/100)
  [w0]  #77   *       ply cap (600)                       600 plies   25.6s  (70/100)
  [w2]  #71   *       ply cap (600)                       600 plies   25.6s  (71/100)
  [w2]  #75   0-1     Party extinct                        92 plies    4.2s  (72/100)
  [w1]  #70   *       ply cap (600)                       600 plies   25.5s  (73/100)
  [w3]  #68   *       ply cap (600)                       600 plies   25.5s  (74/100)
  [w0]  #81   *       ply cap (600)                       600 plies   25.5s  (75/100)
  [w3]  #72   1-0     Treasure checkmated or captured      41 plies    2.1s  (76/100)
  [w2]  #79   1-0     Treasure checkmated or captured     563 plies   24.0s  (77/100)
  [w1]  #74   *       ply cap (600)                       600 plies   25.6s  (78/100)
  [w0]  #85   *       ply cap (600)                       600 plies   25.5s  (79/100)
  [w3]  #76   *       ply cap (600)                       600 plies   25.6s  (80/100)
  [w2]  #83   *       ply cap (600)                       600 plies   25.5s  (81/100)
  [w0]  #89   1-0     Treasure checkmated or captured     113 plies    5.1s  (82/100)
  [w3]  #80   1-0     Treasure checkmated or captured      73 plies    3.4s  (83/100)
  [w0]  #93   1-0     Treasure checkmated or captured      79 plies    3.7s  (84/100)
  [w2]  #87   1-0     Treasure checkmated or captured     317 plies   13.7s  (85/100)
  [w1]  #78   *       ply cap (600)                       600 plies   25.5s  (86/100)
  [w3]  #84   *       ply cap (600)                       600 plies   25.6s  (87/100)
  [w0]  #97   *       ply cap (600)                       600 plies   25.5s  (88/100)
  [w1]  #82   0-1     Party extinct                       352 plies   15.1s  (89/100)
  [w2]  #91   *       ply cap (600)                       600 plies   25.6s  (90/100)
  [w1]  #86   0-1     Party extinct                       146 plies    6.5s  (91/100)
  [w1]  #90   0-1     Party has no legal response         102 plies    4.6s  (92/100)
  [w3]  #88   *       ply cap (600)                       600 plies   25.5s  (93/100)
  [w3]  #92   0-1     Party extinct                       256 plies   11.1s  (94/100)
  [w2]  #95   *       ply cap (600)                       600 plies   25.5s  (95/100)
  [w2]  #99   1-0     Treasure checkmated or captured      31 plies    1.6s  (96/100)
  [w1]  #94   1-0     Treasure checkmated or captured     513 plies   21.9s  (97/100)
  [w3]  #96   0-1     Party extinct                       322 plies   13.9s  (98/100)
  [w3]  #100  0-1     Party extinct                       248 plies   10.8s  (99/100)
  [w1]  #98   *       ply cap (600)                       600 plies   25.5s  (100/100)

========================================================
  Rule set    : v7c-d8-lurker-K-compress-5
  Games       : 100
--------------------------------------------------------
  Party wins  :   20  ( 20.0%)
  Horde wins  :   32  ( 32.0%)
  Unfinished  :   48  ( 48.0%)
--------------------------------------------------------
  Decisive      :  52.0%
  Party(decisive):  38.5%   95% CI [ 26.5% ..  52.0%]
  Imbalance     :  23.1%   (0% = perfectly balanced decisive games)
  Median plies  : 201  (decisive games)

  COMPOSITE SCORE : 0.400   (1.0 = balanced & decisive)
========================================================
  total time : 467.4s  (4.67s / game, 4x)
  pgn        : reports/v7c-compress-pilot/match-v7c-d8-lurker-K-compress-5.pgn

[2/3] rulesets/v7c-d8-lurker-K-compress-4.json
Match: rule-set 'v7c-d8-lurker-K-compress-4'  games=100  depth=8  max-plies=600  openings=100x6plies  seed=20260429  parallel=4
  variants : /var/folders/rs/77r0skzs579fgb60prc23_mr0000gn/T/yes-hybrid/variants-v7c-d8-lurker-K-compress-4-82638-d68b33563cc14cfb95234cfe6a14a22d.ini
  startFen : 12/4abtba3/2mubmbu4/3*4*3/4**6/12/3XCLSD4/12 w - - 0 1
  openings : 100 distinct (requested 100)

  [w3]  #4    0-1     Party has no legal response          78 plies    3.6s  (1/100)
  [w3]  #8    0-1     Party has no legal response          48 plies    2.4s  (2/100)
  [w0]  #1    1-0     Treasure checkmated or captured     237 plies   10.3s  (3/100)
  [w3]  #12   0-1     Party extinct                       102 plies    4.7s  (4/100)
  [w1]  #2    *       ply cap (600)                       600 plies   25.5s  (5/100)
  [w2]  #3    *       ply cap (600)                       600 plies   25.6s  (6/100)
  [w0]  #5    *       ply cap (600)                       600 plies   25.5s  (7/100)
  [w3]  #16   *       ply cap (600)                       600 plies   25.5s  (8/100)
  [w0]  #9    1-0     Treasure checkmated or captured     175 plies    7.7s  (9/100)
  [w0]  #13   0-1     Party extinct                       140 plies    6.2s  (10/100)
  [w1]  #6    *       ply cap (600)                       600 plies   25.5s  (11/100)
  [w2]  #7    *       ply cap (600)                       600 plies   25.5s  (12/100)
  [w3]  #20   1-0     Treasure checkmated or captured     383 plies   16.4s  (13/100)
  [w0]  #17   0-1     Party has no legal response          60 plies    2.9s  (14/100)
  [w2]  #11   1-0     Treasure checkmated or captured      79 plies    3.6s  (15/100)
  [w3]  #24   0-1     Party extinct                       472 plies   20.2s  (16/100)
  [w2]  #15   0-1     Party extinct                       466 plies   19.9s  (17/100)
  [w1]  #10   *       ply cap (600)                       600 plies   25.5s  (18/100)
  [w3]  #28   0-1     Party has no legal response          92 plies    4.2s  (19/100)
  [w0]  #21   *       ply cap (600)                       600 plies   25.4s  (20/100)
  [w2]  #19   0-1     Party extinct                       350 plies   15.1s  (21/100)
  [w1]  #14   *       ply cap (600)                       600 plies   25.5s  (22/100)
  [w3]  #32   *       ply cap (600)                       600 plies   25.5s  (23/100)
  [w0]  #25   *       ply cap (600)                       600 plies   25.5s  (24/100)
  [w2]  #23   *       ply cap (600)                       600 plies   25.5s  (25/100)
  [w0]  #29   1-0     Treasure checkmated or captured     307 plies   13.2s  (26/100)
  [w1]  #18   0-1     Party extinct                       582 plies   24.8s  (27/100)
  [w1]  #22   0-1     Party has no legal response          70 plies    3.2s  (28/100)
  [w2]  #27   0-1     Party extinct                       462 plies   19.6s  (29/100)
  [w1]  #26   0-1     Party extinct                       172 plies    7.5s  (30/100)
  [w1]  #30   0-1     Party has no legal response          86 plies    3.9s  (31/100)
  [w0]  #33   *       ply cap (600)                       600 plies   25.4s  (32/100)
  [w1]  #34   0-1     Party has no legal response          56 plies    2.6s  (33/100)
  [w1]  #38   1-0     Treasure checkmated or captured      15 plies    0.9s  (34/100)
  [w2]  #31   *       ply cap (600)                       600 plies   25.4s  (35/100)
  [w0]  #37   *       ply cap (600)                       600 plies   25.4s  (36/100)
  [w1]  #42   *       ply cap (600)                       600 plies   25.4s  (37/100)
  [w0]  #41   0-1     Party extinct                       200 plies    8.7s  (38/100)
  [w2]  #35   *       ply cap (600)                       600 plies   25.4s  (39/100)
  [w1]  #46   *       ply cap (600)                       600 plies   25.4s  (40/100)
  [w0]  #45   *       ply cap (600)                       600 plies   25.4s  (41/100)
  [w2]  #39   0-1     Party extinct                       460 plies   19.6s  (42/100)
  [w1]  #50   *       ply cap (600)                       600 plies   25.4s  (43/100)
  [w0]  #49   0-1     Party extinct                       564 plies   23.9s  (44/100)
  [w2]  #43   *       ply cap (600)                       600 plies   25.4s  (45/100)
  [w3]  #36   *       engine timeout                      260 plies  131.2s  (46/100)
  [w2]  #47   0-1     Party extinct                       208 plies    9.0s  (47/100)
  [w2]  #51   1-0     Treasure checkmated or captured      13 plies    0.9s  (48/100)
  [w1]  #54   1-0     Treasure checkmated or captured     519 plies   22.0s  (49/100)
  [w0]  #53   *       ply cap (600)                       600 plies   25.4s  (50/100)
  [w1]  #58   1-0     Treasure checkmated or captured     249 plies   10.8s  (51/100)
  [w0]  #57   0-1     Party has no legal response         148 plies    6.6s  (52/100)
  [w3]  #40   *       ply cap (600)                       600 plies   25.4s  (53/100)
  [w3]  #44   1-0     Treasure checkmated or captured     105 plies    4.8s  (54/100)
  [w2]  #55   *       ply cap (600)                       600 plies   25.5s  (55/100)
  [w1]  #62   0-1     Party extinct                       326 plies   14.0s  (56/100)
  [w2]  #59   0-1     Party has no legal response         226 plies    9.8s  (57/100)
  [w2]  #63   1-0     Treasure checkmated or captured     159 plies    7.0s  (58/100)
  [w0]  #61   *       ply cap (600)                       600 plies   25.5s  (59/100)
  [w0]  #65   1-0     Treasure checkmated or captured      81 plies    3.7s  (60/100)
  [w3]  #48   1-0     Treasure checkmated or captured     541 plies   23.0s  (61/100)
  [w3]  #52   0-1     Party extinct                        70 plies    3.2s  (62/100)
  [w1]  #66   *       ply cap (600)                       600 plies   25.5s  (63/100)
  [w2]  #67   *       ply cap (600)                       600 plies   25.5s  (64/100)
  [w0]  #69   *       ply cap (600)                       600 plies   25.5s  (65/100)
  [w3]  #56   *       ply cap (600)                       600 plies   25.5s  (66/100)
  [w0]  #73   0-1     Party extinct                        86 plies    3.9s  (67/100)
  [w1]  #70   *       ply cap (600)                       600 plies   25.5s  (68/100)
  [w1]  #74   0-1     Party extinct                        76 plies    3.5s  (69/100)
  [w3]  #60   0-1     Party extinct                       232 plies   10.0s  (70/100)
  [w3]  #64   1-0     Treasure checkmated or captured     127 plies    5.7s  (71/100)
  [w2]  #71   1-0     Treasure checkmated or captured     569 plies   24.3s  (72/100)
  [w2]  #75   0-1     Party extinct                       144 plies    6.4s  (73/100)
  [w0]  #77   *       ply cap (600)                       600 plies   25.5s  (74/100)
  [w2]  #79   0-1     Party has no legal response         150 plies    6.6s  (75/100)
  [w1]  #78   *       ply cap (600)                       600 plies   25.5s  (76/100)
  [w3]  #68   *       ply cap (600)                       600 plies   25.6s  (77/100)
  [w2]  #83   0-1     Party extinct                       422 plies   18.0s  (78/100)
  [w3]  #72   1-0     Treasure checkmated or captured     197 plies    8.6s  (79/100)
  [w0]  #81   *       ply cap (600)                       600 plies   25.5s  (80/100)
  [w0]  #85   0-1     Party has no legal response          70 plies    3.3s  (81/100)
  [w1]  #82   *       ply cap (600)                       600 plies   25.5s  (82/100)
  [w2]  #87   *       ply cap (600)                       600 plies   25.5s  (83/100)
  [w1]  #86   0-1     Party extinct                       458 plies   19.5s  (84/100)
  [w0]  #89   *       ply cap (600)                       600 plies   25.5s  (85/100)
  [w2]  #91   *       ply cap (600)                       600 plies   25.4s  (86/100)
  [w0]  #93   0-1     Party extinct                       516 plies   21.9s  (87/100)
  [w1]  #90   *       ply cap (600)                       600 plies   25.4s  (88/100)
  [w2]  #95   *       ply cap (600)                       600 plies   25.4s  (89/100)
  [w0]  #97   *       ply cap (600)                       600 plies   25.4s  (90/100)
  [w1]  #94   *       ply cap (600)                       600 plies   25.4s  (91/100)
  [w2]  #99   *       ply cap (600)                       600 plies   25.5s  (92/100)
  [w1]  #98   *       ply cap (600)                       600 plies   25.4s  (93/100)
  [w3]  #76   *       engine timeout                      421 plies  138.0s  (94/100)
  [w3]  #80   *       ply cap (600)                       600 plies   25.6s  (95/100)
  [w3]  #84   *       ply cap (600)                       600 plies   25.6s  (96/100)
  [w3]  #88   *       ply cap (600)                       600 plies   25.6s  (97/100)
  [w3]  #92   *       ply cap (600)                       600 plies   25.6s  (98/100)
  [w3]  #96   *       ply cap (600)                       600 plies   25.6s  (99/100)
  [w3]  #100  *       ply cap (600)                       600 plies   25.7s  (100/100)

========================================================
  Rule set    : v7c-d8-lurker-K-compress-4
  Games       : 100
--------------------------------------------------------
  Party wins  :   16  ( 16.0%)
  Horde wins  :   32  ( 32.0%)
  Unfinished  :   52  ( 52.0%)
--------------------------------------------------------
  Decisive      :  48.0%
  Party(decisive):  33.3%   95% CI [ 21.7% ..  47.5%]
  Imbalance     :  33.3%   (0% = perfectly balanced decisive games)
  Median plies  : 175  (decisive games)

  COMPOSITE SCORE : 0.320   (1.0 = balanced & decisive)
========================================================
  total time : 657.2s  (6.57s / game, 4x)
  pgn        : reports/v7c-compress-pilot/match-v7c-d8-lurker-K-compress-4.pgn

[3/3] rulesets/v7c-d8-lurker-K-compress-3.json
Match: rule-set 'v7c-d8-lurker-K-compress-3'  games=100  depth=8  max-plies=600  openings=100x6plies  seed=20260429  parallel=4
  variants : /var/folders/rs/77r0skzs579fgb60prc23_mr0000gn/T/yes-hybrid/variants-v7c-d8-lurker-K-compress-3-82638-88593d63e03643cda6dfe028e8b40912.ini
  startFen : 12/4abtba3/2mubmbu4/3*4*3/4**6/3XCLSD4/12/12 w - - 0 1
  openings : 100 distinct (requested 100)

  [w0]  #1    0-1     Party extinct                       150 plies    6.9s  (1/100)
  [w0]  #5    0-1     Party extinct                       108 plies    5.0s  (2/100)
  [w0]  #9    0-1     Party extinct                        86 plies    4.1s  (3/100)
  [w2]  #3    1-0     Treasure checkmated or captured     379 plies   17.0s  (4/100)
  [w2]  #7    0-1     Party extinct                       142 plies    6.5s  (5/100)
  [w1]  #2    1-0     Treasure checkmated or captured     589 plies   26.1s  (6/100)
  [w3]  #4    *       ply cap (600)                       600 plies   26.6s  (7/100)
  [w2]  #11   0-1     Party extinct                       184 plies    8.4s  (8/100)
  [w2]  #15   0-1     Party has no legal response         108 plies    5.1s  (9/100)
  [w0]  #13   *       ply cap (600)                       600 plies   26.5s  (10/100)
  [w3]  #8    1-0     Treasure checkmated or captured     475 plies   21.1s  (11/100)
  [w1]  #6    *       ply cap (600)                       600 plies   26.5s  (12/100)
  [w2]  #19   0-1     Party extinct                       364 plies   16.3s  (13/100)
  [w0]  #17   0-1     Party extinct                       358 plies   16.1s  (14/100)
  [w2]  #23   1-0     Treasure checkmated or captured     161 plies    7.4s  (15/100)
  [w3]  #12   *       ply cap (600)                       600 plies   26.5s  (16/100)
  [w1]  #10   *       ply cap (600)                       600 plies   26.5s  (17/100)
  [w2]  #27   0-1     Party extinct                       552 plies   24.4s  (18/100)
  [w1]  #14   1-0     Treasure checkmated or captured     127 plies    5.9s  (19/100)
  [w0]  #21   *       ply cap (600)                       600 plies   26.5s  (20/100)
  [w2]  #31   0-1     Party extinct                        72 plies    3.5s  (21/100)
  [w0]  #25   0-1     Party extinct                       196 plies    8.9s  (22/100)
  [w2]  #35   0-1     Party extinct                       230 plies   10.4s  (23/100)
  [w2]  #39   1-0     Treasure checkmated or captured       3 plies    0.5s  (24/100)
  [w3]  #16   *       ply cap (600)                       600 plies   26.5s  (25/100)
  [w2]  #43   1-0     Treasure checkmated or captured     147 plies    6.7s  (26/100)
  [w1]  #18   *       ply cap (600)                       600 plies   26.5s  (27/100)
  [w0]  #29   *       ply cap (600)                       600 plies   26.5s  (28/100)
  [w2]  #47   0-1     Party extinct                       526 plies   23.3s  (29/100)
  [w1]  #22   *       ply cap (600)                       600 plies   26.5s  (30/100)
  [w1]  #26   0-1     Party has no legal response          80 plies    3.8s  (31/100)
  [w0]  #33   *       ply cap (600)                       600 plies   26.5s  (32/100)
  [w0]  #37   1-0     Treasure checkmated or captured      61 plies    3.0s  (33/100)
  [w2]  #51   *       ply cap (600)                       600 plies   26.4s  (34/100)
  [w0]  #41   0-1     Party has no legal response         164 plies    7.4s  (35/100)
  [w2]  #55   1-0     Treasure checkmated or captured     203 plies    9.1s  (36/100)
  [w1]  #30   *       ply cap (600)                       600 plies   26.4s  (37/100)
  [w0]  #45   *       ply cap (600)                       600 plies   26.4s  (38/100)
  [w2]  #59   0-1     Party extinct                       454 plies   20.1s  (39/100)
  [w1]  #34   *       ply cap (600)                       600 plies   26.4s  (40/100)
  [w1]  #38   0-1     Party has no legal response         200 plies    9.1s  (41/100)
  [w0]  #49   *       ply cap (600)                       600 plies   26.4s  (42/100)
  [w2]  #63   *       ply cap (600)                       600 plies   26.4s  (43/100)
  [w2]  #67   0-1     Party extinct                       126 plies    5.8s  (44/100)
  [w2]  #71   0-1     Party has no legal response         106 plies    5.0s  (45/100)
  [w1]  #42   *       ply cap (600)                       600 plies   26.5s  (46/100)
  [w3]  #20   *       engine timeout                      459 plies  140.4s  (47/100)
  [w2]  #75   *       ply cap (600)                       600 plies   26.5s  (48/100)
  [w1]  #46   0-1     Party extinct                       530 plies   23.4s  (49/100)
  [w3]  #24   *       ply cap (600)                       600 plies   26.4s  (50/100)
  [w3]  #28   0-1     Party extinct                        72 plies    3.4s  (51/100)
  [w2]  #79   *       ply cap (600)                       600 plies   26.4s  (52/100)
  [w1]  #50   *       ply cap (600)                       600 plies   26.4s  (53/100)
  [w3]  #32   0-1     Party extinct                       296 plies   13.2s  (54/100)
  [w1]  #54   0-1     Party extinct                       318 plies   14.1s  (55/100)
  [w3]  #36   1-0     Treasure checkmated or captured     343 plies   15.2s  (56/100)
  [w2]  #83   *       ply cap (600)                       600 plies   26.4s  (57/100)
  [w2]  #87   0-1     Party extinct                       256 plies   11.5s  (58/100)
  [w1]  #58   1-0     Treasure checkmated or captured     573 plies   25.3s  (59/100)
  [w2]  #91   0-1     Party extinct                       202 plies    9.1s  (60/100)
  [w3]  #40   *       ply cap (600)                       600 plies   26.4s  (61/100)
  [w2]  #95   1-0     Treasure checkmated or captured     121 plies    5.5s  (62/100)
  [w3]  #44   1-0     Treasure checkmated or captured     175 plies    7.9s  (63/100)
  [w0]  #53   *       engine timeout                       70 plies  123.3s  (64/100)
  [w3]  #48   1-0     Treasure checkmated or captured     189 plies    8.6s  (65/100)
  [w1]  #62   *       ply cap (600)                       600 plies   26.4s  (66/100)
  [w1]  #66   0-1     Party extinct                       100 plies    4.7s  (67/100)
  [w0]  #57   0-1     Party extinct                       408 plies   18.1s  (68/100)
  [w2]  #99   *       ply cap (600)                       600 plies   26.4s  (69/100)
  [w3]  #52   0-1     Party extinct                       358 plies   15.9s  (70/100)
  [w0]  #61   0-1     Party extinct                       150 plies    6.8s  (71/100)
  [w1]  #70   *       ply cap (600)                       600 plies   26.5s  (72/100)
  [w0]  #65   0-1     Party extinct                       560 plies   24.7s  (73/100)
  [w3]  #56   *       ply cap (600)                       600 plies   26.4s  (74/100)
  [w0]  #69   0-1     Party has no legal response          82 plies    3.9s  (75/100)
  [w0]  #73   0-1     Party extinct                        86 plies    4.1s  (76/100)
  [w1]  #74   *       ply cap (600)                       600 plies   26.5s  (77/100)
  [w3]  #60   *       ply cap (600)                       600 plies   26.5s  (78/100)
  [w0]  #77   *       ply cap (600)                       600 plies   26.5s  (79/100)
  [w0]  #81   0-1     Party extinct                       154 plies    7.0s  (80/100)
  [w1]  #78   *       ply cap (600)                       600 plies   26.5s  (81/100)
  [w3]  #64   *       ply cap (600)                       600 plies   26.6s  (82/100)
  [w3]  #68   0-1     Party extinct                       220 plies    9.9s  (83/100)
  [w3]  #72   1-0     Treasure checkmated or captured      57 plies    2.8s  (84/100)
  [w0]  #85   *       ply cap (600)                       600 plies   26.4s  (85/100)
  [w3]  #76   0-1     Party has no legal response          44 plies    2.3s  (86/100)
  [w1]  #82   *       ply cap (600)                       600 plies   26.5s  (87/100)
  [w1]  #86   1-0     Treasure checkmated or captured     163 plies    7.5s  (88/100)
  [w3]  #80   1-0     Treasure checkmated or captured     301 plies   13.5s  (89/100)
  [w1]  #90   0-1     Party extinct                       244 plies   11.0s  (90/100)
  [w0]  #89   *       ply cap (600)                       600 plies   26.5s  (91/100)
  [w3]  #84   *       ply cap (600)                       600 plies   26.5s  (92/100)
  [w1]  #94   *       ply cap (600)                       600 plies   26.5s  (93/100)
  [w0]  #93   *       ply cap (600)                       600 plies   26.5s  (94/100)
  [w3]  #88   *       ply cap (600)                       600 plies   26.4s  (95/100)
  [w0]  #97   0-1     Party extinct                       516 plies   22.4s  (96/100)
  [w1]  #98   *       ply cap (600)                       600 plies   26.1s  (97/100)
  [w3]  #92   *       ply cap (600)                       600 plies   25.5s  (98/100)
  [w3]  #96   0-1     Party has no legal response          40 plies    2.0s  (99/100)
  [w3]  #100  *       engine timeout                      327 plies  134.1s  (100/100)

========================================================
  Rule set    : v7c-d8-lurker-K-compress-3
  Games       : 100
--------------------------------------------------------
  Party wins  :   17  ( 17.0%)
  Horde wins  :   38  ( 38.0%)
  Unfinished  :   45  ( 45.0%)
--------------------------------------------------------
  Decisive      :  55.0%
  Party(decisive):  30.9%   95% CI [ 20.3% ..  44.0%]
  Imbalance     :  38.2%   (0% = perfectly balanced decisive games)
  Median plies  : 184  (decisive games)

  COMPOSITE SCORE : 0.340   (1.0 = balanced & decisive)
========================================================
  total time : 680.7s  (6.81s / game, 4x)
  pgn        : reports/v7c-compress-pilot/match-v7c-d8-lurker-K-compress-3.pgn

Sweep complete in 31.4 min.
  summary: reports/v7c-compress-pilot/sweep-summary.md
